#
# There is insufficient memory for the Java Runtime Environment to continue.
# Native memory allocation (malloc) failed to allocate 1536656 bytes for Chunk::new
# Possible reasons:
#   The system is out of physical RAM or swap space
#   The process is running with CompressedOops enabled, and the Java Heap may be blocking the growth of the native heap
# Possible solutions:
#   Reduce memory load on the system
#   Increase physical memory or swap space
#   Check if swap backing store is full
#   Decrease Java heap size (-Xmx/-Xms)
#   Decrease number of Java threads
#   Decrease Java thread stack sizes (-Xss)
#   Set larger code cache with -XX:ReservedCodeCacheSize=
#   JVM is running with Unscaled Compressed Oops mode in which the Java heap is
#     placed in the first 4GB address space. The Java Heap base address is the
#     maximum limit for the native heap growth. Please use -XX:HeapBaseMinAddress
#     to set the Java Heap base and to place the Java Heap above 4GB virtual address.
# This output file may be truncated or incomplete.
#
#  Out of Memory Error (arena.cpp:189), pid=6528, tid=18748
#
# JRE version: OpenJDK Runtime Environment Temurin-17.0.2+8 (17.0.2+8) (build 17.0.2+8)
# Java VM: OpenJDK 64-Bit Server VM Temurin-17.0.2+8 (17.0.2+8, mixed mode, tiered, compressed oops, compressed class ptrs, parallel gc, windows-amd64)
# No core dump will be written. Minidumps are not enabled by default on client versions of Windows
#

---------------  S U M M A R Y ------------

Command Line: --add-modules=ALL-SYSTEM --add-opens=java.base/java.util=ALL-UNNAMED --add-opens=java.base/java.lang=ALL-UNNAMED --add-opens=java.base/sun.nio.fs=ALL-UNNAMED -Declipse.application=org.eclipse.jdt.ls.core.id1 -Dosgi.bundles.defaultStartLevel=4 -Declipse.product=org.eclipse.jdt.ls.core.product -Djava.import.generatesMetadataFilesAtProjectRoot=false -Dfile.encoding=utf8 -DwatchParentProcess=false -XX:+UseParallelGC -XX:GCTimeRatio=4 -XX:AdaptiveSizePolicyWeight=90 -Dsun.zip.disableMemoryMapping=true -Xmx1G -Xms100m -javaagent:c:\Users\User\.vscode\extensions\gabrielbb.vscode-lombok-1.0.1\server\lombok.jar -XX:+HeapDumpOnOutOfMemoryError -XX:HeapDumpPath=c:\Users\User\AppData\Roaming\Code\User\workspaceStorage\4e1a28784549c8c8f037a4e78a09c4c2\redhat.java c:\Users\User\.vscode\extensions\redhat.java-1.6.0-win32-x64\server\plugins\org.eclipse.equinox.launcher_1.6.400.v20210924-0641.jar -configuration c:\Users\User\AppData\Roaming\Code\User\globalStorage\redhat.java\1.6.0\config_win -data c:\Users\User\AppData\Roaming\Code\User\workspaceStorage\4e1a28784549c8c8f037a4e78a09c4c2\redhat.java\jdt_ws

Host: Intel(R) Core(TM) i5-6300U CPU @ 2.40GHz, 4 cores, 7G,  Windows 10 , 64 bit Build 18362 (10.0.18362.1350)
Time: Sun May 22 12:02:15 2022 Paris, Madrid (heure d’été) elapsed time: 57042.206237 seconds (0d 15h 50m 42s)

---------------  T H R E A D  ---------------

Current thread (0x000001da78fa96d0):  JavaThread "C2 CompilerThread1" daemon [_thread_in_native, id=18748, stack(0x0000001d8e500000,0x0000001d8e600000)]


Current CompileTask:
C2:57042206 14352       4       org.eclipse.jdt.internal.core.index.DiskIndex::readChunk (302 bytes)

Stack: [0x0000001d8e500000,0x0000001d8e600000]
Native frames: (J=compiled Java code, j=interpreted, Vv=VM code, C=native code)
V  [jvm.dll+0x67564a]
V  [jvm.dll+0x82fc04]
V  [jvm.dll+0x8313ae]
V  [jvm.dll+0x831a13]
V  [jvm.dll+0x245235]
V  [jvm.dll+0xabd7b]
V  [jvm.dll+0xac30c]
V  [jvm.dll+0x3631a2]
V  [jvm.dll+0x32d891]
V  [jvm.dll+0x32cd3a]
V  [jvm.dll+0x2180d1]
V  [jvm.dll+0x2174f1]
V  [jvm.dll+0x1a3a8d]
V  [jvm.dll+0x226ef8]
V  [jvm.dll+0x22503c]
V  [jvm.dll+0x7e596b]
V  [jvm.dll+0x7dff2a]
V  [jvm.dll+0x6744d5]
C  [ucrtbase.dll+0x210b2]
C  [KERNEL32.DLL+0x17c24]
C  [ntdll.dll+0x6d721]


---------------  P R O C E S S  ---------------

Threads class SMR info:
_java_thread_list=0x000001da78496030, length=30, elements={
0x000001da5f2853c0, 0x000001da73096750, 0x000001da730974d0, 0x000001da730c0160,
0x000001da730c0de0, 0x000001da730c2b70, 0x000001da730c66b0, 0x000001da730c7350,
0x000001da730c7d00, 0x000001da74b52010, 0x000001da72f810a0, 0x000001da74df06d0,
0x000001da7618dc80, 0x000001da7621a060, 0x000001da7621afa0, 0x000001da761bb430,
0x000001da763f2cc0, 0x000001da764e1720, 0x000001da763efb20, 0x000001da765c0a20,
0x000001da765c13c0, 0x000001da79b72610, 0x000001da76f141f0, 0x000001da76f163a0,
0x000001da76f14b90, 0x000001da76f15530, 0x000001da76f13850, 0x000001da76f17bb0,
0x000001da76f15a00, 0x000001da78fa96d0
}

Java Threads: ( => current thread )
  0x000001da5f2853c0 JavaThread "main" [_thread_blocked, id=592, stack(0x0000001d8c400000,0x0000001d8c500000)]
  0x000001da73096750 JavaThread "Reference Handler" daemon [_thread_blocked, id=20208, stack(0x0000001d8c700000,0x0000001d8c800000)]
  0x000001da730974d0 JavaThread "Finalizer" daemon [_thread_blocked, id=1432, stack(0x0000001d8c800000,0x0000001d8c900000)]
  0x000001da730c0160 JavaThread "Signal Dispatcher" daemon [_thread_blocked, id=14464, stack(0x0000001d8c900000,0x0000001d8ca00000)]
  0x000001da730c0de0 JavaThread "Attach Listener" daemon [_thread_blocked, id=2988, stack(0x0000001d8ca00000,0x0000001d8cb00000)]
  0x000001da730c2b70 JavaThread "Service Thread" daemon [_thread_blocked, id=2660, stack(0x0000001d8cb00000,0x0000001d8cc00000)]
  0x000001da730c66b0 JavaThread "Monitor Deflation Thread" daemon [_thread_blocked, id=10372, stack(0x0000001d8cc00000,0x0000001d8cd00000)]
  0x000001da730c7350 JavaThread "C2 CompilerThread0" daemon [_thread_blocked, id=7580, stack(0x0000001d8cd00000,0x0000001d8ce00000)]
  0x000001da730c7d00 JavaThread "C1 CompilerThread0" daemon [_thread_blocked, id=8316, stack(0x0000001d8ce00000,0x0000001d8cf00000)]
  0x000001da74b52010 JavaThread "Sweeper thread" daemon [_thread_blocked, id=2256, stack(0x0000001d8cf00000,0x0000001d8d000000)]
  0x000001da72f810a0 JavaThread "Common-Cleaner" daemon [_thread_blocked, id=17672, stack(0x0000001d8d000000,0x0000001d8d100000)]
  0x000001da74df06d0 JavaThread "Notification Thread" daemon [_thread_blocked, id=13416, stack(0x0000001d8d100000,0x0000001d8d200000)]
  0x000001da7618dc80 JavaThread "Active Thread: Equinox Container: 65878fed-bf69-4358-b1ac-1bb9339df724" [_thread_blocked, id=1516, stack(0x0000001d8d700000,0x0000001d8d800000)]
  0x000001da7621a060 JavaThread "Framework Event Dispatcher: Equinox Container: 65878fed-bf69-4358-b1ac-1bb9339df724" daemon [_thread_blocked, id=9076, stack(0x0000001d8d300000,0x0000001d8d400000)]
  0x000001da7621afa0 JavaThread "Start Level: Equinox Container: 65878fed-bf69-4358-b1ac-1bb9339df724" daemon [_thread_blocked, id=6872, stack(0x0000001d8d800000,0x0000001d8d900000)]
  0x000001da761bb430 JavaThread "SCR Component Actor" daemon [_thread_blocked, id=6896, stack(0x0000001d8d900000,0x0000001d8da00000)]
  0x000001da763f2cc0 JavaThread "Bundle File Closer" daemon [_thread_blocked, id=8456, stack(0x0000001d8dc00000,0x0000001d8dd00000)]
  0x000001da764e1720 JavaThread "Worker-JM" [_thread_blocked, id=9468, stack(0x0000001d8dd00000,0x0000001d8de00000)]
  0x000001da763efb20 JavaThread "Worker-0" [_thread_blocked, id=7204, stack(0x0000001d8db00000,0x0000001d8dc00000)]
  0x000001da765c0a20 JavaThread "Java indexing" daemon [_thread_blocked, id=15012, stack(0x0000001d8e100000,0x0000001d8e200000)]
  0x000001da765c13c0 JavaThread "pool-2-thread-1" [_thread_in_native, id=10276, stack(0x0000001d8df00000,0x0000001d8e000000)]
  0x000001da79b72610 JavaThread "Worker-4" [_thread_blocked, id=13404, stack(0x0000001d8c200000,0x0000001d8c300000)]
  0x000001da76f141f0 JavaThread "ForkJoinPool.commonPool-worker-15" daemon [_thread_blocked, id=6500, stack(0x0000001d8c300000,0x0000001d8c400000)]
  0x000001da76f163a0 JavaThread "ForkJoinPool.commonPool-worker-16" daemon [_thread_blocked, id=16884, stack(0x0000001d8da00000,0x0000001d8db00000)]
  0x000001da76f14b90 JavaThread "ForkJoinPool.commonPool-worker-17" daemon [_thread_blocked, id=11116, stack(0x0000001d8de00000,0x0000001d8df00000)]
  0x000001da76f15530 JavaThread "ForkJoinPool.commonPool-worker-18" daemon [_thread_blocked, id=14204, stack(0x0000001d8e000000,0x0000001d8e100000)]
  0x000001da76f13850 JavaThread "ForkJoinPool.commonPool-worker-19" daemon [_thread_blocked, id=17248, stack(0x0000001d8e200000,0x0000001d8e300000)]
  0x000001da76f17bb0 JavaThread "ForkJoinPool.commonPool-worker-20" daemon [_thread_blocked, id=8516, stack(0x0000001d8e300000,0x0000001d8e400000)]
  0x000001da76f15a00 JavaThread "ForkJoinPool.commonPool-worker-21" daemon [_thread_blocked, id=21228, stack(0x0000001d8e400000,0x0000001d8e500000)]
=>0x000001da78fa96d0 JavaThread "C2 CompilerThread1" daemon [_thread_in_native, id=18748, stack(0x0000001d8e500000,0x0000001d8e600000)]

Other Threads:
  0x000001da72fca380 VMThread "VM Thread" [stack: 0x0000001d8c600000,0x0000001d8c700000] [id=8500]
  0x000001da74df3b50 WatcherThread [stack: 0x0000001d8d200000,0x0000001d8d300000] [id=23388]
  0x000001da5f29d2f0 GCTaskThread "GC Thread#0" [stack: 0x0000001d8c500000,0x0000001d8c600000] [id=17972]
  0x000001da752a0320 GCTaskThread "GC Thread#1" [stack: 0x0000001d8d400000,0x0000001d8d500000] [id=20088]
  0x000001da752a09e0 GCTaskThread "GC Thread#2" [stack: 0x0000001d8d500000,0x0000001d8d600000] [id=12052]
  0x000001da7501d0a0 GCTaskThread "GC Thread#3" [stack: 0x0000001d8d600000,0x0000001d8d700000] [id=11176]

Threads with active compile tasks:
C2 CompilerThread1  57042249 14352       4       org.eclipse.jdt.internal.core.index.DiskIndex::readChunk (302 bytes)

VM state: not at safepoint (normal execution)

VM Mutex/Monitor currently owned by a thread: None

Heap address: 0x00000000c0000000, size: 1024 MB, Compressed Oops mode: 32-bit

CDS archive(s) not mapped
Compressed class space mapped at: 0x0000000100000000-0x0000000140000000, reserved size: 1073741824
Narrow klass base: 0x0000000000000000, Narrow klass shift: 3, Narrow klass range: 0x140000000

GC Precious Log:
 CPUs: 4 total, 4 available
 Memory: 8026M
 Large Page Support: Disabled
 NUMA Support: Disabled
 Compressed Oops: Enabled (32-bit)
 Alignments: Space 512K, Generation 512K, Heap 2M
 Heap Min Capacity: 100M
 Heap Initial Capacity: 100M
 Heap Max Capacity: 1G
 Pre-touch: Disabled
 Parallel Workers: 4

Heap:
 PSYoungGen      total 33792K, used 20342K [0x00000000eab00000, 0x00000000ed780000, 0x0000000100000000)
  eden space 22016K, 41% used [0x00000000eab00000,0x00000000eb3ee3b8,0x00000000ec080000)
  from space 11776K, 95% used [0x00000000ecc00000,0x00000000ed6ef810,0x00000000ed780000)
  to   space 11776K, 0% used [0x00000000ec080000,0x00000000ec080000,0x00000000ecc00000)
 ParOldGen       total 185344K, used 138671K [0x00000000c0000000, 0x00000000cb500000, 0x00000000eab00000)
  object space 185344K, 74% used [0x00000000c0000000,0x00000000c876bd40,0x00000000cb500000)
 Metaspace       used 74974K, committed 76032K, reserved 1122304K
  class space    used 7525K, committed 8064K, reserved 1048576K

Card table byte_map: [0x000001da5ec30000,0x000001da5ee40000] _byte_map_base: 0x000001da5e630000

Marking Bits: (ParMarkBitMap*) 0x00007ffed3703af0
 Begin Bits: [0x000001da70f00000, 0x000001da71f00000)
 End Bits:   [0x000001da71f00000, 0x000001da72f00000)

Polling page: 0x000001da5d270000

Metaspace:

Usage:
  Non-class:     65.87 MB used.
      Class:      7.35 MB used.
       Both:     73.22 MB used.

Virtual space:
  Non-class space:       72.00 MB reserved,      66.38 MB ( 92%) committed,  9 nodes.
      Class space:        1.00 GB reserved,       7.88 MB ( <1%) committed,  1 nodes.
             Both:        1.07 GB reserved,      74.25 MB (  7%) committed. 

Chunk freelists:
   Non-Class:  1.19 MB
       Class:  31.00 KB
        Both:  1.22 MB

MaxMetaspaceSize: unlimited
CompressedClassSpaceSize: 1.00 GB
Initial GC threshold: 21.00 MB
Current GC threshold: 122.19 MB
CDS: off
MetaspaceReclaimPolicy: balanced
 - commit_granule_bytes: 65536.
 - commit_granule_words: 8192.
 - virtual_space_node_default_size: 1048576.
 - enlarge_chunks_in_place: 1.
 - new_chunks_are_fully_committed: 0.
 - uncommit_free_chunks: 1.
 - use_allocation_guard: 0.
 - handle_deallocations: 1.


Internal statistics:

num_allocs_failed_limit: 9.
num_arena_births: 682.
num_arena_deaths: 152.
num_vsnodes_births: 10.
num_vsnodes_deaths: 0.
num_space_committed: 1188.
num_space_uncommitted: 0.
num_chunks_returned_to_freelist: 210.
num_chunks_taken_from_freelist: 3824.
num_chunk_merges: 91.
num_chunk_splits: 2362.
num_chunks_enlarged: 1401.
num_purges: 2.
num_inconsistent_stats: 0.

CodeHeap 'non-profiled nmethods': size=120000Kb used=10989Kb max_used=10989Kb free=109010Kb
 bounds [0x000001da699d0000, 0x000001da6a490000, 0x000001da70f00000]
CodeHeap 'profiled nmethods': size=120000Kb used=27346Kb max_used=27346Kb free=92653Kb
 bounds [0x000001da624a0000, 0x000001da63f60000, 0x000001da699d0000]
CodeHeap 'non-nmethods': size=5760Kb used=1368Kb max_used=1501Kb free=4391Kb
 bounds [0x000001da61f00000, 0x000001da62170000, 0x000001da624a0000]
 total_blobs=12493 nmethods=11780 adapters=625
 compilation: enabled
              stopped_count=0, restarted_count=0
 full_count=0

Compilation events (20 events):
Event: 57042.049 Thread 0x000001da730c7d00 14362   !   3       org.eclipse.jdt.core.dom.Assignment::getLeftHandSide (61 bytes)
Event: 57042.050 Thread 0x000001da730c7d00 nmethod 14362 0x000001da63f51b10 code [0x000001da63f51d40, 0x000001da63f52678]
Event: 57042.050 Thread 0x000001da730c7d00 14361       3       org.eclipse.jdt.internal.corext.dom.GenericVisitor::endVisit (6 bytes)
Event: 57042.051 Thread 0x000001da730c7d00 nmethod 14361 0x000001da63f52b90 code [0x000001da63f52d20, 0x000001da63f52ef8]
Event: 57042.051 Thread 0x000001da730c7d00 14363  s    3       org.eclipse.jdt.core.dom.DefaultBindingResolver::getPackageBinding (82 bytes)
Event: 57042.051 Thread 0x000001da730c7d00 nmethod 14363 0x000001da63f53010 code [0x000001da63f53240, 0x000001da63f53c28]
Event: 57042.051 Thread 0x000001da730c7d00 14364   !   3       org.eclipse.jdt.core.dom.MethodDeclaration::getReturnType2 (83 bytes)
Event: 57042.053 Thread 0x000001da730c7d00 nmethod 14364 0x000001da63f53e90 code [0x000001da63f54100, 0x000001da63f54bf8]
Event: 57042.053 Thread 0x000001da730c7d00 14365   !   3       org.eclipse.jdt.core.dom.MethodDeclaration::getName (61 bytes)
Event: 57042.054 Thread 0x000001da730c7d00 nmethod 14365 0x000001da63f55210 code [0x000001da63f55440, 0x000001da63f55d58]
Event: 57042.054 Thread 0x000001da730c7d00 14367       3       org.eclipse.jdt.core.dom.ReturnStatement::accept0 (25 bytes)
Event: 57042.054 Thread 0x000001da730c7d00 nmethod 14367 0x000001da63f56290 code [0x000001da63f564a0, 0x000001da63f56c48]
Event: 57042.054 Thread 0x000001da730c7d00 14366   !   3       org.eclipse.jdt.core.dom.FieldAccess::getExpression (61 bytes)
Event: 57042.055 Thread 0x000001da730c7d00 nmethod 14366 0x000001da63f56e90 code [0x000001da63f570c0, 0x000001da63f579d8]
Event: 57042.056 Thread 0x000001da78fa96d0 14352       4       org.eclipse.jdt.internal.core.index.DiskIndex::readChunk (302 bytes)
Event: 57042.063 Thread 0x000001da730c7350 nmethod 14339 0x000001da6a485f90 code [0x000001da6a486320, 0x000001da6a488b40]
Event: 57042.064 Thread 0x000001da730c7350 14353       4       jdk.internal.ref.PhantomCleanable::clear (12 bytes)
Event: 57042.066 Thread 0x000001da730c7350 nmethod 14353 0x000001da6a48a910 code [0x000001da6a48aaa0, 0x000001da6a48ad88]
Event: 57042.066 Thread 0x000001da730c7350 14356       4       java.lang.invoke.DirectMethodHandle$Holder::newInvokeSpecial (28 bytes)
Event: 57042.069 Thread 0x000001da730c7350 nmethod 14356 0x000001da6a48af10 code [0x000001da6a48b0a0, 0x000001da6a48b2c8]

GC Heap History (20 events):
Event: 54421.857 GC heap before
{Heap before GC invocations=550 (full 22):
 PSYoungGen      total 29184K, used 29152K [0x00000000eab00000, 0x00000000ed780000, 0x0000000100000000)
  eden space 25088K, 100% used [0x00000000eab00000,0x00000000ec380000,0x00000000ec380000)
  from space 4096K, 99% used [0x00000000ed380000,0x00000000ed778000,0x00000000ed780000)
  to   space 7680K, 0% used [0x00000000ec880000,0x00000000ec880000,0x00000000ed000000)
 ParOldGen       total 185344K, used 121675K [0x00000000c0000000, 0x00000000cb500000, 0x00000000eab00000)
  object space 185344K, 65% used [0x00000000c0000000,0x00000000c76d2df8,0x00000000cb500000)
 Metaspace       used 74080K, committed 75072K, reserved 1122304K
  class space    used 7468K, committed 7936K, reserved 1048576K
}
Event: 54421.872 GC heap after
{Heap after GC invocations=550 (full 22):
 PSYoungGen      total 32768K, used 7657K [0x00000000eab00000, 0x00000000ee780000, 0x0000000100000000)
  eden space 25088K, 0% used [0x00000000eab00000,0x00000000eab00000,0x00000000ec380000)
  from space 7680K, 99% used [0x00000000ec880000,0x00000000ecffa420,0x00000000ed000000)
  to   space 18432K, 0% used [0x00000000ed580000,0x00000000ed580000,0x00000000ee780000)
 ParOldGen       total 185344K, used 129979K [0x00000000c0000000, 0x00000000cb500000, 0x00000000eab00000)
  object space 185344K, 70% used [0x00000000c0000000,0x00000000c7eeedf8,0x00000000cb500000)
 Metaspace       used 74080K, committed 75072K, reserved 1122304K
  class space    used 7468K, committed 7936K, reserved 1048576K
}
Event: 54422.020 GC heap before
{Heap before GC invocations=551 (full 22):
 PSYoungGen      total 32768K, used 32745K [0x00000000eab00000, 0x00000000ee780000, 0x0000000100000000)
  eden space 25088K, 100% used [0x00000000eab00000,0x00000000ec380000,0x00000000ec380000)
  from space 7680K, 99% used [0x00000000ec880000,0x00000000ecffa420,0x00000000ed000000)
  to   space 18432K, 0% used [0x00000000ed580000,0x00000000ed580000,0x00000000ee780000)
 ParOldGen       total 185344K, used 129979K [0x00000000c0000000, 0x00000000cb500000, 0x00000000eab00000)
  object space 185344K, 70% used [0x00000000c0000000,0x00000000c7eeedf8,0x00000000cb500000)
 Metaspace       used 74204K, committed 75200K, reserved 1122304K
  class space    used 7468K, committed 7936K, reserved 1048576K
}
Event: 54422.026 GC heap after
{Heap after GC invocations=551 (full 22):
 PSYoungGen      total 33792K, used 8307K [0x00000000eab00000, 0x00000000ede00000, 0x0000000100000000)
  eden space 25088K, 0% used [0x00000000eab00000,0x00000000eab00000,0x00000000ec380000)
  from space 8704K, 95% used [0x00000000ed580000,0x00000000edd9cd10,0x00000000ede00000)
  to   space 11264K, 0% used [0x00000000ec800000,0x00000000ec800000,0x00000000ed300000)
 ParOldGen       total 185344K, used 129979K [0x00000000c0000000, 0x00000000cb500000, 0x00000000eab00000)
  object space 185344K, 70% used [0x00000000c0000000,0x00000000c7eeedf8,0x00000000cb500000)
 Metaspace       used 74204K, committed 75200K, reserved 1122304K
  class space    used 7468K, committed 7936K, reserved 1048576K
}
Event: 54428.550 GC heap before
{Heap before GC invocations=552 (full 22):
 PSYoungGen      total 33792K, used 33395K [0x00000000eab00000, 0x00000000ede00000, 0x0000000100000000)
  eden space 25088K, 100% used [0x00000000eab00000,0x00000000ec380000,0x00000000ec380000)
  from space 8704K, 95% used [0x00000000ed580000,0x00000000edd9cd10,0x00000000ede00000)
  to   space 11264K, 0% used [0x00000000ec800000,0x00000000ec800000,0x00000000ed300000)
 ParOldGen       total 185344K, used 129979K [0x00000000c0000000, 0x00000000cb500000, 0x00000000eab00000)
  object space 185344K, 70% used [0x00000000c0000000,0x00000000c7eeedf8,0x00000000cb500000)
 Metaspace       used 74301K, committed 75264K, reserved 1122304K
  class space    used 7477K, committed 7936K, reserved 1048576K
}
Event: 54428.558 GC heap after
{Heap after GC invocations=552 (full 22):
 PSYoungGen      total 34304K, used 8990K [0x00000000eab00000, 0x00000000ed600000, 0x0000000100000000)
  eden space 25088K, 0% used [0x00000000eab00000,0x00000000eab00000,0x00000000ec380000)
  from space 9216K, 97% used [0x00000000ec800000,0x00000000ed0c7b10,0x00000000ed100000)
  to   space 5120K, 0% used [0x00000000ed100000,0x00000000ed100000,0x00000000ed600000)
 ParOldGen       total 185344K, used 129979K [0x00000000c0000000, 0x00000000cb500000, 0x00000000eab00000)
  object space 185344K, 70% used [0x00000000c0000000,0x00000000c7eeedf8,0x00000000cb500000)
 Metaspace       used 74301K, committed 75264K, reserved 1122304K
  class space    used 7477K, committed 7936K, reserved 1048576K
}
Event: 54428.829 GC heap before
{Heap before GC invocations=553 (full 22):
 PSYoungGen      total 34304K, used 34078K [0x00000000eab00000, 0x00000000ed600000, 0x0000000100000000)
  eden space 25088K, 100% used [0x00000000eab00000,0x00000000ec380000,0x00000000ec380000)
  from space 9216K, 97% used [0x00000000ec800000,0x00000000ed0c7b10,0x00000000ed100000)
  to   space 5120K, 0% used [0x00000000ed100000,0x00000000ed100000,0x00000000ed600000)
 ParOldGen       total 185344K, used 129979K [0x00000000c0000000, 0x00000000cb500000, 0x00000000eab00000)
  object space 185344K, 70% used [0x00000000c0000000,0x00000000c7eeedf8,0x00000000cb500000)
 Metaspace       used 74339K, committed 75392K, reserved 1122304K
  class space    used 7478K, committed 7936K, reserved 1048576K
}
Event: 54428.835 GC heap after
{Heap after GC invocations=553 (full 22):
 PSYoungGen      total 30208K, used 5116K [0x00000000eab00000, 0x00000000ed600000, 0x0000000100000000)
  eden space 25088K, 0% used [0x00000000eab00000,0x00000000eab00000,0x00000000ec380000)
  from space 5120K, 99% used [0x00000000ed100000,0x00000000ed5ff388,0x00000000ed600000)
  to   space 8704K, 0% used [0x00000000ec500000,0x00000000ec500000,0x00000000ecd80000)
 ParOldGen       total 185344K, used 132904K [0x00000000c0000000, 0x00000000cb500000, 0x00000000eab00000)
  object space 185344K, 71% used [0x00000000c0000000,0x00000000c81ca018,0x00000000cb500000)
 Metaspace       used 74339K, committed 75392K, reserved 1122304K
  class space    used 7478K, committed 7936K, reserved 1048576K
}
Event: 54429.025 GC heap before
{Heap before GC invocations=554 (full 22):
 PSYoungGen      total 30208K, used 30204K [0x00000000eab00000, 0x00000000ed600000, 0x0000000100000000)
  eden space 25088K, 100% used [0x00000000eab00000,0x00000000ec380000,0x00000000ec380000)
  from space 5120K, 99% used [0x00000000ed100000,0x00000000ed5ff388,0x00000000ed600000)
  to   space 8704K, 0% used [0x00000000ec500000,0x00000000ec500000,0x00000000ecd80000)
 ParOldGen       total 185344K, used 132904K [0x00000000c0000000, 0x00000000cb500000, 0x00000000eab00000)
  object space 185344K, 71% used [0x00000000c0000000,0x00000000c81ca018,0x00000000cb500000)
 Metaspace       used 74362K, committed 75392K, reserved 1122304K
  class space    used 7478K, committed 7936K, reserved 1048576K
}
Event: 54429.030 GC heap after
{Heap after GC invocations=554 (full 22):
 PSYoungGen      total 31744K, used 6571K [0x00000000eab00000, 0x00000000ed280000, 0x0000000100000000)
  eden space 25088K, 0% used [0x00000000eab00000,0x00000000eab00000,0x00000000ec380000)
  from space 6656K, 98% used [0x00000000ec500000,0x00000000ecb6ae88,0x00000000ecb80000)
  to   space 7168K, 0% used [0x00000000ecb80000,0x00000000ecb80000,0x00000000ed280000)
 ParOldGen       total 185344K, used 132904K [0x00000000c0000000, 0x00000000cb500000, 0x00000000eab00000)
  object space 185344K, 71% used [0x00000000c0000000,0x00000000c81ca018,0x00000000cb500000)
 Metaspace       used 74362K, committed 75392K, reserved 1122304K
  class space    used 7478K, committed 7936K, reserved 1048576K
}
Event: 54429.297 GC heap before
{Heap before GC invocations=555 (full 22):
 PSYoungGen      total 31744K, used 31659K [0x00000000eab00000, 0x00000000ed280000, 0x0000000100000000)
  eden space 25088K, 100% used [0x00000000eab00000,0x00000000ec380000,0x00000000ec380000)
  from space 6656K, 98% used [0x00000000ec500000,0x00000000ecb6ae88,0x00000000ecb80000)
  to   space 7168K, 0% used [0x00000000ecb80000,0x00000000ecb80000,0x00000000ed280000)
 ParOldGen       total 185344K, used 132904K [0x00000000c0000000, 0x00000000cb500000, 0x00000000eab00000)
  object space 185344K, 71% used [0x00000000c0000000,0x00000000c81ca018,0x00000000cb500000)
 Metaspace       used 74426K, committed 75456K, reserved 1122304K
  class space    used 7478K, committed 7936K, reserved 1048576K
}
Event: 54429.307 GC heap after
{Heap after GC invocations=555 (full 22):
 PSYoungGen      total 31744K, used 6427K [0x00000000eab00000, 0x00000000ed200000, 0x0000000100000000)
  eden space 25088K, 0% used [0x00000000eab00000,0x00000000eab00000,0x00000000ec380000)
  from space 6656K, 96% used [0x00000000ecb80000,0x00000000ed1c6e98,0x00000000ed200000)
  to   space 6656K, 0% used [0x00000000ec500000,0x00000000ec500000,0x00000000ecb80000)
 ParOldGen       total 185344K, used 132912K [0x00000000c0000000, 0x00000000cb500000, 0x00000000eab00000)
  object space 185344K, 71% used [0x00000000c0000000,0x00000000c81cc018,0x00000000cb500000)
 Metaspace       used 74426K, committed 75456K, reserved 1122304K
  class space    used 7478K, committed 7936K, reserved 1048576K
}
Event: 54455.022 GC heap before
{Heap before GC invocations=556 (full 22):
 PSYoungGen      total 31744K, used 31515K [0x00000000eab00000, 0x00000000ed200000, 0x0000000100000000)
  eden space 25088K, 100% used [0x00000000eab00000,0x00000000ec380000,0x00000000ec380000)
  from space 6656K, 96% used [0x00000000ecb80000,0x00000000ed1c6e98,0x00000000ed200000)
  to   space 6656K, 0% used [0x00000000ec500000,0x00000000ec500000,0x00000000ecb80000)
 ParOldGen       total 185344K, used 132912K [0x00000000c0000000, 0x00000000cb500000, 0x00000000eab00000)
  object space 185344K, 71% used [0x00000000c0000000,0x00000000c81cc018,0x00000000cb500000)
 Metaspace       used 74559K, committed 75584K, reserved 1122304K
  class space    used 7484K, committed 7936K, reserved 1048576K
}
Event: 54455.027 GC heap after
{Heap after GC invocations=556 (full 22):
 PSYoungGen      total 31232K, used 5847K [0x00000000eab00000, 0x00000000ecf80000, 0x0000000100000000)
  eden space 25088K, 0% used [0x00000000eab00000,0x00000000eab00000,0x00000000ec380000)
  from space 6144K, 95% used [0x00000000ec500000,0x00000000ecab5c88,0x00000000ecb00000)
  to   space 4608K, 0% used [0x00000000ecb00000,0x00000000ecb00000,0x00000000ecf80000)
 ParOldGen       total 185344K, used 132912K [0x00000000c0000000, 0x00000000cb500000, 0x00000000eab00000)
  object space 185344K, 71% used [0x00000000c0000000,0x00000000c81cc018,0x00000000cb500000)
 Metaspace       used 74559K, committed 75584K, reserved 1122304K
  class space    used 7484K, committed 7936K, reserved 1048576K
}
Event: 54770.522 GC heap before
{Heap before GC invocations=557 (full 22):
 PSYoungGen      total 31232K, used 30935K [0x00000000eab00000, 0x00000000ecf80000, 0x0000000100000000)
  eden space 25088K, 100% used [0x00000000eab00000,0x00000000ec380000,0x00000000ec380000)
  from space 6144K, 95% used [0x00000000ec500000,0x00000000ecab5c88,0x00000000ecb00000)
  to   space 4608K, 0% used [0x00000000ecb00000,0x00000000ecb00000,0x00000000ecf80000)
 ParOldGen       total 185344K, used 132912K [0x00000000c0000000, 0x00000000cb500000, 0x00000000eab00000)
  object space 185344K, 71% used [0x00000000c0000000,0x00000000c81cc018,0x00000000cb500000)
 Metaspace       used 74932K, committed 76032K, reserved 1122304K
  class space    used 7525K, committed 8064K, reserved 1048576K
}
Event: 54770.534 GC heap after
{Heap after GC invocations=557 (full 22):
 PSYoungGen      total 26624K, used 4605K [0x00000000eab00000, 0x00000000ed880000, 0x0000000100000000)
  eden space 22016K, 0% used [0x00000000eab00000,0x00000000eab00000,0x00000000ec080000)
  from space 4608K, 99% used [0x00000000ecb00000,0x00000000ecf7f500,0x00000000ecf80000)
  to   space 10752K, 0% used [0x00000000ec080000,0x00000000ec080000,0x00000000ecb00000)
 ParOldGen       total 185344K, used 138271K [0x00000000c0000000, 0x00000000cb500000, 0x00000000eab00000)
  object space 185344K, 74% used [0x00000000c0000000,0x00000000c8707d40,0x00000000cb500000)
 Metaspace       used 74932K, committed 76032K, reserved 1122304K
  class space    used 7525K, committed 8064K, reserved 1048576K
}
Event: 54770.629 GC heap before
{Heap before GC invocations=558 (full 22):
 PSYoungGen      total 26624K, used 26621K [0x00000000eab00000, 0x00000000ed880000, 0x0000000100000000)
  eden space 22016K, 100% used [0x00000000eab00000,0x00000000ec080000,0x00000000ec080000)
  from space 4608K, 99% used [0x00000000ecb00000,0x00000000ecf7f500,0x00000000ecf80000)
  to   space 10752K, 0% used [0x00000000ec080000,0x00000000ec080000,0x00000000ecb00000)
 ParOldGen       total 185344K, used 138271K [0x00000000c0000000, 0x00000000cb500000, 0x00000000eab00000)
  object space 185344K, 74% used [0x00000000c0000000,0x00000000c8707d40,0x00000000cb500000)
 Metaspace       used 74932K, committed 76032K, reserved 1122304K
  class space    used 7525K, committed 8064K, reserved 1048576K
}
Event: 54770.643 GC heap after
{Heap after GC invocations=558 (full 22):
 PSYoungGen      total 32768K, used 10723K [0x00000000eab00000, 0x00000000ed780000, 0x0000000100000000)
  eden space 22016K, 0% used [0x00000000eab00000,0x00000000eab00000,0x00000000ec080000)
  from space 10752K, 99% used [0x00000000ec080000,0x00000000ecaf8f10,0x00000000ecb00000)
  to   space 11776K, 0% used [0x00000000ecc00000,0x00000000ecc00000,0x00000000ed780000)
 ParOldGen       total 185344K, used 138671K [0x00000000c0000000, 0x00000000cb500000, 0x00000000eab00000)
  object space 185344K, 74% used [0x00000000c0000000,0x00000000c876bd40,0x00000000cb500000)
 Metaspace       used 74932K, committed 76032K, reserved 1122304K
  class space    used 7525K, committed 8064K, reserved 1048576K
}
Event: 57041.969 GC heap before
{Heap before GC invocations=559 (full 22):
 PSYoungGen      total 32768K, used 32739K [0x00000000eab00000, 0x00000000ed780000, 0x0000000100000000)
  eden space 22016K, 100% used [0x00000000eab00000,0x00000000ec080000,0x00000000ec080000)
  from space 10752K, 99% used [0x00000000ec080000,0x00000000ecaf8f10,0x00000000ecb00000)
  to   space 11776K, 0% used [0x00000000ecc00000,0x00000000ecc00000,0x00000000ed780000)
 ParOldGen       total 185344K, used 138671K [0x00000000c0000000, 0x00000000cb500000, 0x00000000eab00000)
  object space 185344K, 74% used [0x00000000c0000000,0x00000000c876bd40,0x00000000cb500000)
 Metaspace       used 74966K, committed 76032K, reserved 1122304K
  class space    used 7525K, committed 8064K, reserved 1048576K
}
Event: 57041.980 GC heap after
{Heap after GC invocations=559 (full 22):
 PSYoungGen      total 33792K, used 11198K [0x00000000eab00000, 0x00000000ed780000, 0x0000000100000000)
  eden space 22016K, 0% used [0x00000000eab00000,0x00000000eab00000,0x00000000ec080000)
  from space 11776K, 95% used [0x00000000ecc00000,0x00000000ed6ef810,0x00000000ed780000)
  to   space 11776K, 0% used [0x00000000ec080000,0x00000000ec080000,0x00000000ecc00000)
 ParOldGen       total 185344K, used 138671K [0x00000000c0000000, 0x00000000cb500000, 0x00000000eab00000)
  object space 185344K, 74% used [0x00000000c0000000,0x00000000c876bd40,0x00000000cb500000)
 Metaspace       used 74966K, committed 76032K, reserved 1122304K
  class space    used 7525K, committed 8064K, reserved 1048576K
}

Deoptimization events (20 events):
Event: 54770.669 Thread 0x000001da79b6f5f0 DEOPT PACKING pc=0x000001da63f2af3e sp=0x0000001d8e3fe5d0
Event: 54770.669 Thread 0x000001da79b6f5f0 DEOPT UNPACKING pc=0x000001da61f52843 sp=0x0000001d8e3fdb58 mode 0
Event: 54770.670 Thread 0x000001da79b6f5f0 DEOPT PACKING pc=0x000001da63f2af3e sp=0x0000001d8e3fe5d0
Event: 54770.670 Thread 0x000001da79b6f5f0 DEOPT UNPACKING pc=0x000001da61f52843 sp=0x0000001d8e3fdb58 mode 0
Event: 54770.670 Thread 0x000001da76f13850 DEOPT PACKING pc=0x000001da63f2af3e sp=0x0000001d8dafe600
Event: 54770.670 Thread 0x000001da76f13850 DEOPT UNPACKING pc=0x000001da61f52843 sp=0x0000001d8dafdb88 mode 0
Event: 54770.670 Thread 0x000001da76f18ef0 DEOPT PACKING pc=0x000001da63f2af3e sp=0x0000001d8c3fe8e0
Event: 54770.670 Thread 0x000001da76f18ef0 DEOPT UNPACKING pc=0x000001da61f52843 sp=0x0000001d8c3fde68 mode 0
Event: 54770.670 Thread 0x000001da79b6f5f0 DEOPT PACKING pc=0x000001da63f2af3e sp=0x0000001d8e3fe5d0
Event: 54770.670 Thread 0x000001da79b6f5f0 DEOPT UNPACKING pc=0x000001da61f52843 sp=0x0000001d8e3fdb58 mode 0
Event: 54770.671 Thread 0x000001da76f13850 DEOPT PACKING pc=0x000001da63f2af3e sp=0x0000001d8dafe600
Event: 54770.671 Thread 0x000001da76f13850 DEOPT UNPACKING pc=0x000001da61f52843 sp=0x0000001d8dafdb88 mode 0
Event: 54770.671 Thread 0x000001da76f18ef0 DEOPT PACKING pc=0x000001da63f2af3e sp=0x0000001d8c3fe8e0
Event: 54770.671 Thread 0x000001da76f18ef0 DEOPT UNPACKING pc=0x000001da61f52843 sp=0x0000001d8c3fde68 mode 0
Event: 54770.684 Thread 0x000001da76f15060 DEOPT PACKING pc=0x000001da63f2af3e sp=0x0000001d8defe600
Event: 54770.684 Thread 0x000001da76f15060 DEOPT UNPACKING pc=0x000001da61f52843 sp=0x0000001d8defdb88 mode 0
Event: 57041.951 Thread 0x000001da76f163a0 DEOPT PACKING pc=0x000001da633e0919 sp=0x0000001d8dafe6d0
Event: 57041.951 Thread 0x000001da76f163a0 DEOPT UNPACKING pc=0x000001da61f52843 sp=0x0000001d8dafdbd0 mode 0
Event: 57042.016 Thread 0x000001da76f15530 DEOPT PACKING pc=0x000001da633e0919 sp=0x0000001d8e0feb50
Event: 57042.016 Thread 0x000001da76f15530 DEOPT UNPACKING pc=0x000001da61f52843 sp=0x0000001d8e0fe050 mode 0

Classes unloaded (20 events):
Event: 54130.279 Thread 0x000001da72fca380 Unloading class 0x000000010032cc00 'jdk/internal/reflect/GeneratedSerializationConstructorAccessor1'
Event: 54130.279 Thread 0x000001da72fca380 Unloading class 0x0000000100305000 'java/lang/invoke/LambdaForm$MH+0x0000000100305000'
Event: 54130.279 Thread 0x000001da72fca380 Unloading class 0x0000000100304c00 'java/lang/invoke/LambdaForm$MH+0x0000000100304c00'
Event: 54130.279 Thread 0x000001da72fca380 Unloading class 0x0000000100304800 'java/lang/invoke/LambdaForm$MH+0x0000000100304800'
Event: 54130.279 Thread 0x000001da72fca380 Unloading class 0x0000000100304000 'jdk/internal/reflect/GeneratedConstructorAccessor4'
Event: 54130.280 Thread 0x000001da72fca380 Unloading class 0x000000010019e800 'java/lang/invoke/LambdaForm$MH+0x000000010019e800'
Event: 54130.280 Thread 0x000001da72fca380 Unloading class 0x000000010019e000 'java/lang/invoke/LambdaForm$MH+0x000000010019e000'
Event: 54130.280 Thread 0x000001da72fca380 Unloading class 0x000000010019dc00 'java/lang/invoke/LambdaForm$MH+0x000000010019dc00'
Event: 54130.280 Thread 0x000001da72fca380 Unloading class 0x000000010019d800 'java/lang/invoke/LambdaForm$MH+0x000000010019d800'
Event: 54130.280 Thread 0x000001da72fca380 Unloading class 0x000000010019d000 'java/lang/invoke/LambdaForm$MH+0x000000010019d000'
Event: 54130.280 Thread 0x000001da72fca380 Unloading class 0x000000010019cc00 'java/lang/invoke/LambdaForm$MH+0x000000010019cc00'
Event: 54130.280 Thread 0x000001da72fca380 Unloading class 0x000000010019c800 'java/lang/invoke/LambdaForm$MH+0x000000010019c800'
Event: 54130.280 Thread 0x000001da72fca380 Unloading class 0x000000010019c000 'java/lang/invoke/LambdaForm$MH+0x000000010019c000'
Event: 54130.280 Thread 0x000001da72fca380 Unloading class 0x0000000100125000 'jdk/internal/reflect/GeneratedMethodAccessor5'
Event: 54130.280 Thread 0x000001da72fca380 Unloading class 0x0000000100124c00 'jdk/internal/reflect/GeneratedMethodAccessor4'
Event: 54130.280 Thread 0x000001da72fca380 Unloading class 0x0000000100124800 'jdk/internal/reflect/GeneratedMethodAccessor3'
Event: 54130.280 Thread 0x000001da72fca380 Unloading class 0x0000000100124400 'jdk/internal/reflect/GeneratedMethodAccessor2'
Event: 54130.280 Thread 0x000001da72fca380 Unloading class 0x0000000100124000 'jdk/internal/reflect/GeneratedMethodAccessor1'
Event: 54130.280 Thread 0x000001da72fca380 Unloading class 0x0000000100112400 'java/lang/invoke/LambdaForm$DMH+0x0000000100112400'
Event: 54130.280 Thread 0x000001da72fca380 Unloading class 0x0000000100111c00 'java/lang/invoke/LambdaForm$DMH+0x0000000100111c00'

Classes redefined (0 events):
No events

Internal exceptions (20 events):
Event: 57041.891 Thread 0x000001da76f141f0 Implicit null exception at 0x000001da62e42abe to 0x000001da62e42ba2
Event: 57041.891 Thread 0x000001da76f141f0 Exception <a 'java/lang/NullPointerException'{0x00000000eb79b160}> (0x00000000eb79b160) 
thrown [e:\jenkins\tmp\workspace\build\src\src\hotspot\share\runtime\sharedRuntime.cpp, line 628]
Event: 57041.920 Thread 0x000001da76f141f0 Implicit null exception at 0x000001da62e42abe to 0x000001da62e42ba2
Event: 57041.923 Thread 0x000001da76f141f0 Exception <a 'java/lang/NullPointerException'{0x00000000eb90f168}> (0x00000000eb90f168) 
thrown [e:\jenkins\tmp\workspace\build\src\src\hotspot\share\runtime\sharedRuntime.cpp, line 628]
Event: 57041.924 Thread 0x000001da76f141f0 Implicit null exception at 0x000001da62e42abe to 0x000001da62e42ba2
Event: 57041.924 Thread 0x000001da76f141f0 Exception <a 'java/lang/NullPointerException'{0x00000000eb911e40}> (0x00000000eb911e40) 
thrown [e:\jenkins\tmp\workspace\build\src\src\hotspot\share\runtime\sharedRuntime.cpp, line 628]
Event: 57041.924 Thread 0x000001da76f141f0 Implicit null exception at 0x000001da62e42abe to 0x000001da62e42ba2
Event: 57041.924 Thread 0x000001da76f141f0 Exception <a 'java/lang/NullPointerException'{0x00000000eb912980}> (0x00000000eb912980) 
thrown [e:\jenkins\tmp\workspace\build\src\src\hotspot\share\runtime\sharedRuntime.cpp, line 628]
Event: 57041.924 Thread 0x000001da76f141f0 Implicit null exception at 0x000001da62e42abe to 0x000001da62e42ba2
Event: 57041.924 Thread 0x000001da76f141f0 Exception <a 'java/lang/NullPointerException'{0x00000000eb9141b0}> (0x00000000eb9141b0) 
thrown [e:\jenkins\tmp\workspace\build\src\src\hotspot\share\runtime\sharedRuntime.cpp, line 628]
Event: 57041.924 Thread 0x000001da76f141f0 Implicit null exception at 0x000001da62e42abe to 0x000001da62e42ba2
Event: 57041.924 Thread 0x000001da76f141f0 Exception <a 'java/lang/NullPointerException'{0x00000000eb914cf0}> (0x00000000eb914cf0) 
thrown [e:\jenkins\tmp\workspace\build\src\src\hotspot\share\runtime\sharedRuntime.cpp, line 628]
Event: 57041.925 Thread 0x000001da76f141f0 Implicit null exception at 0x000001da62e42abe to 0x000001da62e42ba2
Event: 57041.925 Thread 0x000001da76f141f0 Exception <a 'java/lang/NullPointerException'{0x00000000eb981ee0}> (0x00000000eb981ee0) 
thrown [e:\jenkins\tmp\workspace\build\src\src\hotspot\share\runtime\sharedRuntime.cpp, line 628]
Event: 57041.925 Thread 0x000001da76f141f0 Implicit null exception at 0x000001da62e42abe to 0x000001da62e42ba2
Event: 57041.926 Thread 0x000001da76f141f0 Exception <a 'java/lang/NullPointerException'{0x00000000eb9828d8}> (0x00000000eb9828d8) 
thrown [e:\jenkins\tmp\workspace\build\src\src\hotspot\share\runtime\sharedRuntime.cpp, line 628]
Event: 57041.926 Thread 0x000001da76f141f0 Implicit null exception at 0x000001da62e42abe to 0x000001da62e42ba2
Event: 57041.926 Thread 0x000001da76f141f0 Exception <a 'java/lang/NullPointerException'{0x00000000eb9849f8}> (0x00000000eb9849f8) 
thrown [e:\jenkins\tmp\workspace\build\src\src\hotspot\share\runtime\sharedRuntime.cpp, line 628]
Event: 57041.926 Thread 0x000001da76f141f0 Implicit null exception at 0x000001da62e42abe to 0x000001da62e42ba2
Event: 57041.926 Thread 0x000001da76f141f0 Exception <a 'java/lang/NullPointerException'{0x00000000eb987358}> (0x00000000eb987358) 
thrown [e:\jenkins\tmp\workspace\build\src\src\hotspot\share\runtime\sharedRuntime.cpp, line 628]

VM Operations (20 events):
Event: 54429.297 Executing VM operation: ParallelGCFailedAllocation
Event: 54429.307 Executing VM operation: ParallelGCFailedAllocation done
Event: 54431.307 Executing VM operation: Cleanup
Event: 54431.308 Executing VM operation: Cleanup done
Event: 54455.022 Executing VM operation: ParallelGCFailedAllocation
Event: 54455.027 Executing VM operation: ParallelGCFailedAllocation done
Event: 54457.025 Executing VM operation: Cleanup
Event: 54457.025 Executing VM operation: Cleanup done
Event: 54515.240 Executing VM operation: Cleanup
Event: 54515.240 Executing VM operation: Cleanup done
Event: 54715.431 Executing VM operation: Cleanup
Event: 54715.431 Executing VM operation: Cleanup done
Event: 54770.522 Executing VM operation: ParallelGCFailedAllocation
Event: 54770.534 Executing VM operation: ParallelGCFailedAllocation done
Event: 54770.629 Executing VM operation: ParallelGCFailedAllocation
Event: 54770.643 Executing VM operation: ParallelGCFailedAllocation done
Event: 55615.623 Executing VM operation: Cleanup
Event: 55615.623 Executing VM operation: Cleanup done
Event: 57041.969 Executing VM operation: ParallelGCFailedAllocation
Event: 57041.980 Executing VM operation: ParallelGCFailedAllocation done

Events (20 events):
Event: 54635.097 Thread 0x000001da79b70e00 Thread exited: 0x000001da79b70e00
Event: 54716.007 Thread 0x000001da79b70930 Thread exited: 0x000001da79b70930
Event: 54770.507 Thread 0x000001da76f18ef0 Thread added: 0x000001da76f18ef0
Event: 54770.507 Thread 0x000001da76f13850 Thread added: 0x000001da76f13850
Event: 54770.508 Thread 0x000001da76f15060 Thread added: 0x000001da76f15060
Event: 54770.604 Thread 0x000001da78faf1f0 Thread added: 0x000001da78faf1f0
Event: 54774.098 Thread 0x000001da78faf1f0 Thread exited: 0x000001da78faf1f0
Event: 54830.675 Thread 0x000001da765c0080 Thread exited: 0x000001da765c0080
Event: 54890.678 Thread 0x000001da76f15060 Thread exited: 0x000001da76f15060
Event: 54890.678 Thread 0x000001da76f18ef0 Thread exited: 0x000001da76f18ef0
Event: 54950.692 Thread 0x000001da79b6f5f0 Thread exited: 0x000001da79b6f5f0
Event: 55010.704 Thread 0x000001da76f13850 Thread exited: 0x000001da76f13850
Event: 57041.797 Thread 0x000001da76f141f0 Thread added: 0x000001da76f141f0
Event: 57041.806 Thread 0x000001da76f163a0 Thread added: 0x000001da76f163a0
Event: 57041.811 Thread 0x000001da76f14b90 Thread added: 0x000001da76f14b90
Event: 57041.943 Thread 0x000001da76f15530 Thread added: 0x000001da76f15530
Event: 57041.995 Thread 0x000001da76f13850 Thread added: 0x000001da76f13850
Event: 57041.997 Thread 0x000001da76f17bb0 Thread added: 0x000001da76f17bb0
Event: 57041.998 Thread 0x000001da76f15a00 Thread added: 0x000001da76f15a00
Event: 57042.048 Thread 0x000001da78fa96d0 Thread added: 0x000001da78fa96d0


Dynamic libraries:
0x00007ff77a4b0000 - 0x00007ff77a4be000 	c:\Users\User\.vscode\extensions\redhat.java-1.6.0-win32-x64\jre\17.0.2-win32-x86_64\bin\java.exe
0x00007fff13500000 - 0x00007fff136f0000 	C:\WINDOWS\SYSTEM32\ntdll.dll
0x00007fff126d0000 - 0x00007fff12782000 	C:\WINDOWS\System32\KERNEL32.DLL
0x00007fff10cf0000 - 0x00007fff10f95000 	C:\WINDOWS\System32\KERNELBASE.dll
0x00007fff11260000 - 0x00007fff1135a000 	C:\WINDOWS\System32\ucrtbase.dll
0x00007fff0e540000 - 0x00007fff0e558000 	c:\Users\User\.vscode\extensions\redhat.java-1.6.0-win32-x64\jre\17.0.2-win32-x86_64\bin\jli.dll
0x00007fff11e80000 - 0x00007fff12014000 	C:\WINDOWS\System32\USER32.dll
0x00007fff11140000 - 0x00007fff11161000 	C:\WINDOWS\System32\win32u.dll
0x00007fff13490000 - 0x00007fff134b6000 	C:\WINDOWS\System32\GDI32.dll
0x00007fff10fa0000 - 0x00007fff11138000 	C:\WINDOWS\System32\gdi32full.dll
0x00007fff11170000 - 0x00007fff1120e000 	C:\WINDOWS\System32\msvcp_win.dll
0x00007fff0c390000 - 0x00007fff0c3a9000 	c:\Users\User\.vscode\extensions\redhat.java-1.6.0-win32-x64\jre\17.0.2-win32-x86_64\bin\VCRUNTIME140.dll
0x00007fff00b70000 - 0x00007fff00df4000 	C:\WINDOWS\WinSxS\amd64_microsoft.windows.common-controls_6595b64144ccf1df_6.0.18362.1379_none_9e7ff3b3e45cc0c4\COMCTL32.dll
0x00007fff127a0000 - 0x00007fff1283e000 	C:\WINDOWS\System32\msvcrt.dll
0x00007fff130f0000 - 0x00007fff13427000 	C:\WINDOWS\System32\combase.dll
0x00007fff11cb0000 - 0x00007fff11dcf000 	C:\WINDOWS\System32\RPCRT4.dll
0x00007fff10c00000 - 0x00007fff10c81000 	C:\WINDOWS\System32\bcryptPrimitives.dll
0x00007fff115b0000 - 0x00007fff115de000 	C:\WINDOWS\System32\IMM32.DLL
0x00007fff0c300000 - 0x00007fff0c30c000 	c:\Users\User\.vscode\extensions\redhat.java-1.6.0-win32-x64\jre\17.0.2-win32-x86_64\bin\vcruntime140_1.dll
0x00007ffeebfc0000 - 0x00007ffeec051000 	c:\Users\User\.vscode\extensions\redhat.java-1.6.0-win32-x64\jre\17.0.2-win32-x86_64\bin\msvcp140.dll
0x00007ffed2b80000 - 0x00007ffed37c7000 	c:\Users\User\.vscode\extensions\redhat.java-1.6.0-win32-x64\jre\17.0.2-win32-x86_64\bin\server\jvm.dll
0x00007fff11950000 - 0x00007fff119f3000 	C:\WINDOWS\System32\ADVAPI32.dll
0x00007fff11830000 - 0x00007fff118c7000 	C:\WINDOWS\System32\sechost.dll
0x00007fff12790000 - 0x00007fff12798000 	C:\WINDOWS\System32\PSAPI.DLL
0x00007fff0c2f0000 - 0x00007fff0c2f9000 	C:\WINDOWS\SYSTEM32\WSOCK32.dll
0x00007fff12020000 - 0x00007fff1208f000 	C:\WINDOWS\System32\WS2_32.dll
0x00007fff0c790000 - 0x00007fff0c7b4000 	C:\WINDOWS\SYSTEM32\WINMM.dll
0x00007ffefdb30000 - 0x00007ffefdb3a000 	C:\WINDOWS\SYSTEM32\VERSION.dll
0x00007fff0c760000 - 0x00007fff0c78d000 	C:\WINDOWS\SYSTEM32\WINMMBASE.dll
0x00007fff11560000 - 0x00007fff115aa000 	C:\WINDOWS\System32\cfgmgr32.dll
0x00007fff103c0000 - 0x00007fff103d1000 	C:\WINDOWS\System32\kernel.appcore.dll
0x00007fff0a7a0000 - 0x00007fff0a7aa000 	c:\Users\User\.vscode\extensions\redhat.java-1.6.0-win32-x64\jre\17.0.2-win32-x86_64\bin\jimage.dll
0x00007ffefaf90000 - 0x00007ffefb184000 	C:\WINDOWS\SYSTEM32\DBGHELP.DLL
0x00007ffefaf60000 - 0x00007ffefaf8a000 	C:\WINDOWS\SYSTEM32\dbgcore.DLL
0x00007fff0a790000 - 0x00007fff0a79e000 	c:\Users\User\.vscode\extensions\redhat.java-1.6.0-win32-x64\jre\17.0.2-win32-x86_64\bin\instrument.dll
0x00007fff09410000 - 0x00007fff09435000 	c:\Users\User\.vscode\extensions\redhat.java-1.6.0-win32-x64\jre\17.0.2-win32-x86_64\bin\java.dll
0x00007fff0a450000 - 0x00007fff0a468000 	c:\Users\User\.vscode\extensions\redhat.java-1.6.0-win32-x64\jre\17.0.2-win32-x86_64\bin\zip.dll
0x00007fff12840000 - 0x00007fff12f28000 	C:\WINDOWS\System32\SHELL32.dll
0x00007fff11dd0000 - 0x00007fff11e77000 	C:\WINDOWS\System32\shcore.dll
0x00007fff10480000 - 0x00007fff10bfb000 	C:\WINDOWS\System32\windows.storage.dll
0x00007fff10430000 - 0x00007fff10453000 	C:\WINDOWS\System32\profapi.dll
0x00007fff103e0000 - 0x00007fff1042a000 	C:\WINDOWS\System32\powrprof.dll
0x00007fff103b0000 - 0x00007fff103c0000 	C:\WINDOWS\System32\UMPDC.dll
0x00007fff12640000 - 0x00007fff12692000 	C:\WINDOWS\System32\shlwapi.dll
0x00007fff11240000 - 0x00007fff11257000 	C:\WINDOWS\System32\cryptsp.dll
0x00007fff09f70000 - 0x00007fff09f89000 	C:\Users\User\.vscode\extensions\redhat.java-1.6.0-win32-x64\jre\17.0.2-win32-x86_64\bin\net.dll
0x00007fff0e450000 - 0x00007fff0e540000 	C:\WINDOWS\SYSTEM32\WINHTTP.dll
0x00007fff0fba0000 - 0x00007fff0fc07000 	C:\WINDOWS\system32\mswsock.dll
0x00007fff09310000 - 0x00007fff09325000 	C:\Users\User\.vscode\extensions\redhat.java-1.6.0-win32-x64\jre\17.0.2-win32-x86_64\bin\nio.dll
0x00007fff0a2e0000 - 0x00007fff0a2f0000 	c:\Users\User\.vscode\extensions\redhat.java-1.6.0-win32-x64\jre\17.0.2-win32-x86_64\bin\verify.dll
0x00007fff0f730000 - 0x00007fff0f763000 	C:\WINDOWS\system32\rsaenh.dll
0x00007fff11210000 - 0x00007fff11236000 	C:\WINDOWS\System32\bcrypt.dll
0x00007fff10290000 - 0x00007fff102b5000 	C:\WINDOWS\SYSTEM32\USERENV.dll
0x00007fff0fd20000 - 0x00007fff0fd2c000 	C:\WINDOWS\SYSTEM32\CRYPTBASE.dll
0x00007fff0f8c0000 - 0x00007fff0f8fa000 	C:\WINDOWS\SYSTEM32\IPHLPAPI.DLL
0x00007fff130e0000 - 0x00007fff130e8000 	C:\WINDOWS\System32\NSI.dll
0x00007fff08040000 - 0x00007fff08056000 	C:\WINDOWS\SYSTEM32\dhcpcsvc6.DLL
0x00007fff04860000 - 0x00007fff0487c000 	C:\WINDOWS\SYSTEM32\dhcpcsvc.DLL
0x00007fff0f900000 - 0x00007fff0f9cb000 	C:\WINDOWS\SYSTEM32\DNSAPI.dll
0x00007fff03ae0000 - 0x00007fff03b1e000 	C:\Users\User\AppData\Roaming\Code\User\globalStorage\redhat.java\1.6.0\config_win\org.eclipse.equinox.launcher\org.eclipse.equinox.launcher.win32.win32.x86_64_1.2.400.v20211117-0650\eclipse_11602.dll
0x00007fff11b50000 - 0x00007fff11ca7000 	C:\WINDOWS\System32\ole32.dll
0x00007ffef5970000 - 0x00007ffef59b4000 	C:\Users\User\AppData\Local\Temp\jna-2645995\jna12648504526111972433.dll

dbghelp: loaded successfully - version: 4.0.5 - missing functions: none
symbol engine: initialized successfully - sym options: 0x614 - pdb path: .;c:\Users\User\.vscode\extensions\redhat.java-1.6.0-win32-x64\jre\17.0.2-win32-x86_64\bin;C:\WINDOWS\SYSTEM32;C:\WINDOWS\WinSxS\amd64_microsoft.windows.common-controls_6595b64144ccf1df_6.0.18362.1379_none_9e7ff3b3e45cc0c4;c:\Users\User\.vscode\extensions\redhat.java-1.6.0-win32-x64\jre\17.0.2-win32-x86_64\bin\server;C:\Users\User\AppData\Roaming\Code\User\globalStorage\redhat.java\1.6.0\config_win\org.eclipse.equinox.launcher\org.eclipse.equinox.launcher.win32.win32.x86_64_1.2.400.v20211117-0650;C:\Users\User\AppData\Local\Temp\jna-2645995

VM Arguments:
jvm_args: --add-modules=ALL-SYSTEM --add-opens=java.base/java.util=ALL-UNNAMED --add-opens=java.base/java.lang=ALL-UNNAMED --add-opens=java.base/sun.nio.fs=ALL-UNNAMED -Declipse.application=org.eclipse.jdt.ls.core.id1 -Dosgi.bundles.defaultStartLevel=4 -Declipse.product=org.eclipse.jdt.ls.core.product -Djava.import.generatesMetadataFilesAtProjectRoot=false -Dfile.encoding=utf8 -DwatchParentProcess=false -XX:+UseParallelGC -XX:GCTimeRatio=4 -XX:AdaptiveSizePolicyWeight=90 -Dsun.zip.disableMemoryMapping=true -Xmx1G -Xms100m -javaagent:c:\Users\User\.vscode\extensions\gabrielbb.vscode-lombok-1.0.1\server\lombok.jar -XX:+HeapDumpOnOutOfMemoryError -XX:HeapDumpPath=c:\Users\User\AppData\Roaming\Code\User\workspaceStorage\4e1a28784549c8c8f037a4e78a09c4c2\redhat.java 
java_command: c:\Users\User\.vscode\extensions\redhat.java-1.6.0-win32-x64\server\plugins\org.eclipse.equinox.launcher_1.6.400.v20210924-0641.jar -configuration c:\Users\User\AppData\Roaming\Code\User\globalStorage\redhat.java\1.6.0\config_win -data c:\Users\User\AppData\Roaming\Code\User\workspaceStorage\4e1a28784549c8c8f037a4e78a09c4c2\redhat.java\jdt_ws
java_class_path (initial): c:\Users\User\.vscode\extensions\redhat.java-1.6.0-win32-x64\server\plugins\org.eclipse.equinox.launcher_1.6.400.v20210924-0641.jar
Launcher Type: SUN_STANDARD

[Global flags]
    uintx AdaptiveSizePolicyWeight                 = 90                                        {product} {command line}
     intx CICompilerCount                          = 3                                         {product} {ergonomic}
    uintx GCTimeRatio                              = 4                                         {product} {command line}
     bool HeapDumpOnOutOfMemoryError               = true                                   {manageable} {command line}
    ccstr HeapDumpPath                             = c:\Users\User\AppData\Roaming\Code\User\workspaceStorage\4e1a28784549c8c8f037a4e78a09c4c2\redhat.java         {manageable} {command line}
   size_t InitialHeapSize                          = 104857600                                 {product} {command line}
   size_t MaxHeapSize                              = 1073741824                                {product} {command line}
   size_t MaxNewSize                               = 357564416                                 {product} {ergonomic}
   size_t MinHeapDeltaBytes                        = 524288                                    {product} {ergonomic}
   size_t MinHeapSize                              = 104857600                                 {product} {command line}
   size_t NewSize                                  = 34603008                                  {product} {ergonomic}
    uintx NonNMethodCodeHeapSize                   = 5832780                                {pd product} {ergonomic}
    uintx NonProfiledCodeHeapSize                  = 122912730                              {pd product} {ergonomic}
   size_t OldSize                                  = 70254592                                  {product} {ergonomic}
    uintx ProfiledCodeHeapSize                     = 122912730                              {pd product} {ergonomic}
    uintx ReservedCodeCacheSize                    = 251658240                              {pd product} {ergonomic}
     bool SegmentedCodeCache                       = true                                      {product} {ergonomic}
   size_t SoftMaxHeapSize                          = 1073741824                             {manageable} {ergonomic}
     bool UseCompressedClassPointers               = true                           {product lp64_product} {ergonomic}
     bool UseCompressedOops                        = true                           {product lp64_product} {ergonomic}
     bool UseLargePagesIndividualAllocation        = false                                  {pd product} {ergonomic}
     bool UseParallelGC                            = true                                      {product} {command line}

Logging:
Log output configuration:
 #0: stdout all=warning uptime,level,tags
 #1: stderr all=off uptime,level,tags

Environment Variables:
PATH=C:\Program Files\Java\jdk-13\bin;C:\WINDOWS\system32;C:\WINDOWS;C:\WINDOWS\System32\Wbem;C:\WINDOWS\System32\WindowsPowerShell\v1.0\;C:\WINDOWS\System32\OpenSSH\;C:\Program Files\dotnet\;C:\Program Files\Microsoft SQL Server\130\Tools\Binn\;C:\Program Files\PuTTY\;C:\Program Files\Microsoft SQL Server\Client SDK\ODBC\130\Tools\Binn\;C:\Program Files (x86)\Microsoft SQL Server\130\Tools\Binn\;C:\Program Files\Microsoft SQL Server\130\DTS\Binn\;C:\Program Files\Microsoft SQL Server\Client SDK\ODBC\170\Tools\Binn\;C:\Program Files\nodejs\;C:\Program Files (x86)\dotnet\;C:\xampp\php;C:\ProgramData\ComposerSetup\bin;C:\Program Files\apache-maven-3.6.1\bin;C:\Program Files\Git\cmd;C:\Program Files\OpenSSL-Win64\bin;C:\Program Files\Java\jdk-13\bin;C:\Users\User\AppData\Local\Programs\Python\Python37-32\Scripts\;C:\Users\User\AppData\Local\Programs\Python\Python37-32\;C:\Users\User\AppData\Local\Microsoft\WindowsApps;C:\Users\User\.dotnet\tools;C:\Users\User\AppData\Roaming\npm;C:\Users\User\AppData\Local\Programs\Microsoft VS Code\bin;C:\Users\User\AppData\Roaming\Composer\vendor\bin;C:\Program Files\JetBrains\PyCharm Community Edition 2021.2.2\bin;;C:\bin;C:\Program Files\JetBrains\IntelliJ IDEA 2021.2.2\bin;;C:\Program Files\heroku\bin;C:\Users\User\AppData\Local\Android\Sdk\platform-tools;C:\Qt\Qt5.14.2\Tools\QtCreator\bin;C:\Program Files\OpenSSL-Win64\bin;C:\Users\User\AppData\Local\GitHubDesktop\bin
USERNAME=User
OS=Windows_NT
PROCESSOR_IDENTIFIER=Intel64 Family 6 Model 78 Stepping 3, GenuineIntel



---------------  S Y S T E M  ---------------

OS:
 Windows 10 , 64 bit Build 18362 (10.0.18362.1350)
OS uptime: 11 days 22:43 hours
Hyper-V role detected

CPU: total 4 (initial active 4) (2 cores per cpu, 2 threads per core) family 6 model 78 stepping 3 microcode 0xd6, cx8, cmov, fxsr, ht, mmx, 3dnowpref, sse, sse2, sse3, ssse3, sse4.1, sse4.2, popcnt, lzcnt, tsc, tscinvbit, avx, avx2, aes, erms, clmul, bmi1, bmi2, rtm, adx, fma, vzeroupper, clflush, clflushopt, hv

Memory: 4k page, system-wide physical 8026M (866M free)
TotalPageFile size 32602M (AvailPageFile size 4M)
current process WorkingSet (physical memory assigned to process): 343M, peak: 450M
current process commit charge ("private bytes"): 486M, peak: 516M

vm_info: OpenJDK 64-Bit Server VM (17.0.2+8) for windows-amd64 JRE (17.0.2+8), built on Jan 20 2022 04:52:34 by "" with MS VC++ 16.7 (VS2019)

END.
