#
# There is insufficient memory for the Java Runtime Environment to continue.
# Native memory allocation (malloc) failed to allocate 32744 bytes for ChunkPool::allocate
# Possible reasons:
#   The system is out of physical RAM or swap space
#   The process is running with CompressedOops enabled, and the Java Heap may be blocking the growth of the native heap
# Possible solutions:
#   Reduce memory load on the system
#   Increase physical memory or swap space
#   Check if swap backing store is full
#   Decrease Java heap size (-Xmx/-Xms)
#   Decrease number of Java threads
#   Decrease Java thread stack sizes (-Xss)
#   Set larger code cache with -XX:ReservedCodeCacheSize=
#   JVM is running with Unscaled Compressed Oops mode in which the Java heap is
#     placed in the first 4GB address space. The Java Heap base address is the
#     maximum limit for the native heap growth. Please use -XX:HeapBaseMinAddress
#     to set the Java Heap base and to place the Java Heap above 4GB virtual address.
# This output file may be truncated or incomplete.
#
#  Out of Memory Error (arena.cpp:78), pid=19528, tid=1948
#
# JRE version: OpenJDK Runtime Environment Temurin-17.0.3+7 (17.0.3+7) (build 17.0.3+7)
# Java VM: OpenJDK 64-Bit Server VM Temurin-17.0.3+7 (17.0.3+7, mixed mode, emulated-client, tiered, compressed oops, compressed class ptrs, g1 gc, windows-amd64)
# No core dump will be written. Minidumps are not enabled by default on client versions of Windows
#

---------------  S U M M A R Y ------------

Command Line: -Dsts.lsp.client=vscode -Dsts.log.file=/dev/null -XX:TieredStopAtLevel=1 -Dspring.config.location=file:c:\Users\User\.vscode\extensions\pivotal.vscode-spring-boot-1.38.0\language-server\BOOT-INF\classes\application.properties org.springframework.ide.vscode.boot.app.BootLanguageServerBootApp

Host: Intel(R) Core(TM) i5-6300U CPU @ 2.40GHz, 4 cores, 7G,  Windows 10 , 64 bit Build 18362 (10.0.18362.1350)
Time: Tue Aug 23 00:11:56 2022 Paris, Madrid (heure d’été) elapsed time: 15.436153 seconds (0d 0h 0m 15s)

---------------  T H R E A D  ---------------

Current thread (0x0000028e0a34e610):  JavaThread "C1 CompilerThread2" daemon [_thread_in_native, id=1948, stack(0x000000aa5ef00000,0x000000aa5f000000)]


Current CompileTask:
C1:  15436 2781       1       java.lang.invoke.LambdaProxyClassArchive::loadedByBuiltinLoader (22 bytes)

Stack: [0x000000aa5ef00000,0x000000aa5f000000]
Native frames: (J=compiled Java code, j=interpreted, Vv=VM code, C=native code)
V  [jvm.dll+0x675efa]
V  [jvm.dll+0x830a24]
V  [jvm.dll+0x8321ce]
V  [jvm.dll+0x832833]
V  [jvm.dll+0x2454b5]
V  [jvm.dll+0xabfc0]
V  [jvm.dll+0xac30c]
V  [jvm.dll+0x137bc0]
V  [jvm.dll+0x1437c8]
V  [jvm.dll+0x146a29]
V  [jvm.dll+0x146445]
V  [jvm.dll+0x13dc89]
V  [jvm.dll+0x140285]
V  [jvm.dll+0x13e46c]
V  [jvm.dll+0x146f1d]
V  [jvm.dll+0x146445]
V  [jvm.dll+0x13dc89]
V  [jvm.dll+0x140285]
V  [jvm.dll+0x13e564]
V  [jvm.dll+0x146f1d]
V  [jvm.dll+0x146445]
V  [jvm.dll+0x13dc89]
V  [jvm.dll+0x140285]
V  [jvm.dll+0x13e564]
V  [jvm.dll+0x13853f]
V  [jvm.dll+0x148016]
V  [jvm.dll+0x133c50]
V  [jvm.dll+0x133fb0]
V  [jvm.dll+0x134276]
V  [jvm.dll+0x13370a]
V  [jvm.dll+0x1353d1]
V  [jvm.dll+0x227178]
V  [jvm.dll+0x2252bc]
V  [jvm.dll+0x7e673b]
V  [jvm.dll+0x7e0cfa]
V  [jvm.dll+0x674d85]
C  [ucrtbase.dll+0x210b2]
C  [KERNEL32.DLL+0x17c24]
C  [ntdll.dll+0x6d721]


---------------  P R O C E S S  ---------------

Threads class SMR info:
_java_thread_list=0x0000028e0be9d730, length=14, elements={
0x0000028e7acda660, 0x0000028e097aa750, 0x0000028e097ab4d0, 0x0000028e0a14a130,
0x0000028e0a14abf0, 0x0000028e0a14e4d0, 0x0000028e097cc920, 0x0000028e097cf5f0,
0x0000028e097d0690, 0x0000028e0a34b820, 0x0000028e0a346560, 0x0000028e0a482cb0,
0x0000028e0a34e610, 0x0000028e0a9ec310
}

Java Threads: ( => current thread )
  0x0000028e7acda660 JavaThread "main" [_thread_in_vm, id=20816, stack(0x000000aa5df00000,0x000000aa5e000000)]
  0x0000028e097aa750 JavaThread "Reference Handler" daemon [_thread_blocked, id=3292, stack(0x000000aa5e600000,0x000000aa5e700000)]
  0x0000028e097ab4d0 JavaThread "Finalizer" daemon [_thread_blocked, id=21580, stack(0x000000aa5e700000,0x000000aa5e800000)]
  0x0000028e0a14a130 JavaThread "Signal Dispatcher" daemon [_thread_blocked, id=21484, stack(0x000000aa5e800000,0x000000aa5e900000)]
  0x0000028e0a14abf0 JavaThread "Attach Listener" daemon [_thread_blocked, id=692, stack(0x000000aa5e900000,0x000000aa5ea00000)]
  0x0000028e0a14e4d0 JavaThread "Service Thread" daemon [_thread_blocked, id=16088, stack(0x000000aa5ea00000,0x000000aa5eb00000)]
  0x0000028e097cc920 JavaThread "Monitor Deflation Thread" daemon [_thread_blocked, id=12664, stack(0x000000aa5eb00000,0x000000aa5ec00000)]
  0x0000028e097cf5f0 JavaThread "C1 CompilerThread0" daemon [_thread_in_native, id=16328, stack(0x000000aa5ec00000,0x000000aa5ed00000)]
  0x0000028e097d0690 JavaThread "Sweeper thread" daemon [_thread_blocked, id=16684, stack(0x000000aa5ed00000,0x000000aa5ee00000)]
  0x0000028e0a34b820 JavaThread "Notification Thread" daemon [_thread_blocked, id=12792, stack(0x000000aa5f000000,0x000000aa5f100000)]
  0x0000028e0a346560 JavaThread "Common-Cleaner" daemon [_thread_blocked, id=15936, stack(0x000000aa5f200000,0x000000aa5f300000)]
  0x0000028e0a482cb0 JavaThread "C1 CompilerThread1" daemon [_thread_blocked, id=22496, stack(0x000000aa5ee00000,0x000000aa5ef00000)]
=>0x0000028e0a34e610 JavaThread "C1 CompilerThread2" daemon [_thread_in_native, id=1948, stack(0x000000aa5ef00000,0x000000aa5f000000)]
  0x0000028e0a9ec310 JavaThread "ForkJoinPool.commonPool-worker-1" daemon [_thread_in_vm, id=20164, stack(0x000000aa5f600000,0x000000aa5f700000)]

Other Threads:
  0x0000028e09757bc0 VMThread "VM Thread" [stack: 0x000000aa5e500000,0x000000aa5e600000] [id=16516]
  0x0000028e0a34bcf0 WatcherThread [stack: 0x000000aa5f100000,0x000000aa5f200000] [id=7116]
  0x0000028e7ad340e0 GCTaskThread "GC Thread#0" [stack: 0x000000aa5e000000,0x000000aa5e100000] [id=9352]
  0x0000028e0abbd6f0 GCTaskThread "GC Thread#1" [stack: 0x000000aa5f300000,0x000000aa5f400000] [id=17944]
  0x0000028e0abbd9a0 GCTaskThread "GC Thread#2" [stack: 0x000000aa5f400000,0x000000aa5f500000] [id=12804]
  0x0000028e0ad00f30 GCTaskThread "GC Thread#3" [stack: 0x000000aa5f500000,0x000000aa5f600000] [id=20788]
  0x0000028e7ad45a40 ConcurrentGCThread "G1 Main Marker" [stack: 0x000000aa5e100000,0x000000aa5e200000] [id=21300]
  0x0000028e7ad46360 ConcurrentGCThread "G1 Conc#0" [stack: 0x000000aa5e200000,0x000000aa5e300000] [id=1112]
  0x0000028e7ad9e310 ConcurrentGCThread "G1 Refine#0" [stack: 0x000000aa5e300000,0x000000aa5e400000] [id=2572]
  0x0000028e7ad9ec40 ConcurrentGCThread "G1 Service" [stack: 0x000000aa5e400000,0x000000aa5e500000] [id=17692]

Threads with active compile tasks:
C1 CompilerThread0    15511 2783   !   1       java.lang.invoke.InnerClassLambdaMetafactory::generateInnerClass (617 bytes)
C1 CompilerThread2    15511 2781       1       java.lang.invoke.LambdaProxyClassArchive::loadedByBuiltinLoader (22 bytes)

VM state: not at safepoint (normal execution)

VM Mutex/Monitor currently owned by a thread: None

Heap address: 0x0000000082800000, size: 2008 MB, Compressed Oops mode: 32-bit

CDS archive(s) not mapped
Compressed class space mapped at: 0x0000000100000000-0x0000000140000000, reserved size: 1073741824
Narrow klass base: 0x0000000000000000, Narrow klass shift: 3, Narrow klass range: 0x140000000

GC Precious Log:
 CPUs: 4 total, 4 available
 Memory: 8026M
 Large Page Support: Disabled
 NUMA Support: Disabled
 Compressed Oops: Enabled (32-bit)
 Heap Region Size: 1M
 Heap Min Capacity: 8M
 Heap Initial Capacity: 126M
 Heap Max Capacity: 2008M
 Pre-touch: Disabled
 Parallel Workers: 4
 Concurrent Workers: 1
 Concurrent Refinement Workers: 4
 Periodic GC: Disabled

Heap:
 garbage-first heap   total 45056K, used 17884K [0x0000000082800000, 0x0000000100000000)
  region size 1024K, 5 young (5120K), 2 survivors (2048K)
 Metaspace       used 31449K, committed 31680K, reserved 1081344K
  class space    used 3966K, committed 4096K, reserved 1048576K

Heap Regions: E=young(eden), S=young(survivor), O=old, HS=humongous(starts), HC=humongous(continues), CS=collection set, F=free, OA=open archive, CA=closed archive, TAMS=top-at-mark-start (previous, next)
|   0|0x0000000082800000, 0x0000000082900000, 0x0000000082900000|100%| O|  |TAMS 0x0000000082900000, 0x0000000082800000| Untracked 
|   1|0x0000000082900000, 0x0000000082a00000, 0x0000000082a00000|100%| O|  |TAMS 0x0000000082a00000, 0x0000000082900000| Untracked 
|   2|0x0000000082a00000, 0x0000000082b00000, 0x0000000082b00000|100%| O|  |TAMS 0x0000000082b00000, 0x0000000082a00000| Untracked 
|   3|0x0000000082b00000, 0x0000000082c00000, 0x0000000082c00000|100%| O|  |TAMS 0x0000000082c00000, 0x0000000082b00000| Untracked 
|   4|0x0000000082c00000, 0x0000000082d00000, 0x0000000082d00000|100%| O|  |TAMS 0x0000000082d00000, 0x0000000082c00000| Untracked 
|   5|0x0000000082d00000, 0x0000000082e00000, 0x0000000082e00000|100%| O|  |TAMS 0x0000000082e00000, 0x0000000082d00000| Untracked 
|   6|0x0000000082e00000, 0x0000000082f00000, 0x0000000082f00000|100%| O|  |TAMS 0x0000000082f00000, 0x0000000082e00000| Untracked 
|   7|0x0000000082f00000, 0x0000000082f3e600, 0x0000000083000000| 24%| O|  |TAMS 0x0000000082f3e600, 0x0000000082f00000| Untracked 
|   8|0x0000000083000000, 0x0000000083100000, 0x0000000083100000|100%| O|  |TAMS 0x0000000083000000, 0x0000000083000000| Untracked 
|   9|0x0000000083100000, 0x0000000083200000, 0x0000000083200000|100%| O|  |TAMS 0x0000000083100000, 0x0000000083100000| Untracked 
|  10|0x0000000083200000, 0x0000000083300000, 0x0000000083300000|100%| O|  |TAMS 0x0000000083200000, 0x0000000083200000| Untracked 
|  11|0x0000000083300000, 0x0000000083400000, 0x0000000083400000|100%| O|  |TAMS 0x0000000083300000, 0x0000000083300000| Untracked 
|  12|0x0000000083400000, 0x0000000083500000, 0x0000000083500000|100%| O|  |TAMS 0x0000000083400000, 0x0000000083400000| Untracked 
|  13|0x0000000083500000, 0x0000000083600000, 0x0000000083600000|100%| O|  |TAMS 0x0000000083500000, 0x0000000083500000| Untracked 
|  14|0x0000000083600000, 0x00000000836ad400, 0x0000000083700000| 67%| O|  |TAMS 0x0000000083600000, 0x0000000083600000| Untracked 
|  15|0x0000000083700000, 0x0000000083700000, 0x0000000083800000|  0%| F|  |TAMS 0x0000000083700000, 0x0000000083700000| Untracked 
|  16|0x0000000083800000, 0x0000000083800000, 0x0000000083900000|  0%| F|  |TAMS 0x0000000083800000, 0x0000000083800000| Untracked 
|  17|0x0000000083900000, 0x0000000083900000, 0x0000000083a00000|  0%| F|  |TAMS 0x0000000083900000, 0x0000000083900000| Untracked 
|  18|0x0000000083a00000, 0x0000000083a00000, 0x0000000083b00000|  0%| F|  |TAMS 0x0000000083a00000, 0x0000000083a00000| Untracked 
|  19|0x0000000083b00000, 0x0000000083b00000, 0x0000000083c00000|  0%| F|  |TAMS 0x0000000083b00000, 0x0000000083b00000| Untracked 
|  20|0x0000000083c00000, 0x0000000083c00000, 0x0000000083d00000|  0%| F|  |TAMS 0x0000000083c00000, 0x0000000083c00000| Untracked 
|  21|0x0000000083d00000, 0x0000000083d00000, 0x0000000083e00000|  0%| F|  |TAMS 0x0000000083d00000, 0x0000000083d00000| Untracked 
|  22|0x0000000083e00000, 0x0000000083e00000, 0x0000000083f00000|  0%| F|  |TAMS 0x0000000083e00000, 0x0000000083e00000| Untracked 
|  23|0x0000000083f00000, 0x0000000083f8b950, 0x0000000084000000| 54%| S|CS|TAMS 0x0000000083f00000, 0x0000000083f00000| Complete 
|  24|0x0000000084000000, 0x0000000084100000, 0x0000000084100000|100%| S|CS|TAMS 0x0000000084000000, 0x0000000084000000| Complete 
|  25|0x0000000084100000, 0x0000000084100000, 0x0000000084200000|  0%| F|  |TAMS 0x0000000084100000, 0x0000000084100000| Untracked 
|  26|0x0000000084200000, 0x0000000084200000, 0x0000000084300000|  0%| F|  |TAMS 0x0000000084200000, 0x0000000084200000| Untracked 
|  27|0x0000000084300000, 0x0000000084300000, 0x0000000084400000|  0%| F|  |TAMS 0x0000000084300000, 0x0000000084300000| Untracked 
|  28|0x0000000084400000, 0x0000000084400000, 0x0000000084500000|  0%| F|  |TAMS 0x0000000084400000, 0x0000000084400000| Untracked 
|  29|0x0000000084500000, 0x0000000084500000, 0x0000000084600000|  0%| F|  |TAMS 0x0000000084500000, 0x0000000084500000| Untracked 
|  30|0x0000000084600000, 0x0000000084600000, 0x0000000084700000|  0%| F|  |TAMS 0x0000000084600000, 0x0000000084600000| Untracked 
|  31|0x0000000084700000, 0x0000000084700000, 0x0000000084800000|  0%| F|  |TAMS 0x0000000084700000, 0x0000000084700000| Untracked 
|  32|0x0000000084800000, 0x0000000084800000, 0x0000000084900000|  0%| F|  |TAMS 0x0000000084800000, 0x0000000084800000| Untracked 
|  33|0x0000000084900000, 0x0000000084900000, 0x0000000084a00000|  0%| F|  |TAMS 0x0000000084900000, 0x0000000084900000| Untracked 
|  34|0x0000000084a00000, 0x0000000084a00000, 0x0000000084b00000|  0%| F|  |TAMS 0x0000000084a00000, 0x0000000084a00000| Untracked 
|  35|0x0000000084b00000, 0x0000000084b00000, 0x0000000084c00000|  0%| F|  |TAMS 0x0000000084b00000, 0x0000000084b00000| Untracked 
|  36|0x0000000084c00000, 0x0000000084c00000, 0x0000000084d00000|  0%| F|  |TAMS 0x0000000084c00000, 0x0000000084c00000| Untracked 
|  37|0x0000000084d00000, 0x0000000084d00000, 0x0000000084e00000|  0%| F|  |TAMS 0x0000000084d00000, 0x0000000084d00000| Untracked 
|  38|0x0000000084e00000, 0x0000000084e00000, 0x0000000084f00000|  0%| F|  |TAMS 0x0000000084e00000, 0x0000000084e00000| Untracked 
| 105|0x0000000089100000, 0x0000000089100000, 0x0000000089200000|  0%| F|  |TAMS 0x0000000089100000, 0x0000000089100000| Untracked 
| 106|0x0000000089200000, 0x0000000089200000, 0x0000000089300000|  0%| F|  |TAMS 0x0000000089200000, 0x0000000089200000| Untracked 
| 107|0x0000000089300000, 0x0000000089374320, 0x0000000089400000| 45%| E|  |TAMS 0x0000000089300000, 0x0000000089300000| Complete 
| 108|0x0000000089400000, 0x0000000089500000, 0x0000000089500000|100%| E|CS|TAMS 0x0000000089400000, 0x0000000089400000| Complete 
| 125|0x000000008a500000, 0x000000008a600000, 0x000000008a600000|100%| E|CS|TAMS 0x000000008a500000, 0x000000008a500000| Complete 

Card table byte_map: [0x0000028e7f9d0000,0x0000028e7fdc0000] _byte_map_base: 0x0000028e7f5bc000

Marking Bits (Prev, Next): (CMBitMap*) 0x0000028e7ad35650, (CMBitMap*) 0x0000028e7ad35610
 Prev Bits: [0x0000028e05350000, 0x0000028e072b0000)
 Next Bits: [0x0000028e033f0000, 0x0000028e05350000)

Polling page: 0x0000028e7ada0000

Metaspace:

Usage:
  Non-class:     26.84 MB used.
      Class:      3.87 MB used.
       Both:     30.71 MB used.

Virtual space:
  Non-class space:       32.00 MB reserved,      26.94 MB ( 84%) committed,  4 nodes.
      Class space:        1.00 GB reserved,       4.00 MB ( <1%) committed,  1 nodes.
             Both:        1.03 GB reserved,      30.94 MB (  3%) committed. 

Chunk freelists:
   Non-Class:  960.00 KB
       Class:  3.88 MB
        Both:  4.82 MB

MaxMetaspaceSize: unlimited
CompressedClassSpaceSize: 1.00 GB
Initial GC threshold: 21.00 MB
Current GC threshold: 35.44 MB
CDS: off
MetaspaceReclaimPolicy: balanced
 - commit_granule_bytes: 65536.
 - commit_granule_words: 8192.
 - virtual_space_node_default_size: 1048576.
 - enlarge_chunks_in_place: 1.
 - new_chunks_are_fully_committed: 0.
 - uncommit_free_chunks: 1.
 - use_allocation_guard: 0.
 - handle_deallocations: 1.


Internal statistics:

num_allocs_failed_limit: 5.
num_arena_births: 266.
num_arena_deaths: 0.
num_vsnodes_births: 5.
num_vsnodes_deaths: 0.
num_space_committed: 495.
num_space_uncommitted: 0.
num_chunks_returned_to_freelist: 5.
num_chunks_taken_from_freelist: 1083.
num_chunk_merges: 5.
num_chunk_splits: 762.
num_chunks_enlarged: 610.
num_purges: 0.
num_inconsistent_stats: 0.

CodeCache: size=49152Kb used=6530Kb max_used=6530Kb free=42621Kb
 bounds [0x0000028e00000000, 0x0000028e00670000, 0x0000028e03000000]
 total_blobs=3294 nmethods=2786 adapters=432
 compilation: enabled
              stopped_count=0, restarted_count=0
 full_count=0

Compilation events (20 events):
Event: 15.412 Thread 0x0000028e0a34e610 2772       1       org.springframework.core.annotation.AnnotationAttributes::assertAttributeType (54 bytes)
Event: 15.412 Thread 0x0000028e0a482cb0 nmethod 2771 0x0000028e0064ef90 code [0x0000028e0064f1a0, 0x0000028e0064f938]
Event: 15.413 Thread 0x0000028e0a482cb0 2773       1       org.springframework.beans.factory.support.DefaultSingletonBeanRegistry::isSingletonCurrentlyInCreation (11 bytes)
Event: 15.413 Thread 0x0000028e097cf5f0 nmethod 2768 0x0000028e0064fc10 code [0x0000028e0064fe80, 0x0000028e00650538]
Event: 15.413 Thread 0x0000028e0a34e610 nmethod 2772 0x0000028e00650a10 code [0x0000028e00650c80, 0x0000028e00651658]
Event: 15.413 Thread 0x0000028e0a482cb0 nmethod 2773 0x0000028e00651b10 code [0x0000028e00651ca0, 0x0000028e00651d88]
Event: 15.413 Thread 0x0000028e097cf5f0 2774   !   1       org.springframework.beans.factory.support.AbstractBeanFactory::resolveBeanClass (117 bytes)
Event: 15.414 Thread 0x0000028e0a482cb0 2775       1       org.springframework.beans.factory.support.DefaultSingletonBeanRegistry::getSingleton (7 bytes)
Event: 15.414 Thread 0x0000028e0a482cb0 nmethod 2775 0x0000028e00651e10 code [0x0000028e00651fa0, 0x0000028e00652088]
Event: 15.414 Thread 0x0000028e0a482cb0 2776   !   1       org.springframework.beans.factory.support.AbstractBeanFactory::doGetBean (874 bytes)
Event: 15.414 Thread 0x0000028e0a34e610 2777       1       org.springframework.util.ClassUtils::isAssignableValue (34 bytes)
Event: 15.415 Thread 0x0000028e097cf5f0 nmethod 2774 0x0000028e00652110 code [0x0000028e006523c0, 0x0000028e00652d98]
Event: 15.415 Thread 0x0000028e0a34e610 nmethod 2777 0x0000028e00653590 code [0x0000028e00653740, 0x0000028e006538f8]
Event: 15.419 Thread 0x0000028e097cf5f0 2778       1       java.lang.invoke.LambdaForm$DMH/0x0000000100199c00::invokeStatic (31 bytes)
Event: 15.419 Thread 0x0000028e097cf5f0 nmethod 2778 0x0000028e00653a10 code [0x0000028e00653bc0, 0x0000028e00653cb8]
Event: 15.419 Thread 0x0000028e0a34e610 2779       1       java.lang.invoke.InnerClassLambdaMetafactory::spinInnerClass (111 bytes)
Event: 15.419 Thread 0x0000028e097cf5f0 2780       1       java.lang.invoke.LambdaProxyClassArchive::find (63 bytes)
Event: 15.420 Thread 0x0000028e0a34e610 nmethod 2779 0x0000028e00653d90 code [0x0000028e00653f40, 0x0000028e006540b8]
Event: 15.420 Thread 0x0000028e0a34e610 2781       1       java.lang.invoke.LambdaProxyClassArchive::loadedByBuiltinLoader (22 bytes)
Event: 15.420 Thread 0x0000028e097cf5f0 nmethod 2780 0x0000028e00654190 code [0x0000028e00654340, 0x0000028e00654518]

GC Heap History (14 events):
Event: 4.077 GC heap before
{Heap before GC invocations=0 (full 0):
 garbage-first heap   total 129024K, used 12288K [0x0000000082800000, 0x0000000100000000)
  region size 1024K, 13 young (13312K), 0 survivors (0K)
 Metaspace       used 6849K, committed 6976K, reserved 1056768K
  class space    used 713K, committed 768K, reserved 1048576K
}
Event: 4.260 GC heap after
{Heap after GC invocations=1 (full 0):
 garbage-first heap   total 129024K, used 6575K [0x0000000082800000, 0x0000000100000000)
  region size 1024K, 2 young (2048K), 2 survivors (2048K)
 Metaspace       used 6849K, committed 6976K, reserved 1056768K
  class space    used 713K, committed 768K, reserved 1048576K
}
Event: 6.606 GC heap before
{Heap before GC invocations=1 (full 0):
 garbage-first heap   total 129024K, used 16815K [0x0000000082800000, 0x0000000100000000)
  region size 1024K, 12 young (12288K), 2 survivors (2048K)
 Metaspace       used 10545K, committed 10688K, reserved 1064960K
  class space    used 1212K, committed 1280K, reserved 1048576K
}
Event: 6.611 GC heap after
{Heap after GC invocations=2 (full 0):
 garbage-first heap   total 129024K, used 8208K [0x0000000082800000, 0x0000000100000000)
  region size 1024K, 2 young (2048K), 2 survivors (2048K)
 Metaspace       used 10545K, committed 10688K, reserved 1064960K
  class space    used 1212K, committed 1280K, reserved 1048576K
}
Event: 8.502 GC heap before
{Heap before GC invocations=2 (full 0):
 garbage-first heap   total 129024K, used 30736K [0x0000000082800000, 0x0000000100000000)
  region size 1024K, 24 young (24576K), 2 survivors (2048K)
 Metaspace       used 17527K, committed 17664K, reserved 1064960K
  class space    used 2118K, committed 2176K, reserved 1048576K
}
Event: 8.508 GC heap after
{Heap after GC invocations=3 (full 0):
 garbage-first heap   total 129024K, used 10489K [0x0000000082800000, 0x0000000100000000)
  region size 1024K, 3 young (3072K), 3 survivors (3072K)
 Metaspace       used 17527K, committed 17664K, reserved 1064960K
  class space    used 2118K, committed 2176K, reserved 1048576K
}
Event: 9.016 GC heap before
{Heap before GC invocations=3 (full 0):
 garbage-first heap   total 129024K, used 26873K [0x0000000082800000, 0x0000000100000000)
  region size 1024K, 20 young (20480K), 3 survivors (3072K)
 Metaspace       used 21353K, committed 21504K, reserved 1073152K
  class space    used 2593K, committed 2688K, reserved 1048576K
}
Event: 9.021 GC heap after
{Heap after GC invocations=4 (full 0):
 garbage-first heap   total 129024K, used 11133K [0x0000000082800000, 0x0000000100000000)
  region size 1024K, 4 young (4096K), 4 survivors (4096K)
 Metaspace       used 21353K, committed 21504K, reserved 1073152K
  class space    used 2593K, committed 2688K, reserved 1048576K
}
Event: 10.905 GC heap before
{Heap before GC invocations=5 (full 0):
 garbage-first heap   total 45056K, used 33661K [0x0000000082800000, 0x0000000100000000)
  region size 1024K, 26 young (26624K), 4 survivors (4096K)
 Metaspace       used 24832K, committed 25024K, reserved 1073152K
  class space    used 3037K, committed 3136K, reserved 1048576K
}
Event: 10.915 GC heap after
{Heap after GC invocations=6 (full 0):
 garbage-first heap   total 45056K, used 12584K [0x0000000082800000, 0x0000000100000000)
  region size 1024K, 3 young (3072K), 3 survivors (3072K)
 Metaspace       used 24832K, committed 25024K, reserved 1073152K
  class space    used 3037K, committed 3136K, reserved 1048576K
}
Event: 14.008 GC heap before
{Heap before GC invocations=6 (full 0):
 garbage-first heap   total 45056K, used 27944K [0x0000000082800000, 0x0000000100000000)
  region size 1024K, 19 young (19456K), 3 survivors (3072K)
 Metaspace       used 27338K, committed 27584K, reserved 1073152K
  class space    used 3420K, committed 3520K, reserved 1048576K
}
Event: 14.020 GC heap after
{Heap after GC invocations=7 (full 0):
 garbage-first heap   total 45056K, used 14388K [0x0000000082800000, 0x0000000100000000)
  region size 1024K, 3 young (3072K), 3 survivors (3072K)
 Metaspace       used 27338K, committed 27584K, reserved 1073152K
  class space    used 3420K, committed 3520K, reserved 1048576K
}
Event: 15.324 GC heap before
{Heap before GC invocations=7 (full 0):
 garbage-first heap   total 45056K, used 29748K [0x0000000082800000, 0x0000000100000000)
  region size 1024K, 19 young (19456K), 3 survivors (3072K)
 Metaspace       used 31010K, committed 31296K, reserved 1081344K
  class space    used 3900K, committed 4032K, reserved 1048576K
}
Event: 15.337 GC heap after
{Heap after GC invocations=8 (full 0):
 garbage-first heap   total 45056K, used 15836K [0x0000000082800000, 0x0000000100000000)
  region size 1024K, 2 young (2048K), 2 survivors (2048K)
 Metaspace       used 31010K, committed 31296K, reserved 1081344K
  class space    used 3900K, committed 4032K, reserved 1048576K
}

Deoptimization events (8 events):
Event: 6.683 Thread 0x0000028e7acda660 DEOPT PACKING pc=0x0000028e0012f4f5 sp=0x000000aa5dffd960
Event: 6.683 Thread 0x0000028e7acda660 DEOPT UNPACKING pc=0x0000028e00052b43 sp=0x000000aa5dffcdd0 mode 3
Event: 9.092 Thread 0x0000028e7acda660 DEOPT PACKING pc=0x0000028e004a3d19 sp=0x000000aa5dffd110
Event: 9.092 Thread 0x0000028e7acda660 DEOPT UNPACKING pc=0x0000028e00052b43 sp=0x000000aa5dffc5f0 mode 3
Event: 10.741 Thread 0x0000028e7acda660 DEOPT PACKING pc=0x0000028e00568675 sp=0x000000aa5dffcde0
Event: 10.741 Thread 0x0000028e7acda660 DEOPT UNPACKING pc=0x0000028e00052b43 sp=0x000000aa5dffc250 mode 3
Event: 15.274 Thread 0x0000028e7acda660 DEOPT PACKING pc=0x0000028e0060cf99 sp=0x000000aa5dffc680
Event: 15.274 Thread 0x0000028e7acda660 DEOPT UNPACKING pc=0x0000028e00052b43 sp=0x000000aa5dffbb60 mode 3

Classes unloaded (0 events):
No events

Classes redefined (0 events):
No events

Internal exceptions (20 events):
Event: 9.102 Thread 0x0000028e7acda660 Exception <a 'java/lang/ClassNotFoundException'{0x0000000084e85d58}: org/springframework/core/OrderedCustomizer> (0x0000000084e85d58) 
thrown [e:\jenkins\tmp\workspace\build\src\src\hotspot\share\classfile\systemDictionary.cpp, line 256]
Event: 9.104 Thread 0x0000028e7acda660 Exception <a 'java/lang/ClassNotFoundException'{0x0000000084e8b390}: org/springframework/context/ResourceLoaderAwareCustomizer> (0x0000000084e8b390) 
thrown [e:\jenkins\tmp\workspace\build\src\src\hotspot\share\classfile\systemDictionary.cpp, line 256]
Event: 9.105 Thread 0x0000028e7acda660 Exception <a 'java/lang/ClassNotFoundException'{0x0000000084e90ae0}: org/springframework/beans/factory/AwareCustomizer> (0x0000000084e90ae0) 
thrown [e:\jenkins\tmp\workspace\build\src\src\hotspot\share\classfile\systemDictionary.cpp, line 256]
Event: 9.105 Thread 0x0000028e7acda660 Exception <a 'java/lang/ClassNotFoundException'{0x0000000084e953a0}: org/springframework/beans/factory/BeanClassLoaderAwareCustomizer> (0x0000000084e953a0) 
thrown [e:\jenkins\tmp\workspace\build\src\src\hotspot\share\classfile\systemDictionary.cpp, line 256]
Event: 9.106 Thread 0x0000028e7acda660 Exception <a 'java/lang/ClassNotFoundException'{0x0000000084e9aad8}: org/springframework/beans/factory/AwareCustomizer> (0x0000000084e9aad8) 
thrown [e:\jenkins\tmp\workspace\build\src\src\hotspot\share\classfile\systemDictionary.cpp, line 256]
Event: 9.107 Thread 0x0000028e7acda660 Exception <a 'java/lang/ClassNotFoundException'{0x0000000084e9ef78}: org/springframework/context/EnvironmentAwareCustomizer> (0x0000000084e9ef78) 
thrown [e:\jenkins\tmp\workspace\build\src\src\hotspot\share\classfile\systemDictionary.cpp, line 256]
Event: 9.108 Thread 0x0000028e7acda660 Exception <a 'java/lang/ClassNotFoundException'{0x0000000084ea4620}: org/springframework/beans/factory/AwareCustomizer> (0x0000000084ea4620) 
thrown [e:\jenkins\tmp\workspace\build\src\src\hotspot\share\classfile\systemDictionary.cpp, line 256]
Event: 9.524 Thread 0x0000028e7acda660 Exception <a 'java/lang/NoSuchMethodError'{0x00000000846bec70}: 'int java.lang.invoke.DirectMethodHandle$Holder.invokeSpecialIFC(java.lang.Object, java.lang.Object, java.lang.Object, java.lang.Object)'> (0x00000000846bec70) 
thrown [e:\jenkins\tmp\workspace\build\src\src\hotspot\share\interpreter\linkResolver.cpp, line 766]
Event: 9.865 Thread 0x0000028e7acda660 Exception <a 'java/lang/IncompatibleClassChangeError'{0x000000008413bf20}: Found class java.lang.Object, but interface was expected> (0x000000008413bf20) 
thrown [e:\jenkins\tmp\workspace\build\src\src\hotspot\share\interpreter\linkResolver.cpp, line 833]
Event: 9.960 Thread 0x0000028e7acda660 Exception <a 'java/lang/NoSuchMethodError'{0x00000000840acf98}: 'void java.lang.invoke.DirectMethodHandle$Holder.invokeInterface(java.lang.Object, java.lang.Object, java.lang.Object, java.lang.Object)'> (0x00000000840acf98) 
thrown [e:\jenkins\tmp\workspace\build\src\src\hotspot\share\interpreter\linkResolver.cpp, line 766]
Event: 11.013 Thread 0x0000028e7acda660 Exception <a 'java/lang/NoSuchMethodError'{0x0000000089448460}: 'void java.lang.invoke.DirectMethodHandle$Holder.invokeInterface(java.lang.Object, java.lang.Object, java.lang.Object)'> (0x0000000089448460) 
thrown [e:\jenkins\tmp\workspace\build\src\src\hotspot\share\interpreter\linkResolver.cpp, line 766]
Event: 11.048 Thread 0x0000028e7acda660 Exception <a 'java/lang/NoSuchMethodError'{0x00000000894d8ec8}: 'java.lang.Object java.lang.invoke.DirectMethodHandle$Holder.invokeStaticInit(java.lang.Object, int, int, int, int)'> (0x00000000894d8ec8) 
thrown [e:\jenkins\tmp\workspace\build\src\src\hotspot\share\interpreter\linkResolver.cpp, line 766]
Event: 12.845 Thread 0x0000028e7acda660 Exception <a 'java/lang/NoSuchMethodError'{0x0000000089346a60}: 'java.lang.Object java.lang.invoke.DirectMethodHandle$Holder.invokeStaticInit(java.lang.Object, java.lang.Object, int, int, int, int)'> (0x0000000089346a60) 
thrown [e:\jenkins\tmp\workspace\build\src\src\hotspot\share\interpreter\linkResolver.cpp, line 766]
Event: 13.430 Thread 0x0000028e7acda660 Exception <a 'java/lang/NoSuchMethodError'{0x0000000084da74e8}: 'int java.lang.invoke.DirectMethodHandle$Holder.invokeVirtual(java.lang.Object, java.lang.Object, java.lang.Object)'> (0x0000000084da74e8) 
thrown [e:\jenkins\tmp\workspace\build\src\src\hotspot\share\interpreter\linkResolver.cpp, line 766]
Event: 13.585 Thread 0x0000028e7acda660 Exception <a 'java/lang/NoSuchMethodError'{0x0000000084bd1470}: 'java.lang.Object java.lang.invoke.DirectMethodHandle$Holder.newInvokeSpecial(java.lang.Object, java.lang.Object, java.lang.Object, int, java.lang.Object)'> (0x0000000084bd1470) 
thrown [e:\jenkins\tmp\workspace\build\src\src\hotspot\share\interpreter\linkResolver.cpp, line 766]
Event: 13.593 Thread 0x0000028e7acda660 Exception <a 'java/lang/NoSuchMethodError'{0x0000000084be60c8}: 'void java.lang.invoke.DirectMethodHandle$Holder.invokeSpecialIFC(java.lang.Object, java.lang.Object, java.lang.Object)'> (0x0000000084be60c8) 
thrown [e:\jenkins\tmp\workspace\build\src\src\hotspot\share\interpreter\linkResolver.cpp, line 766]
Event: 14.204 Thread 0x0000028e7acda660 Exception <a 'java/lang/NoSuchMethodError'{0x00000000892262c8}: 'void java.lang.invoke.DirectMethodHandle$Holder.invokeVirtual(java.lang.Object, java.lang.Object)'> (0x00000000892262c8) 
thrown [e:\jenkins\tmp\workspace\build\src\src\hotspot\share\interpreter\linkResolver.cpp, line 766]
Event: 14.538 Thread 0x0000028e7acda660 Exception <a 'java/lang/NoSuchMethodError'{0x0000000084d33db0}: 'int java.lang.invoke.DirectMethodHandle$Holder.invokeSpecial(java.lang.Object, java.lang.Object, java.lang.Object, java.lang.Object, java.lang.Object)'> (0x0000000084d33db0) 
thrown [e:\jenkins\tmp\workspace\build\src\src\hotspot\share\interpreter\linkResolver.cpp, line 766]
Event: 15.346 Thread 0x0000028e7acda660 Exception <a 'java/lang/NoSuchMethodError'{0x000000008a509198}: 'java.lang.Object java.lang.invoke.DirectMethodHandle$Holder.invokeInterface(java.lang.Object, java.lang.Object, int)'> (0x000000008a509198) 
thrown [e:\jenkins\tmp\workspace\build\src\src\hotspot\share\interpreter\linkResolver.cpp, line 766]
Event: 15.348 Thread 0x0000028e7acda660 Exception <a 'java/lang/IncompatibleClassChangeError'{0x000000008a51c438}: Found class java.lang.Object, but interface was expected> (0x000000008a51c438) 
thrown [e:\jenkins\tmp\workspace\build\src\src\hotspot\share\interpreter\linkResolver.cpp, line 833]

VM Operations (20 events):
Event: 10.178 Executing VM operation: Cleanup
Event: 10.211 Executing VM operation: Cleanup done
Event: 10.452 Executing VM operation: HandshakeAllThreads
Event: 10.452 Executing VM operation: HandshakeAllThreads done
Event: 10.905 Executing VM operation: G1CollectForAllocation
Event: 10.915 Executing VM operation: G1CollectForAllocation done
Event: 12.914 Executing VM operation: Cleanup
Event: 12.914 Executing VM operation: Cleanup done
Event: 14.007 Executing VM operation: G1CollectForAllocation
Event: 14.020 Executing VM operation: G1CollectForAllocation done
Event: 14.022 Executing VM operation: HandshakeAllThreads
Event: 14.023 Executing VM operation: HandshakeAllThreads done
Event: 15.023 Executing VM operation: Cleanup
Event: 15.023 Executing VM operation: Cleanup done
Event: 15.076 Executing VM operation: HandshakeAllThreads
Event: 15.076 Executing VM operation: HandshakeAllThreads done
Event: 15.324 Executing VM operation: G1CollectForAllocation
Event: 15.337 Executing VM operation: G1CollectForAllocation done
Event: 15.370 Executing VM operation: HandshakeAllThreads
Event: 15.370 Executing VM operation: HandshakeAllThreads done

Events (20 events):
Event: 15.312 loading class java/nio/file/InvalidPathException
Event: 15.312 loading class java/nio/file/InvalidPathException done
Event: 15.321 loading class java/security/DomainCombiner
Event: 15.321 loading class java/security/DomainCombiner done
Event: 15.346 loading class java/util/function/IntFunction
Event: 15.346 loading class java/util/function/IntFunction done
Event: 15.348 loading class java/util/stream/Streams$RangeIntSpliterator
Event: 15.348 loading class java/util/stream/Streams$RangeIntSpliterator done
Event: 15.368 loading class java/lang/Class$EnclosingMethodInfo
Event: 15.369 loading class java/lang/Class$EnclosingMethodInfo done
Event: 15.369 loading class java/lang/reflect/AnnotatedType
Event: 15.369 loading class java/lang/reflect/AnnotatedType done
Event: 15.369 loading class java/lang/ClassValue$ClassValueMap
Event: 15.369 loading class java/lang/ClassValue$ClassValueMap done
Event: 15.373 loading class java/lang/LayerInstantiationException
Event: 15.373 loading class java/lang/LayerInstantiationException done
Event: 15.373 loading class jdk/internal/loader/Loader
Event: 15.374 loading class jdk/internal/loader/Loader done
Event: 15.413 loading class java/io/IOError
Event: 15.413 loading class java/io/IOError done


Dynamic libraries:
0x00007ff7969d0000 - 0x00007ff7969de000 	c:\Users\User\.vscode\extensions\redhat.java-1.9.0-win32-x64\jre\17.0.3-win32-x86_64\bin\java.exe
0x00007ffa63940000 - 0x00007ffa63b30000 	C:\WINDOWS\SYSTEM32\ntdll.dll
0x00007ffa62560000 - 0x00007ffa62612000 	C:\WINDOWS\System32\KERNEL32.DLL
0x00007ffa60af0000 - 0x00007ffa60d95000 	C:\WINDOWS\System32\KERNELBASE.dll
0x00007ffa616b0000 - 0x00007ffa617aa000 	C:\WINDOWS\System32\ucrtbase.dll
0x00007ffa5e940000 - 0x00007ffa5e958000 	c:\Users\User\.vscode\extensions\redhat.java-1.9.0-win32-x64\jre\17.0.3-win32-x86_64\bin\jli.dll
0x00007ffa62920000 - 0x00007ffa62ab4000 	C:\WINDOWS\System32\USER32.dll
0x00007ffa608c0000 - 0x00007ffa608e1000 	C:\WINDOWS\System32\win32u.dll
0x00007ffa637b0000 - 0x00007ffa637d6000 	C:\WINDOWS\System32\GDI32.dll
0x00007ffa617b0000 - 0x00007ffa61948000 	C:\WINDOWS\System32\gdi32full.dll
0x00007ffa61950000 - 0x00007ffa619ee000 	C:\WINDOWS\System32\msvcp_win.dll
0x00007ffa5e840000 - 0x00007ffa5e859000 	c:\Users\User\.vscode\extensions\redhat.java-1.9.0-win32-x64\jre\17.0.3-win32-x86_64\bin\VCRUNTIME140.dll
0x00007ffa50c80000 - 0x00007ffa50f04000 	C:\WINDOWS\WinSxS\amd64_microsoft.windows.common-controls_6595b64144ccf1df_6.0.18362.1379_none_9e7ff3b3e45cc0c4\COMCTL32.dll
0x00007ffa63140000 - 0x00007ffa631de000 	C:\WINDOWS\System32\msvcrt.dll
0x00007ffa62cf0000 - 0x00007ffa63027000 	C:\WINDOWS\System32\combase.dll
0x00007ffa637e0000 - 0x00007ffa638ff000 	C:\WINDOWS\System32\RPCRT4.dll
0x00007ffa615d0000 - 0x00007ffa61651000 	C:\WINDOWS\System32\bcryptPrimitives.dll
0x00007ffa63780000 - 0x00007ffa637ae000 	C:\WINDOWS\System32\IMM32.DLL
0x00007ffa5e930000 - 0x00007ffa5e93c000 	c:\Users\User\.vscode\extensions\redhat.java-1.9.0-win32-x64\jre\17.0.3-win32-x86_64\bin\vcruntime140_1.dll
0x00007ffa3b3e0000 - 0x00007ffa3b471000 	c:\Users\User\.vscode\extensions\redhat.java-1.9.0-win32-x64\jre\17.0.3-win32-x86_64\bin\msvcp140.dll
0x00007ffa28710000 - 0x00007ffa29358000 	c:\Users\User\.vscode\extensions\redhat.java-1.9.0-win32-x64\jre\17.0.3-win32-x86_64\bin\server\jvm.dll
0x00007ffa61b20000 - 0x00007ffa61bc3000 	C:\WINDOWS\System32\ADVAPI32.dll
0x00007ffa630a0000 - 0x00007ffa63137000 	C:\WINDOWS\System32\sechost.dll
0x00007ffa62c80000 - 0x00007ffa62c88000 	C:\WINDOWS\System32\PSAPI.DLL
0x00007ffa5e890000 - 0x00007ffa5e899000 	C:\WINDOWS\SYSTEM32\WSOCK32.dll
0x00007ffa63030000 - 0x00007ffa6309f000 	C:\WINDOWS\System32\WS2_32.dll
0x00007ffa5b7e0000 - 0x00007ffa5b804000 	C:\WINDOWS\SYSTEM32\WINMM.dll
0x00007ffa4cda0000 - 0x00007ffa4cdaa000 	C:\WINDOWS\SYSTEM32\VERSION.dll
0x00007ffa5b7b0000 - 0x00007ffa5b7dd000 	C:\WINDOWS\SYSTEM32\WINMMBASE.dll
0x00007ffa61660000 - 0x00007ffa616aa000 	C:\WINDOWS\System32\cfgmgr32.dll
0x00007ffa60800000 - 0x00007ffa60811000 	C:\WINDOWS\System32\kernel.appcore.dll
0x00007ffa5e8b0000 - 0x00007ffa5e8ba000 	c:\Users\User\.vscode\extensions\redhat.java-1.9.0-win32-x64\jre\17.0.3-win32-x86_64\bin\jimage.dll
0x00007ffa4b7e0000 - 0x00007ffa4b9d4000 	C:\WINDOWS\SYSTEM32\DBGHELP.DLL
0x00007ffa4b7b0000 - 0x00007ffa4b7da000 	C:\WINDOWS\SYSTEM32\dbgcore.DLL
0x00007ffa56d70000 - 0x00007ffa56d95000 	c:\Users\User\.vscode\extensions\redhat.java-1.9.0-win32-x64\jre\17.0.3-win32-x86_64\bin\java.dll
0x00007ffa51710000 - 0x00007ffa51728000 	c:\Users\User\.vscode\extensions\redhat.java-1.9.0-win32-x64\jre\17.0.3-win32-x86_64\bin\zip.dll
0x00007ffa61d80000 - 0x00007ffa62468000 	C:\WINDOWS\System32\SHELL32.dll
0x00007ffa62b50000 - 0x00007ffa62bf7000 	C:\WINDOWS\System32\shcore.dll
0x00007ffa60e50000 - 0x00007ffa615cb000 	C:\WINDOWS\System32\windows.storage.dll
0x00007ffa60890000 - 0x00007ffa608b3000 	C:\WINDOWS\System32\profapi.dll
0x00007ffa60820000 - 0x00007ffa6086a000 	C:\WINDOWS\System32\powrprof.dll
0x00007ffa607f0000 - 0x00007ffa60800000 	C:\WINDOWS\System32\UMPDC.dll
0x00007ffa62c90000 - 0x00007ffa62ce2000 	C:\WINDOWS\System32\shlwapi.dll
0x00007ffa60980000 - 0x00007ffa60997000 	C:\WINDOWS\System32\cryptsp.dll
0x00007ffa511b0000 - 0x00007ffa511c9000 	C:\Users\User\.vscode\extensions\redhat.java-1.9.0-win32-x64\jre\17.0.3-win32-x86_64\bin\net.dll
0x00007ffa5e360000 - 0x00007ffa5e450000 	C:\WINDOWS\SYSTEM32\WINHTTP.dll
0x00007ffa5ffe0000 - 0x00007ffa60047000 	C:\WINDOWS\system32\mswsock.dll
0x00007ffa51190000 - 0x00007ffa511a5000 	C:\Users\User\.vscode\extensions\redhat.java-1.9.0-win32-x64\jre\17.0.3-win32-x86_64\bin\nio.dll
0x00007ffa5e560000 - 0x00007ffa5e570000 	c:\Users\User\.vscode\extensions\redhat.java-1.9.0-win32-x64\jre\17.0.3-win32-x86_64\bin\verify.dll
0x00007ffa5e740000 - 0x00007ffa5e749000 	C:\Users\User\.vscode\extensions\redhat.java-1.9.0-win32-x64\jre\17.0.3-win32-x86_64\bin\management.dll
0x00007ffa5e730000 - 0x00007ffa5e73b000 	C:\Users\User\.vscode\extensions\redhat.java-1.9.0-win32-x64\jre\17.0.3-win32-x86_64\bin\management_ext.dll
0x00007ffa31d30000 - 0x00007ffa31d46000 	C:\WINDOWS\system32\napinsp.dll
0x00007ffa31d10000 - 0x00007ffa31d2a000 	C:\WINDOWS\system32\pnrpnsp.dll
0x00007ffa5fd40000 - 0x00007ffa5fe0b000 	C:\WINDOWS\SYSTEM32\DNSAPI.dll
0x00007ffa62ac0000 - 0x00007ffa62ac8000 	C:\WINDOWS\System32\NSI.dll
0x00007ffa5fd00000 - 0x00007ffa5fd3a000 	C:\WINDOWS\SYSTEM32\IPHLPAPI.DLL
0x00007ffa31d00000 - 0x00007ffa31d0e000 	C:\WINDOWS\System32\winrnr.dll
0x00007ffa5cb60000 - 0x00007ffa5cb7c000 	C:\WINDOWS\system32\NLAapi.dll
0x00007ffa34540000 - 0x00007ffa34555000 	C:\WINDOWS\system32\wshbth.dll
0x00007ffa516c0000 - 0x00007ffa516ca000 	C:\Windows\System32\rasadhlp.dll
0x00007ffa58330000 - 0x00007ffa583a7000 	C:\WINDOWS\System32\fwpuclnt.dll
0x00007ffa608f0000 - 0x00007ffa60916000 	C:\WINDOWS\System32\bcrypt.dll
0x00007ffa5fb70000 - 0x00007ffa5fba3000 	C:\WINDOWS\system32\rsaenh.dll
0x00007ffa606d0000 - 0x00007ffa606f5000 	C:\WINDOWS\SYSTEM32\USERENV.dll
0x00007ffa60160000 - 0x00007ffa6016c000 	C:\WINDOWS\SYSTEM32\CRYPTBASE.dll
0x00007ffa58490000 - 0x00007ffa584a6000 	C:\WINDOWS\SYSTEM32\dhcpcsvc6.DLL
0x00007ffa58630000 - 0x00007ffa5864c000 	C:\WINDOWS\SYSTEM32\dhcpcsvc.DLL

dbghelp: loaded successfully - version: 4.0.5 - missing functions: none
symbol engine: initialized successfully - sym options: 0x614 - pdb path: .;c:\Users\User\.vscode\extensions\redhat.java-1.9.0-win32-x64\jre\17.0.3-win32-x86_64\bin;C:\WINDOWS\SYSTEM32;C:\WINDOWS\WinSxS\amd64_microsoft.windows.common-controls_6595b64144ccf1df_6.0.18362.1379_none_9e7ff3b3e45cc0c4;c:\Users\User\.vscode\extensions\redhat.java-1.9.0-win32-x64\jre\17.0.3-win32-x86_64\bin\server

VM Arguments:
jvm_args: -Dsts.lsp.client=vscode -Dsts.log.file=/dev/null -XX:TieredStopAtLevel=1 -Dspring.config.location=file:c:\Users\User\.vscode\extensions\pivotal.vscode-spring-boot-1.38.0\language-server\BOOT-INF\classes\application.properties 
java_command: org.springframework.ide.vscode.boot.app.BootLanguageServerBootApp
java_class_path (initial): c:\Users\User\.vscode\extensions\pivotal.vscode-spring-boot-1.38.0\language-server\BOOT-INF\classes;c:\Users\User\.vscode\extensions\pivotal.vscode-spring-boot-1.38.0\language-server\BOOT-INF\lib\annotations-23.0.0.jar;c:\Users\User\.vscode\extensions\pivotal.vscode-spring-boot-1.38.0\language-server\BOOT-INF\lib\antlr-runtime-3.5.2.jar;c:\Users\User\.vscode\extensions\pivotal.vscode-spring-boot-1.38.0\language-server\BOOT-INF\lib\antlr4-4.9.3.jar;c:\Users\User\.vscode\extensions\pivotal.vscode-spring-boot-1.38.0\language-server\BOOT-INF\lib\antlr4-runtime-4.9.3.jar;c:\Users\User\.vscode\extensions\pivotal.vscode-spring-boot-1.38.0\language-server\BOOT-INF\lib\asm-9.3.jar;c:\Users\User\.vscode\extensions\pivotal.vscode-spring-boot-1.38.0\language-server\BOOT-INF\lib\asm-analysis-9.3.jar;c:\Users\User\.vscode\extensions\pivotal.vscode-spring-boot-1.38.0\language-server\BOOT-INF\lib\asm-tree-9.3.jar;c:\Users\User\.vscode\extensions\pivotal.vscode-spring-boot-1.38.0\language-server\BOOT-INF\lib\asm-util-9.3.jar;c:\Users\User\.vscode\extensions\pivotal.vscode-spring-boot-1.38.0\language-server\BOOT-INF\lib\byte-buddy-1.10.18.jar;c:\Users\User\.vscode\extensions\pivotal.vscode-spring-boot-1.38.0\language-server\BOOT-INF\lib\caffeine-2.8.6.jar;c:\Users\User\.vscode\extensions\pivotal.vscode-spring-boot-1.38.0\language-server\BOOT-INF\lib\checker-qual-3.12.0.jar;c:\Users\User\.vscode\extensions\pivotal.vscode-spring-boot-1.38.0\language-server\BOOT-INF\lib\classgraph-4.8.149.jar;c:\Users\User\.vscode\extensions\pivotal.vscode-spring-boot-1.38.0\language-server\BOOT-INF\lib\commons-codec-1.14.jar;c:\Users\User\.vscode\extensions\pivotal.vscode-spring-boot-1.38.0\language-server\BOOT-INF\lib\commons-compress-1.21.jar;c:\Users\User\.vscode\extensions\pivotal.vscode-spring-boot-1.38.0\language-server\BOOT-INF\lib\commons-exec-1.3.jar;c:\Users\User\.vscode\extensions\pivotal.vscode-spring-boot-1.38.0\language-server\BOOT-INF\lib\commons-io-2.4.jar;c
Launcher Type: SUN_STANDARD

[Global flags]
     intx CICompilerCount                          = 3                                         {product} {ergonomic}
     uint ConcGCThreads                            = 1                                         {product} {ergonomic}
     uint G1ConcRefinementThreads                  = 4                                         {product} {ergonomic}
   size_t G1HeapRegionSize                         = 1048576                                   {product} {ergonomic}
    uintx GCDrainStackTargetSize                   = 64                                        {product} {ergonomic}
   size_t InitialHeapSize                          = 132120576                                 {product} {ergonomic}
   size_t MarkStackSize                            = 4194304                                   {product} {ergonomic}
   size_t MaxHeapSize                              = 2105540608                                {product} {ergonomic}
   size_t MaxNewSize                               = 1262485504                                {product} {ergonomic}
   size_t MinHeapDeltaBytes                        = 1048576                                   {product} {ergonomic}
   size_t MinHeapSize                              = 8388608                                   {product} {ergonomic}
    uintx NonProfiledCodeHeapSize                  = 0                                      {pd product} {ergonomic}
     bool ProfileInterpreter                       = false                                  {pd product} {command line}
    uintx ProfiledCodeHeapSize                     = 0                                      {pd product} {ergonomic}
   size_t SoftMaxHeapSize                          = 2105540608                             {manageable} {ergonomic}
     intx TieredStopAtLevel                        = 1                                         {product} {command line}
     bool UseCompressedClassPointers               = true                           {product lp64_product} {ergonomic}
     bool UseCompressedOops                        = true                           {product lp64_product} {ergonomic}
     bool UseG1GC                                  = true                                      {product} {ergonomic}
     bool UseLargePagesIndividualAllocation        = false                                  {pd product} {ergonomic}

Logging:
Log output configuration:
 #0: stdout all=warning uptime,level,tags
 #1: stderr all=off uptime,level,tags

Environment Variables:
PATH=C:\Program Files\Java\jdk-13\bin;C:\WINDOWS\system32;C:\WINDOWS;C:\WINDOWS\System32\Wbem;C:\WINDOWS\System32\WindowsPowerShell\v1.0\;C:\WINDOWS\System32\OpenSSH\;C:\Program Files\dotnet\;C:\Program Files\Microsoft SQL Server\130\Tools\Binn\;C:\Program Files\PuTTY\;C:\Program Files\Microsoft SQL Server\Client SDK\ODBC\130\Tools\Binn\;C:\Program Files (x86)\Microsoft SQL Server\130\Tools\Binn\;C:\Program Files\Microsoft SQL Server\130\DTS\Binn\;C:\Program Files\Microsoft SQL Server\Client SDK\ODBC\170\Tools\Binn\;C:\Program Files\nodejs\;C:\Program Files (x86)\dotnet\;C:\xampp\php;C:\ProgramData\ComposerSetup\bin;C:\Program Files\apache-maven-3.6.1\bin;C:\Program Files\Git\cmd;C:\Program Files\OpenSSL-Win64\bin;C:\Program Files\Java\jdk-13\bin;C:\Users\User\AppData\Local\Programs\Python\Python37-32\Scripts\;C:\Users\User\AppData\Local\Programs\Python\Python37-32\;C:\Users\User\AppData\Local\Microsoft\WindowsApps;C:\Users\User\.dotnet\tools;C:\Users\User\AppData\Roaming\npm;C:\Users\User\AppData\Local\Programs\Microsoft VS Code\bin;C:\Users\User\AppData\Roaming\Composer\vendor\bin;C:\Program Files\JetBrains\PyCharm Community Edition 2021.2.2\bin;;C:\bin;C:\Program Files\JetBrains\IntelliJ IDEA 2021.2.2\bin;;C:\Program Files\heroku\bin;C:\Users\User\AppData\Local\Android\Sdk\platform-tools;C:\Qt\Qt5.14.2\Tools\QtCreator\bin;C:\Program Files\OpenSSL-Win64\bin;C:\Users\User\AppData\Local\GitHubDesktop\bin
USERNAME=User
OS=Windows_NT
PROCESSOR_IDENTIFIER=Intel64 Family 6 Model 78 Stepping 3, GenuineIntel



---------------  S Y S T E M  ---------------

OS:
 Windows 10 , 64 bit Build 18362 (10.0.18362.1350)
OS uptime: 15 days 10:06 hours
Hyper-V role detected

CPU: total 4 (initial active 4) (2 cores per cpu, 2 threads per core) family 6 model 78 stepping 3 microcode 0xd6, cx8, cmov, fxsr, ht, mmx, 3dnowpref, sse, sse2, sse3, ssse3, sse4.1, sse4.2, popcnt, lzcnt, tsc, tscinvbit, avx, avx2, aes, erms, clmul, bmi1, bmi2, rtm, adx, fma, vzeroupper, clflush, clflushopt, hv

Memory: 4k page, system-wide physical 8026M (390M free)
TotalPageFile size 32602M (AvailPageFile size 18M)
current process WorkingSet (physical memory assigned to process): 121M, peak: 121M
current process commit charge ("private bytes"): 152M, peak: 220M

vm_info: OpenJDK 64-Bit Server VM (17.0.3+7) for windows-amd64 JRE (17.0.3+7), built on Apr 19 2022 16:55:35 by "" with MS VC++ 16.7 (VS2019)

END.
