#
# There is insufficient memory for the Java Runtime Environment to continue.
# Native memory allocation (mmap) failed to map 130023424 bytes for G1 virtual space
# Possible reasons:
#   The system is out of physical RAM or swap space
#   The process is running with CompressedOops enabled, and the Java Heap may be blocking the growth of the native heap
# Possible solutions:
#   Reduce memory load on the system
#   Increase physical memory or swap space
#   Check if swap backing store is full
#   Decrease Java heap size (-Xmx/-Xms)
#   Decrease number of Java threads
#   Decrease Java thread stack sizes (-Xss)
#   Set larger code cache with -XX:ReservedCodeCacheSize=
#   JVM is running with Unscaled Compressed Oops mode in which the Java heap is
#     placed in the first 4GB address space. The Java Heap base address is the
#     maximum limit for the native heap growth. Please use -XX:HeapBaseMinAddress
#     to set the Java Heap base and to place the Java Heap above 4GB virtual address.
# This output file may be truncated or incomplete.
#
#  Out of Memory Error (os_windows.cpp:3535), pid=20732, tid=4264
#
# JRE version: OpenJDK Runtime Environment Temurin-17.0.3+7 (17.0.3+7) (build 17.0.3+7)
# Java VM: OpenJDK 64-Bit Server VM Temurin-17.0.3+7 (17.0.3+7, mixed mode, emulated-client, tiered, compressed oops, compressed class ptrs, g1 gc, windows-amd64)
# No core dump will be written. Minidumps are not enabled by default on client versions of Windows
#

---------------  S U M M A R Y ------------

Command Line: -Dsts.lsp.client=vscode -Dsts.log.file=/dev/null -XX:TieredStopAtLevel=1 -Dspring.config.location=file:c:\Users\User\.vscode\extensions\pivotal.vscode-spring-boot-1.38.0\language-server\BOOT-INF\classes\application.properties org.springframework.ide.vscode.boot.app.BootLanguageServerBootApp

Host: Intel(R) Core(TM) i5-6300U CPU @ 2.40GHz, 4 cores, 7G,  Windows 10 , 64 bit Build 18362 (10.0.18362.1350)
Time: Tue Aug 23 00:11:36 2022 Paris, Madrid (heure d’été) elapsed time: 25.927775 seconds (0d 0h 0m 25s)

---------------  T H R E A D  ---------------

Current thread (0x000001a11cd34500):  VMThread "VM Thread" [stack: 0x000000753e900000,0x000000753ea00000] [id=4264]

Stack: [0x000000753e900000,0x000000753ea00000]
Native frames: (J=compiled Java code, j=interpreted, Vv=VM code, C=native code)
V  [jvm.dll+0x675efa]
V  [jvm.dll+0x830a24]
V  [jvm.dll+0x8321ce]
V  [jvm.dll+0x832833]
V  [jvm.dll+0x2454b5]
V  [jvm.dll+0x672de9]
V  [jvm.dll+0x667732]
V  [jvm.dll+0x3043ab]
V  [jvm.dll+0x30b8f6]
V  [jvm.dll+0x35b62e]
V  [jvm.dll+0x35b85f]
V  [jvm.dll+0x2db248]
V  [jvm.dll+0x2d94fc]
V  [jvm.dll+0x2d8acc]
V  [jvm.dll+0x31ca2b]
V  [jvm.dll+0x836cdb]
V  [jvm.dll+0x837a14]
V  [jvm.dll+0x837f2c]
V  [jvm.dll+0x838304]
V  [jvm.dll+0x8383d0]
V  [jvm.dll+0x7e0cfa]
V  [jvm.dll+0x674d85]
C  [ucrtbase.dll+0x210b2]
C  [KERNEL32.DLL+0x17c24]
C  [ntdll.dll+0x6d721]

VM_Operation (0x00000075401fe570): G1CollectForAllocation, mode: safepoint, requested by thread 0x000001a11fce39e0


---------------  P R O C E S S  ---------------

Threads class SMR info:
_java_thread_list=0x000001a11fb65220, length=30, elements={
0x000001a11cd4a750, 0x000001a11cd4bae0, 0x000001a11d81a130, 0x000001a11d81abf0,
0x000001a11d81e8d0, 0x000001a11cd6e8f0, 0x000001a11cd711c0, 0x000001a11cd71ac0,
0x000001a11da15ea0, 0x000001a11da24c00, 0x000001a11e3ecb90, 0x000001a11fa5f370,
0x000001a11fb98030, 0x000001a11025a8d0, 0x000001a11fccdc50, 0x000001a11fccec30,
0x000001a11fce2010, 0x000001a11fce3510, 0x000001a11fce39e0, 0x000001a11fcfe8a0,
0x000001a11fcfed70, 0x000001a11fcfd560, 0x000001a11fcfd090, 0x000001a11fcfc6f0,
0x000001a11fcfda30, 0x000001a11fcfcbc0, 0x000001a11fcfc220, 0x000001a11fcfbd50,
0x000001a11f35e8f0, 0x000001a11f6cc160
}

Java Threads: ( => current thread )
  0x000001a11cd4a750 JavaThread "Reference Handler" daemon [_thread_blocked, id=13864, stack(0x000000753ea00000,0x000000753eb00000)]
  0x000001a11cd4bae0 JavaThread "Finalizer" daemon [_thread_blocked, id=12568, stack(0x000000753eb00000,0x000000753ec00000)]
  0x000001a11d81a130 JavaThread "Signal Dispatcher" daemon [_thread_blocked, id=18856, stack(0x000000753ec00000,0x000000753ed00000)]
  0x000001a11d81abf0 JavaThread "Attach Listener" daemon [_thread_blocked, id=15904, stack(0x000000753ed00000,0x000000753ee00000)]
  0x000001a11d81e8d0 JavaThread "Service Thread" daemon [_thread_blocked, id=1552, stack(0x000000753ee00000,0x000000753ef00000)]
  0x000001a11cd6e8f0 JavaThread "Monitor Deflation Thread" daemon [_thread_blocked, id=17168, stack(0x000000753ef00000,0x000000753f000000)]
  0x000001a11cd711c0 JavaThread "C1 CompilerThread0" daemon [_thread_blocked, id=6132, stack(0x000000753f000000,0x000000753f100000)]
  0x000001a11cd71ac0 JavaThread "Sweeper thread" daemon [_thread_blocked, id=6572, stack(0x000000753f100000,0x000000753f200000)]
  0x000001a11da15ea0 JavaThread "Notification Thread" daemon [_thread_blocked, id=10684, stack(0x000000753f400000,0x000000753f500000)]
  0x000001a11da24c00 JavaThread "Common-Cleaner" daemon [_thread_blocked, id=11380, stack(0x000000753f600000,0x000000753f700000)]
  0x000001a11e3ecb90 JavaThread "ForkJoinPool.commonPool-worker-1" daemon [_thread_blocked, id=8944, stack(0x000000753f900000,0x000000753fa00000)]
  0x000001a11fa5f370 JavaThread "pool-7-thread-1" [_thread_blocked, id=18124, stack(0x000000753fb00000,0x000000753fc00000)]
  0x000001a11fb98030 JavaThread "LanguageServerApp-lifecycle" [_thread_blocked, id=16548, stack(0x000000753fc00000,0x000000753fd00000)]
  0x000001a11025a8d0 JavaThread "DestroyJavaVM" [_thread_blocked, id=7772, stack(0x000000753e200000,0x000000753e300000)]
  0x000001a11fccdc50 JavaThread "pool-8-thread-1" [_thread_in_native, id=9428, stack(0x000000753fd00000,0x000000753fe00000)]
  0x000001a11fccec30 JavaThread "ClassGraph-worker-0" daemon [_thread_blocked, id=3284, stack(0x000000753fe00000,0x000000753ff00000)]
  0x000001a11fce2010 JavaThread "ClassGraph-worker-1" daemon [_thread_blocked, id=1160, stack(0x000000753ff00000,0x0000007540000000)]
  0x000001a11fce3510 JavaThread "ClassGraph-worker-2" daemon [_thread_blocked, id=2444, stack(0x0000007540000000,0x0000007540100000)]
  0x000001a11fce39e0 JavaThread "ClassGraph-worker-3" daemon [_thread_blocked, id=16692, stack(0x0000007540100000,0x0000007540200000)]
  0x000001a11fcfe8a0 JavaThread "ClassGraph-worker-4" daemon [_thread_blocked, id=1584, stack(0x0000007540200000,0x0000007540300000)]
  0x000001a11fcfed70 JavaThread "ClassGraph-worker-5" daemon [_thread_blocked, id=19840, stack(0x0000007540300000,0x0000007540400000)]
  0x000001a11fcfd560 JavaThread "ClassGraph-worker-6" daemon [_thread_blocked, id=15796, stack(0x0000007540400000,0x0000007540500000)]
  0x000001a11fcfd090 JavaThread "ClassGraph-worker-7" daemon [_thread_blocked, id=1108, stack(0x0000007540500000,0x0000007540600000)]
  0x000001a11fcfc6f0 JavaThread "Simple-Language-Server main thread" daemon [_thread_blocked, id=13916, stack(0x0000007540600000,0x0000007540700000)]
  0x000001a11fcfda30 JavaThread "parallel-1" daemon [_thread_blocked, id=18276, stack(0x0000007540700000,0x0000007540800000)]
  0x000001a11fcfcbc0 JavaThread "pool-2-thread-1" [_thread_blocked, id=7288, stack(0x0000007540800000,0x0000007540900000)]
  0x000001a11fcfc220 JavaThread "ForkJoinPool.commonPool-worker-2" daemon [_thread_blocked, id=20192, stack(0x000000753fa00000,0x000000753fb00000)]
  0x000001a11fcfbd50 JavaThread "pool-2-thread-2" [_thread_blocked, id=19288, stack(0x0000007540900000,0x0000007540a00000)]
  0x000001a11f35e8f0 JavaThread "C1 CompilerThread1" daemon [_thread_blocked, id=9004, stack(0x0000007540b00000,0x0000007540c00000)]
  0x000001a11f6cc160 JavaThread "C1 CompilerThread2" daemon [_thread_blocked, id=18568, stack(0x0000007540c00000,0x0000007540d00000)]

Other Threads:
=>0x000001a11cd34500 VMThread "VM Thread" [stack: 0x000000753e900000,0x000000753ea00000] [id=4264]
  0x000001a11da16370 WatcherThread [stack: 0x000000753f500000,0x000000753f600000] [id=14324]
  0x000001a1102b40b0 GCTaskThread "GC Thread#0" [stack: 0x000000753e400000,0x000000753e500000] [id=6796]
  0x000001a11e2b6a00 GCTaskThread "GC Thread#1" [stack: 0x000000753f700000,0x000000753f800000] [id=2144]
  0x000001a11e2b6cb0 GCTaskThread "GC Thread#2" [stack: 0x000000753f800000,0x000000753f900000] [id=13944]
  0x000001a11e299dc0 GCTaskThread "GC Thread#3" [stack: 0x000000753f200000,0x000000753f300000] [id=14068]
  0x000001a1102c5a10 ConcurrentGCThread "G1 Main Marker" [stack: 0x000000753e500000,0x000000753e600000] [id=17148]
  0x000001a1102c6330 ConcurrentGCThread "G1 Conc#0" [stack: 0x000000753e600000,0x000000753e700000] [id=3440]
  0x000001a11031e2e0 ConcurrentGCThread "G1 Refine#0" [stack: 0x000000753e700000,0x000000753e800000] [id=16600]
  0x000001a11fc139e0 ConcurrentGCThread "G1 Refine#1" [stack: 0x0000007540a00000,0x0000007540b00000] [id=18048]
  0x000001a11fdbb2f0 ConcurrentGCThread "G1 Refine#2" [stack: 0x000000753f300000,0x000000753f400000] [id=17392]
  0x000001a11031ec10 ConcurrentGCThread "G1 Service" [stack: 0x000000753e800000,0x000000753e900000] [id=13880]

Threads with active compile tasks:

VM state: at safepoint (normal execution)

VM Mutex/Monitor currently owned by a thread:  ([mutex/lock_event])
[0x000001a10e1aee80] Threads_lock - owner thread: 0x000001a11cd34500
[0x000001a10e1ab310] Heap_lock - owner thread: 0x000001a11fce39e0

Heap address: 0x0000000082800000, size: 2008 MB, Compressed Oops mode: 32-bit

CDS archive(s) not mapped
Compressed class space mapped at: 0x0000000100000000-0x0000000140000000, reserved size: 1073741824
Narrow klass base: 0x0000000000000000, Narrow klass shift: 3, Narrow klass range: 0x140000000

GC Precious Log:
 CPUs: 4 total, 4 available
 Memory: 8026M
 Large Page Support: Disabled
 NUMA Support: Disabled
 Compressed Oops: Enabled (32-bit)
 Heap Region Size: 1M
 Heap Min Capacity: 8M
 Heap Initial Capacity: 126M
 Heap Max Capacity: 2008M
 Pre-touch: Disabled
 Parallel Workers: 4
 Concurrent Workers: 1
 Concurrent Refinement Workers: 4
 Periodic GC: Disabled

Heap:
 garbage-first heap   total 129024K, used 64418K [0x0000000082800000, 0x0000000100000000)
  region size 1024K, 2 young (2048K), 2 survivors (2048K)
 Metaspace       used 34999K, committed 35328K, reserved 1081344K
  class space    used 4542K, committed 4736K, reserved 1048576K

Heap Regions: E=young(eden), S=young(survivor), O=old, HS=humongous(starts), HC=humongous(continues), CS=collection set, F=free, OA=open archive, CA=closed archive, TAMS=top-at-mark-start (previous, next)
|   0|0x0000000082800000, 0x0000000082900000, 0x0000000082900000|100%| O|  |TAMS 0x0000000082900000, 0x0000000082900000| Untracked 
|   1|0x0000000082900000, 0x0000000082a00000, 0x0000000082a00000|100%| O|  |TAMS 0x0000000082a00000, 0x0000000082a00000| Untracked 
|   2|0x0000000082a00000, 0x0000000082b00000, 0x0000000082b00000|100%| O|  |TAMS 0x0000000082b00000, 0x0000000082b00000| Untracked 
|   3|0x0000000082b00000, 0x0000000082c00000, 0x0000000082c00000|100%| O|  |TAMS 0x0000000082c00000, 0x0000000082c00000| Untracked 
|   4|0x0000000082c00000, 0x0000000082d00000, 0x0000000082d00000|100%| O|  |TAMS 0x0000000082d00000, 0x0000000082d00000| Untracked 
|   5|0x0000000082d00000, 0x0000000082e00000, 0x0000000082e00000|100%| O|  |TAMS 0x0000000082e00000, 0x0000000082e00000| Untracked 
|   6|0x0000000082e00000, 0x0000000082f00000, 0x0000000082f00000|100%| O|  |TAMS 0x0000000082f00000, 0x0000000082f00000| Untracked 
|   7|0x0000000082f00000, 0x0000000082f00000, 0x0000000083000000|  0%| F|  |TAMS 0x0000000082f00000, 0x0000000082f00000| Untracked 
|   8|0x0000000083000000, 0x0000000083100000, 0x0000000083100000|100%| O|  |TAMS 0x0000000083100000, 0x0000000083100000| Untracked 
|   9|0x0000000083100000, 0x0000000083200000, 0x0000000083200000|100%| O|  |TAMS 0x0000000083200000, 0x0000000083200000| Untracked 
|  10|0x0000000083200000, 0x0000000083300000, 0x0000000083300000|100%| O|  |TAMS 0x0000000083300000, 0x0000000083300000| Untracked 
|  11|0x0000000083300000, 0x0000000083400000, 0x0000000083400000|100%| O|  |TAMS 0x0000000083400000, 0x0000000083400000| Untracked 
|  12|0x0000000083400000, 0x0000000083500000, 0x0000000083500000|100%| O|  |TAMS 0x0000000083500000, 0x0000000083500000| Untracked 
|  13|0x0000000083500000, 0x0000000083600000, 0x0000000083600000|100%| O|  |TAMS 0x0000000083600000, 0x0000000083600000| Untracked 
|  14|0x0000000083600000, 0x0000000083700000, 0x0000000083700000|100%| O|  |TAMS 0x0000000083700000, 0x0000000083700000| Untracked 
|  15|0x0000000083700000, 0x0000000083800000, 0x0000000083800000|100%| O|  |TAMS 0x0000000083800000, 0x0000000083800000| Untracked 
|  16|0x0000000083800000, 0x0000000083900000, 0x0000000083900000|100%| O|  |TAMS 0x0000000083900000, 0x0000000083900000| Untracked 
|  17|0x0000000083900000, 0x0000000083a00000, 0x0000000083a00000|100%| O|  |TAMS 0x0000000083a00000, 0x0000000083a00000| Untracked 
|  18|0x0000000083a00000, 0x0000000083b00000, 0x0000000083b00000|100%| O|  |TAMS 0x0000000083b00000, 0x0000000083b00000| Untracked 
|  19|0x0000000083b00000, 0x0000000083c00000, 0x0000000083c00000|100%| O|  |TAMS 0x0000000083c00000, 0x0000000083c00000| Untracked 
|  20|0x0000000083c00000, 0x0000000083d00000, 0x0000000083d00000|100%| O|  |TAMS 0x0000000083d00000, 0x0000000083d00000| Untracked 
|  21|0x0000000083d00000, 0x0000000083e00000, 0x0000000083e00000|100%| O|  |TAMS 0x0000000083e00000, 0x0000000083e00000| Untracked 
|  22|0x0000000083e00000, 0x0000000083f00000, 0x0000000083f00000|100%| O|  |TAMS 0x0000000083f00000, 0x0000000083f00000| Untracked 
|  23|0x0000000083f00000, 0x0000000084000000, 0x0000000084000000|100%| O|  |TAMS 0x0000000084000000, 0x0000000084000000| Untracked 
|  24|0x0000000084000000, 0x0000000084100000, 0x0000000084100000|100%| O|  |TAMS 0x0000000084100000, 0x0000000084100000| Untracked 
|  25|0x0000000084100000, 0x0000000084200000, 0x0000000084200000|100%| O|  |TAMS 0x0000000084200000, 0x0000000084200000| Untracked 
|  26|0x0000000084200000, 0x0000000084300000, 0x0000000084300000|100%| O|  |TAMS 0x0000000084300000, 0x0000000084300000| Untracked 
|  27|0x0000000084300000, 0x0000000084400000, 0x0000000084400000|100%| O|  |TAMS 0x0000000084400000, 0x0000000084400000| Untracked 
|  28|0x0000000084400000, 0x0000000084500000, 0x0000000084500000|100%| O|  |TAMS 0x0000000084500000, 0x0000000084500000| Untracked 
|  29|0x0000000084500000, 0x0000000084600000, 0x0000000084600000|100%| O|  |TAMS 0x0000000084600000, 0x0000000084600000| Untracked 
|  30|0x0000000084600000, 0x0000000084700000, 0x0000000084700000|100%| O|  |TAMS 0x0000000084700000, 0x0000000084700000| Untracked 
|  31|0x0000000084700000, 0x0000000084800000, 0x0000000084800000|100%| O|  |TAMS 0x0000000084800000, 0x0000000084800000| Untracked 
|  32|0x0000000084800000, 0x0000000084900000, 0x0000000084900000|100%| O|  |TAMS 0x0000000084900000, 0x0000000084900000| Untracked 
|  33|0x0000000084900000, 0x0000000084a00000, 0x0000000084a00000|100%| O|  |TAMS 0x0000000084a00000, 0x0000000084a00000| Untracked 
|  34|0x0000000084a00000, 0x0000000084b00000, 0x0000000084b00000|100%| O|  |TAMS 0x0000000084b00000, 0x0000000084b00000| Untracked 
|  35|0x0000000084b00000, 0x0000000084c00000, 0x0000000084c00000|100%| O|  |TAMS 0x0000000084b00000, 0x0000000084c00000| Untracked 
|  36|0x0000000084c00000, 0x0000000084d00000, 0x0000000084d00000|100%| O|  |TAMS 0x0000000084d00000, 0x0000000084d00000| Untracked 
|  37|0x0000000084d00000, 0x0000000084e00000, 0x0000000084e00000|100%| O|  |TAMS 0x0000000084e00000, 0x0000000084e00000| Untracked 
|  38|0x0000000084e00000, 0x0000000084f00000, 0x0000000084f00000|100%| O|  |TAMS 0x0000000084f00000, 0x0000000084f00000| Untracked 
|  39|0x0000000084f00000, 0x0000000085000000, 0x0000000085000000|100%| O|  |TAMS 0x0000000085000000, 0x0000000085000000| Untracked 
|  40|0x0000000085000000, 0x0000000085100000, 0x0000000085100000|100%| O|  |TAMS 0x0000000085100000, 0x0000000085100000| Untracked 
|  41|0x0000000085100000, 0x0000000085200000, 0x0000000085200000|100%| O|  |TAMS 0x0000000085200000, 0x0000000085200000| Untracked 
|  42|0x0000000085200000, 0x0000000085300000, 0x0000000085300000|100%| O|  |TAMS 0x0000000085300000, 0x0000000085300000| Untracked 
|  43|0x0000000085300000, 0x0000000085400000, 0x0000000085400000|100%| O|  |TAMS 0x0000000085400000, 0x0000000085400000| Untracked 
|  44|0x0000000085400000, 0x0000000085500000, 0x0000000085500000|100%| O|  |TAMS 0x0000000085500000, 0x0000000085500000| Untracked 
|  45|0x0000000085500000, 0x0000000085600000, 0x0000000085600000|100%| O|  |TAMS 0x0000000085500000, 0x0000000085600000| Untracked 
|  46|0x0000000085600000, 0x0000000085700000, 0x0000000085700000|100%| O|  |TAMS 0x0000000085600000, 0x0000000085700000| Untracked 
|  47|0x0000000085700000, 0x0000000085800000, 0x0000000085800000|100%| O|  |TAMS 0x000000008576ce00, 0x0000000085800000| Untracked 
|  48|0x0000000085800000, 0x0000000085900000, 0x0000000085900000|100%| O|  |TAMS 0x0000000085800000, 0x0000000085900000| Untracked 
|  49|0x0000000085900000, 0x0000000085a00000, 0x0000000085a00000|100%| O|  |TAMS 0x0000000085900000, 0x0000000085a00000| Untracked 
|  50|0x0000000085a00000, 0x0000000085b00000, 0x0000000085b00000|100%| O|  |TAMS 0x0000000085a00000, 0x0000000085b00000| Untracked 
|  51|0x0000000085b00000, 0x0000000085c00000, 0x0000000085c00000|100%| O|  |TAMS 0x0000000085b00000, 0x0000000085c00000| Untracked 
|  52|0x0000000085c00000, 0x0000000085d00000, 0x0000000085d00000|100%|HS|  |TAMS 0x0000000085c00000, 0x0000000085d00000| Complete 
|  53|0x0000000085d00000, 0x0000000085e00000, 0x0000000085e00000|100%| O|  |TAMS 0x0000000085d00000, 0x0000000085e00000| Untracked 
|  54|0x0000000085e00000, 0x0000000085f00000, 0x0000000085f00000|100%| O|  |TAMS 0x0000000085e00000, 0x0000000085f00000| Untracked 
|  55|0x0000000085f00000, 0x0000000086000000, 0x0000000086000000|100%| O|  |TAMS 0x0000000085f00000, 0x0000000086000000| Untracked 
|  56|0x0000000086000000, 0x0000000086100000, 0x0000000086100000|100%| O|  |TAMS 0x0000000086000000, 0x0000000086100000| Untracked 
|  57|0x0000000086100000, 0x0000000086200000, 0x0000000086200000|100%| O|  |TAMS 0x0000000086100000, 0x0000000086200000| Untracked 
|  58|0x0000000086200000, 0x0000000086300000, 0x0000000086300000|100%| O|  |TAMS 0x0000000086200000, 0x0000000086300000| Untracked 
|  59|0x0000000086300000, 0x0000000086400000, 0x0000000086400000|100%| O|  |TAMS 0x0000000086300000, 0x0000000086400000| Untracked 
|  60|0x0000000086400000, 0x0000000086500000, 0x0000000086500000|100%| O|  |TAMS 0x0000000086400000, 0x0000000086500000| Untracked 
|  61|0x0000000086500000, 0x0000000086600000, 0x0000000086600000|100%| O|  |TAMS 0x0000000086500000, 0x0000000086600000| Untracked 
|  62|0x0000000086600000, 0x000000008662ca00, 0x0000000086700000| 17%| O|  |TAMS 0x0000000086600000, 0x000000008662ca00| Untracked 
|  63|0x0000000086700000, 0x0000000086700000, 0x0000000086800000|  0%| F|  |TAMS 0x0000000086700000, 0x0000000086700000| Untracked 
|  64|0x0000000086800000, 0x0000000086800000, 0x0000000086900000|  0%| F|  |TAMS 0x0000000086800000, 0x0000000086800000| Untracked 
|  65|0x0000000086900000, 0x0000000086900000, 0x0000000086a00000|  0%| F|  |TAMS 0x0000000086900000, 0x0000000086900000| Untracked 
|  66|0x0000000086a00000, 0x0000000086a00000, 0x0000000086b00000|  0%| F|  |TAMS 0x0000000086a00000, 0x0000000086a00000| Untracked 
|  67|0x0000000086b00000, 0x0000000086b00000, 0x0000000086c00000|  0%| F|  |TAMS 0x0000000086b00000, 0x0000000086b00000| Untracked 
|  68|0x0000000086c00000, 0x0000000086c00000, 0x0000000086d00000|  0%| F|  |TAMS 0x0000000086c00000, 0x0000000086c00000| Untracked 
|  69|0x0000000086d00000, 0x0000000086d00000, 0x0000000086e00000|  0%| F|  |TAMS 0x0000000086d00000, 0x0000000086d00000| Untracked 
|  70|0x0000000086e00000, 0x0000000086e00000, 0x0000000086f00000|  0%| F|  |TAMS 0x0000000086e00000, 0x0000000086e00000| Untracked 
|  71|0x0000000086f00000, 0x0000000086f00000, 0x0000000087000000|  0%| F|  |TAMS 0x0000000086f00000, 0x0000000086f00000| Untracked 
|  72|0x0000000087000000, 0x0000000087000000, 0x0000000087100000|  0%| F|  |TAMS 0x0000000087000000, 0x0000000087000000| Untracked 
|  73|0x0000000087100000, 0x0000000087100000, 0x0000000087200000|  0%| F|  |TAMS 0x0000000087100000, 0x0000000087100000| Untracked 
|  74|0x0000000087200000, 0x0000000087200000, 0x0000000087300000|  0%| F|  |TAMS 0x0000000087200000, 0x0000000087200000| Untracked 
|  75|0x0000000087300000, 0x0000000087300000, 0x0000000087400000|  0%| F|  |TAMS 0x0000000087300000, 0x0000000087300000| Untracked 
|  76|0x0000000087400000, 0x0000000087400000, 0x0000000087500000|  0%| F|  |TAMS 0x0000000087400000, 0x0000000087400000| Untracked 
|  77|0x0000000087500000, 0x0000000087500000, 0x0000000087600000|  0%| F|  |TAMS 0x0000000087500000, 0x0000000087500000| Untracked 
|  78|0x0000000087600000, 0x0000000087600000, 0x0000000087700000|  0%| F|  |TAMS 0x0000000087600000, 0x0000000087600000| Untracked 
|  79|0x0000000087700000, 0x0000000087700000, 0x0000000087800000|  0%| F|  |TAMS 0x0000000087700000, 0x0000000087700000| Untracked 
|  80|0x0000000087800000, 0x0000000087800000, 0x0000000087900000|  0%| F|  |TAMS 0x0000000087800000, 0x0000000087800000| Untracked 
|  81|0x0000000087900000, 0x0000000087900000, 0x0000000087a00000|  0%| F|  |TAMS 0x0000000087900000, 0x0000000087900000| Untracked 
|  82|0x0000000087a00000, 0x0000000087abc1b8, 0x0000000087b00000| 73%| S|CS|TAMS 0x0000000087a00000, 0x0000000087a00000| Complete 
|  83|0x0000000087b00000, 0x0000000087c00000, 0x0000000087c00000|100%| S|CS|TAMS 0x0000000087b00000, 0x0000000087b00000| Complete 
|  84|0x0000000087c00000, 0x0000000087c00000, 0x0000000087d00000|  0%| F|  |TAMS 0x0000000087c00000, 0x0000000087c00000| Untracked 
|  85|0x0000000087d00000, 0x0000000087d00000, 0x0000000087e00000|  0%| F|  |TAMS 0x0000000087d00000, 0x0000000087d00000| Untracked 
|  86|0x0000000087e00000, 0x0000000087e00000, 0x0000000087f00000|  0%| F|  |TAMS 0x0000000087e00000, 0x0000000087e00000| Untracked 
|  87|0x0000000087f00000, 0x0000000087f00000, 0x0000000088000000|  0%| F|  |TAMS 0x0000000087f00000, 0x0000000087f00000| Untracked 
|  88|0x0000000088000000, 0x0000000088000000, 0x0000000088100000|  0%| F|  |TAMS 0x0000000088000000, 0x0000000088000000| Untracked 
|  89|0x0000000088100000, 0x0000000088100000, 0x0000000088200000|  0%| F|  |TAMS 0x0000000088100000, 0x0000000088100000| Untracked 
|  90|0x0000000088200000, 0x0000000088200000, 0x0000000088300000|  0%| F|  |TAMS 0x0000000088200000, 0x0000000088200000| Untracked 
|  91|0x0000000088300000, 0x0000000088300000, 0x0000000088400000|  0%| F|  |TAMS 0x0000000088300000, 0x0000000088300000| Untracked 
|  92|0x0000000088400000, 0x0000000088400000, 0x0000000088500000|  0%| F|  |TAMS 0x0000000088400000, 0x0000000088400000| Untracked 
|  93|0x0000000088500000, 0x0000000088500000, 0x0000000088600000|  0%| F|  |TAMS 0x0000000088500000, 0x0000000088500000| Untracked 
|  94|0x0000000088600000, 0x0000000088600000, 0x0000000088700000|  0%| F|  |TAMS 0x0000000088600000, 0x0000000088600000| Untracked 
|  95|0x0000000088700000, 0x0000000088700000, 0x0000000088800000|  0%| F|  |TAMS 0x0000000088700000, 0x0000000088700000| Untracked 
|  96|0x0000000088800000, 0x0000000088800000, 0x0000000088900000|  0%| F|  |TAMS 0x0000000088800000, 0x0000000088800000| Untracked 
|  97|0x0000000088900000, 0x0000000088900000, 0x0000000088a00000|  0%| F|  |TAMS 0x0000000088900000, 0x0000000088900000| Untracked 
|  98|0x0000000088a00000, 0x0000000088a00000, 0x0000000088b00000|  0%| F|  |TAMS 0x0000000088a00000, 0x0000000088a00000| Untracked 
|  99|0x0000000088b00000, 0x0000000088b00000, 0x0000000088c00000|  0%| F|  |TAMS 0x0000000088b00000, 0x0000000088b00000| Untracked 
| 100|0x0000000088c00000, 0x0000000088c00000, 0x0000000088d00000|  0%| F|  |TAMS 0x0000000088c00000, 0x0000000088c00000| Untracked 
| 101|0x0000000088d00000, 0x0000000088d00000, 0x0000000088e00000|  0%| F|  |TAMS 0x0000000088d00000, 0x0000000088d00000| Untracked 
| 102|0x0000000088e00000, 0x0000000088e00000, 0x0000000088f00000|  0%| F|  |TAMS 0x0000000088e00000, 0x0000000088e00000| Untracked 
| 103|0x0000000088f00000, 0x0000000088f00000, 0x0000000089000000|  0%| F|  |TAMS 0x0000000088f00000, 0x0000000088f00000| Untracked 
| 104|0x0000000089000000, 0x0000000089000000, 0x0000000089100000|  0%| F|  |TAMS 0x0000000089000000, 0x0000000089000000| Untracked 
| 105|0x0000000089100000, 0x0000000089100000, 0x0000000089200000|  0%| F|  |TAMS 0x0000000089100000, 0x0000000089100000| Untracked 
| 106|0x0000000089200000, 0x0000000089200000, 0x0000000089300000|  0%| F|  |TAMS 0x0000000089200000, 0x0000000089200000| Untracked 
| 107|0x0000000089300000, 0x0000000089300000, 0x0000000089400000|  0%| F|  |TAMS 0x0000000089300000, 0x0000000089300000| Untracked 
| 108|0x0000000089400000, 0x0000000089400000, 0x0000000089500000|  0%| F|  |TAMS 0x0000000089400000, 0x0000000089400000| Untracked 
| 109|0x0000000089500000, 0x0000000089500000, 0x0000000089600000|  0%| F|  |TAMS 0x0000000089500000, 0x0000000089500000| Untracked 
| 110|0x0000000089600000, 0x0000000089600000, 0x0000000089700000|  0%| F|  |TAMS 0x0000000089600000, 0x0000000089600000| Untracked 
| 111|0x0000000089700000, 0x0000000089700000, 0x0000000089800000|  0%| F|  |TAMS 0x0000000089700000, 0x0000000089700000| Untracked 
| 112|0x0000000089800000, 0x0000000089800000, 0x0000000089900000|  0%| F|  |TAMS 0x0000000089800000, 0x0000000089800000| Untracked 
| 113|0x0000000089900000, 0x0000000089900000, 0x0000000089a00000|  0%| F|  |TAMS 0x0000000089900000, 0x0000000089900000| Untracked 
| 114|0x0000000089a00000, 0x0000000089a00000, 0x0000000089b00000|  0%| F|  |TAMS 0x0000000089a00000, 0x0000000089a00000| Untracked 
| 115|0x0000000089b00000, 0x0000000089b00000, 0x0000000089c00000|  0%| F|  |TAMS 0x0000000089b00000, 0x0000000089b00000| Untracked 
| 116|0x0000000089c00000, 0x0000000089c00000, 0x0000000089d00000|  0%| F|  |TAMS 0x0000000089c00000, 0x0000000089c00000| Untracked 
| 117|0x0000000089d00000, 0x0000000089d00000, 0x0000000089e00000|  0%| F|  |TAMS 0x0000000089d00000, 0x0000000089d00000| Untracked 
| 118|0x0000000089e00000, 0x0000000089e00000, 0x0000000089f00000|  0%| F|  |TAMS 0x0000000089e00000, 0x0000000089e00000| Untracked 
| 119|0x0000000089f00000, 0x0000000089f00000, 0x000000008a000000|  0%| F|  |TAMS 0x0000000089f00000, 0x0000000089f00000| Untracked 
| 120|0x000000008a000000, 0x000000008a000000, 0x000000008a100000|  0%| F|  |TAMS 0x000000008a000000, 0x000000008a000000| Untracked 
| 121|0x000000008a100000, 0x000000008a100000, 0x000000008a200000|  0%| F|  |TAMS 0x000000008a100000, 0x000000008a100000| Untracked 
| 122|0x000000008a200000, 0x000000008a200000, 0x000000008a300000|  0%| F|  |TAMS 0x000000008a200000, 0x000000008a200000| Untracked 
| 123|0x000000008a300000, 0x000000008a300000, 0x000000008a400000|  0%| F|  |TAMS 0x000000008a300000, 0x000000008a300000| Untracked 
| 124|0x000000008a400000, 0x000000008a400000, 0x000000008a500000|  0%| F|  |TAMS 0x000000008a400000, 0x000000008a400000| Untracked 
| 125|0x000000008a500000, 0x000000008a500000, 0x000000008a600000|  0%| F|  |TAMS 0x000000008a500000, 0x000000008a500000| Untracked 

Card table byte_map: [0x000001a1162c0000,0x000001a1166b0000] _byte_map_base: 0x000001a115eac000

Marking Bits (Prev, Next): (CMBitMap*) 0x000001a1102b55e0, (CMBitMap*) 0x000001a1102b5620
 Prev Bits: [0x000001a116aa0000, 0x000001a118a00000)
 Next Bits: [0x000001a118a00000, 0x000001a11a960000)

Polling page: 0x000001a10e120000

Metaspace:

Usage:
  Non-class:     29.74 MB used.
      Class:      4.44 MB used.
       Both:     34.18 MB used.

Virtual space:
  Non-class space:       32.00 MB reserved,      29.88 MB ( 93%) committed,  4 nodes.
      Class space:        1.00 GB reserved,       4.63 MB ( <1%) committed,  1 nodes.
             Both:        1.03 GB reserved,      34.50 MB (  3%) committed. 

Chunk freelists:
   Non-Class:  1.33 MB
       Class:  3.36 MB
        Both:  4.69 MB

MaxMetaspaceSize: unlimited
CompressedClassSpaceSize: 1.00 GB
Initial GC threshold: 21.00 MB
Current GC threshold: 57.19 MB
CDS: off
MetaspaceReclaimPolicy: balanced
 - commit_granule_bytes: 65536.
 - commit_granule_words: 8192.
 - virtual_space_node_default_size: 1048576.
 - enlarge_chunks_in_place: 1.
 - new_chunks_are_fully_committed: 0.
 - uncommit_free_chunks: 1.
 - use_allocation_guard: 0.
 - handle_deallocations: 1.


Internal statistics:

num_allocs_failed_limit: 3.
num_arena_births: 300.
num_arena_deaths: 0.
num_vsnodes_births: 5.
num_vsnodes_deaths: 0.
num_space_committed: 552.
num_space_uncommitted: 0.
num_chunks_returned_to_freelist: 3.
num_chunks_taken_from_freelist: 1271.
num_chunk_merges: 3.
num_chunk_splits: 888.
num_chunks_enlarged: 699.
num_purges: 0.
num_inconsistent_stats: 0.

CodeCache: size=49152Kb used=8574Kb max_used=8574Kb free=40577Kb
 bounds [0x000001a112ed0000, 0x000001a113730000, 0x000001a115ed0000]
 total_blobs=4207 nmethods=3683 adapters=449
 compilation: enabled
              stopped_count=0, restarted_count=0
 full_count=0

Compilation events (20 events):
Event: 25.877 Thread 0x000001a11f6cc160 3689   !   1       nonapi.io.github.classgraph.fileslice.reader.ClassfileReader::close (43 bytes)
Event: 25.877 Thread 0x000001a11f35e8f0 3688       1       io.github.classgraph.ModuleReaderProxy::open (72 bytes)
Event: 25.877 Thread 0x000001a11cd711c0 3690       1       io.github.classgraph.ClasspathElementModule$1::openClassfile (13 bytes)
Event: 25.878 Thread 0x000001a11f6cc160 nmethod 3689 0x000001a113724910 code [0x000001a113724ac0, 0x000001a113724c98]
Event: 25.878 Thread 0x000001a11cd711c0 nmethod 3690 0x000001a113724d90 code [0x000001a113724f40, 0x000001a113725248]
Event: 25.878 Thread 0x000001a11cd711c0 3691   !   1       jdk.internal.module.SystemModuleFinders$SystemModuleReader::toInputStream (43 bytes)
Event: 25.878 Thread 0x000001a11f35e8f0 nmethod 3688 0x000001a113725310 code [0x000001a113725520, 0x000001a113725a08]
Event: 25.878 Thread 0x000001a11f35e8f0 3692       1       io.github.classgraph.Classfile::readInterfaces (63 bytes)
Event: 25.878 Thread 0x000001a11f6cc160 3693   !   1       io.github.classgraph.Scanner$ClassfileScannerWorkUnitProcessor::processWorkUnit (291 bytes)
Event: 25.880 Thread 0x000001a11cd711c0 nmethod 3691 0x000001a113725c10 code [0x000001a113725e00, 0x000001a113726328]
Event: 25.880 Thread 0x000001a11cd711c0 3694   !   1       io.github.classgraph.Classfile::<init> (860 bytes)
Event: 25.880 Thread 0x000001a11f35e8f0 nmethod 3692 0x000001a113726610 code [0x000001a1137267e0, 0x000001a113726af8]
Event: 25.880 Thread 0x000001a11f35e8f0 3695       1       java.nio.HeapByteBuffer::get (64 bytes)
Event: 25.891 Thread 0x000001a11f35e8f0 nmethod 3695 0x000001a113726c90 code [0x000001a113726e80, 0x000001a113727218]
Event: 25.891 Thread 0x000001a11f35e8f0 3696       1       jdk.internal.module.SystemModuleFinders$SystemModuleReader$$Lambda$142/0x00000001001f8420::apply (12 bytes)
Event: 25.891 Thread 0x000001a11f35e8f0 nmethod 3696 0x000001a113727410 code [0x000001a1137275a0, 0x000001a1137276c8]
Event: 25.892 Thread 0x000001a11f6cc160 nmethod 3693 0x000001a113727790 code [0x000001a113727b40, 0x000001a113728aa8]
Event: 25.900 Thread 0x000001a11cd711c0 nmethod 3694 0x000001a113729390 code [0x000001a113729bc0, 0x000001a11372c708]
Event: 25.902 Thread 0x000001a11cd711c0 3697  s!   1       jdk.internal.loader.URLClassPath::getLoader (196 bytes)
Event: 25.903 Thread 0x000001a11cd711c0 nmethod 3697 0x000001a11372e190 code [0x000001a11372e440, 0x000001a11372ee58]

GC Heap History (20 events):
Event: 22.485 GC heap after
{Heap after GC invocations=18 (full 0):
 garbage-first heap   total 51200K, used 30247K [0x0000000082800000, 0x0000000100000000)
  region size 1024K, 2 young (2048K), 2 survivors (2048K)
 Metaspace       used 34793K, committed 35136K, reserved 1081344K
  class space    used 4518K, committed 4672K, reserved 1048576K
}
Event: 22.644 GC heap before
{Heap before GC invocations=18 (full 0):
 garbage-first heap   total 60416K, used 39463K [0x0000000082800000, 0x0000000100000000)
  region size 1024K, 11 young (11264K), 2 survivors (2048K)
 Metaspace       used 34793K, committed 35136K, reserved 1081344K
  class space    used 4518K, committed 4672K, reserved 1048576K
}
Event: 22.652 GC heap after
{Heap after GC invocations=19 (full 0):
 garbage-first heap   total 60416K, used 32041K [0x0000000082800000, 0x0000000100000000)
  region size 1024K, 2 young (2048K), 2 survivors (2048K)
 Metaspace       used 34793K, committed 35136K, reserved 1081344K
  class space    used 4518K, committed 4672K, reserved 1048576K
}
Event: 22.715 GC heap before
{Heap before GC invocations=20 (full 0):
 garbage-first heap   total 60416K, used 45353K [0x0000000082800000, 0x0000000100000000)
  region size 1024K, 15 young (15360K), 2 survivors (2048K)
 Metaspace       used 34793K, committed 35136K, reserved 1081344K
  class space    used 4518K, committed 4672K, reserved 1048576K
}
Event: 22.719 GC heap after
{Heap after GC invocations=21 (full 0):
 garbage-first heap   total 60416K, used 34134K [0x0000000082800000, 0x0000000100000000)
  region size 1024K, 2 young (2048K), 2 survivors (2048K)
 Metaspace       used 34793K, committed 35136K, reserved 1081344K
  class space    used 4518K, committed 4672K, reserved 1048576K
}
Event: 22.856 GC heap before
{Heap before GC invocations=21 (full 0):
 garbage-first heap   total 60416K, used 46422K [0x0000000082800000, 0x0000000100000000)
  region size 1024K, 14 young (14336K), 2 survivors (2048K)
 Metaspace       used 34794K, committed 35136K, reserved 1081344K
  class space    used 4518K, committed 4672K, reserved 1048576K
}
Event: 22.864 GC heap after
{Heap after GC invocations=22 (full 0):
 garbage-first heap   total 105472K, used 36662K [0x0000000082800000, 0x0000000100000000)
  region size 1024K, 2 young (2048K), 2 survivors (2048K)
 Metaspace       used 34794K, committed 35136K, reserved 1081344K
  class space    used 4518K, committed 4672K, reserved 1048576K
}
Event: 25.283 GC heap before
{Heap before GC invocations=23 (full 0):
 garbage-first heap   total 105472K, used 75574K [0x0000000082800000, 0x0000000100000000)
  region size 1024K, 40 young (40960K), 2 survivors (2048K)
 Metaspace       used 34799K, committed 35136K, reserved 1081344K
  class space    used 4519K, committed 4672K, reserved 1048576K
}
Event: 25.303 GC heap after
{Heap after GC invocations=24 (full 0):
 garbage-first heap   total 105472K, used 50868K [0x0000000082800000, 0x0000000100000000)
  region size 1024K, 5 young (5120K), 5 survivors (5120K)
 Metaspace       used 34799K, committed 35136K, reserved 1081344K
  class space    used 4519K, committed 4672K, reserved 1048576K
}
Event: 25.505 GC heap before
{Heap before GC invocations=24 (full 0):
 garbage-first heap   total 105472K, used 60084K [0x0000000082800000, 0x0000000100000000)
  region size 1024K, 16 young (16384K), 5 survivors (5120K)
 Metaspace       used 34799K, committed 35136K, reserved 1081344K
  class space    used 4519K, committed 4672K, reserved 1048576K
}
Event: 25.517 GC heap after
{Heap after GC invocations=25 (full 0):
 garbage-first heap   total 105472K, used 56577K [0x0000000082800000, 0x0000000100000000)
  region size 1024K, 4 young (4096K), 4 survivors (4096K)
 Metaspace       used 34799K, committed 35136K, reserved 1081344K
  class space    used 4519K, committed 4672K, reserved 1048576K
}
Event: 25.817 GC heap before
{Heap before GC invocations=25 (full 0):
 garbage-first heap   total 105472K, used 73985K [0x0000000082800000, 0x0000000100000000)
  region size 1024K, 22 young (22528K), 4 survivors (4096K)
 Metaspace       used 34887K, committed 35200K, reserved 1081344K
  class space    used 4527K, committed 4672K, reserved 1048576K
}
Event: 25.838 GC heap after
{Heap after GC invocations=26 (full 0):
 garbage-first heap   total 105472K, used 61338K [0x0000000082800000, 0x0000000100000000)
  region size 1024K, 3 young (3072K), 3 survivors (3072K)
 Metaspace       used 34887K, committed 35200K, reserved 1081344K
  class space    used 4527K, committed 4672K, reserved 1048576K
}
Event: 25.881 GC heap before
{Heap before GC invocations=27 (full 0):
 garbage-first heap   total 105472K, used 76698K [0x0000000082800000, 0x0000000100000000)
  region size 1024K, 19 young (19456K), 3 survivors (3072K)
 Metaspace       used 34898K, committed 35200K, reserved 1081344K
  class space    used 4529K, committed 4672K, reserved 1048576K
}
Event: 25.890 GC heap after
{Heap after GC invocations=28 (full 0):
 garbage-first heap   total 105472K, used 62984K [0x0000000082800000, 0x0000000100000000)
  region size 1024K, 1 young (1024K), 1 survivors (1024K)
 Metaspace       used 34898K, committed 35200K, reserved 1081344K
  class space    used 4529K, committed 4672K, reserved 1048576K
}
Event: 25.895 GC heap before
{Heap before GC invocations=28 (full 0):
 garbage-first heap   total 105472K, used 66056K [0x0000000082800000, 0x0000000100000000)
  region size 1024K, 5 young (5120K), 1 survivors (1024K)
 Metaspace       used 34910K, committed 35200K, reserved 1081344K
  class space    used 4530K, committed 4672K, reserved 1048576K
}
Event: 25.897 GC heap after
{Heap after GC invocations=29 (full 0):
 garbage-first heap   total 105472K, used 62967K [0x0000000082800000, 0x0000000100000000)
  region size 1024K, 1 young (1024K), 1 survivors (1024K)
 Metaspace       used 34910K, committed 35200K, reserved 1081344K
  class space    used 4530K, committed 4672K, reserved 1048576K
}
Event: 25.908 GC heap before
{Heap before GC invocations=29 (full 0):
 garbage-first heap   total 105472K, used 78327K [0x0000000082800000, 0x0000000100000000)
  region size 1024K, 17 young (17408K), 1 survivors (1024K)
 Metaspace       used 34955K, committed 35328K, reserved 1081344K
  class space    used 4538K, committed 4736K, reserved 1048576K
}
Event: 25.909 GC heap after
{Heap after GC invocations=30 (full 0):
 garbage-first heap   total 105472K, used 63715K [0x0000000082800000, 0x0000000100000000)
  region size 1024K, 2 young (2048K), 2 survivors (2048K)
 Metaspace       used 34955K, committed 35328K, reserved 1081344K
  class space    used 4538K, committed 4736K, reserved 1048576K
}
Event: 25.922 GC heap before
{Heap before GC invocations=30 (full 0):
 garbage-first heap   total 105472K, used 80099K [0x0000000082800000, 0x0000000100000000)
  region size 1024K, 19 young (19456K), 2 survivors (2048K)
 Metaspace       used 34999K, committed 35328K, reserved 1081344K
  class space    used 4542K, committed 4736K, reserved 1048576K
}

Deoptimization events (20 events):
Event: 16.741 Thread 0x000001a11025a8d0 DEOPT PACKING pc=0x000001a1134135b4 sp=0x000000753e2f76b0
Event: 16.741 Thread 0x000001a11025a8d0 DEOPT UNPACKING pc=0x000001a112f22b43 sp=0x000000753e2f6b30 mode 3
Event: 18.181 Thread 0x000001a11025a8d0 DEOPT PACKING pc=0x000001a113452319 sp=0x000000753e2fc6e0
Event: 18.181 Thread 0x000001a11025a8d0 DEOPT UNPACKING pc=0x000001a112f22b43 sp=0x000000753e2fbbc0 mode 3
Event: 18.575 Thread 0x000001a11e3ecb90 DEOPT PACKING pc=0x000001a11355752b sp=0x000000753f9fe280
Event: 18.575 Thread 0x000001a11e3ecb90 DEOPT UNPACKING pc=0x000001a112f22b43 sp=0x000000753f9fd7c8 mode 3
Event: 19.220 Thread 0x000001a11fcfc6f0 DEOPT PACKING pc=0x000001a1136253b5 sp=0x00000075406fda80
Event: 19.220 Thread 0x000001a11fcfc6f0 DEOPT UNPACKING pc=0x000001a112f22b43 sp=0x00000075406fcfa8 mode 3
Event: 19.329 Thread 0x000001a11fccec30 DEOPT PACKING pc=0x000001a1135eb784 sp=0x000000753fefe910
Event: 19.330 Thread 0x000001a11fccec30 DEOPT UNPACKING pc=0x000001a112f22b43 sp=0x000000753fefe060 mode 0
Event: 19.359 Thread 0x000001a11fce2010 DEOPT PACKING pc=0x000001a1135eb784 sp=0x000000753fffeae0
Event: 19.360 Thread 0x000001a11fce2010 DEOPT UNPACKING pc=0x000001a112f22b43 sp=0x000000753fffe230 mode 0
Event: 19.376 Thread 0x000001a11fce3510 DEOPT PACKING pc=0x000001a1135eb784 sp=0x00000075400fed90
Event: 19.376 Thread 0x000001a11fce3510 DEOPT UNPACKING pc=0x000001a112f22b43 sp=0x00000075400fe4e0 mode 0
Event: 19.477 Thread 0x000001a11fce39e0 DEOPT PACKING pc=0x000001a1135eb784 sp=0x00000075401feae0
Event: 19.477 Thread 0x000001a11fce39e0 DEOPT UNPACKING pc=0x000001a112f22b43 sp=0x00000075401fe230 mode 0
Event: 19.479 Thread 0x000001a11fcfd560 DEOPT PACKING pc=0x000001a1135eb784 sp=0x00000075404fea40
Event: 19.479 Thread 0x000001a11fcfd560 DEOPT UNPACKING pc=0x000001a112f22b43 sp=0x00000075404fe190 mode 0
Event: 21.886 Thread 0x000001a11fcfed70 DEOPT PACKING pc=0x000001a1131dff81 sp=0x00000075403fef40
Event: 21.886 Thread 0x000001a11fcfed70 DEOPT UNPACKING pc=0x000001a112f22b43 sp=0x00000075403fe3d0 mode 3

Classes unloaded (0 events):
No events

Classes redefined (0 events):
No events

Internal exceptions (20 events):
Event: 18.845 Thread 0x000001a11fccec30 Exception <a 'sun/nio/fs/WindowsException'{0x00000000848aa878}> (0x00000000848aa878) 
thrown [e:\jenkins\tmp\workspace\build\src\src\hotspot\share\prims\jni.cpp, line 516]
Event: 18.845 Thread 0x000001a11fccec30 Exception <a 'sun/nio/fs/WindowsException'{0x00000000848ab288}> (0x00000000848ab288) 
thrown [e:\jenkins\tmp\workspace\build\src\src\hotspot\share\prims\jni.cpp, line 516]
Event: 18.845 Thread 0x000001a11fccec30 Exception <a 'sun/nio/fs/WindowsException'{0x00000000848ab660}> (0x00000000848ab660) 
thrown [e:\jenkins\tmp\workspace\build\src\src\hotspot\share\prims\jni.cpp, line 516]
Event: 18.845 Thread 0x000001a11fccec30 Exception <a 'sun/nio/fs/WindowsException'{0x00000000848ac088}> (0x00000000848ac088) 
thrown [e:\jenkins\tmp\workspace\build\src\src\hotspot\share\prims\jni.cpp, line 516]
Event: 18.845 Thread 0x000001a11fccec30 Exception <a 'sun/nio/fs/WindowsException'{0x00000000848ac478}> (0x00000000848ac478) 
thrown [e:\jenkins\tmp\workspace\build\src\src\hotspot\share\prims\jni.cpp, line 516]
Event: 18.845 Thread 0x000001a11fccec30 Exception <a 'sun/nio/fs/WindowsException'{0x00000000848ace98}> (0x00000000848ace98) 
thrown [e:\jenkins\tmp\workspace\build\src\src\hotspot\share\prims\jni.cpp, line 516]
Event: 18.845 Thread 0x000001a11fccec30 Exception <a 'sun/nio/fs/WindowsException'{0x00000000848ad280}> (0x00000000848ad280) 
thrown [e:\jenkins\tmp\workspace\build\src\src\hotspot\share\prims\jni.cpp, line 516]
Event: 19.215 Thread 0x000001a11fcfc6f0 Exception <a 'java/lang/NoSuchMethodError'{0x00000000893d56f8}: 'java.lang.Object java.lang.invoke.DirectMethodHandle$Holder.invokeStatic(java.lang.Object, int, java.lang.Object)'> (0x00000000893d56f8) 
thrown [e:\jenkins\tmp\workspace\build\src\src\hotspot\share\interpreter\linkResolver.cpp, line 766]
Event: 19.225 Thread 0x000001a11fccdc50 Exception <a 'java/lang/NoSuchMethodError'{0x000000008928feb0}: 'java.lang.Object java.lang.invoke.DirectMethodHandle$Holder.invokeStatic(java.lang.Object, java.lang.Object, java.lang.Object, int, java.lang.Object, java.lang.Object)'> (0x000000008928feb0) 
thrown [e:\jenkins\tmp\workspace\build\src\src\hotspot\share\interpreter\linkResolver.cpp, line 766]
Event: 19.326 Thread 0x000001a11fccdc50 Exception <a 'java/lang/reflect/InvocationTargetException'{0x0000000084d4fb28}> (0x0000000084d4fb28) 
thrown [e:\jenkins\tmp\workspace\build\src\src\hotspot\share\runtime\reflection.cpp, line 1121]
Event: 19.334 Thread 0x000001a11fccdc50 Exception <a 'java/lang/reflect/InvocationTargetException'{0x0000000084da4a90}> (0x0000000084da4a90) 
thrown [e:\jenkins\tmp\workspace\build\src\src\hotspot\share\runtime\reflection.cpp, line 1121]
Event: 19.336 Thread 0x000001a11fccdc50 Exception <a 'java/lang/reflect/InvocationTargetException'{0x0000000084dc5ff0}> (0x0000000084dc5ff0) 
thrown [e:\jenkins\tmp\workspace\build\src\src\hotspot\share\runtime\reflection.cpp, line 1121]
Event: 19.341 Thread 0x000001a11fccdc50 Exception <a 'java/lang/reflect/InvocationTargetException'{0x0000000084c06620}> (0x0000000084c06620) 
thrown [e:\jenkins\tmp\workspace\build\src\src\hotspot\share\runtime\reflection.cpp, line 1121]
Event: 19.386 Thread 0x000001a11fccdc50 Exception <a 'java/lang/reflect/InvocationTargetException'{0x0000000084cf7f60}> (0x0000000084cf7f60) 
thrown [e:\jenkins\tmp\workspace\build\src\src\hotspot\share\runtime\reflection.cpp, line 1121]
Event: 19.391 Thread 0x000001a11fccdc50 Exception <a 'java/lang/reflect/InvocationTargetException'{0x0000000084b28210}> (0x0000000084b28210) 
thrown [e:\jenkins\tmp\workspace\build\src\src\hotspot\share\runtime\reflection.cpp, line 1121]
Event: 19.474 Thread 0x000001a11fccdc50 Exception <a 'java/lang/reflect/InvocationTargetException'{0x0000000084b60590}> (0x0000000084b60590) 
thrown [e:\jenkins\tmp\workspace\build\src\src\hotspot\share\runtime\reflection.cpp, line 1121]
Event: 19.477 Thread 0x000001a11fccdc50 Exception <a 'java/lang/reflect/InvocationTargetException'{0x0000000084b95f88}> (0x0000000084b95f88) 
thrown [e:\jenkins\tmp\workspace\build\src\src\hotspot\share\runtime\reflection.cpp, line 1121]
Event: 19.481 Thread 0x000001a11fccdc50 Exception <a 'java/lang/reflect/InvocationTargetException'{0x0000000084bd5dd0}> (0x0000000084bd5dd0) 
thrown [e:\jenkins\tmp\workspace\build\src\src\hotspot\share\runtime\reflection.cpp, line 1121]
Event: 19.978 Thread 0x000001a11fcfc6f0 Exception <a 'java/lang/NoSuchMethodError'{0x0000000089309b28}: 'int java.lang.invoke.DirectMethodHandle$Holder.invokeStatic(java.lang.Object)'> (0x0000000089309b28) 
thrown [e:\jenkins\tmp\workspace\build\src\src\hotspot\share\interpreter\linkResolver.cpp, line 766]
Event: 19.979 Thread 0x000001a11fcfc6f0 Exception <a 'java/lang/NoSuchMethodError'{0x0000000089324478}: 'int java.lang.invoke.DirectMethodHandle$Holder.invokeStaticInit(java.lang.Object)'> (0x0000000089324478) 
thrown [e:\jenkins\tmp\workspace\build\src\src\hotspot\share\interpreter\linkResolver.cpp, line 766]

VM Operations (20 events):
Event: 25.690 Executing VM operation: G1Concurrent done
Event: 25.727 Executing VM operation: G1CollectForAllocation
Event: 25.849 Executing VM operation: G1CollectForAllocation done
Event: 25.867 Executing VM operation: G1Concurrent
Event: 25.870 Executing VM operation: G1Concurrent done
Event: 25.880 Executing VM operation: G1CollectForAllocation
Event: 25.880 Executing VM operation: G1CollectForAllocation done
Event: 25.881 Executing VM operation: G1CollectForAllocation
Event: 25.890 Executing VM operation: G1CollectForAllocation done
Event: 25.894 Executing VM operation: G1CollectForAllocation
Event: 25.895 Executing VM operation: G1CollectForAllocation done
Event: 25.895 Executing VM operation: G1CollectForAllocation
Event: 25.897 Executing VM operation: G1CollectForAllocation done
Event: 25.897 Executing VM operation: HandshakeAllThreads
Event: 25.897 Executing VM operation: HandshakeAllThreads done
Event: 25.901 Executing VM operation: HandshakeAllThreads
Event: 25.901 Executing VM operation: HandshakeAllThreads done
Event: 25.908 Executing VM operation: G1CollectForAllocation
Event: 25.910 Executing VM operation: G1CollectForAllocation done
Event: 25.922 Executing VM operation: G1CollectForAllocation

Events (20 events):
Event: 21.902 loading class java/util/concurrent/locks/AbstractQueuedSynchronizer$SharedNode done
Event: 21.902 loading class jdk/internal/module/SystemModuleFinders$ModuleContentSpliterator
Event: 21.902 loading class jdk/internal/module/SystemModuleFinders$ModuleContentSpliterator done
Event: 21.902 loading class jdk/internal/jimage/ImageReader$Directory
Event: 21.902 loading class jdk/internal/jimage/ImageReader$Node
Event: 21.903 loading class jdk/internal/jimage/ImageReader$Node done
Event: 21.903 loading class jdk/internal/jimage/ImageReader$Directory done
Event: 21.903 loading class jdk/internal/jimage/ImageReader$SharedImageReader$LocationVisitor
Event: 21.903 loading class jdk/internal/jimage/ImageReader$SharedImageReader$LocationVisitor done
Event: 21.904 loading class java/nio/ByteBufferAsIntBufferL
Event: 21.904 loading class java/nio/ByteBufferAsIntBufferL done
Event: 21.906 loading class jdk/internal/jimage/ImageReader$Resource
Event: 21.906 loading class jdk/internal/jimage/ImageReader$Resource done
Event: 21.906 loading class java/util/stream/LongStream
Event: 21.907 loading class java/util/stream/LongStream done
Event: 21.907 loading class java/util/stream/DoubleStream
Event: 21.907 loading class java/util/stream/DoubleStream done
Event: 25.050 Thread 0x000001a11e0984a0 Thread exited: 0x000001a11e0984a0
Event: 25.707 Thread 0x000001a11f35e8f0 Thread added: 0x000001a11f35e8f0
Event: 25.714 Thread 0x000001a11f6cc160 Thread added: 0x000001a11f6cc160


Dynamic libraries:
0x00007ff7969d0000 - 0x00007ff7969de000 	c:\Users\User\.vscode\extensions\redhat.java-1.9.0-win32-x64\jre\17.0.3-win32-x86_64\bin\java.exe
0x00007ffa63940000 - 0x00007ffa63b30000 	C:\WINDOWS\SYSTEM32\ntdll.dll
0x00007ffa62560000 - 0x00007ffa62612000 	C:\WINDOWS\System32\KERNEL32.DLL
0x00007ffa60af0000 - 0x00007ffa60d95000 	C:\WINDOWS\System32\KERNELBASE.dll
0x00007ffa616b0000 - 0x00007ffa617aa000 	C:\WINDOWS\System32\ucrtbase.dll
0x00007ffa5e940000 - 0x00007ffa5e958000 	c:\Users\User\.vscode\extensions\redhat.java-1.9.0-win32-x64\jre\17.0.3-win32-x86_64\bin\jli.dll
0x00007ffa62920000 - 0x00007ffa62ab4000 	C:\WINDOWS\System32\USER32.dll
0x00007ffa608c0000 - 0x00007ffa608e1000 	C:\WINDOWS\System32\win32u.dll
0x00007ffa637b0000 - 0x00007ffa637d6000 	C:\WINDOWS\System32\GDI32.dll
0x00007ffa617b0000 - 0x00007ffa61948000 	C:\WINDOWS\System32\gdi32full.dll
0x00007ffa61950000 - 0x00007ffa619ee000 	C:\WINDOWS\System32\msvcp_win.dll
0x00007ffa5e840000 - 0x00007ffa5e859000 	c:\Users\User\.vscode\extensions\redhat.java-1.9.0-win32-x64\jre\17.0.3-win32-x86_64\bin\VCRUNTIME140.dll
0x00007ffa50c80000 - 0x00007ffa50f04000 	C:\WINDOWS\WinSxS\amd64_microsoft.windows.common-controls_6595b64144ccf1df_6.0.18362.1379_none_9e7ff3b3e45cc0c4\COMCTL32.dll
0x00007ffa63140000 - 0x00007ffa631de000 	C:\WINDOWS\System32\msvcrt.dll
0x00007ffa62cf0000 - 0x00007ffa63027000 	C:\WINDOWS\System32\combase.dll
0x00007ffa637e0000 - 0x00007ffa638ff000 	C:\WINDOWS\System32\RPCRT4.dll
0x00007ffa615d0000 - 0x00007ffa61651000 	C:\WINDOWS\System32\bcryptPrimitives.dll
0x00007ffa63780000 - 0x00007ffa637ae000 	C:\WINDOWS\System32\IMM32.DLL
0x00007ffa5e930000 - 0x00007ffa5e93c000 	c:\Users\User\.vscode\extensions\redhat.java-1.9.0-win32-x64\jre\17.0.3-win32-x86_64\bin\vcruntime140_1.dll
0x00007ffa3b3e0000 - 0x00007ffa3b471000 	c:\Users\User\.vscode\extensions\redhat.java-1.9.0-win32-x64\jre\17.0.3-win32-x86_64\bin\msvcp140.dll
0x00007ffa28710000 - 0x00007ffa29358000 	c:\Users\User\.vscode\extensions\redhat.java-1.9.0-win32-x64\jre\17.0.3-win32-x86_64\bin\server\jvm.dll
0x00007ffa61b20000 - 0x00007ffa61bc3000 	C:\WINDOWS\System32\ADVAPI32.dll
0x00007ffa630a0000 - 0x00007ffa63137000 	C:\WINDOWS\System32\sechost.dll
0x00007ffa62c80000 - 0x00007ffa62c88000 	C:\WINDOWS\System32\PSAPI.DLL
0x00007ffa5e890000 - 0x00007ffa5e899000 	C:\WINDOWS\SYSTEM32\WSOCK32.dll
0x00007ffa63030000 - 0x00007ffa6309f000 	C:\WINDOWS\System32\WS2_32.dll
0x00007ffa5b7e0000 - 0x00007ffa5b804000 	C:\WINDOWS\SYSTEM32\WINMM.dll
0x00007ffa4cda0000 - 0x00007ffa4cdaa000 	C:\WINDOWS\SYSTEM32\VERSION.dll
0x00007ffa5b7b0000 - 0x00007ffa5b7dd000 	C:\WINDOWS\SYSTEM32\WINMMBASE.dll
0x00007ffa61660000 - 0x00007ffa616aa000 	C:\WINDOWS\System32\cfgmgr32.dll
0x00007ffa60800000 - 0x00007ffa60811000 	C:\WINDOWS\System32\kernel.appcore.dll
0x00007ffa5e8b0000 - 0x00007ffa5e8ba000 	c:\Users\User\.vscode\extensions\redhat.java-1.9.0-win32-x64\jre\17.0.3-win32-x86_64\bin\jimage.dll
0x00007ffa4b7e0000 - 0x00007ffa4b9d4000 	C:\WINDOWS\SYSTEM32\DBGHELP.DLL
0x00007ffa4b7b0000 - 0x00007ffa4b7da000 	C:\WINDOWS\SYSTEM32\dbgcore.DLL
0x00007ffa56d70000 - 0x00007ffa56d95000 	c:\Users\User\.vscode\extensions\redhat.java-1.9.0-win32-x64\jre\17.0.3-win32-x86_64\bin\java.dll
0x00007ffa51710000 - 0x00007ffa51728000 	c:\Users\User\.vscode\extensions\redhat.java-1.9.0-win32-x64\jre\17.0.3-win32-x86_64\bin\zip.dll
0x00007ffa61d80000 - 0x00007ffa62468000 	C:\WINDOWS\System32\SHELL32.dll
0x00007ffa62b50000 - 0x00007ffa62bf7000 	C:\WINDOWS\System32\shcore.dll
0x00007ffa60e50000 - 0x00007ffa615cb000 	C:\WINDOWS\System32\windows.storage.dll
0x00007ffa60890000 - 0x00007ffa608b3000 	C:\WINDOWS\System32\profapi.dll
0x00007ffa60820000 - 0x00007ffa6086a000 	C:\WINDOWS\System32\powrprof.dll
0x00007ffa607f0000 - 0x00007ffa60800000 	C:\WINDOWS\System32\UMPDC.dll
0x00007ffa62c90000 - 0x00007ffa62ce2000 	C:\WINDOWS\System32\shlwapi.dll
0x00007ffa60980000 - 0x00007ffa60997000 	C:\WINDOWS\System32\cryptsp.dll
0x00007ffa511b0000 - 0x00007ffa511c9000 	C:\Users\User\.vscode\extensions\redhat.java-1.9.0-win32-x64\jre\17.0.3-win32-x86_64\bin\net.dll
0x00007ffa5e360000 - 0x00007ffa5e450000 	C:\WINDOWS\SYSTEM32\WINHTTP.dll
0x00007ffa5ffe0000 - 0x00007ffa60047000 	C:\WINDOWS\system32\mswsock.dll
0x00007ffa51190000 - 0x00007ffa511a5000 	C:\Users\User\.vscode\extensions\redhat.java-1.9.0-win32-x64\jre\17.0.3-win32-x86_64\bin\nio.dll
0x00007ffa5e560000 - 0x00007ffa5e570000 	c:\Users\User\.vscode\extensions\redhat.java-1.9.0-win32-x64\jre\17.0.3-win32-x86_64\bin\verify.dll
0x00007ffa5e740000 - 0x00007ffa5e749000 	C:\Users\User\.vscode\extensions\redhat.java-1.9.0-win32-x64\jre\17.0.3-win32-x86_64\bin\management.dll
0x00007ffa5e730000 - 0x00007ffa5e73b000 	C:\Users\User\.vscode\extensions\redhat.java-1.9.0-win32-x64\jre\17.0.3-win32-x86_64\bin\management_ext.dll
0x00007ffa31d30000 - 0x00007ffa31d46000 	C:\WINDOWS\system32\napinsp.dll
0x00007ffa31d10000 - 0x00007ffa31d2a000 	C:\WINDOWS\system32\pnrpnsp.dll
0x00007ffa5fd40000 - 0x00007ffa5fe0b000 	C:\WINDOWS\SYSTEM32\DNSAPI.dll
0x00007ffa62ac0000 - 0x00007ffa62ac8000 	C:\WINDOWS\System32\NSI.dll
0x00007ffa5fd00000 - 0x00007ffa5fd3a000 	C:\WINDOWS\SYSTEM32\IPHLPAPI.DLL
0x00007ffa31d00000 - 0x00007ffa31d0e000 	C:\WINDOWS\System32\winrnr.dll
0x00007ffa5cb60000 - 0x00007ffa5cb7c000 	C:\WINDOWS\system32\NLAapi.dll
0x00007ffa34540000 - 0x00007ffa34555000 	C:\WINDOWS\system32\wshbth.dll
0x00007ffa516c0000 - 0x00007ffa516ca000 	C:\Windows\System32\rasadhlp.dll
0x00007ffa58330000 - 0x00007ffa583a7000 	C:\WINDOWS\System32\fwpuclnt.dll
0x00007ffa608f0000 - 0x00007ffa60916000 	C:\WINDOWS\System32\bcrypt.dll
0x00007ffa5fb70000 - 0x00007ffa5fba3000 	C:\WINDOWS\system32\rsaenh.dll
0x00007ffa606d0000 - 0x00007ffa606f5000 	C:\WINDOWS\SYSTEM32\USERENV.dll
0x00007ffa60160000 - 0x00007ffa6016c000 	C:\WINDOWS\SYSTEM32\CRYPTBASE.dll
0x00007ffa58490000 - 0x00007ffa584a6000 	C:\WINDOWS\SYSTEM32\dhcpcsvc6.DLL
0x00007ffa58630000 - 0x00007ffa5864c000 	C:\WINDOWS\SYSTEM32\dhcpcsvc.DLL

dbghelp: loaded successfully - version: 4.0.5 - missing functions: none
symbol engine: initialized successfully - sym options: 0x614 - pdb path: .;c:\Users\User\.vscode\extensions\redhat.java-1.9.0-win32-x64\jre\17.0.3-win32-x86_64\bin;C:\WINDOWS\SYSTEM32;C:\WINDOWS\WinSxS\amd64_microsoft.windows.common-controls_6595b64144ccf1df_6.0.18362.1379_none_9e7ff3b3e45cc0c4;c:\Users\User\.vscode\extensions\redhat.java-1.9.0-win32-x64\jre\17.0.3-win32-x86_64\bin\server

VM Arguments:
jvm_args: -Dsts.lsp.client=vscode -Dsts.log.file=/dev/null -XX:TieredStopAtLevel=1 -Dspring.config.location=file:c:\Users\User\.vscode\extensions\pivotal.vscode-spring-boot-1.38.0\language-server\BOOT-INF\classes\application.properties 
java_command: org.springframework.ide.vscode.boot.app.BootLanguageServerBootApp
java_class_path (initial): c:\Users\User\.vscode\extensions\pivotal.vscode-spring-boot-1.38.0\language-server\BOOT-INF\classes;c:\Users\User\.vscode\extensions\pivotal.vscode-spring-boot-1.38.0\language-server\BOOT-INF\lib\annotations-23.0.0.jar;c:\Users\User\.vscode\extensions\pivotal.vscode-spring-boot-1.38.0\language-server\BOOT-INF\lib\antlr-runtime-3.5.2.jar;c:\Users\User\.vscode\extensions\pivotal.vscode-spring-boot-1.38.0\language-server\BOOT-INF\lib\antlr4-4.9.3.jar;c:\Users\User\.vscode\extensions\pivotal.vscode-spring-boot-1.38.0\language-server\BOOT-INF\lib\antlr4-runtime-4.9.3.jar;c:\Users\User\.vscode\extensions\pivotal.vscode-spring-boot-1.38.0\language-server\BOOT-INF\lib\asm-9.3.jar;c:\Users\User\.vscode\extensions\pivotal.vscode-spring-boot-1.38.0\language-server\BOOT-INF\lib\asm-analysis-9.3.jar;c:\Users\User\.vscode\extensions\pivotal.vscode-spring-boot-1.38.0\language-server\BOOT-INF\lib\asm-tree-9.3.jar;c:\Users\User\.vscode\extensions\pivotal.vscode-spring-boot-1.38.0\language-server\BOOT-INF\lib\asm-util-9.3.jar;c:\Users\User\.vscode\extensions\pivotal.vscode-spring-boot-1.38.0\language-server\BOOT-INF\lib\byte-buddy-1.10.18.jar;c:\Users\User\.vscode\extensions\pivotal.vscode-spring-boot-1.38.0\language-server\BOOT-INF\lib\caffeine-2.8.6.jar;c:\Users\User\.vscode\extensions\pivotal.vscode-spring-boot-1.38.0\language-server\BOOT-INF\lib\checker-qual-3.12.0.jar;c:\Users\User\.vscode\extensions\pivotal.vscode-spring-boot-1.38.0\language-server\BOOT-INF\lib\classgraph-4.8.149.jar;c:\Users\User\.vscode\extensions\pivotal.vscode-spring-boot-1.38.0\language-server\BOOT-INF\lib\commons-codec-1.14.jar;c:\Users\User\.vscode\extensions\pivotal.vscode-spring-boot-1.38.0\language-server\BOOT-INF\lib\commons-compress-1.21.jar;c:\Users\User\.vscode\extensions\pivotal.vscode-spring-boot-1.38.0\language-server\BOOT-INF\lib\commons-exec-1.3.jar;c:\Users\User\.vscode\extensions\pivotal.vscode-spring-boot-1.38.0\language-server\BOOT-INF\lib\commons-io-2.4.jar;c
Launcher Type: SUN_STANDARD

[Global flags]
     intx CICompilerCount                          = 3                                         {product} {ergonomic}
     uint ConcGCThreads                            = 1                                         {product} {ergonomic}
     uint G1ConcRefinementThreads                  = 4                                         {product} {ergonomic}
   size_t G1HeapRegionSize                         = 1048576                                   {product} {ergonomic}
    uintx GCDrainStackTargetSize                   = 64                                        {product} {ergonomic}
   size_t InitialHeapSize                          = 132120576                                 {product} {ergonomic}
   size_t MarkStackSize                            = 4194304                                   {product} {ergonomic}
   size_t MaxHeapSize                              = 2105540608                                {product} {ergonomic}
   size_t MaxNewSize                               = 1262485504                                {product} {ergonomic}
   size_t MinHeapDeltaBytes                        = 1048576                                   {product} {ergonomic}
   size_t MinHeapSize                              = 8388608                                   {product} {ergonomic}
    uintx NonProfiledCodeHeapSize                  = 0                                      {pd product} {ergonomic}
     bool ProfileInterpreter                       = false                                  {pd product} {command line}
    uintx ProfiledCodeHeapSize                     = 0                                      {pd product} {ergonomic}
   size_t SoftMaxHeapSize                          = 2105540608                             {manageable} {ergonomic}
     intx TieredStopAtLevel                        = 1                                         {product} {command line}
     bool UseCompressedClassPointers               = true                           {product lp64_product} {ergonomic}
     bool UseCompressedOops                        = true                           {product lp64_product} {ergonomic}
     bool UseG1GC                                  = true                                      {product} {ergonomic}
     bool UseLargePagesIndividualAllocation        = false                                  {pd product} {ergonomic}

Logging:
Log output configuration:
 #0: stdout all=warning uptime,level,tags
 #1: stderr all=off uptime,level,tags

Environment Variables:
PATH=C:\Program Files\Java\jdk-13\bin;C:\WINDOWS\system32;C:\WINDOWS;C:\WINDOWS\System32\Wbem;C:\WINDOWS\System32\WindowsPowerShell\v1.0\;C:\WINDOWS\System32\OpenSSH\;C:\Program Files\dotnet\;C:\Program Files\Microsoft SQL Server\130\Tools\Binn\;C:\Program Files\PuTTY\;C:\Program Files\Microsoft SQL Server\Client SDK\ODBC\130\Tools\Binn\;C:\Program Files (x86)\Microsoft SQL Server\130\Tools\Binn\;C:\Program Files\Microsoft SQL Server\130\DTS\Binn\;C:\Program Files\Microsoft SQL Server\Client SDK\ODBC\170\Tools\Binn\;C:\Program Files\nodejs\;C:\Program Files (x86)\dotnet\;C:\xampp\php;C:\ProgramData\ComposerSetup\bin;C:\Program Files\apache-maven-3.6.1\bin;C:\Program Files\Git\cmd;C:\Program Files\OpenSSL-Win64\bin;C:\Program Files\Java\jdk-13\bin;C:\Users\User\AppData\Local\Programs\Python\Python37-32\Scripts\;C:\Users\User\AppData\Local\Programs\Python\Python37-32\;C:\Users\User\AppData\Local\Microsoft\WindowsApps;C:\Users\User\.dotnet\tools;C:\Users\User\AppData\Roaming\npm;C:\Users\User\AppData\Local\Programs\Microsoft VS Code\bin;C:\Users\User\AppData\Roaming\Composer\vendor\bin;C:\Program Files\JetBrains\PyCharm Community Edition 2021.2.2\bin;;C:\bin;C:\Program Files\JetBrains\IntelliJ IDEA 2021.2.2\bin;;C:\Program Files\heroku\bin;C:\Users\User\AppData\Local\Android\Sdk\platform-tools;C:\Qt\Qt5.14.2\Tools\QtCreator\bin;C:\Program Files\OpenSSL-Win64\bin;C:\Users\User\AppData\Local\GitHubDesktop\bin
USERNAME=User
OS=Windows_NT
PROCESSOR_IDENTIFIER=Intel64 Family 6 Model 78 Stepping 3, GenuineIntel



---------------  S Y S T E M  ---------------

OS:
 Windows 10 , 64 bit Build 18362 (10.0.18362.1350)
OS uptime: 15 days 10:06 hours
Hyper-V role detected

CPU: total 4 (initial active 4) (2 cores per cpu, 2 threads per core) family 6 model 78 stepping 3 microcode 0xd6, cx8, cmov, fxsr, ht, mmx, 3dnowpref, sse, sse2, sse3, ssse3, sse4.1, sse4.2, popcnt, lzcnt, tsc, tscinvbit, avx, avx2, aes, erms, clmul, bmi1, bmi2, rtm, adx, fma, vzeroupper, clflush, clflushopt, hv

Memory: 4k page, system-wide physical 8026M (410M free)
TotalPageFile size 32602M (AvailPageFile size 100M)
current process WorkingSet (physical memory assigned to process): 196M, peak: 196M
current process commit charge ("private bytes"): 249M, peak: 373M

vm_info: OpenJDK 64-Bit Server VM (17.0.3+7) for windows-amd64 JRE (17.0.3+7), built on Apr 19 2022 16:55:35 by "" with MS VC++ 16.7 (VS2019)

END.
