#
# There is insufficient memory for the Java Runtime Environment to continue.
# Native memory allocation (mmap) failed to map 477102080 bytes for G1 virtual space
# Possible reasons:
#   The system is out of physical RAM or swap space
#   The process is running with CompressedOops enabled, and the Java Heap may be blocking the growth of the native heap
# Possible solutions:
#   Reduce memory load on the system
#   Increase physical memory or swap space
#   Check if swap backing store is full
#   Decrease Java heap size (-Xmx/-Xms)
#   Decrease number of Java threads
#   Decrease Java thread stack sizes (-Xss)
#   Set larger code cache with -XX:ReservedCodeCacheSize=
#   JVM is running with Unscaled Compressed Oops mode in which the Java heap is
#     placed in the first 4GB address space. The Java Heap base address is the
#     maximum limit for the native heap growth. Please use -XX:HeapBaseMinAddress
#     to set the Java Heap base and to place the Java Heap above 4GB virtual address.
# This output file may be truncated or incomplete.
#
#  Out of Memory Error (os_windows.cpp:3535), pid=19168, tid=20844
#
# JRE version: OpenJDK Runtime Environment Temurin-17.0.3+7 (17.0.3+7) (build 17.0.3+7)
# Java VM: OpenJDK 64-Bit Server VM Temurin-17.0.3+7 (17.0.3+7, mixed mode, emulated-client, tiered, compressed oops, compressed class ptrs, g1 gc, windows-amd64)
# No core dump will be written. Minidumps are not enabled by default on client versions of Windows
#

---------------  S U M M A R Y ------------

Command Line: -Dsts.lsp.client=vscode -Dsts.log.file=/dev/null -XX:TieredStopAtLevel=1 -Dspring.config.location=file:c:\Users\User\.vscode\extensions\pivotal.vscode-spring-boot-1.38.0\language-server\BOOT-INF\classes\application.properties org.springframework.ide.vscode.boot.app.BootLanguageServerBootApp

Host: Intel(R) Core(TM) i5-6300U CPU @ 2.40GHz, 4 cores, 7G,  Windows 10 , 64 bit Build 18362 (10.0.18362.1350)
Time: Tue Aug 23 08:57:38 2022 Paris, Madrid (heure d’été) elapsed time: 18.078655 seconds (0d 0h 0m 18s)

---------------  T H R E A D  ---------------

Current thread (0x00000222c01c8940):  VMThread "VM Thread" [stack: 0x000000e099900000,0x000000e099a00000] [id=20844]

Stack: [0x000000e099900000,0x000000e099a00000]
Native frames: (J=compiled Java code, j=interpreted, Vv=VM code, C=native code)
V  [jvm.dll+0x675efa]
V  [jvm.dll+0x830a24]
V  [jvm.dll+0x8321ce]
V  [jvm.dll+0x832833]
V  [jvm.dll+0x2454b5]
V  [jvm.dll+0x672de9]
V  [jvm.dll+0x667732]
V  [jvm.dll+0x3043ab]
V  [jvm.dll+0x30b8f6]
V  [jvm.dll+0x35b62e]
V  [jvm.dll+0x35b85f]
V  [jvm.dll+0x2db248]
V  [jvm.dll+0x2d94fc]
V  [jvm.dll+0x2d8acc]
V  [jvm.dll+0x31ca2b]
V  [jvm.dll+0x836cdb]
V  [jvm.dll+0x837a14]
V  [jvm.dll+0x837f2c]
V  [jvm.dll+0x838304]
V  [jvm.dll+0x8383d0]
V  [jvm.dll+0x7e0cfa]
V  [jvm.dll+0x674d85]
C  [ucrtbase.dll+0x210b2]
C  [KERNEL32.DLL+0x17c24]
C  [ntdll.dll+0x6d721]

VM_Operation (0x000000e09b0fdc30): G1CollectForAllocation, mode: safepoint, requested by thread 0x00000222c14d79c0


---------------  P R O C E S S  ---------------

Threads class SMR info:
_java_thread_list=0x00000222c480bb30, length=31, elements={
0x00000222c021d760, 0x00000222c021e4e0, 0x00000222c0c1a130, 0x00000222c0c1cb00,
0x00000222c0c1e3d0, 0x00000222c023fd20, 0x00000222c02425f0, 0x00000222c0242ef0,
0x00000222c0e11f60, 0x00000222c0e19030, 0x00000222c0e14880, 0x00000222c2b29da0,
0x00000222c15d02c0, 0x00000222c26ff9c0, 0x00000222b3730ab0, 0x00000222c1572380,
0x00000222c1572850, 0x00000222c14d74f0, 0x00000222c14d79c0, 0x00000222c14d7e90,
0x00000222c2cf4010, 0x00000222c2cf44e0, 0x00000222c2cf6210, 0x00000222c2cf7080,
0x00000222c2cf7550, 0x00000222c2cf53a0, 0x00000222c2cf5d40, 0x00000222c2cf83c0,
0x00000222c2cf7ef0, 0x00000222c2cf7a20, 0x00000222c48a1a40
}

Java Threads: ( => current thread )
  0x00000222c021d760 JavaThread "Reference Handler" daemon [_thread_blocked, id=1396, stack(0x000000e099a00000,0x000000e099b00000)]
  0x00000222c021e4e0 JavaThread "Finalizer" daemon [_thread_blocked, id=16296, stack(0x000000e099b00000,0x000000e099c00000)]
  0x00000222c0c1a130 JavaThread "Signal Dispatcher" daemon [_thread_blocked, id=13996, stack(0x000000e099c00000,0x000000e099d00000)]
  0x00000222c0c1cb00 JavaThread "Attach Listener" daemon [_thread_blocked, id=19332, stack(0x000000e099d00000,0x000000e099e00000)]
  0x00000222c0c1e3d0 JavaThread "Service Thread" daemon [_thread_blocked, id=15336, stack(0x000000e099e00000,0x000000e099f00000)]
  0x00000222c023fd20 JavaThread "Monitor Deflation Thread" daemon [_thread_blocked, id=15164, stack(0x000000e099f00000,0x000000e09a000000)]
  0x00000222c02425f0 JavaThread "C1 CompilerThread0" daemon [_thread_blocked, id=8748, stack(0x000000e09a000000,0x000000e09a100000)]
  0x00000222c0242ef0 JavaThread "Sweeper thread" daemon [_thread_blocked, id=15820, stack(0x000000e09a100000,0x000000e09a200000)]
  0x00000222c0e11f60 JavaThread "Notification Thread" daemon [_thread_blocked, id=15144, stack(0x000000e09a300000,0x000000e09a400000)]
  0x00000222c0e19030 JavaThread "Common-Cleaner" daemon [_thread_blocked, id=20244, stack(0x000000e09a500000,0x000000e09a600000)]
  0x00000222c0e14880 JavaThread "C1 CompilerThread1" daemon [_thread_blocked, id=17652, stack(0x000000e09a200000,0x000000e09a300000)]
  0x00000222c2b29da0 JavaThread "ForkJoinPool.commonPool-worker-1" daemon [_thread_blocked, id=8196, stack(0x000000e09aa00000,0x000000e09ab00000)]
  0x00000222c15d02c0 JavaThread "pool-7-thread-1" [_thread_blocked, id=7052, stack(0x000000e09ab00000,0x000000e09ac00000)]
  0x00000222c26ff9c0 JavaThread "LanguageServerApp-lifecycle" [_thread_blocked, id=12344, stack(0x000000e09ac00000,0x000000e09ad00000)]
  0x00000222b3730ab0 JavaThread "DestroyJavaVM" [_thread_blocked, id=17516, stack(0x000000e099300000,0x000000e099400000)]
  0x00000222c1572380 JavaThread "ClassGraph-worker-0" daemon [_thread_blocked, id=19216, stack(0x000000e09ad00000,0x000000e09ae00000)]
  0x00000222c1572850 JavaThread "pool-8-thread-1" [_thread_in_native, id=1144, stack(0x000000e09ae00000,0x000000e09af00000)]
  0x00000222c14d74f0 JavaThread "ClassGraph-worker-1" daemon [_thread_blocked, id=16360, stack(0x000000e09af00000,0x000000e09b000000)]
  0x00000222c14d79c0 JavaThread "ClassGraph-worker-2" daemon [_thread_blocked, id=12308, stack(0x000000e09b000000,0x000000e09b100000)]
  0x00000222c14d7e90 JavaThread "ClassGraph-worker-3" daemon [_thread_blocked, id=16068, stack(0x000000e09b100000,0x000000e09b200000)]
  0x00000222c2cf4010 JavaThread "ClassGraph-worker-4" daemon [_thread_blocked, id=2740, stack(0x000000e09b200000,0x000000e09b300000)]
  0x00000222c2cf44e0 JavaThread "ClassGraph-worker-5" daemon [_thread_blocked, id=17072, stack(0x000000e09b300000,0x000000e09b400000)]
  0x00000222c2cf6210 JavaThread "ClassGraph-worker-6" daemon [_thread_blocked, id=10852, stack(0x000000e09b400000,0x000000e09b500000)]
  0x00000222c2cf7080 JavaThread "ClassGraph-worker-7" daemon [_thread_blocked, id=21440, stack(0x000000e09b500000,0x000000e09b600000)]
  0x00000222c2cf7550 JavaThread "Simple-Language-Server main thread" daemon [_thread_blocked, id=2428, stack(0x000000e09b600000,0x000000e09b700000)]
  0x00000222c2cf53a0 JavaThread "pool-5-thread-1" [_thread_blocked, id=20104, stack(0x000000e09b700000,0x000000e09b800000)]
  0x00000222c2cf5d40 JavaThread "parallel-1" daemon [_thread_blocked, id=12552, stack(0x000000e09a900000,0x000000e09aa00000)]
  0x00000222c2cf83c0 JavaThread "parallel-2" daemon [_thread_blocked, id=17420, stack(0x000000e09b800000,0x000000e09b900000)]
  0x00000222c2cf7ef0 JavaThread "Reconciler-1" daemon [_thread_blocked, id=11660, stack(0x000000e09b900000,0x000000e09ba00000)]
  0x00000222c2cf7a20 JavaThread "parallel-3" daemon [_thread_blocked, id=4532, stack(0x000000e09ba00000,0x000000e09bb00000)]
  0x00000222c48a1a40 JavaThread "C1 CompilerThread2" daemon [_thread_blocked, id=21236, stack(0x000000e09bc00000,0x000000e09bd00000)]

Other Threads:
=>0x00000222c01c8940 VMThread "VM Thread" [stack: 0x000000e099900000,0x000000e099a00000] [id=20844]
  0x00000222c0e14440 WatcherThread [stack: 0x000000e09a400000,0x000000e09a500000] [id=17264]
  0x00000222b3784250 GCTaskThread "GC Thread#0" [stack: 0x000000e099400000,0x000000e099500000] [id=21804]
  0x00000222c1637610 GCTaskThread "GC Thread#1" [stack: 0x000000e09a600000,0x000000e09a700000] [id=15836]
  0x00000222c1682740 GCTaskThread "GC Thread#2" [stack: 0x000000e09a700000,0x000000e09a800000] [id=21564]
  0x00000222c17a9d20 GCTaskThread "GC Thread#3" [stack: 0x000000e09a800000,0x000000e09a900000] [id=12204]
  0x00000222b3795bb0 ConcurrentGCThread "G1 Main Marker" [stack: 0x000000e099500000,0x000000e099600000] [id=6408]
  0x00000222b37964d0 ConcurrentGCThread "G1 Conc#0" [stack: 0x000000e099600000,0x000000e099700000] [id=16140]
  0x00000222b37ee490 ConcurrentGCThread "G1 Refine#0" [stack: 0x000000e099700000,0x000000e099800000] [id=7124]
  0x00000222c28db210 ConcurrentGCThread "G1 Refine#1" [stack: 0x000000e09bb00000,0x000000e09bc00000] [id=8848]
  0x00000222c28da970 ConcurrentGCThread "G1 Refine#2" [stack: 0x000000e09bd00000,0x000000e09be00000] [id=5336]
  0x00000222c00700a0 ConcurrentGCThread "G1 Service" [stack: 0x000000e099800000,0x000000e099900000] [id=20084]

Threads with active compile tasks:

VM state: at safepoint (normal execution)

VM Mutex/Monitor currently owned by a thread:  ([mutex/lock_event])
[0x00000222b15e0ba0] Threads_lock - owner thread: 0x00000222c01c8940
[0x00000222b15dd9c0] Heap_lock - owner thread: 0x00000222c14d79c0

Heap address: 0x0000000082800000, size: 2008 MB, Compressed Oops mode: 32-bit

CDS archive(s) not mapped
Compressed class space mapped at: 0x0000000100000000-0x0000000140000000, reserved size: 1073741824
Narrow klass base: 0x0000000000000000, Narrow klass shift: 3, Narrow klass range: 0x140000000

GC Precious Log:
 CPUs: 4 total, 4 available
 Memory: 8026M
 Large Page Support: Disabled
 NUMA Support: Disabled
 Compressed Oops: Enabled (32-bit)
 Heap Region Size: 1M
 Heap Min Capacity: 8M
 Heap Initial Capacity: 126M
 Heap Max Capacity: 2008M
 Pre-touch: Disabled
 Parallel Workers: 4
 Concurrent Workers: 1
 Concurrent Refinement Workers: 4
 Periodic GC: Disabled

Heap:
 garbage-first heap   total 241664K, used 82376K [0x0000000082800000, 0x0000000100000000)
  region size 1024K, 10 young (10240K), 10 survivors (10240K)
 Metaspace       used 35074K, committed 35392K, reserved 1081344K
  class space    used 4559K, committed 4736K, reserved 1048576K

Heap Regions: E=young(eden), S=young(survivor), O=old, HS=humongous(starts), HC=humongous(continues), CS=collection set, F=free, OA=open archive, CA=closed archive, TAMS=top-at-mark-start (previous, next)
|   0|0x0000000082800000, 0x0000000082900000, 0x0000000082900000|100%| O|  |TAMS 0x0000000082900000, 0x0000000082800000| Untracked 
|   1|0x0000000082900000, 0x0000000082a00000, 0x0000000082a00000|100%| O|  |TAMS 0x0000000082a00000, 0x0000000082900000| Untracked 
|   2|0x0000000082a00000, 0x0000000082b00000, 0x0000000082b00000|100%| O|  |TAMS 0x0000000082b00000, 0x0000000082a00000| Untracked 
|   3|0x0000000082b00000, 0x0000000082c00000, 0x0000000082c00000|100%| O|  |TAMS 0x0000000082c00000, 0x0000000082b00000| Untracked 
|   4|0x0000000082c00000, 0x0000000082d00000, 0x0000000082d00000|100%| O|  |TAMS 0x0000000082d00000, 0x0000000082c00000| Untracked 
|   5|0x0000000082d00000, 0x0000000082e00000, 0x0000000082e00000|100%| O|  |TAMS 0x0000000082e00000, 0x0000000082d00000| Untracked 
|   6|0x0000000082e00000, 0x0000000082f00000, 0x0000000082f00000|100%| O|  |TAMS 0x0000000082f00000, 0x0000000082e00000| Untracked 
|   7|0x0000000082f00000, 0x0000000082f00000, 0x0000000083000000|  0%| F|  |TAMS 0x0000000082f00000, 0x0000000082f00000| Untracked 
|   8|0x0000000083000000, 0x0000000083100000, 0x0000000083100000|100%| O|  |TAMS 0x0000000083100000, 0x0000000083000000| Untracked 
|   9|0x0000000083100000, 0x0000000083200000, 0x0000000083200000|100%| O|  |TAMS 0x0000000083200000, 0x0000000083100000| Untracked 
|  10|0x0000000083200000, 0x0000000083300000, 0x0000000083300000|100%| O|  |TAMS 0x0000000083300000, 0x0000000083200000| Untracked 
|  11|0x0000000083300000, 0x0000000083400000, 0x0000000083400000|100%| O|  |TAMS 0x0000000083400000, 0x0000000083300000| Untracked 
|  12|0x0000000083400000, 0x0000000083500000, 0x0000000083500000|100%| O|  |TAMS 0x0000000083500000, 0x0000000083400000| Untracked 
|  13|0x0000000083500000, 0x0000000083600000, 0x0000000083600000|100%| O|  |TAMS 0x0000000083600000, 0x0000000083500000| Untracked 
|  14|0x0000000083600000, 0x0000000083700000, 0x0000000083700000|100%| O|  |TAMS 0x0000000083700000, 0x0000000083600000| Untracked 
|  15|0x0000000083700000, 0x0000000083800000, 0x0000000083800000|100%| O|  |TAMS 0x0000000083800000, 0x0000000083700000| Untracked 
|  16|0x0000000083800000, 0x0000000083900000, 0x0000000083900000|100%| O|  |TAMS 0x0000000083900000, 0x0000000083800000| Untracked 
|  17|0x0000000083900000, 0x0000000083a00000, 0x0000000083a00000|100%| O|  |TAMS 0x0000000083a00000, 0x0000000083900000| Untracked 
|  18|0x0000000083a00000, 0x0000000083b00000, 0x0000000083b00000|100%| O|  |TAMS 0x0000000083b00000, 0x0000000083a00000| Untracked 
|  19|0x0000000083b00000, 0x0000000083c00000, 0x0000000083c00000|100%| O|  |TAMS 0x0000000083c00000, 0x0000000083b00000| Untracked 
|  20|0x0000000083c00000, 0x0000000083d00000, 0x0000000083d00000|100%| O|  |TAMS 0x0000000083d00000, 0x0000000083c00000| Untracked 
|  21|0x0000000083d00000, 0x0000000083e00000, 0x0000000083e00000|100%| O|  |TAMS 0x0000000083e00000, 0x0000000083d00000| Untracked 
|  22|0x0000000083e00000, 0x0000000083f00000, 0x0000000083f00000|100%| O|  |TAMS 0x0000000083f00000, 0x0000000083e00000| Untracked 
|  23|0x0000000083f00000, 0x0000000084000000, 0x0000000084000000|100%| O|  |TAMS 0x0000000084000000, 0x0000000083f00000| Untracked 
|  24|0x0000000084000000, 0x0000000084100000, 0x0000000084100000|100%| O|  |TAMS 0x0000000084100000, 0x0000000084000000| Untracked 
|  25|0x0000000084100000, 0x0000000084200000, 0x0000000084200000|100%| O|  |TAMS 0x0000000084200000, 0x0000000084100000| Untracked 
|  26|0x0000000084200000, 0x0000000084300000, 0x0000000084300000|100%| O|  |TAMS 0x0000000084300000, 0x0000000084200000| Untracked 
|  27|0x0000000084300000, 0x0000000084400000, 0x0000000084400000|100%| O|  |TAMS 0x0000000084400000, 0x0000000084300000| Untracked 
|  28|0x0000000084400000, 0x0000000084500000, 0x0000000084500000|100%| O|  |TAMS 0x0000000084500000, 0x0000000084400000| Untracked 
|  29|0x0000000084500000, 0x0000000084600000, 0x0000000084600000|100%| O|  |TAMS 0x0000000084600000, 0x0000000084500000| Untracked 
|  30|0x0000000084600000, 0x0000000084700000, 0x0000000084700000|100%| O|  |TAMS 0x0000000084700000, 0x0000000084600000| Untracked 
|  31|0x0000000084700000, 0x0000000084800000, 0x0000000084800000|100%| O|  |TAMS 0x0000000084800000, 0x0000000084700000| Untracked 
|  32|0x0000000084800000, 0x0000000084900000, 0x0000000084900000|100%| O|  |TAMS 0x0000000084900000, 0x0000000084800000| Untracked 
|  33|0x0000000084900000, 0x0000000084a00000, 0x0000000084a00000|100%| O|  |TAMS 0x0000000084a00000, 0x0000000084900000| Untracked 
|  34|0x0000000084a00000, 0x0000000084b00000, 0x0000000084b00000|100%| O|  |TAMS 0x0000000084b00000, 0x0000000084a00000| Untracked 
|  35|0x0000000084b00000, 0x0000000084c00000, 0x0000000084c00000|100%| O|  |TAMS 0x0000000084c00000, 0x0000000084b00000| Untracked 
|  36|0x0000000084c00000, 0x0000000084d00000, 0x0000000084d00000|100%| O|  |TAMS 0x0000000084c00000, 0x0000000084c00000| Untracked 
|  37|0x0000000084d00000, 0x0000000084e00000, 0x0000000084e00000|100%| O|  |TAMS 0x0000000084e00000, 0x0000000084d00000| Untracked 
|  38|0x0000000084e00000, 0x0000000084f00000, 0x0000000084f00000|100%| O|  |TAMS 0x0000000084f00000, 0x0000000084e00000| Untracked 
|  39|0x0000000084f00000, 0x0000000085000000, 0x0000000085000000|100%| O|  |TAMS 0x0000000085000000, 0x0000000084f00000| Untracked 
|  40|0x0000000085000000, 0x0000000085100000, 0x0000000085100000|100%| O|  |TAMS 0x0000000085100000, 0x0000000085000000| Untracked 
|  41|0x0000000085100000, 0x0000000085200000, 0x0000000085200000|100%| O|  |TAMS 0x0000000085200000, 0x0000000085100000| Untracked 
|  42|0x0000000085200000, 0x0000000085300000, 0x0000000085300000|100%| O|  |TAMS 0x0000000085300000, 0x0000000085200000| Untracked 
|  43|0x0000000085300000, 0x0000000085400000, 0x0000000085400000|100%|HS|  |TAMS 0x0000000085400000, 0x0000000085300000| Complete 
|  44|0x0000000085400000, 0x0000000085500000, 0x0000000085500000|100%| O|  |TAMS 0x0000000085500000, 0x0000000085400000| Untracked 
|  45|0x0000000085500000, 0x0000000085600000, 0x0000000085600000|100%| O|  |TAMS 0x0000000085600000, 0x0000000085500000| Untracked 
|  46|0x0000000085600000, 0x0000000085700000, 0x0000000085700000|100%| O|  |TAMS 0x0000000085700000, 0x0000000085600000| Untracked 
|  47|0x0000000085700000, 0x0000000085800000, 0x0000000085800000|100%| O|  |TAMS 0x0000000085800000, 0x0000000085700000| Untracked 
|  48|0x0000000085800000, 0x0000000085900000, 0x0000000085900000|100%| O|  |TAMS 0x0000000085900000, 0x0000000085800000| Untracked 
|  49|0x0000000085900000, 0x0000000085a00000, 0x0000000085a00000|100%| O|  |TAMS 0x0000000085a00000, 0x0000000085900000| Untracked 
|  50|0x0000000085a00000, 0x0000000085b00000, 0x0000000085b00000|100%| O|  |TAMS 0x0000000085b00000, 0x0000000085a00000| Untracked 
|  51|0x0000000085b00000, 0x0000000085c00000, 0x0000000085c00000|100%| O|  |TAMS 0x0000000085c00000, 0x0000000085b00000| Untracked 
|  52|0x0000000085c00000, 0x0000000085d00000, 0x0000000085d00000|100%| O|  |TAMS 0x0000000085d00000, 0x0000000085c00000| Untracked 
|  53|0x0000000085d00000, 0x0000000085e00000, 0x0000000085e00000|100%| O|  |TAMS 0x0000000085e00000, 0x0000000085d00000| Untracked 
|  54|0x0000000085e00000, 0x0000000085f00000, 0x0000000085f00000|100%| O|  |TAMS 0x0000000085f00000, 0x0000000085e00000| Untracked 
|  55|0x0000000085f00000, 0x0000000086000000, 0x0000000086000000|100%| O|  |TAMS 0x0000000086000000, 0x0000000085f00000| Untracked 
|  56|0x0000000086000000, 0x0000000086100000, 0x0000000086100000|100%| O|  |TAMS 0x0000000086100000, 0x0000000086000000| Untracked 
|  57|0x0000000086100000, 0x0000000086100000, 0x0000000086200000|  0%| F|  |TAMS 0x0000000086100000, 0x0000000086100000| Untracked 
|  58|0x0000000086200000, 0x0000000086300000, 0x0000000086300000|100%| O|  |TAMS 0x0000000086200000, 0x0000000086200000| Untracked 
|  59|0x0000000086300000, 0x0000000086400000, 0x0000000086400000|100%| O|  |TAMS 0x0000000086300000, 0x0000000086300000| Untracked 
|  60|0x0000000086400000, 0x0000000086500000, 0x0000000086500000|100%| O|  |TAMS 0x0000000086400000, 0x0000000086400000| Untracked 
|  61|0x0000000086500000, 0x0000000086600000, 0x0000000086600000|100%| O|  |TAMS 0x0000000086500000, 0x0000000086500000| Untracked 
|  62|0x0000000086600000, 0x0000000086700000, 0x0000000086700000|100%| O|  |TAMS 0x0000000086600000, 0x0000000086600000| Untracked 
|  63|0x0000000086700000, 0x0000000086800000, 0x0000000086800000|100%| O|  |TAMS 0x0000000086700000, 0x0000000086700000| Untracked 
|  64|0x0000000086800000, 0x0000000086900000, 0x0000000086900000|100%| O|  |TAMS 0x0000000086800000, 0x0000000086800000| Untracked 
|  65|0x0000000086900000, 0x0000000086a00000, 0x0000000086a00000|100%| O|  |TAMS 0x0000000086900000, 0x0000000086900000| Untracked 
|  66|0x0000000086a00000, 0x0000000086b00000, 0x0000000086b00000|100%| O|  |TAMS 0x0000000086a00000, 0x0000000086a00000| Untracked 
|  67|0x0000000086b00000, 0x0000000086c00000, 0x0000000086c00000|100%| O|  |TAMS 0x0000000086b00000, 0x0000000086b00000| Untracked 
|  68|0x0000000086c00000, 0x0000000086d00000, 0x0000000086d00000|100%| O|  |TAMS 0x0000000086c00000, 0x0000000086c00000| Untracked 
|  69|0x0000000086d00000, 0x0000000086e00000, 0x0000000086e00000|100%| O|  |TAMS 0x0000000086d00000, 0x0000000086d00000| Untracked 
|  70|0x0000000086e00000, 0x0000000086f00000, 0x0000000086f00000|100%| O|  |TAMS 0x0000000086e00000, 0x0000000086e00000| Untracked 
|  71|0x0000000086f00000, 0x0000000087000000, 0x0000000087000000|100%| O|  |TAMS 0x0000000086f00000, 0x0000000086f00000| Untracked 
|  72|0x0000000087000000, 0x0000000087100000, 0x0000000087100000|100%| O|  |TAMS 0x0000000087000000, 0x0000000087000000| Untracked 
|  73|0x0000000087100000, 0x000000008710fc00, 0x0000000087200000|  6%| O|  |TAMS 0x0000000087100000, 0x0000000087100000| Untracked 
|  74|0x0000000087200000, 0x0000000087200000, 0x0000000087300000|  0%| F|  |TAMS 0x0000000087200000, 0x0000000087200000| Untracked 
|  75|0x0000000087300000, 0x0000000087300000, 0x0000000087400000|  0%| F|  |TAMS 0x0000000087300000, 0x0000000087300000| Untracked 
|  76|0x0000000087400000, 0x0000000087400000, 0x0000000087500000|  0%| F|  |TAMS 0x0000000087400000, 0x0000000087400000| Untracked 
|  77|0x0000000087500000, 0x0000000087500000, 0x0000000087600000|  0%| F|  |TAMS 0x0000000087500000, 0x0000000087500000| Untracked 
|  78|0x0000000087600000, 0x0000000087600000, 0x0000000087700000|  0%| F|  |TAMS 0x0000000087600000, 0x0000000087600000| Untracked 
|  79|0x0000000087700000, 0x0000000087700000, 0x0000000087800000|  0%| F|  |TAMS 0x0000000087700000, 0x0000000087700000| Untracked 
|  80|0x0000000087800000, 0x0000000087800000, 0x0000000087900000|  0%| F|  |TAMS 0x0000000087800000, 0x0000000087800000| Untracked 
|  81|0x0000000087900000, 0x0000000087900000, 0x0000000087a00000|  0%| F|  |TAMS 0x0000000087900000, 0x0000000087900000| Untracked 
|  82|0x0000000087a00000, 0x0000000087a00000, 0x0000000087b00000|  0%| F|  |TAMS 0x0000000087a00000, 0x0000000087a00000| Untracked 
|  83|0x0000000087b00000, 0x0000000087b00000, 0x0000000087c00000|  0%| F|  |TAMS 0x0000000087b00000, 0x0000000087b00000| Untracked 
|  84|0x0000000087c00000, 0x0000000087c00000, 0x0000000087d00000|  0%| F|  |TAMS 0x0000000087c00000, 0x0000000087c00000| Untracked 
|  85|0x0000000087d00000, 0x0000000087d00000, 0x0000000087e00000|  0%| F|  |TAMS 0x0000000087d00000, 0x0000000087d00000| Untracked 
|  86|0x0000000087e00000, 0x0000000087e00000, 0x0000000087f00000|  0%| F|  |TAMS 0x0000000087e00000, 0x0000000087e00000| Untracked 
|  87|0x0000000087f00000, 0x0000000087f00000, 0x0000000088000000|  0%| F|  |TAMS 0x0000000087f00000, 0x0000000087f00000| Untracked 
|  88|0x0000000088000000, 0x0000000088000000, 0x0000000088100000|  0%| F|  |TAMS 0x0000000088000000, 0x0000000088000000| Untracked 
|  89|0x0000000088100000, 0x0000000088100000, 0x0000000088200000|  0%| F|  |TAMS 0x0000000088100000, 0x0000000088100000| Untracked 
|  90|0x0000000088200000, 0x0000000088200000, 0x0000000088300000|  0%| F|  |TAMS 0x0000000088200000, 0x0000000088200000| Untracked 
|  91|0x0000000088300000, 0x0000000088300000, 0x0000000088400000|  0%| F|  |TAMS 0x0000000088300000, 0x0000000088300000| Untracked 
|  92|0x0000000088400000, 0x0000000088400000, 0x0000000088500000|  0%| F|  |TAMS 0x0000000088400000, 0x0000000088400000| Untracked 
|  93|0x0000000088500000, 0x0000000088500000, 0x0000000088600000|  0%| F|  |TAMS 0x0000000088500000, 0x0000000088500000| Untracked 
|  94|0x0000000088600000, 0x0000000088600000, 0x0000000088700000|  0%| F|  |TAMS 0x0000000088600000, 0x0000000088600000| Untracked 
|  95|0x0000000088700000, 0x0000000088700000, 0x0000000088800000|  0%| F|  |TAMS 0x0000000088700000, 0x0000000088700000| Untracked 
|  96|0x0000000088800000, 0x0000000088800000, 0x0000000088900000|  0%| F|  |TAMS 0x0000000088800000, 0x0000000088800000| Untracked 
|  97|0x0000000088900000, 0x0000000088900000, 0x0000000088a00000|  0%| F|  |TAMS 0x0000000088900000, 0x0000000088900000| Untracked 
|  98|0x0000000088a00000, 0x0000000088a00000, 0x0000000088b00000|  0%| F|  |TAMS 0x0000000088a00000, 0x0000000088a00000| Untracked 
|  99|0x0000000088b00000, 0x0000000088b00000, 0x0000000088c00000|  0%| F|  |TAMS 0x0000000088b00000, 0x0000000088b00000| Untracked 
| 100|0x0000000088c00000, 0x0000000088c00000, 0x0000000088d00000|  0%| F|  |TAMS 0x0000000088c00000, 0x0000000088c00000| Untracked 
| 101|0x0000000088d00000, 0x0000000088d00000, 0x0000000088e00000|  0%| F|  |TAMS 0x0000000088d00000, 0x0000000088d00000| Untracked 
| 102|0x0000000088e00000, 0x0000000088e00000, 0x0000000088f00000|  0%| F|  |TAMS 0x0000000088e00000, 0x0000000088e00000| Untracked 
| 103|0x0000000088f00000, 0x0000000088f00000, 0x0000000089000000|  0%| F|  |TAMS 0x0000000088f00000, 0x0000000088f00000| Untracked 
| 104|0x0000000089000000, 0x0000000089000000, 0x0000000089100000|  0%| F|  |TAMS 0x0000000089000000, 0x0000000089000000| Untracked 
| 105|0x0000000089100000, 0x0000000089100000, 0x0000000089200000|  0%| F|  |TAMS 0x0000000089100000, 0x0000000089100000| Untracked 
| 106|0x0000000089200000, 0x0000000089200000, 0x0000000089300000|  0%| F|  |TAMS 0x0000000089200000, 0x0000000089200000| Untracked 
| 107|0x0000000089300000, 0x0000000089300000, 0x0000000089400000|  0%| F|  |TAMS 0x0000000089300000, 0x0000000089300000| Untracked 
| 108|0x0000000089400000, 0x0000000089400000, 0x0000000089500000|  0%| F|  |TAMS 0x0000000089400000, 0x0000000089400000| Untracked 
| 109|0x0000000089500000, 0x0000000089500000, 0x0000000089600000|  0%| F|  |TAMS 0x0000000089500000, 0x0000000089500000| Untracked 
| 110|0x0000000089600000, 0x0000000089600000, 0x0000000089700000|  0%| F|  |TAMS 0x0000000089600000, 0x0000000089600000| Untracked 
| 111|0x0000000089700000, 0x0000000089700000, 0x0000000089800000|  0%| F|  |TAMS 0x0000000089700000, 0x0000000089700000| Untracked 
| 112|0x0000000089800000, 0x0000000089800000, 0x0000000089900000|  0%| F|  |TAMS 0x0000000089800000, 0x0000000089800000| Untracked 
| 113|0x0000000089900000, 0x00000000899625c0, 0x0000000089a00000| 38%| S|CS|TAMS 0x0000000089900000, 0x0000000089900000| Complete 
| 114|0x0000000089a00000, 0x0000000089b00000, 0x0000000089b00000|100%| S|CS|TAMS 0x0000000089a00000, 0x0000000089a00000| Complete 
| 115|0x0000000089b00000, 0x0000000089c00000, 0x0000000089c00000|100%| S|CS|TAMS 0x0000000089b00000, 0x0000000089b00000| Complete 
| 116|0x0000000089c00000, 0x0000000089d00000, 0x0000000089d00000|100%| S|CS|TAMS 0x0000000089c00000, 0x0000000089c00000| Complete 
| 117|0x0000000089d00000, 0x0000000089e00000, 0x0000000089e00000|100%| S|CS|TAMS 0x0000000089d00000, 0x0000000089d00000| Complete 
| 118|0x0000000089e00000, 0x0000000089f00000, 0x0000000089f00000|100%| S|CS|TAMS 0x0000000089e00000, 0x0000000089e00000| Complete 
| 119|0x0000000089f00000, 0x000000008a000000, 0x000000008a000000|100%| S|CS|TAMS 0x0000000089f00000, 0x0000000089f00000| Complete 
| 120|0x000000008a000000, 0x000000008a100000, 0x000000008a100000|100%| S|CS|TAMS 0x000000008a000000, 0x000000008a000000| Complete 
| 121|0x000000008a100000, 0x000000008a100000, 0x000000008a200000|  0%| F|  |TAMS 0x000000008a100000, 0x000000008a100000| Untracked 
| 122|0x000000008a200000, 0x000000008a200000, 0x000000008a300000|  0%| F|  |TAMS 0x000000008a200000, 0x000000008a200000| Untracked 
| 123|0x000000008a300000, 0x000000008a300000, 0x000000008a400000|  0%| F|  |TAMS 0x000000008a300000, 0x000000008a300000| Untracked 
| 124|0x000000008a400000, 0x000000008a400000, 0x000000008a500000|  0%| F|  |TAMS 0x000000008a400000, 0x000000008a400000| Untracked 
| 125|0x000000008a500000, 0x000000008a500000, 0x000000008a600000|  0%| F|  |TAMS 0x000000008a500000, 0x000000008a500000| Untracked 
| 126|0x000000008a600000, 0x000000008a600000, 0x000000008a700000|  0%| F|  |TAMS 0x000000008a600000, 0x000000008a600000| Untracked 
| 127|0x000000008a700000, 0x000000008a800000, 0x000000008a800000|100%| S|CS|TAMS 0x000000008a700000, 0x000000008a700000| Complete 
| 128|0x000000008a800000, 0x000000008a900000, 0x000000008a900000|100%| S|CS|TAMS 0x000000008a800000, 0x000000008a800000| Complete 
| 129|0x000000008a900000, 0x000000008a900000, 0x000000008aa00000|  0%| F|  |TAMS 0x000000008a900000, 0x000000008a900000| Untracked 
| 130|0x000000008aa00000, 0x000000008aa00000, 0x000000008ab00000|  0%| F|  |TAMS 0x000000008aa00000, 0x000000008aa00000| Untracked 
| 131|0x000000008ab00000, 0x000000008ab00000, 0x000000008ac00000|  0%| F|  |TAMS 0x000000008ab00000, 0x000000008ab00000| Untracked 
| 132|0x000000008ac00000, 0x000000008ac00000, 0x000000008ad00000|  0%| F|  |TAMS 0x000000008ac00000, 0x000000008ac00000| Untracked 
| 133|0x000000008ad00000, 0x000000008ad00000, 0x000000008ae00000|  0%| F|  |TAMS 0x000000008ad00000, 0x000000008ad00000| Untracked 
| 134|0x000000008ae00000, 0x000000008ae00000, 0x000000008af00000|  0%| F|  |TAMS 0x000000008ae00000, 0x000000008ae00000| Untracked 
| 135|0x000000008af00000, 0x000000008af00000, 0x000000008b000000|  0%| F|  |TAMS 0x000000008af00000, 0x000000008af00000| Untracked 
| 136|0x000000008b000000, 0x000000008b000000, 0x000000008b100000|  0%| F|  |TAMS 0x000000008b000000, 0x000000008b000000| Untracked 
| 137|0x000000008b100000, 0x000000008b100000, 0x000000008b200000|  0%| F|  |TAMS 0x000000008b100000, 0x000000008b100000| Untracked 
| 138|0x000000008b200000, 0x000000008b200000, 0x000000008b300000|  0%| F|  |TAMS 0x000000008b200000, 0x000000008b200000| Untracked 
| 139|0x000000008b300000, 0x000000008b300000, 0x000000008b400000|  0%| F|  |TAMS 0x000000008b300000, 0x000000008b300000| Untracked 
| 140|0x000000008b400000, 0x000000008b400000, 0x000000008b500000|  0%| F|  |TAMS 0x000000008b400000, 0x000000008b400000| Untracked 
| 141|0x000000008b500000, 0x000000008b500000, 0x000000008b600000|  0%| F|  |TAMS 0x000000008b500000, 0x000000008b500000| Untracked 
| 142|0x000000008b600000, 0x000000008b600000, 0x000000008b700000|  0%| F|  |TAMS 0x000000008b600000, 0x000000008b600000| Untracked 
| 143|0x000000008b700000, 0x000000008b700000, 0x000000008b800000|  0%| F|  |TAMS 0x000000008b700000, 0x000000008b700000| Untracked 
| 144|0x000000008b800000, 0x000000008b800000, 0x000000008b900000|  0%| F|  |TAMS 0x000000008b800000, 0x000000008b800000| Untracked 
| 145|0x000000008b900000, 0x000000008b900000, 0x000000008ba00000|  0%| F|  |TAMS 0x000000008b900000, 0x000000008b900000| Untracked 
| 146|0x000000008ba00000, 0x000000008ba00000, 0x000000008bb00000|  0%| F|  |TAMS 0x000000008ba00000, 0x000000008ba00000| Untracked 
| 147|0x000000008bb00000, 0x000000008bb00000, 0x000000008bc00000|  0%| F|  |TAMS 0x000000008bb00000, 0x000000008bb00000| Untracked 
| 148|0x000000008bc00000, 0x000000008bc00000, 0x000000008bd00000|  0%| F|  |TAMS 0x000000008bc00000, 0x000000008bc00000| Untracked 
| 149|0x000000008bd00000, 0x000000008bd00000, 0x000000008be00000|  0%| F|  |TAMS 0x000000008bd00000, 0x000000008bd00000| Untracked 
| 150|0x000000008be00000, 0x000000008be00000, 0x000000008bf00000|  0%| F|  |TAMS 0x000000008be00000, 0x000000008be00000| Untracked 
| 151|0x000000008bf00000, 0x000000008bf00000, 0x000000008c000000|  0%| F|  |TAMS 0x000000008bf00000, 0x000000008bf00000| Untracked 
| 152|0x000000008c000000, 0x000000008c000000, 0x000000008c100000|  0%| F|  |TAMS 0x000000008c000000, 0x000000008c000000| Untracked 
| 153|0x000000008c100000, 0x000000008c100000, 0x000000008c200000|  0%| F|  |TAMS 0x000000008c100000, 0x000000008c100000| Untracked 
| 154|0x000000008c200000, 0x000000008c200000, 0x000000008c300000|  0%| F|  |TAMS 0x000000008c200000, 0x000000008c200000| Untracked 
| 155|0x000000008c300000, 0x000000008c300000, 0x000000008c400000|  0%| F|  |TAMS 0x000000008c300000, 0x000000008c300000| Untracked 
| 156|0x000000008c400000, 0x000000008c400000, 0x000000008c500000|  0%| F|  |TAMS 0x000000008c400000, 0x000000008c400000| Untracked 
| 157|0x000000008c500000, 0x000000008c500000, 0x000000008c600000|  0%| F|  |TAMS 0x000000008c500000, 0x000000008c500000| Untracked 
| 158|0x000000008c600000, 0x000000008c600000, 0x000000008c700000|  0%| F|  |TAMS 0x000000008c600000, 0x000000008c600000| Untracked 
| 159|0x000000008c700000, 0x000000008c700000, 0x000000008c800000|  0%| F|  |TAMS 0x000000008c700000, 0x000000008c700000| Untracked 
| 160|0x000000008c800000, 0x000000008c800000, 0x000000008c900000|  0%| F|  |TAMS 0x000000008c800000, 0x000000008c800000| Untracked 
| 161|0x000000008c900000, 0x000000008c900000, 0x000000008ca00000|  0%| F|  |TAMS 0x000000008c900000, 0x000000008c900000| Untracked 
| 162|0x000000008ca00000, 0x000000008ca00000, 0x000000008cb00000|  0%| F|  |TAMS 0x000000008ca00000, 0x000000008ca00000| Untracked 
| 163|0x000000008cb00000, 0x000000008cb00000, 0x000000008cc00000|  0%| F|  |TAMS 0x000000008cb00000, 0x000000008cb00000| Untracked 
| 164|0x000000008cc00000, 0x000000008cc00000, 0x000000008cd00000|  0%| F|  |TAMS 0x000000008cc00000, 0x000000008cc00000| Untracked 
| 165|0x000000008cd00000, 0x000000008cd00000, 0x000000008ce00000|  0%| F|  |TAMS 0x000000008cd00000, 0x000000008cd00000| Untracked 
| 166|0x000000008ce00000, 0x000000008ce00000, 0x000000008cf00000|  0%| F|  |TAMS 0x000000008ce00000, 0x000000008ce00000| Untracked 
| 167|0x000000008cf00000, 0x000000008cf00000, 0x000000008d000000|  0%| F|  |TAMS 0x000000008cf00000, 0x000000008cf00000| Untracked 
| 168|0x000000008d000000, 0x000000008d000000, 0x000000008d100000|  0%| F|  |TAMS 0x000000008d000000, 0x000000008d000000| Untracked 
| 169|0x000000008d100000, 0x000000008d100000, 0x000000008d200000|  0%| F|  |TAMS 0x000000008d100000, 0x000000008d100000| Untracked 
| 170|0x000000008d200000, 0x000000008d200000, 0x000000008d300000|  0%| F|  |TAMS 0x000000008d200000, 0x000000008d200000| Untracked 
| 171|0x000000008d300000, 0x000000008d300000, 0x000000008d400000|  0%| F|  |TAMS 0x000000008d300000, 0x000000008d300000| Untracked 
| 172|0x000000008d400000, 0x000000008d400000, 0x000000008d500000|  0%| F|  |TAMS 0x000000008d400000, 0x000000008d400000| Untracked 
| 173|0x000000008d500000, 0x000000008d500000, 0x000000008d600000|  0%| F|  |TAMS 0x000000008d500000, 0x000000008d500000| Untracked 
| 174|0x000000008d600000, 0x000000008d600000, 0x000000008d700000|  0%| F|  |TAMS 0x000000008d600000, 0x000000008d600000| Untracked 
| 175|0x000000008d700000, 0x000000008d700000, 0x000000008d800000|  0%| F|  |TAMS 0x000000008d700000, 0x000000008d700000| Untracked 
| 176|0x000000008d800000, 0x000000008d800000, 0x000000008d900000|  0%| F|  |TAMS 0x000000008d800000, 0x000000008d800000| Untracked 
| 177|0x000000008d900000, 0x000000008d900000, 0x000000008da00000|  0%| F|  |TAMS 0x000000008d900000, 0x000000008d900000| Untracked 
| 178|0x000000008da00000, 0x000000008da00000, 0x000000008db00000|  0%| F|  |TAMS 0x000000008da00000, 0x000000008da00000| Untracked 
| 179|0x000000008db00000, 0x000000008db00000, 0x000000008dc00000|  0%| F|  |TAMS 0x000000008db00000, 0x000000008db00000| Untracked 
| 180|0x000000008dc00000, 0x000000008dc00000, 0x000000008dd00000|  0%| F|  |TAMS 0x000000008dc00000, 0x000000008dc00000| Untracked 
| 181|0x000000008dd00000, 0x000000008dd00000, 0x000000008de00000|  0%| F|  |TAMS 0x000000008dd00000, 0x000000008dd00000| Untracked 
| 182|0x000000008de00000, 0x000000008de00000, 0x000000008df00000|  0%| F|  |TAMS 0x000000008de00000, 0x000000008de00000| Untracked 
| 183|0x000000008df00000, 0x000000008df00000, 0x000000008e000000|  0%| F|  |TAMS 0x000000008df00000, 0x000000008df00000| Untracked 
| 184|0x000000008e000000, 0x000000008e000000, 0x000000008e100000|  0%| F|  |TAMS 0x000000008e000000, 0x000000008e000000| Untracked 
| 185|0x000000008e100000, 0x000000008e100000, 0x000000008e200000|  0%| F|  |TAMS 0x000000008e100000, 0x000000008e100000| Untracked 
| 186|0x000000008e200000, 0x000000008e200000, 0x000000008e300000|  0%| F|  |TAMS 0x000000008e200000, 0x000000008e200000| Untracked 
| 187|0x000000008e300000, 0x000000008e300000, 0x000000008e400000|  0%| F|  |TAMS 0x000000008e300000, 0x000000008e300000| Untracked 
| 188|0x000000008e400000, 0x000000008e400000, 0x000000008e500000|  0%| F|  |TAMS 0x000000008e400000, 0x000000008e400000| Untracked 
| 189|0x000000008e500000, 0x000000008e500000, 0x000000008e600000|  0%| F|  |TAMS 0x000000008e500000, 0x000000008e500000| Untracked 
| 190|0x000000008e600000, 0x000000008e600000, 0x000000008e700000|  0%| F|  |TAMS 0x000000008e600000, 0x000000008e600000| Untracked 
| 191|0x000000008e700000, 0x000000008e700000, 0x000000008e800000|  0%| F|  |TAMS 0x000000008e700000, 0x000000008e700000| Untracked 
| 192|0x000000008e800000, 0x000000008e800000, 0x000000008e900000|  0%| F|  |TAMS 0x000000008e800000, 0x000000008e800000| Untracked 
| 193|0x000000008e900000, 0x000000008e900000, 0x000000008ea00000|  0%| F|  |TAMS 0x000000008e900000, 0x000000008e900000| Untracked 
| 194|0x000000008ea00000, 0x000000008ea00000, 0x000000008eb00000|  0%| F|  |TAMS 0x000000008ea00000, 0x000000008ea00000| Untracked 
| 195|0x000000008eb00000, 0x000000008eb00000, 0x000000008ec00000|  0%| F|  |TAMS 0x000000008eb00000, 0x000000008eb00000| Untracked 
| 196|0x000000008ec00000, 0x000000008ec00000, 0x000000008ed00000|  0%| F|  |TAMS 0x000000008ec00000, 0x000000008ec00000| Untracked 
| 197|0x000000008ed00000, 0x000000008ed00000, 0x000000008ee00000|  0%| F|  |TAMS 0x000000008ed00000, 0x000000008ed00000| Untracked 
| 198|0x000000008ee00000, 0x000000008ee00000, 0x000000008ef00000|  0%| F|  |TAMS 0x000000008ee00000, 0x000000008ee00000| Untracked 
| 199|0x000000008ef00000, 0x000000008ef00000, 0x000000008f000000|  0%| F|  |TAMS 0x000000008ef00000, 0x000000008ef00000| Untracked 
| 200|0x000000008f000000, 0x000000008f000000, 0x000000008f100000|  0%| F|  |TAMS 0x000000008f000000, 0x000000008f000000| Untracked 
| 201|0x000000008f100000, 0x000000008f100000, 0x000000008f200000|  0%| F|  |TAMS 0x000000008f100000, 0x000000008f100000| Untracked 
| 202|0x000000008f200000, 0x000000008f200000, 0x000000008f300000|  0%| F|  |TAMS 0x000000008f200000, 0x000000008f200000| Untracked 
| 203|0x000000008f300000, 0x000000008f300000, 0x000000008f400000|  0%| F|  |TAMS 0x000000008f300000, 0x000000008f300000| Untracked 
| 204|0x000000008f400000, 0x000000008f400000, 0x000000008f500000|  0%| F|  |TAMS 0x000000008f400000, 0x000000008f400000| Untracked 
| 205|0x000000008f500000, 0x000000008f500000, 0x000000008f600000|  0%| F|  |TAMS 0x000000008f500000, 0x000000008f500000| Untracked 
| 206|0x000000008f600000, 0x000000008f600000, 0x000000008f700000|  0%| F|  |TAMS 0x000000008f600000, 0x000000008f600000| Untracked 
| 207|0x000000008f700000, 0x000000008f700000, 0x000000008f800000|  0%| F|  |TAMS 0x000000008f700000, 0x000000008f700000| Untracked 
| 208|0x000000008f800000, 0x000000008f800000, 0x000000008f900000|  0%| F|  |TAMS 0x000000008f800000, 0x000000008f800000| Untracked 
| 209|0x000000008f900000, 0x000000008f900000, 0x000000008fa00000|  0%| F|  |TAMS 0x000000008f900000, 0x000000008f900000| Untracked 
| 210|0x000000008fa00000, 0x000000008fa00000, 0x000000008fb00000|  0%| F|  |TAMS 0x000000008fa00000, 0x000000008fa00000| Untracked 
| 211|0x000000008fb00000, 0x000000008fb00000, 0x000000008fc00000|  0%| F|  |TAMS 0x000000008fb00000, 0x000000008fb00000| Untracked 
| 212|0x000000008fc00000, 0x000000008fc00000, 0x000000008fd00000|  0%| F|  |TAMS 0x000000008fc00000, 0x000000008fc00000| Untracked 
| 213|0x000000008fd00000, 0x000000008fd00000, 0x000000008fe00000|  0%| F|  |TAMS 0x000000008fd00000, 0x000000008fd00000| Untracked 
| 214|0x000000008fe00000, 0x000000008fe00000, 0x000000008ff00000|  0%| F|  |TAMS 0x000000008fe00000, 0x000000008fe00000| Untracked 
| 215|0x000000008ff00000, 0x000000008ff00000, 0x0000000090000000|  0%| F|  |TAMS 0x000000008ff00000, 0x000000008ff00000| Untracked 
| 216|0x0000000090000000, 0x0000000090000000, 0x0000000090100000|  0%| F|  |TAMS 0x0000000090000000, 0x0000000090000000| Untracked 
| 217|0x0000000090100000, 0x0000000090100000, 0x0000000090200000|  0%| F|  |TAMS 0x0000000090100000, 0x0000000090100000| Untracked 
| 218|0x0000000090200000, 0x0000000090200000, 0x0000000090300000|  0%| F|  |TAMS 0x0000000090200000, 0x0000000090200000| Untracked 
| 219|0x0000000090300000, 0x0000000090300000, 0x0000000090400000|  0%| F|  |TAMS 0x0000000090300000, 0x0000000090300000| Untracked 
| 220|0x0000000090400000, 0x0000000090400000, 0x0000000090500000|  0%| F|  |TAMS 0x0000000090400000, 0x0000000090400000| Untracked 
| 221|0x0000000090500000, 0x0000000090500000, 0x0000000090600000|  0%| F|  |TAMS 0x0000000090500000, 0x0000000090500000| Untracked 
| 222|0x0000000090600000, 0x0000000090600000, 0x0000000090700000|  0%| F|  |TAMS 0x0000000090600000, 0x0000000090600000| Untracked 
| 223|0x0000000090700000, 0x0000000090700000, 0x0000000090800000|  0%| F|  |TAMS 0x0000000090700000, 0x0000000090700000| Untracked 
| 224|0x0000000090800000, 0x0000000090800000, 0x0000000090900000|  0%| F|  |TAMS 0x0000000090800000, 0x0000000090800000| Untracked 
| 225|0x0000000090900000, 0x0000000090900000, 0x0000000090a00000|  0%| F|  |TAMS 0x0000000090900000, 0x0000000090900000| Untracked 
| 226|0x0000000090a00000, 0x0000000090a00000, 0x0000000090b00000|  0%| F|  |TAMS 0x0000000090a00000, 0x0000000090a00000| Untracked 
| 227|0x0000000090b00000, 0x0000000090b00000, 0x0000000090c00000|  0%| F|  |TAMS 0x0000000090b00000, 0x0000000090b00000| Untracked 
| 228|0x0000000090c00000, 0x0000000090c00000, 0x0000000090d00000|  0%| F|  |TAMS 0x0000000090c00000, 0x0000000090c00000| Untracked 
| 229|0x0000000090d00000, 0x0000000090d00000, 0x0000000090e00000|  0%| F|  |TAMS 0x0000000090d00000, 0x0000000090d00000| Untracked 
| 230|0x0000000090e00000, 0x0000000090e00000, 0x0000000090f00000|  0%| F|  |TAMS 0x0000000090e00000, 0x0000000090e00000| Untracked 
| 231|0x0000000090f00000, 0x0000000090f00000, 0x0000000091000000|  0%| F|  |TAMS 0x0000000090f00000, 0x0000000090f00000| Untracked 
| 232|0x0000000091000000, 0x0000000091000000, 0x0000000091100000|  0%| F|  |TAMS 0x0000000091000000, 0x0000000091000000| Untracked 
| 233|0x0000000091100000, 0x0000000091100000, 0x0000000091200000|  0%| F|  |TAMS 0x0000000091100000, 0x0000000091100000| Untracked 
| 234|0x0000000091200000, 0x0000000091200000, 0x0000000091300000|  0%| F|  |TAMS 0x0000000091200000, 0x0000000091200000| Untracked 
| 235|0x0000000091300000, 0x0000000091300000, 0x0000000091400000|  0%| F|  |TAMS 0x0000000091300000, 0x0000000091300000| Untracked 

Card table byte_map: [0x00000222b9790000,0x00000222b9b80000] _byte_map_base: 0x00000222b937c000

Marking Bits (Prev, Next): (CMBitMap*) 0x00000222b3785780, (CMBitMap*) 0x00000222b37857c0
 Prev Bits: [0x00000222b9f70000, 0x00000222bbed0000)
 Next Bits: [0x00000222bbed0000, 0x00000222bde30000)

Polling page: 0x00000222b1700000

Metaspace:

Usage:
  Non-class:     29.80 MB used.
      Class:      4.45 MB used.
       Both:     34.25 MB used.

Virtual space:
  Non-class space:       32.00 MB reserved,      29.94 MB ( 94%) committed,  4 nodes.
      Class space:        1.00 GB reserved,       4.63 MB ( <1%) committed,  1 nodes.
             Both:        1.03 GB reserved,      34.56 MB (  3%) committed. 

Chunk freelists:
   Non-Class:  1.25 MB
       Class:  3.41 MB
        Both:  4.66 MB

MaxMetaspaceSize: unlimited
CompressedClassSpaceSize: 1.00 GB
Initial GC threshold: 21.00 MB
Current GC threshold: 57.63 MB
CDS: off
MetaspaceReclaimPolicy: balanced
 - commit_granule_bytes: 65536.
 - commit_granule_words: 8192.
 - virtual_space_node_default_size: 1048576.
 - enlarge_chunks_in_place: 1.
 - new_chunks_are_fully_committed: 0.
 - uncommit_free_chunks: 1.
 - use_allocation_guard: 0.
 - handle_deallocations: 1.


Internal statistics:

num_allocs_failed_limit: 5.
num_arena_births: 300.
num_arena_deaths: 0.
num_vsnodes_births: 5.
num_vsnodes_deaths: 0.
num_space_committed: 553.
num_space_uncommitted: 0.
num_chunks_returned_to_freelist: 5.
num_chunks_taken_from_freelist: 1280.
num_chunk_merges: 5.
num_chunk_splits: 879.
num_chunks_enlarged: 701.
num_purges: 0.
num_inconsistent_stats: 0.

CodeCache: size=49152Kb used=8426Kb max_used=8426Kb free=40725Kb
 bounds [0x00000222b63a0000, 0x00000222b6be0000, 0x00000222b93a0000]
 total_blobs=4166 nmethods=3642 adapters=449
 compilation: enabled
              stopped_count=0, restarted_count=0
 full_count=0

Compilation events (20 events):
Event: 17.433 Thread 0x00000222c48a1a40 3639       1       jdk.internal.jimage.ImageReader::findLocation (14 bytes)
Event: 17.433 Thread 0x00000222c0e14880 nmethod 3642 0x00000222b6bd4210 code [0x00000222b6bd43c0, 0x00000222b6bd4558]
Event: 17.433 Thread 0x00000222c0e14880 3637       1       jdk.internal.module.SystemModuleFinders$SystemModuleReader$$Lambda$142/0x00000001001f8420::<init> (10 bytes)
Event: 17.434 Thread 0x00000222c48a1a40 nmethod 3639 0x00000222b6bd4690 code [0x00000222b6bd4840, 0x00000222b6bd49d8]
Event: 17.446 Thread 0x00000222c48a1a40 3638       1       jdk.internal.module.SystemModuleFinders$SystemModuleReader$$Lambda$142/0x00000001001f8420::apply (12 bytes)
Event: 17.446 Thread 0x00000222c0e14880 nmethod 3637 0x00000222b6bd6490 code [0x00000222b6bd6620, 0x00000222b6bd6738]
Event: 17.446 Thread 0x00000222c0e14880 3628       1       jdk.internal.module.SystemModuleFinders$SystemModuleReader::findImageLocation (42 bytes)
Event: 17.446 Thread 0x00000222c02425f0 nmethod 3629 0x00000222b6bd4b10 code [0x00000222b6bd4e80, 0x00000222b6bd5ca8]
Event: 17.446 Thread 0x00000222c02425f0 3641       1       jdk.internal.jimage.decompressor.ZipDecompressor::decompress (10 bytes)
Event: 17.446 Thread 0x00000222c48a1a40 nmethod 3638 0x00000222b6bd6790 code [0x00000222b6bd6920, 0x00000222b6bd6a48]
Event: 17.446 Thread 0x00000222c48a1a40 3634       1       jdk.internal.module.SystemModuleFinders$SystemModuleReader::open (15 bytes)
Event: 17.446 Thread 0x00000222c02425f0 nmethod 3641 0x00000222b6bd6b10 code [0x00000222b6bd6ca0, 0x00000222b6bd6d88]
Event: 17.446 Thread 0x00000222c02425f0 3635       1       jdk.internal.jimage.BasicImageReader::findLocation (57 bytes)
Event: 17.447 Thread 0x00000222c0e14880 nmethod 3628 0x00000222b6bd6e10 code [0x00000222b6bd6fe0, 0x00000222b6bd72d8]
Event: 17.447 Thread 0x00000222c0e14880 3636       1       jdk.internal.module.SystemModuleFinders$SystemModuleReader::read (25 bytes)
Event: 17.447 Thread 0x00000222c02425f0 nmethod 3635 0x00000222b6bd7490 code [0x00000222b6bd76a0, 0x00000222b6bd7bc8]
Event: 17.447 Thread 0x00000222c0e14880 nmethod 3636 0x00000222b6bd7e10 code [0x00000222b6bd7fe0, 0x00000222b6bd8338]
Event: 17.447 Thread 0x00000222c48a1a40 nmethod 3634 0x00000222b6bd8510 code [0x00000222b6bd8720, 0x00000222b6bd8ce8]
Event: 17.481 Thread 0x00000222c02425f0 3644  s!   1       jdk.internal.loader.URLClassPath::getLoader (196 bytes)
Event: 17.483 Thread 0x00000222c02425f0 nmethod 3644 0x00000222b6bd9390 code [0x00000222b6bd9640, 0x00000222b6bda058]

GC Heap History (20 events):
Event: 15.593 GC heap after
{Heap after GC invocations=18 (full 0):
 garbage-first heap   total 120832K, used 37781K [0x0000000082800000, 0x0000000100000000)
  region size 1024K, 2 young (2048K), 2 survivors (2048K)
 Metaspace       used 34916K, committed 35200K, reserved 1081344K
  class space    used 4534K, committed 4672K, reserved 1048576K
}
Event: 17.038 GC heap before
{Heap before GC invocations=19 (full 0):
 garbage-first heap   total 120832K, used 85909K [0x0000000082800000, 0x0000000100000000)
  region size 1024K, 49 young (50176K), 2 survivors (2048K)
 Metaspace       used 34917K, committed 35200K, reserved 1081344K
  class space    used 4535K, committed 4672K, reserved 1048576K
}
Event: 17.062 GC heap after
{Heap after GC invocations=20 (full 0):
 garbage-first heap   total 120832K, used 55746K [0x0000000082800000, 0x0000000100000000)
  region size 1024K, 7 young (7168K), 7 survivors (7168K)
 Metaspace       used 34917K, committed 35200K, reserved 1081344K
  class space    used 4535K, committed 4672K, reserved 1048576K
}
Event: 17.379 GC heap before
{Heap before GC invocations=20 (full 0):
 garbage-first heap   total 120832K, used 83394K [0x0000000082800000, 0x0000000100000000)
  region size 1024K, 34 young (34816K), 7 survivors (7168K)
 Metaspace       used 34973K, committed 35328K, reserved 1081344K
  class space    used 4545K, committed 4736K, reserved 1048576K
}
Event: 17.404 GC heap after
{Heap after GC invocations=21 (full 0):
 garbage-first heap   total 120832K, used 63802K [0x0000000082800000, 0x0000000100000000)
  region size 1024K, 5 young (5120K), 5 survivors (5120K)
 Metaspace       used 34973K, committed 35328K, reserved 1081344K
  class space    used 4545K, committed 4736K, reserved 1048576K
}
Event: 17.434 GC heap before
{Heap before GC invocations=21 (full 0):
 garbage-first heap   total 120832K, used 87354K [0x0000000082800000, 0x0000000100000000)
  region size 1024K, 29 young (29696K), 5 survivors (5120K)
 Metaspace       used 34980K, committed 35328K, reserved 1081344K
  class space    used 4545K, committed 4736K, reserved 1048576K
}
Event: 17.446 GC heap after
{Heap after GC invocations=22 (full 0):
 garbage-first heap   total 120832K, used 65686K [0x0000000082800000, 0x0000000100000000)
  region size 1024K, 2 young (2048K), 2 survivors (2048K)
 Metaspace       used 34980K, committed 35328K, reserved 1081344K
  class space    used 4545K, committed 4736K, reserved 1048576K
}
Event: 17.471 GC heap before
{Heap before GC invocations=22 (full 0):
 garbage-first heap   total 120832K, used 90262K [0x0000000082800000, 0x0000000100000000)
  region size 1024K, 27 young (27648K), 2 survivors (2048K)
 Metaspace       used 34980K, committed 35328K, reserved 1081344K
  class space    used 4545K, committed 4736K, reserved 1048576K
}
Event: 17.473 GC heap after
{Heap after GC invocations=23 (full 0):
 garbage-first heap   total 120832K, used 66315K [0x0000000082800000, 0x0000000100000000)
  region size 1024K, 3 young (3072K), 3 survivors (3072K)
 Metaspace       used 34980K, committed 35328K, reserved 1081344K
  class space    used 4545K, committed 4736K, reserved 1048576K
}
Event: 17.576 GC heap before
{Heap before GC invocations=23 (full 0):
 garbage-first heap   total 120832K, used 91915K [0x0000000082800000, 0x0000000100000000)
  region size 1024K, 30 young (30720K), 3 survivors (3072K)
 Metaspace       used 35073K, committed 35392K, reserved 1081344K
  class space    used 4558K, committed 4736K, reserved 1048576K
}
Event: 17.581 GC heap after
{Heap after GC invocations=24 (full 0):
 garbage-first heap   total 241664K, used 67238K [0x0000000082800000, 0x0000000100000000)
  region size 1024K, 3 young (3072K), 3 survivors (3072K)
 Metaspace       used 35073K, committed 35392K, reserved 1081344K
  class space    used 4558K, committed 4736K, reserved 1048576K
}
Event: 17.694 GC heap before
{Heap before GC invocations=24 (full 0):
 garbage-first heap   total 241664K, used 140966K [0x0000000082800000, 0x0000000100000000)
  region size 1024K, 77 young (78848K), 3 survivors (3072K)
 Metaspace       used 35073K, committed 35392K, reserved 1081344K
  class space    used 4558K, committed 4736K, reserved 1048576K
}
Event: 17.700 GC heap after
{Heap after GC invocations=25 (full 0):
 garbage-first heap   total 241664K, used 69179K [0x0000000082800000, 0x0000000100000000)
  region size 1024K, 6 young (6144K), 6 survivors (6144K)
 Metaspace       used 35073K, committed 35392K, reserved 1081344K
  class space    used 4558K, committed 4736K, reserved 1048576K
}
Event: 17.779 GC heap before
{Heap before GC invocations=26 (full 0):
 garbage-first heap   total 241664K, used 176699K [0x0000000082800000, 0x0000000100000000)
  region size 1024K, 112 young (114688K), 6 survivors (6144K)
 Metaspace       used 35073K, committed 35392K, reserved 1081344K
  class space    used 4558K, committed 4736K, reserved 1048576K
}
Event: 17.787 GC heap after
{Heap after GC invocations=27 (full 0):
 garbage-first heap   total 241664K, used 73600K [0x0000000082800000, 0x0000000100000000)
  region size 1024K, 10 young (10240K), 10 survivors (10240K)
 Metaspace       used 35073K, committed 35392K, reserved 1081344K
  class space    used 4558K, committed 4736K, reserved 1048576K
}
Event: 17.787 GC heap before
{Heap before GC invocations=27 (full 0):
 garbage-first heap   total 241664K, used 73600K [0x0000000082800000, 0x0000000100000000)
  region size 1024K, 11 young (11264K), 10 survivors (10240K)
 Metaspace       used 35073K, committed 35392K, reserved 1081344K
  class space    used 4558K, committed 4736K, reserved 1048576K
}
Event: 17.795 GC heap after
{Heap after GC invocations=28 (full 0):
 garbage-first heap   total 241664K, used 74173K [0x0000000082800000, 0x0000000100000000)
  region size 1024K, 2 young (2048K), 2 survivors (2048K)
 Metaspace       used 35073K, committed 35392K, reserved 1081344K
  class space    used 4558K, committed 4736K, reserved 1048576K
}
Event: 17.889 GC heap before
{Heap before GC invocations=28 (full 0):
 garbage-first heap   total 241664K, used 182717K [0x0000000082800000, 0x0000000100000000)
  region size 1024K, 109 young (111616K), 2 survivors (2048K)
 Metaspace       used 35073K, committed 35392K, reserved 1081344K
  class space    used 4558K, committed 4736K, reserved 1048576K
}
Event: 17.893 GC heap after
{Heap after GC invocations=29 (full 0):
 garbage-first heap   total 241664K, used 78376K [0x0000000082800000, 0x0000000100000000)
  region size 1024K, 6 young (6144K), 6 survivors (6144K)
 Metaspace       used 35073K, committed 35392K, reserved 1081344K
  class space    used 4558K, committed 4736K, reserved 1048576K
}
Event: 18.069 GC heap before
{Heap before GC invocations=29 (full 0):
 garbage-first heap   total 241664K, used 186920K [0x0000000082800000, 0x0000000100000000)
  region size 1024K, 113 young (115712K), 6 survivors (6144K)
 Metaspace       used 35074K, committed 35392K, reserved 1081344K
  class space    used 4559K, committed 4736K, reserved 1048576K
}

Deoptimization events (18 events):
Event: 5.315 Thread 0x00000222b3730ab0 DEOPT PACKING pc=0x00000222b6699af5 sp=0x000000e0993fd7a0
Event: 5.315 Thread 0x00000222b3730ab0 DEOPT UNPACKING pc=0x00000222b63f2b43 sp=0x000000e0993fcc10 mode 3
Event: 7.410 Thread 0x00000222b3730ab0 DEOPT PACKING pc=0x00000222b67b6099 sp=0x000000e0993fcf50
Event: 7.410 Thread 0x00000222b3730ab0 DEOPT UNPACKING pc=0x00000222b63f2b43 sp=0x000000e0993fc430 mode 3
Event: 9.257 Thread 0x00000222b3730ab0 DEOPT PACKING pc=0x00000222b6874f75 sp=0x000000e0993fdde0
Event: 9.257 Thread 0x00000222b3730ab0 DEOPT UNPACKING pc=0x00000222b63f2b43 sp=0x000000e0993fd250 mode 3
Event: 11.317 Thread 0x00000222b3730ab0 DEOPT PACKING pc=0x00000222b6519e34 sp=0x000000e0993f7490
Event: 11.317 Thread 0x00000222b3730ab0 DEOPT UNPACKING pc=0x00000222b63f2b43 sp=0x000000e0993f6910 mode 3
Event: 12.341 Thread 0x00000222b3730ab0 DEOPT PACKING pc=0x00000222b64db019 sp=0x000000e0993fc4c0
Event: 12.342 Thread 0x00000222b3730ab0 DEOPT UNPACKING pc=0x00000222b63f2b43 sp=0x000000e0993fb9a0 mode 3
Event: 12.719 Thread 0x00000222c2b29da0 DEOPT PACKING pc=0x00000222b6a11d2b sp=0x000000e09aafe670
Event: 12.719 Thread 0x00000222c2b29da0 DEOPT UNPACKING pc=0x00000222b63f2b43 sp=0x000000e09aafdbb8 mode 3
Event: 14.884 Thread 0x00000222c2cf7550 DEOPT PACKING pc=0x00000222b6999ab5 sp=0x000000e09b6fd350
Event: 14.884 Thread 0x00000222c2cf7550 DEOPT UNPACKING pc=0x00000222b63f2b43 sp=0x000000e09b6fc878 mode 3
Event: 15.201 Thread 0x00000222c2cf7080 DEOPT PACKING pc=0x00000222b67b7b81 sp=0x000000e09b5feb90
Event: 15.201 Thread 0x00000222c2cf7080 DEOPT UNPACKING pc=0x00000222b63f2b43 sp=0x000000e09b5fe020 mode 3
Event: 16.482 Thread 0x00000222c2cf4010 DEOPT PACKING pc=0x00000222b6801d17 sp=0x000000e09b2fee20
Event: 16.482 Thread 0x00000222c2cf4010 DEOPT UNPACKING pc=0x00000222b63f2b43 sp=0x000000e09b2fe278 mode 3

Classes unloaded (0 events):
No events

Classes redefined (0 events):
No events

Internal exceptions (20 events):
Event: 13.160 Thread 0x00000222c1572380 Exception <a 'sun/nio/fs/WindowsException'{0x000000008486e0c0}> (0x000000008486e0c0) 
thrown [e:\jenkins\tmp\workspace\build\src\src\hotspot\share\prims\jni.cpp, line 516]
Event: 13.160 Thread 0x00000222c1572380 Exception <a 'sun/nio/fs/WindowsException'{0x000000008486eaa8}> (0x000000008486eaa8) 
thrown [e:\jenkins\tmp\workspace\build\src\src\hotspot\share\prims\jni.cpp, line 516]
Event: 13.160 Thread 0x00000222c1572380 Exception <a 'sun/nio/fs/WindowsException'{0x000000008486ee48}> (0x000000008486ee48) 
thrown [e:\jenkins\tmp\workspace\build\src\src\hotspot\share\prims\jni.cpp, line 516]
Event: 13.160 Thread 0x00000222c1572380 Exception <a 'sun/nio/fs/WindowsException'{0x000000008486f840}> (0x000000008486f840) 
thrown [e:\jenkins\tmp\workspace\build\src\src\hotspot\share\prims\jni.cpp, line 516]
Event: 13.160 Thread 0x00000222c1572380 Exception <a 'sun/nio/fs/WindowsException'{0x000000008486fbf8}> (0x000000008486fbf8) 
thrown [e:\jenkins\tmp\workspace\build\src\src\hotspot\share\prims\jni.cpp, line 516]
Event: 13.160 Thread 0x00000222c1572380 Exception <a 'sun/nio/fs/WindowsException'{0x00000000848705e0}> (0x00000000848705e0) 
thrown [e:\jenkins\tmp\workspace\build\src\src\hotspot\share\prims\jni.cpp, line 516]
Event: 13.160 Thread 0x00000222c1572380 Exception <a 'sun/nio/fs/WindowsException'{0x0000000084870988}> (0x0000000084870988) 
thrown [e:\jenkins\tmp\workspace\build\src\src\hotspot\share\prims\jni.cpp, line 516]
Event: 13.160 Thread 0x00000222c1572380 Exception <a 'sun/nio/fs/WindowsException'{0x0000000084871380}> (0x0000000084871380) 
thrown [e:\jenkins\tmp\workspace\build\src\src\hotspot\share\prims\jni.cpp, line 516]
Event: 13.160 Thread 0x00000222c1572380 Exception <a 'sun/nio/fs/WindowsException'{0x0000000084871738}> (0x0000000084871738) 
thrown [e:\jenkins\tmp\workspace\build\src\src\hotspot\share\prims\jni.cpp, line 516]
Event: 13.161 Thread 0x00000222c1572380 Exception <a 'sun/nio/fs/WindowsException'{0x0000000084872148}> (0x0000000084872148) 
thrown [e:\jenkins\tmp\workspace\build\src\src\hotspot\share\prims\jni.cpp, line 516]
Event: 13.161 Thread 0x00000222c1572380 Exception <a 'sun/nio/fs/WindowsException'{0x0000000084872520}> (0x0000000084872520) 
thrown [e:\jenkins\tmp\workspace\build\src\src\hotspot\share\prims\jni.cpp, line 516]
Event: 13.162 Thread 0x00000222c1572380 Exception <a 'sun/nio/fs/WindowsException'{0x0000000084872f48}> (0x0000000084872f48) 
thrown [e:\jenkins\tmp\workspace\build\src\src\hotspot\share\prims\jni.cpp, line 516]
Event: 13.162 Thread 0x00000222c1572380 Exception <a 'sun/nio/fs/WindowsException'{0x0000000084873338}> (0x0000000084873338) 
thrown [e:\jenkins\tmp\workspace\build\src\src\hotspot\share\prims\jni.cpp, line 516]
Event: 13.162 Thread 0x00000222c1572380 Exception <a 'sun/nio/fs/WindowsException'{0x0000000084873d58}> (0x0000000084873d58) 
thrown [e:\jenkins\tmp\workspace\build\src\src\hotspot\share\prims\jni.cpp, line 516]
Event: 13.162 Thread 0x00000222c1572380 Exception <a 'sun/nio/fs/WindowsException'{0x0000000084874140}> (0x0000000084874140) 
thrown [e:\jenkins\tmp\workspace\build\src\src\hotspot\share\prims\jni.cpp, line 516]
Event: 13.915 Thread 0x00000222c1572850 Exception <a 'java/lang/NoSuchMethodError'{0x000000008930f940}: 'java.lang.Object java.lang.invoke.DirectMethodHandle$Holder.invokeStatic(java.lang.Object, java.lang.Object, java.lang.Object, int, java.lang.Object, java.lang.Object)'> (0x000000008930f940) 
thrown [e:\jenkins\tmp\workspace\build\src\src\hotspot\share\interpreter\linkResolver.cpp, line 766]
Event: 14.880 Thread 0x00000222c2cf7550 Exception <a 'java/lang/NoSuchMethodError'{0x0000000085724ca0}: 'java.lang.Object java.lang.invoke.DirectMethodHandle$Holder.invokeStatic(java.lang.Object, int, java.lang.Object)'> (0x0000000085724ca0) 
thrown [e:\jenkins\tmp\workspace\build\src\src\hotspot\share\interpreter\linkResolver.cpp, line 766]
Event: 15.386 Thread 0x00000222c2cf7550 Exception <a 'java/lang/NoSuchMethodError'{0x00000000894ad848}: 'int java.lang.invoke.DirectMethodHandle$Holder.invokeStatic(java.lang.Object)'> (0x00000000894ad848) 
thrown [e:\jenkins\tmp\workspace\build\src\src\hotspot\share\interpreter\linkResolver.cpp, line 766]
Event: 15.386 Thread 0x00000222c2cf7550 Exception <a 'java/lang/NoSuchMethodError'{0x00000000894c3640}: 'int java.lang.invoke.DirectMethodHandle$Holder.invokeStaticInit(java.lang.Object)'> (0x00000000894c3640) 
thrown [e:\jenkins\tmp\workspace\build\src\src\hotspot\share\interpreter\linkResolver.cpp, line 766]
Event: 15.409 Thread 0x00000222c1572850 Exception <a 'java/lang/NoSuchMethodError'{0x00000000857e1f88}: 'int java.lang.invoke.DirectMethodHandle$Holder.invokeVirtual(java.lang.Object, java.lang.Object)'> (0x00000000857e1f88) 
thrown [e:\jenkins\tmp\workspace\build\src\src\hotspot\share\interpreter\linkResolver.cpp, line 766]

VM Operations (20 events):
Event: 17.613 Executing VM operation: G1Concurrent done
Event: 17.669 Executing VM operation: G1CollectForAllocation
Event: 17.694 Executing VM operation: G1CollectForAllocation done
Event: 17.694 Executing VM operation: G1CollectForAllocation
Event: 17.700 Executing VM operation: G1CollectForAllocation done
Event: 17.716 Executing VM operation: G1Concurrent
Event: 17.716 Executing VM operation: G1Concurrent done
Event: 17.767 Executing VM operation: G1CollectForAllocation
Event: 17.779 Executing VM operation: G1CollectForAllocation done
Event: 17.779 Executing VM operation: G1CollectForAllocation
Event: 17.787 Executing VM operation: G1CollectForAllocation done
Event: 17.787 Executing VM operation: G1CollectForAllocation
Event: 17.787 Executing VM operation: G1CollectForAllocation done
Event: 17.787 Executing VM operation: G1CollectForAllocation
Event: 17.795 Executing VM operation: G1CollectForAllocation done
Event: 17.889 Executing VM operation: G1CollectForAllocation
Event: 17.889 Executing VM operation: G1CollectForAllocation done
Event: 17.889 Executing VM operation: G1CollectForAllocation
Event: 17.893 Executing VM operation: G1CollectForAllocation done
Event: 18.060 Executing VM operation: G1CollectForAllocation

Events (20 events):
Event: 15.213 loading class jdk/internal/jimage/ImageReader$Resource
Event: 15.213 loading class jdk/internal/jimage/ImageReader$Resource done
Event: 15.213 loading class java/util/stream/LongStream
Event: 15.214 loading class java/util/stream/LongStream done
Event: 15.214 loading class java/util/stream/DoubleStream
Event: 15.214 loading class java/util/stream/DoubleStream done
Event: 15.397 Thread 0x00000222c2cf7a20 Thread added: 0x00000222c2cf7a20
Event: 15.403 loading class java/util/concurrent/CompletionException
Event: 15.403 loading class java/util/concurrent/CompletionException done
Event: 15.413 loading class java/io/PrintWriter
Event: 15.413 loading class java/io/PrintWriter done
Event: 15.416 loading class sun/nio/cs/StringUTF16
Event: 15.416 loading class sun/nio/cs/StringUTF16 done
Event: 15.417 loading class java/util/WeakHashMap$EntrySet
Event: 15.418 loading class java/util/WeakHashMap$EntrySet done
Event: 15.418 loading class java/util/WeakHashMap$EntryIterator
Event: 15.418 loading class java/util/WeakHashMap$HashIterator
Event: 15.418 loading class java/util/WeakHashMap$HashIterator done
Event: 15.418 loading class java/util/WeakHashMap$EntryIterator done
Event: 17.339 Thread 0x00000222c48a1a40 Thread added: 0x00000222c48a1a40


Dynamic libraries:
0x00007ff7969d0000 - 0x00007ff7969de000 	c:\Users\User\.vscode\extensions\redhat.java-1.9.0-win32-x64\jre\17.0.3-win32-x86_64\bin\java.exe
0x00007ffa63940000 - 0x00007ffa63b30000 	C:\WINDOWS\SYSTEM32\ntdll.dll
0x00007ffa62560000 - 0x00007ffa62612000 	C:\WINDOWS\System32\KERNEL32.DLL
0x00007ffa60af0000 - 0x00007ffa60d95000 	C:\WINDOWS\System32\KERNELBASE.dll
0x00007ffa616b0000 - 0x00007ffa617aa000 	C:\WINDOWS\System32\ucrtbase.dll
0x00007ffa5e940000 - 0x00007ffa5e958000 	c:\Users\User\.vscode\extensions\redhat.java-1.9.0-win32-x64\jre\17.0.3-win32-x86_64\bin\jli.dll
0x00007ffa62920000 - 0x00007ffa62ab4000 	C:\WINDOWS\System32\USER32.dll
0x00007ffa608c0000 - 0x00007ffa608e1000 	C:\WINDOWS\System32\win32u.dll
0x00007ffa637b0000 - 0x00007ffa637d6000 	C:\WINDOWS\System32\GDI32.dll
0x00007ffa617b0000 - 0x00007ffa61948000 	C:\WINDOWS\System32\gdi32full.dll
0x00007ffa61950000 - 0x00007ffa619ee000 	C:\WINDOWS\System32\msvcp_win.dll
0x00007ffa5e840000 - 0x00007ffa5e859000 	c:\Users\User\.vscode\extensions\redhat.java-1.9.0-win32-x64\jre\17.0.3-win32-x86_64\bin\VCRUNTIME140.dll
0x00007ffa50c80000 - 0x00007ffa50f04000 	C:\WINDOWS\WinSxS\amd64_microsoft.windows.common-controls_6595b64144ccf1df_6.0.18362.1379_none_9e7ff3b3e45cc0c4\COMCTL32.dll
0x00007ffa63140000 - 0x00007ffa631de000 	C:\WINDOWS\System32\msvcrt.dll
0x00007ffa62cf0000 - 0x00007ffa63027000 	C:\WINDOWS\System32\combase.dll
0x00007ffa637e0000 - 0x00007ffa638ff000 	C:\WINDOWS\System32\RPCRT4.dll
0x00007ffa615d0000 - 0x00007ffa61651000 	C:\WINDOWS\System32\bcryptPrimitives.dll
0x00007ffa63780000 - 0x00007ffa637ae000 	C:\WINDOWS\System32\IMM32.DLL
0x00007ffa5e930000 - 0x00007ffa5e93c000 	c:\Users\User\.vscode\extensions\redhat.java-1.9.0-win32-x64\jre\17.0.3-win32-x86_64\bin\vcruntime140_1.dll
0x00007ffa3b3e0000 - 0x00007ffa3b471000 	c:\Users\User\.vscode\extensions\redhat.java-1.9.0-win32-x64\jre\17.0.3-win32-x86_64\bin\msvcp140.dll
0x00007ffa28710000 - 0x00007ffa29358000 	c:\Users\User\.vscode\extensions\redhat.java-1.9.0-win32-x64\jre\17.0.3-win32-x86_64\bin\server\jvm.dll
0x00007ffa61b20000 - 0x00007ffa61bc3000 	C:\WINDOWS\System32\ADVAPI32.dll
0x00007ffa630a0000 - 0x00007ffa63137000 	C:\WINDOWS\System32\sechost.dll
0x00007ffa62c80000 - 0x00007ffa62c88000 	C:\WINDOWS\System32\PSAPI.DLL
0x00007ffa5e890000 - 0x00007ffa5e899000 	C:\WINDOWS\SYSTEM32\WSOCK32.dll
0x00007ffa63030000 - 0x00007ffa6309f000 	C:\WINDOWS\System32\WS2_32.dll
0x00007ffa5b7e0000 - 0x00007ffa5b804000 	C:\WINDOWS\SYSTEM32\WINMM.dll
0x00007ffa4cda0000 - 0x00007ffa4cdaa000 	C:\WINDOWS\SYSTEM32\VERSION.dll
0x00007ffa5b7b0000 - 0x00007ffa5b7dd000 	C:\WINDOWS\SYSTEM32\WINMMBASE.dll
0x00007ffa61660000 - 0x00007ffa616aa000 	C:\WINDOWS\System32\cfgmgr32.dll
0x00007ffa60800000 - 0x00007ffa60811000 	C:\WINDOWS\System32\kernel.appcore.dll
0x00007ffa5e8b0000 - 0x00007ffa5e8ba000 	c:\Users\User\.vscode\extensions\redhat.java-1.9.0-win32-x64\jre\17.0.3-win32-x86_64\bin\jimage.dll
0x00007ffa4b7e0000 - 0x00007ffa4b9d4000 	C:\WINDOWS\SYSTEM32\DBGHELP.DLL
0x00007ffa4b7b0000 - 0x00007ffa4b7da000 	C:\WINDOWS\SYSTEM32\dbgcore.DLL
0x00007ffa56d70000 - 0x00007ffa56d95000 	c:\Users\User\.vscode\extensions\redhat.java-1.9.0-win32-x64\jre\17.0.3-win32-x86_64\bin\java.dll
0x00007ffa51710000 - 0x00007ffa51728000 	c:\Users\User\.vscode\extensions\redhat.java-1.9.0-win32-x64\jre\17.0.3-win32-x86_64\bin\zip.dll
0x00007ffa61d80000 - 0x00007ffa62468000 	C:\WINDOWS\System32\SHELL32.dll
0x00007ffa62b50000 - 0x00007ffa62bf7000 	C:\WINDOWS\System32\shcore.dll
0x00007ffa60e50000 - 0x00007ffa615cb000 	C:\WINDOWS\System32\windows.storage.dll
0x00007ffa60890000 - 0x00007ffa608b3000 	C:\WINDOWS\System32\profapi.dll
0x00007ffa60820000 - 0x00007ffa6086a000 	C:\WINDOWS\System32\powrprof.dll
0x00007ffa607f0000 - 0x00007ffa60800000 	C:\WINDOWS\System32\UMPDC.dll
0x00007ffa62c90000 - 0x00007ffa62ce2000 	C:\WINDOWS\System32\shlwapi.dll
0x00007ffa60980000 - 0x00007ffa60997000 	C:\WINDOWS\System32\cryptsp.dll
0x00007ffa511b0000 - 0x00007ffa511c9000 	C:\Users\User\.vscode\extensions\redhat.java-1.9.0-win32-x64\jre\17.0.3-win32-x86_64\bin\net.dll
0x00007ffa5e360000 - 0x00007ffa5e450000 	C:\WINDOWS\SYSTEM32\WINHTTP.dll
0x00007ffa5ffe0000 - 0x00007ffa60047000 	C:\WINDOWS\system32\mswsock.dll
0x00007ffa51190000 - 0x00007ffa511a5000 	C:\Users\User\.vscode\extensions\redhat.java-1.9.0-win32-x64\jre\17.0.3-win32-x86_64\bin\nio.dll
0x00007ffa5e560000 - 0x00007ffa5e570000 	c:\Users\User\.vscode\extensions\redhat.java-1.9.0-win32-x64\jre\17.0.3-win32-x86_64\bin\verify.dll
0x00007ffa5e740000 - 0x00007ffa5e749000 	C:\Users\User\.vscode\extensions\redhat.java-1.9.0-win32-x64\jre\17.0.3-win32-x86_64\bin\management.dll
0x00007ffa5e730000 - 0x00007ffa5e73b000 	C:\Users\User\.vscode\extensions\redhat.java-1.9.0-win32-x64\jre\17.0.3-win32-x86_64\bin\management_ext.dll
0x00007ffa31d30000 - 0x00007ffa31d46000 	C:\WINDOWS\system32\napinsp.dll
0x00007ffa31d10000 - 0x00007ffa31d2a000 	C:\WINDOWS\system32\pnrpnsp.dll
0x00007ffa5fd40000 - 0x00007ffa5fe0b000 	C:\WINDOWS\SYSTEM32\DNSAPI.dll
0x00007ffa62ac0000 - 0x00007ffa62ac8000 	C:\WINDOWS\System32\NSI.dll
0x00007ffa5fd00000 - 0x00007ffa5fd3a000 	C:\WINDOWS\SYSTEM32\IPHLPAPI.DLL
0x00007ffa31d00000 - 0x00007ffa31d0e000 	C:\WINDOWS\System32\winrnr.dll
0x00007ffa5cb60000 - 0x00007ffa5cb7c000 	C:\WINDOWS\system32\NLAapi.dll
0x00007ffa34540000 - 0x00007ffa34555000 	C:\WINDOWS\system32\wshbth.dll
0x00007ffa516c0000 - 0x00007ffa516ca000 	C:\Windows\System32\rasadhlp.dll
0x00007ffa58330000 - 0x00007ffa583a7000 	C:\WINDOWS\System32\fwpuclnt.dll
0x00007ffa608f0000 - 0x00007ffa60916000 	C:\WINDOWS\System32\bcrypt.dll
0x00007ffa5fb70000 - 0x00007ffa5fba3000 	C:\WINDOWS\system32\rsaenh.dll
0x00007ffa606d0000 - 0x00007ffa606f5000 	C:\WINDOWS\SYSTEM32\USERENV.dll
0x00007ffa60160000 - 0x00007ffa6016c000 	C:\WINDOWS\SYSTEM32\CRYPTBASE.dll
0x00007ffa58490000 - 0x00007ffa584a6000 	C:\WINDOWS\SYSTEM32\dhcpcsvc6.DLL
0x00007ffa58630000 - 0x00007ffa5864c000 	C:\WINDOWS\SYSTEM32\dhcpcsvc.DLL

dbghelp: loaded successfully - version: 4.0.5 - missing functions: none
symbol engine: initialized successfully - sym options: 0x614 - pdb path: .;c:\Users\User\.vscode\extensions\redhat.java-1.9.0-win32-x64\jre\17.0.3-win32-x86_64\bin;C:\WINDOWS\SYSTEM32;C:\WINDOWS\WinSxS\amd64_microsoft.windows.common-controls_6595b64144ccf1df_6.0.18362.1379_none_9e7ff3b3e45cc0c4;c:\Users\User\.vscode\extensions\redhat.java-1.9.0-win32-x64\jre\17.0.3-win32-x86_64\bin\server

VM Arguments:
jvm_args: -Dsts.lsp.client=vscode -Dsts.log.file=/dev/null -XX:TieredStopAtLevel=1 -Dspring.config.location=file:c:\Users\User\.vscode\extensions\pivotal.vscode-spring-boot-1.38.0\language-server\BOOT-INF\classes\application.properties 
java_command: org.springframework.ide.vscode.boot.app.BootLanguageServerBootApp
java_class_path (initial): c:\Users\User\.vscode\extensions\pivotal.vscode-spring-boot-1.38.0\language-server\BOOT-INF\classes;c:\Users\User\.vscode\extensions\pivotal.vscode-spring-boot-1.38.0\language-server\BOOT-INF\lib\annotations-23.0.0.jar;c:\Users\User\.vscode\extensions\pivotal.vscode-spring-boot-1.38.0\language-server\BOOT-INF\lib\antlr-runtime-3.5.2.jar;c:\Users\User\.vscode\extensions\pivotal.vscode-spring-boot-1.38.0\language-server\BOOT-INF\lib\antlr4-4.9.3.jar;c:\Users\User\.vscode\extensions\pivotal.vscode-spring-boot-1.38.0\language-server\BOOT-INF\lib\antlr4-runtime-4.9.3.jar;c:\Users\User\.vscode\extensions\pivotal.vscode-spring-boot-1.38.0\language-server\BOOT-INF\lib\asm-9.3.jar;c:\Users\User\.vscode\extensions\pivotal.vscode-spring-boot-1.38.0\language-server\BOOT-INF\lib\asm-analysis-9.3.jar;c:\Users\User\.vscode\extensions\pivotal.vscode-spring-boot-1.38.0\language-server\BOOT-INF\lib\asm-tree-9.3.jar;c:\Users\User\.vscode\extensions\pivotal.vscode-spring-boot-1.38.0\language-server\BOOT-INF\lib\asm-util-9.3.jar;c:\Users\User\.vscode\extensions\pivotal.vscode-spring-boot-1.38.0\language-server\BOOT-INF\lib\byte-buddy-1.10.18.jar;c:\Users\User\.vscode\extensions\pivotal.vscode-spring-boot-1.38.0\language-server\BOOT-INF\lib\caffeine-2.8.6.jar;c:\Users\User\.vscode\extensions\pivotal.vscode-spring-boot-1.38.0\language-server\BOOT-INF\lib\checker-qual-3.12.0.jar;c:\Users\User\.vscode\extensions\pivotal.vscode-spring-boot-1.38.0\language-server\BOOT-INF\lib\classgraph-4.8.149.jar;c:\Users\User\.vscode\extensions\pivotal.vscode-spring-boot-1.38.0\language-server\BOOT-INF\lib\commons-codec-1.14.jar;c:\Users\User\.vscode\extensions\pivotal.vscode-spring-boot-1.38.0\language-server\BOOT-INF\lib\commons-compress-1.21.jar;c:\Users\User\.vscode\extensions\pivotal.vscode-spring-boot-1.38.0\language-server\BOOT-INF\lib\commons-exec-1.3.jar;c:\Users\User\.vscode\extensions\pivotal.vscode-spring-boot-1.38.0\language-server\BOOT-INF\lib\commons-io-2.4.jar;c
Launcher Type: SUN_STANDARD

[Global flags]
     intx CICompilerCount                          = 3                                         {product} {ergonomic}
     uint ConcGCThreads                            = 1                                         {product} {ergonomic}
     uint G1ConcRefinementThreads                  = 4                                         {product} {ergonomic}
   size_t G1HeapRegionSize                         = 1048576                                   {product} {ergonomic}
    uintx GCDrainStackTargetSize                   = 64                                        {product} {ergonomic}
   size_t InitialHeapSize                          = 132120576                                 {product} {ergonomic}
   size_t MarkStackSize                            = 4194304                                   {product} {ergonomic}
   size_t MaxHeapSize                              = 2105540608                                {product} {ergonomic}
   size_t MaxNewSize                               = 1262485504                                {product} {ergonomic}
   size_t MinHeapDeltaBytes                        = 1048576                                   {product} {ergonomic}
   size_t MinHeapSize                              = 8388608                                   {product} {ergonomic}
    uintx NonProfiledCodeHeapSize                  = 0                                      {pd product} {ergonomic}
     bool ProfileInterpreter                       = false                                  {pd product} {command line}
    uintx ProfiledCodeHeapSize                     = 0                                      {pd product} {ergonomic}
   size_t SoftMaxHeapSize                          = 2105540608                             {manageable} {ergonomic}
     intx TieredStopAtLevel                        = 1                                         {product} {command line}
     bool UseCompressedClassPointers               = true                           {product lp64_product} {ergonomic}
     bool UseCompressedOops                        = true                           {product lp64_product} {ergonomic}
     bool UseG1GC                                  = true                                      {product} {ergonomic}
     bool UseLargePagesIndividualAllocation        = false                                  {pd product} {ergonomic}

Logging:
Log output configuration:
 #0: stdout all=warning uptime,level,tags
 #1: stderr all=off uptime,level,tags

Environment Variables:
PATH=C:\Program Files\Java\jdk-13\bin;C:\WINDOWS\system32;C:\WINDOWS;C:\WINDOWS\System32\Wbem;C:\WINDOWS\System32\WindowsPowerShell\v1.0\;C:\WINDOWS\System32\OpenSSH\;C:\Program Files\dotnet\;C:\Program Files\Microsoft SQL Server\130\Tools\Binn\;C:\Program Files\PuTTY\;C:\Program Files\Microsoft SQL Server\Client SDK\ODBC\130\Tools\Binn\;C:\Program Files (x86)\Microsoft SQL Server\130\Tools\Binn\;C:\Program Files\Microsoft SQL Server\130\DTS\Binn\;C:\Program Files\Microsoft SQL Server\Client SDK\ODBC\170\Tools\Binn\;C:\Program Files\nodejs\;C:\Program Files (x86)\dotnet\;C:\xampp\php;C:\ProgramData\ComposerSetup\bin;C:\Program Files\apache-maven-3.6.1\bin;C:\Program Files\Git\cmd;C:\Program Files\OpenSSL-Win64\bin;C:\Program Files\Java\jdk-13\bin;C:\Users\User\AppData\Local\Programs\Python\Python37-32\Scripts\;C:\Users\User\AppData\Local\Programs\Python\Python37-32\;C:\Users\User\AppData\Local\Microsoft\WindowsApps;C:\Users\User\.dotnet\tools;C:\Users\User\AppData\Roaming\npm;C:\Users\User\AppData\Local\Programs\Microsoft VS Code\bin;C:\Users\User\AppData\Roaming\Composer\vendor\bin;C:\Program Files\JetBrains\PyCharm Community Edition 2021.2.2\bin;;C:\bin;C:\Program Files\JetBrains\IntelliJ IDEA 2021.2.2\bin;;C:\Program Files\heroku\bin;C:\Users\User\AppData\Local\Android\Sdk\platform-tools;C:\Qt\Qt5.14.2\Tools\QtCreator\bin;C:\Program Files\OpenSSL-Win64\bin;C:\Users\User\AppData\Local\GitHubDesktop\bin
USERNAME=User
OS=Windows_NT
PROCESSOR_IDENTIFIER=Intel64 Family 6 Model 78 Stepping 3, GenuineIntel



---------------  S Y S T E M  ---------------

OS:
 Windows 10 , 64 bit Build 18362 (10.0.18362.1350)
OS uptime: 15 days 18:52 hours
Hyper-V role detected

CPU: total 4 (initial active 4) (2 cores per cpu, 2 threads per core) family 6 model 78 stepping 3 microcode 0xd6, cx8, cmov, fxsr, ht, mmx, 3dnowpref, sse, sse2, sse3, ssse3, sse4.1, sse4.2, popcnt, lzcnt, tsc, tscinvbit, avx, avx2, aes, erms, clmul, bmi1, bmi2, rtm, adx, fma, vzeroupper, clflush, clflushopt, hv

Memory: 4k page, system-wide physical 8026M (1151M free)
TotalPageFile size 32602M (AvailPageFile size 51M)
current process WorkingSet (physical memory assigned to process): 339M, peak: 339M
current process commit charge ("private bytes"): 365M, peak: 819M

vm_info: OpenJDK 64-Bit Server VM (17.0.3+7) for windows-amd64 JRE (17.0.3+7), built on Apr 19 2022 16:55:35 by "" with MS VC++ 16.7 (VS2019)

END.
