#
# There is insufficient memory for the Java Runtime Environment to continue.
# Native memory allocation (mmap) failed to map 29360128 bytes for G1 virtual space
# Possible reasons:
#   The system is out of physical RAM or swap space
#   The process is running with CompressedOops enabled, and the Java Heap may be blocking the growth of the native heap
# Possible solutions:
#   Reduce memory load on the system
#   Increase physical memory or swap space
#   Check if swap backing store is full
#   Decrease Java heap size (-Xmx/-Xms)
#   Decrease number of Java threads
#   Decrease Java thread stack sizes (-Xss)
#   Set larger code cache with -XX:ReservedCodeCacheSize=
#   JVM is running with Unscaled Compressed Oops mode in which the Java heap is
#     placed in the first 4GB address space. The Java Heap base address is the
#     maximum limit for the native heap growth. Please use -XX:HeapBaseMinAddress
#     to set the Java Heap base and to place the Java Heap above 4GB virtual address.
# This output file may be truncated or incomplete.
#
#  Out of Memory Error (os_windows.cpp:3535), pid=14396, tid=18720
#
# JRE version: OpenJDK Runtime Environment Temurin-17.0.3+7 (17.0.3+7) (build 17.0.3+7)
# Java VM: OpenJDK 64-Bit Server VM Temurin-17.0.3+7 (17.0.3+7, mixed mode, emulated-client, tiered, compressed oops, compressed class ptrs, g1 gc, windows-amd64)
# No core dump will be written. Minidumps are not enabled by default on client versions of Windows
#

---------------  S U M M A R Y ------------

Command Line: -Dsts.lsp.client=vscode -Dsts.log.file=/dev/null -XX:TieredStopAtLevel=1 -Dspring.config.location=file:c:\Users\User\.vscode\extensions\pivotal.vscode-spring-boot-1.38.0\language-server\BOOT-INF\classes\application.properties org.springframework.ide.vscode.boot.app.BootLanguageServerBootApp

Host: Intel(R) Core(TM) i5-6300U CPU @ 2.40GHz, 4 cores, 7G,  Windows 10 , 64 bit Build 18362 (10.0.18362.1350)
Time: Tue Aug 23 08:57:51 2022 Paris, Madrid (heure d’été) elapsed time: 13.264043 seconds (0d 0h 0m 13s)

---------------  T H R E A D  ---------------

Current thread (0x00000217f1eb4500):  VMThread "VM Thread" [stack: 0x00000066d8800000,0x00000066d8900000] [id=18720]

Stack: [0x00000066d8800000,0x00000066d8900000]
Native frames: (J=compiled Java code, j=interpreted, Vv=VM code, C=native code)
V  [jvm.dll+0x675efa]
V  [jvm.dll+0x830a24]
V  [jvm.dll+0x8321ce]
V  [jvm.dll+0x832833]
V  [jvm.dll+0x2454b5]
V  [jvm.dll+0x672de9]
V  [jvm.dll+0x667732]
V  [jvm.dll+0x3043ab]
V  [jvm.dll+0x30b8f6]
V  [jvm.dll+0x35b62e]
V  [jvm.dll+0x35b85f]
V  [jvm.dll+0x2db248]
V  [jvm.dll+0x2d94fc]
V  [jvm.dll+0x2d8acc]
V  [jvm.dll+0x31cd51]
V  [jvm.dll+0x836cdb]
V  [jvm.dll+0x837a14]
V  [jvm.dll+0x837f2c]
V  [jvm.dll+0x838304]
V  [jvm.dll+0x8383d0]
V  [jvm.dll+0x7e0cfa]
V  [jvm.dll+0x674d85]
C  [ucrtbase.dll+0x210b2]
C  [KERNEL32.DLL+0x17c24]
C  [ntdll.dll+0x6d721]

VM_Operation (0x00000066d9cfe1e0): G1TryInitiateConcMark, mode: safepoint, requested by thread 0x00000217f4a74660


---------------  P R O C E S S  ---------------

Threads class SMR info:
_java_thread_list=0x00000217f4fac610, length=31, elements={
0x00000217f1eca750, 0x00000217f1ecb4d0, 0x00000217f294a130, 0x00000217f294abf0,
0x00000217f294e4d0, 0x00000217f1eec920, 0x00000217f1eef5f0, 0x00000217f1eefef0,
0x00000217f2b3fcc0, 0x00000217f2b4a780, 0x00000217f2b482f0, 0x00000217f2b48c00,
0x00000217f492da50, 0x00000217f4aea380, 0x00000217f49d0da0, 0x00000217e350a8d0,
0x00000217f4a74660, 0x00000217f4a73850, 0x00000217f4a52030, 0x00000217f4a530b0,
0x00000217f3323280, 0x00000217f33210d0, 0x00000217f331f8c0, 0x00000217f3320c00,
0x00000217f3321f40, 0x00000217f331fd90, 0x00000217f3321a70, 0x00000217f3322db0,
0x00000217f3320260, 0x00000217f3322410, 0x00000217f33228e0
}

Java Threads: ( => current thread )
  0x00000217f1eca750 JavaThread "Reference Handler" daemon [_thread_blocked, id=21912, stack(0x00000066d8900000,0x00000066d8a00000)]
  0x00000217f1ecb4d0 JavaThread "Finalizer" daemon [_thread_blocked, id=10856, stack(0x00000066d8a00000,0x00000066d8b00000)]
  0x00000217f294a130 JavaThread "Signal Dispatcher" daemon [_thread_blocked, id=16036, stack(0x00000066d8b00000,0x00000066d8c00000)]
  0x00000217f294abf0 JavaThread "Attach Listener" daemon [_thread_blocked, id=19676, stack(0x00000066d8c00000,0x00000066d8d00000)]
  0x00000217f294e4d0 JavaThread "Service Thread" daemon [_thread_blocked, id=16516, stack(0x00000066d8d00000,0x00000066d8e00000)]
  0x00000217f1eec920 JavaThread "Monitor Deflation Thread" daemon [_thread_blocked, id=11268, stack(0x00000066d8e00000,0x00000066d8f00000)]
  0x00000217f1eef5f0 JavaThread "C1 CompilerThread0" daemon [_thread_blocked, id=15232, stack(0x00000066d8f00000,0x00000066d9000000)]
  0x00000217f1eefef0 JavaThread "Sweeper thread" daemon [_thread_blocked, id=20204, stack(0x00000066d9000000,0x00000066d9100000)]
  0x00000217f2b3fcc0 JavaThread "C1 CompilerThread1" daemon [_thread_blocked, id=14168, stack(0x00000066d9100000,0x00000066d9200000)]
  0x00000217f2b4a780 JavaThread "C1 CompilerThread2" daemon [_thread_blocked, id=1988, stack(0x00000066d9200000,0x00000066d9300000)]
  0x00000217f2b482f0 JavaThread "Notification Thread" daemon [_thread_blocked, id=12568, stack(0x00000066d9300000,0x00000066d9400000)]
  0x00000217f2b48c00 JavaThread "Common-Cleaner" daemon [_thread_blocked, id=8904, stack(0x00000066d9500000,0x00000066d9600000)]
  0x00000217f492da50 JavaThread "ForkJoinPool.commonPool-worker-1" daemon [_thread_blocked, id=7112, stack(0x00000066d9900000,0x00000066d9a00000)]
  0x00000217f4aea380 JavaThread "pool-7-thread-1" [_thread_blocked, id=14852, stack(0x00000066d9a00000,0x00000066d9b00000)]
  0x00000217f49d0da0 JavaThread "LanguageServerApp-lifecycle" [_thread_blocked, id=10812, stack(0x00000066d9b00000,0x00000066d9c00000)]
  0x00000217e350a8d0 JavaThread "DestroyJavaVM" [_thread_blocked, id=12692, stack(0x00000066d8100000,0x00000066d8200000)]
  0x00000217f4a74660 JavaThread "ClassGraph-worker-0" daemon [_thread_blocked, id=19696, stack(0x00000066d9c00000,0x00000066d9d00000)]
  0x00000217f4a73850 JavaThread "ClassGraph-worker-1" daemon [_thread_blocked, id=14544, stack(0x00000066d9d00000,0x00000066d9e00000)]
  0x00000217f4a52030 JavaThread "ClassGraph-worker-2" daemon [_thread_blocked, id=8476, stack(0x00000066d9e00000,0x00000066d9f00000)]
  0x00000217f4a530b0 JavaThread "ClassGraph-worker-3" daemon [_thread_blocked, id=19888, stack(0x00000066d9f00000,0x00000066da000000)]
  0x00000217f3323280 JavaThread "ClassGraph-worker-4" daemon [_thread_blocked, id=4940, stack(0x00000066da000000,0x00000066da100000)]
  0x00000217f33210d0 JavaThread "ClassGraph-worker-5" daemon [_thread_blocked, id=16236, stack(0x00000066da100000,0x00000066da200000)]
  0x00000217f331f8c0 JavaThread "ClassGraph-worker-6" daemon [_thread_blocked, id=8540, stack(0x00000066da200000,0x00000066da300000)]
  0x00000217f3320c00 JavaThread "ClassGraph-worker-7" daemon [_thread_blocked, id=3920, stack(0x00000066da300000,0x00000066da400000)]
  0x00000217f3321f40 JavaThread "pool-8-thread-1" [_thread_in_native, id=22468, stack(0x00000066da400000,0x00000066da500000)]
  0x00000217f331fd90 JavaThread "Simple-Language-Server main thread" daemon [_thread_blocked, id=22084, stack(0x00000066da500000,0x00000066da600000)]
  0x00000217f3321a70 JavaThread "pool-5-thread-1" [_thread_blocked, id=1160, stack(0x00000066da600000,0x00000066da700000)]
  0x00000217f3322db0 JavaThread "parallel-1" daemon [_thread_blocked, id=20340, stack(0x00000066da700000,0x00000066da800000)]
  0x00000217f3320260 JavaThread "parallel-2" daemon [_thread_blocked, id=3992, stack(0x00000066da800000,0x00000066da900000)]
  0x00000217f3322410 JavaThread "Reconciler-1" daemon [_thread_blocked, id=18408, stack(0x00000066da900000,0x00000066daa00000)]
  0x00000217f33228e0 JavaThread "parallel-3" daemon [_thread_blocked, id=21672, stack(0x00000066daa00000,0x00000066dab00000)]

Other Threads:
=>0x00000217f1eb4500 VMThread "VM Thread" [stack: 0x00000066d8800000,0x00000066d8900000] [id=18720]
  0x00000217f2b487c0 WatcherThread [stack: 0x00000066d9400000,0x00000066d9500000] [id=21616]
  0x00000217e35640b0 GCTaskThread "GC Thread#0" [stack: 0x00000066d8300000,0x00000066d8400000] [id=8700]
  0x00000217f33b0c40 GCTaskThread "GC Thread#1" [stack: 0x00000066d9600000,0x00000066d9700000] [id=21216]
  0x00000217f33948d0 GCTaskThread "GC Thread#2" [stack: 0x00000066d9700000,0x00000066d9800000] [id=16812]
  0x00000217f2b02410 GCTaskThread "GC Thread#3" [stack: 0x00000066d9800000,0x00000066d9900000] [id=20556]
  0x00000217e3575a10 ConcurrentGCThread "G1 Main Marker" [stack: 0x00000066d8400000,0x00000066d8500000] [id=15512]
  0x00000217e3576330 ConcurrentGCThread "G1 Conc#0" [stack: 0x00000066d8500000,0x00000066d8600000] [id=3984]
  0x00000217e35ce2e0 ConcurrentGCThread "G1 Refine#0" [stack: 0x00000066d8600000,0x00000066d8700000] [id=20912]
  0x00000217e35cec10 ConcurrentGCThread "G1 Service" [stack: 0x00000066d8700000,0x00000066d8800000] [id=15728]

Threads with active compile tasks:

VM state: at safepoint (normal execution)

VM Mutex/Monitor currently owned by a thread:  ([mutex/lock_event])
[0x00000217e332e8e0] Threads_lock - owner thread: 0x00000217f1eb4500
[0x00000217e332b9d0] Heap_lock - owner thread: 0x00000217f4a74660

Heap address: 0x0000000082800000, size: 2008 MB, Compressed Oops mode: 32-bit

CDS archive(s) not mapped
Compressed class space mapped at: 0x0000000100000000-0x0000000140000000, reserved size: 1073741824
Narrow klass base: 0x0000000000000000, Narrow klass shift: 3, Narrow klass range: 0x140000000

GC Precious Log:
 CPUs: 4 total, 4 available
 Memory: 8026M
 Large Page Support: Disabled
 NUMA Support: Disabled
 Compressed Oops: Enabled (32-bit)
 Heap Region Size: 1M
 Heap Min Capacity: 8M
 Heap Initial Capacity: 126M
 Heap Max Capacity: 2008M
 Pre-touch: Disabled
 Parallel Workers: 4
 Concurrent Workers: 1
 Concurrent Refinement Workers: 4
 Periodic GC: Disabled

Heap:
 garbage-first heap   total 129024K, used 48759K [0x0000000082800000, 0x0000000100000000)
  region size 1024K, 2 young (2048K), 2 survivors (2048K)
 Metaspace       used 34858K, committed 35136K, reserved 1081344K
  class space    used 4534K, committed 4672K, reserved 1048576K

Heap Regions: E=young(eden), S=young(survivor), O=old, HS=humongous(starts), HC=humongous(continues), CS=collection set, F=free, OA=open archive, CA=closed archive, TAMS=top-at-mark-start (previous, next)
|   0|0x0000000082800000, 0x0000000082900000, 0x0000000082900000|100%| O|  |TAMS 0x0000000082900000, 0x0000000082900000| Untracked 
|   1|0x0000000082900000, 0x0000000082a00000, 0x0000000082a00000|100%| O|  |TAMS 0x0000000082a00000, 0x0000000082a00000| Untracked 
|   2|0x0000000082a00000, 0x0000000082b00000, 0x0000000082b00000|100%| O|  |TAMS 0x0000000082b00000, 0x0000000082b00000| Untracked 
|   3|0x0000000082b00000, 0x0000000082c00000, 0x0000000082c00000|100%| O|  |TAMS 0x0000000082c00000, 0x0000000082c00000| Untracked 
|   4|0x0000000082c00000, 0x0000000082d00000, 0x0000000082d00000|100%| O|  |TAMS 0x0000000082d00000, 0x0000000082d00000| Untracked 
|   5|0x0000000082d00000, 0x0000000082e00000, 0x0000000082e00000|100%| O|  |TAMS 0x0000000082e00000, 0x0000000082e00000| Untracked 
|   6|0x0000000082e00000, 0x0000000082f00000, 0x0000000082f00000|100%| O|  |TAMS 0x0000000082f00000, 0x0000000082f00000| Untracked 
|   7|0x0000000082f00000, 0x0000000082f00000, 0x0000000083000000|  0%| F|  |TAMS 0x0000000082f00000, 0x0000000082f00000| Untracked 
|   8|0x0000000083000000, 0x0000000083100000, 0x0000000083100000|100%| O|  |TAMS 0x0000000083100000, 0x0000000083100000| Untracked 
|   9|0x0000000083100000, 0x0000000083200000, 0x0000000083200000|100%| O|  |TAMS 0x0000000083200000, 0x0000000083200000| Untracked 
|  10|0x0000000083200000, 0x0000000083300000, 0x0000000083300000|100%| O|  |TAMS 0x0000000083300000, 0x0000000083300000| Untracked 
|  11|0x0000000083300000, 0x0000000083400000, 0x0000000083400000|100%| O|  |TAMS 0x0000000083400000, 0x0000000083400000| Untracked 
|  12|0x0000000083400000, 0x0000000083500000, 0x0000000083500000|100%| O|  |TAMS 0x0000000083500000, 0x0000000083500000| Untracked 
|  13|0x0000000083500000, 0x0000000083600000, 0x0000000083600000|100%| O|  |TAMS 0x0000000083600000, 0x0000000083600000| Untracked 
|  14|0x0000000083600000, 0x0000000083700000, 0x0000000083700000|100%| O|  |TAMS 0x0000000083700000, 0x0000000083700000| Untracked 
|  15|0x0000000083700000, 0x0000000083800000, 0x0000000083800000|100%| O|  |TAMS 0x0000000083800000, 0x0000000083800000| Untracked 
|  16|0x0000000083800000, 0x0000000083900000, 0x0000000083900000|100%| O|  |TAMS 0x0000000083900000, 0x0000000083900000| Untracked 
|  17|0x0000000083900000, 0x0000000083a00000, 0x0000000083a00000|100%| O|  |TAMS 0x0000000083a00000, 0x0000000083a00000| Untracked 
|  18|0x0000000083a00000, 0x0000000083b00000, 0x0000000083b00000|100%| O|  |TAMS 0x0000000083b00000, 0x0000000083b00000| Untracked 
|  19|0x0000000083b00000, 0x0000000083c00000, 0x0000000083c00000|100%| O|  |TAMS 0x0000000083c00000, 0x0000000083c00000| Untracked 
|  20|0x0000000083c00000, 0x0000000083d00000, 0x0000000083d00000|100%| O|  |TAMS 0x0000000083d00000, 0x0000000083d00000| Untracked 
|  21|0x0000000083d00000, 0x0000000083e00000, 0x0000000083e00000|100%| O|  |TAMS 0x0000000083e00000, 0x0000000083e00000| Untracked 
|  22|0x0000000083e00000, 0x0000000083f00000, 0x0000000083f00000|100%| O|  |TAMS 0x0000000083f00000, 0x0000000083f00000| Untracked 
|  23|0x0000000083f00000, 0x0000000084000000, 0x0000000084000000|100%| O|  |TAMS 0x0000000084000000, 0x0000000084000000| Untracked 
|  24|0x0000000084000000, 0x0000000084100000, 0x0000000084100000|100%| O|  |TAMS 0x0000000084100000, 0x0000000084100000| Untracked 
|  25|0x0000000084100000, 0x0000000084200000, 0x0000000084200000|100%| O|  |TAMS 0x0000000084200000, 0x0000000084200000| Untracked 
|  26|0x0000000084200000, 0x0000000084300000, 0x0000000084300000|100%| O|  |TAMS 0x0000000084300000, 0x0000000084300000| Untracked 
|  27|0x0000000084300000, 0x0000000084400000, 0x0000000084400000|100%| O|  |TAMS 0x0000000084400000, 0x0000000084400000| Untracked 
|  28|0x0000000084400000, 0x0000000084500000, 0x0000000084500000|100%| O|  |TAMS 0x0000000084500000, 0x0000000084500000| Untracked 
|  29|0x0000000084500000, 0x0000000084600000, 0x0000000084600000|100%| O|  |TAMS 0x0000000084600000, 0x0000000084600000| Untracked 
|  30|0x0000000084600000, 0x0000000084700000, 0x0000000084700000|100%| O|  |TAMS 0x0000000084700000, 0x0000000084700000| Untracked 
|  31|0x0000000084700000, 0x0000000084800000, 0x0000000084800000|100%| O|  |TAMS 0x0000000084740000, 0x0000000084800000| Untracked 
|  32|0x0000000084800000, 0x0000000084900000, 0x0000000084900000|100%| O|  |TAMS 0x0000000084800000, 0x0000000084900000| Untracked 
|  33|0x0000000084900000, 0x0000000084a00000, 0x0000000084a00000|100%| O|  |TAMS 0x0000000084900000, 0x0000000084a00000| Untracked 
|  34|0x0000000084a00000, 0x0000000084b00000, 0x0000000084b00000|100%| O|  |TAMS 0x0000000084a00000, 0x0000000084b00000| Untracked 
|  35|0x0000000084b00000, 0x0000000084c00000, 0x0000000084c00000|100%| O|  |TAMS 0x0000000084b00000, 0x0000000084c00000| Untracked 
|  36|0x0000000084c00000, 0x0000000084d00000, 0x0000000084d00000|100%| O|  |TAMS 0x0000000084c00000, 0x0000000084d00000| Untracked 
|  37|0x0000000084d00000, 0x0000000084e00000, 0x0000000084e00000|100%| O|  |TAMS 0x0000000084d00000, 0x0000000084e00000| Untracked 
|  38|0x0000000084e00000, 0x0000000084f00000, 0x0000000084f00000|100%| O|  |TAMS 0x0000000084e00000, 0x0000000084f00000| Untracked 
|  39|0x0000000084f00000, 0x0000000085000000, 0x0000000085000000|100%| O|  |TAMS 0x0000000084f00000, 0x0000000085000000| Untracked 
|  40|0x0000000085000000, 0x0000000085100000, 0x0000000085100000|100%| O|  |TAMS 0x0000000085000000, 0x0000000085100000| Untracked 
|  41|0x0000000085100000, 0x0000000085200000, 0x0000000085200000|100%| O|  |TAMS 0x0000000085100000, 0x0000000085200000| Untracked 
|  42|0x0000000085200000, 0x0000000085300000, 0x0000000085300000|100%| O|  |TAMS 0x0000000085200000, 0x0000000085300000| Untracked 
|  43|0x0000000085300000, 0x0000000085400000, 0x0000000085400000|100%| O|  |TAMS 0x0000000085300000, 0x0000000085400000| Untracked 
|  44|0x0000000085400000, 0x0000000085500000, 0x0000000085500000|100%| O|  |TAMS 0x0000000085400000, 0x0000000085500000| Untracked 
|  45|0x0000000085500000, 0x0000000085600000, 0x0000000085600000|100%| O|  |TAMS 0x0000000085500000, 0x0000000085600000| Untracked 
|  46|0x0000000085600000, 0x000000008569dc00, 0x0000000085700000| 61%| O|  |TAMS 0x0000000085600000, 0x0000000085635e00| Untracked 
|  47|0x0000000085700000, 0x0000000085700000, 0x0000000085800000|  0%| F|  |TAMS 0x0000000085700000, 0x0000000085700000| Untracked 
|  48|0x0000000085800000, 0x0000000085800000, 0x0000000085900000|  0%| F|  |TAMS 0x0000000085800000, 0x0000000085800000| Untracked 
|  49|0x0000000085900000, 0x0000000085900000, 0x0000000085a00000|  0%| F|  |TAMS 0x0000000085900000, 0x0000000085900000| Untracked 
|  50|0x0000000085a00000, 0x0000000085a00000, 0x0000000085b00000|  0%| F|  |TAMS 0x0000000085a00000, 0x0000000085a00000| Untracked 
|  51|0x0000000085b00000, 0x0000000085b00000, 0x0000000085c00000|  0%| F|  |TAMS 0x0000000085b00000, 0x0000000085b00000| Untracked 
|  52|0x0000000085c00000, 0x0000000085c00000, 0x0000000085d00000|  0%| F|  |TAMS 0x0000000085c00000, 0x0000000085c00000| Untracked 
|  53|0x0000000085d00000, 0x0000000085d00000, 0x0000000085e00000|  0%| F|  |TAMS 0x0000000085d00000, 0x0000000085d00000| Untracked 
|  54|0x0000000085e00000, 0x0000000085e00000, 0x0000000085f00000|  0%| F|  |TAMS 0x0000000085e00000, 0x0000000085e00000| Untracked 
|  55|0x0000000085f00000, 0x0000000085f00000, 0x0000000086000000|  0%| F|  |TAMS 0x0000000085f00000, 0x0000000085f00000| Untracked 
|  56|0x0000000086000000, 0x0000000086000000, 0x0000000086100000|  0%| F|  |TAMS 0x0000000086000000, 0x0000000086000000| Untracked 
|  57|0x0000000086100000, 0x0000000086100000, 0x0000000086200000|  0%| F|  |TAMS 0x0000000086100000, 0x0000000086100000| Untracked 
|  58|0x0000000086200000, 0x0000000086200000, 0x0000000086300000|  0%| F|  |TAMS 0x0000000086200000, 0x0000000086200000| Untracked 
|  59|0x0000000086300000, 0x0000000086300000, 0x0000000086400000|  0%| F|  |TAMS 0x0000000086300000, 0x0000000086300000| Untracked 
|  60|0x0000000086400000, 0x0000000086400000, 0x0000000086500000|  0%| F|  |TAMS 0x0000000086400000, 0x0000000086400000| Untracked 
|  61|0x0000000086500000, 0x0000000086500000, 0x0000000086600000|  0%| F|  |TAMS 0x0000000086500000, 0x0000000086500000| Untracked 
|  62|0x0000000086600000, 0x0000000086600000, 0x0000000086700000|  0%| F|  |TAMS 0x0000000086600000, 0x0000000086600000| Untracked 
|  63|0x0000000086700000, 0x0000000086700000, 0x0000000086800000|  0%| F|  |TAMS 0x0000000086700000, 0x0000000086700000| Untracked 
|  64|0x0000000086800000, 0x0000000086800000, 0x0000000086900000|  0%| F|  |TAMS 0x0000000086800000, 0x0000000086800000| Untracked 
|  65|0x0000000086900000, 0x0000000086a00000, 0x0000000086a00000|100%| S|CS|TAMS 0x0000000086900000, 0x0000000086900000| Complete 
|  66|0x0000000086a00000, 0x0000000086b00000, 0x0000000086b00000|100%| S|CS|TAMS 0x0000000086a00000, 0x0000000086a00000| Complete 
|  67|0x0000000086b00000, 0x0000000086b00000, 0x0000000086c00000|  0%| F|  |TAMS 0x0000000086b00000, 0x0000000086b00000| Untracked 
|  68|0x0000000086c00000, 0x0000000086c00000, 0x0000000086d00000|  0%| F|  |TAMS 0x0000000086c00000, 0x0000000086c00000| Untracked 
|  69|0x0000000086d00000, 0x0000000086d00000, 0x0000000086e00000|  0%| F|  |TAMS 0x0000000086d00000, 0x0000000086d00000| Untracked 
|  70|0x0000000086e00000, 0x0000000086e00000, 0x0000000086f00000|  0%| F|  |TAMS 0x0000000086e00000, 0x0000000086e00000| Untracked 
|  71|0x0000000086f00000, 0x0000000086f00000, 0x0000000087000000|  0%| F|  |TAMS 0x0000000086f00000, 0x0000000086f00000| Untracked 
|  72|0x0000000087000000, 0x0000000087000000, 0x0000000087100000|  0%| F|  |TAMS 0x0000000087000000, 0x0000000087000000| Untracked 
|  73|0x0000000087100000, 0x0000000087100000, 0x0000000087200000|  0%| F|  |TAMS 0x0000000087100000, 0x0000000087100000| Untracked 
|  74|0x0000000087200000, 0x0000000087200000, 0x0000000087300000|  0%| F|  |TAMS 0x0000000087200000, 0x0000000087200000| Untracked 
|  75|0x0000000087300000, 0x0000000087300000, 0x0000000087400000|  0%| F|  |TAMS 0x0000000087300000, 0x0000000087300000| Untracked 
|  76|0x0000000087400000, 0x0000000087400000, 0x0000000087500000|  0%| F|  |TAMS 0x0000000087400000, 0x0000000087400000| Untracked 
|  77|0x0000000087500000, 0x0000000087500000, 0x0000000087600000|  0%| F|  |TAMS 0x0000000087500000, 0x0000000087500000| Untracked 
|  78|0x0000000087600000, 0x0000000087600000, 0x0000000087700000|  0%| F|  |TAMS 0x0000000087600000, 0x0000000087600000| Untracked 
|  79|0x0000000087700000, 0x0000000087700000, 0x0000000087800000|  0%| F|  |TAMS 0x0000000087700000, 0x0000000087700000| Untracked 
|  80|0x0000000087800000, 0x0000000087800000, 0x0000000087900000|  0%| F|  |TAMS 0x0000000087800000, 0x0000000087800000| Untracked 
|  81|0x0000000087900000, 0x0000000087900000, 0x0000000087a00000|  0%| F|  |TAMS 0x0000000087900000, 0x0000000087900000| Untracked 
|  82|0x0000000087a00000, 0x0000000087a00000, 0x0000000087b00000|  0%| F|  |TAMS 0x0000000087a00000, 0x0000000087a00000| Untracked 
|  83|0x0000000087b00000, 0x0000000087b00000, 0x0000000087c00000|  0%| F|  |TAMS 0x0000000087b00000, 0x0000000087b00000| Untracked 
|  84|0x0000000087c00000, 0x0000000087c00000, 0x0000000087d00000|  0%| F|  |TAMS 0x0000000087c00000, 0x0000000087c00000| Untracked 
|  85|0x0000000087d00000, 0x0000000087d00000, 0x0000000087e00000|  0%| F|  |TAMS 0x0000000087d00000, 0x0000000087d00000| Untracked 
|  86|0x0000000087e00000, 0x0000000087e00000, 0x0000000087f00000|  0%| F|  |TAMS 0x0000000087e00000, 0x0000000087e00000| Untracked 
|  87|0x0000000087f00000, 0x0000000087f00000, 0x0000000088000000|  0%| F|  |TAMS 0x0000000087f00000, 0x0000000087f00000| Untracked 
|  88|0x0000000088000000, 0x0000000088000000, 0x0000000088100000|  0%| F|  |TAMS 0x0000000088000000, 0x0000000088000000| Untracked 
|  89|0x0000000088100000, 0x0000000088100000, 0x0000000088200000|  0%| F|  |TAMS 0x0000000088100000, 0x0000000088100000| Untracked 
|  90|0x0000000088200000, 0x0000000088200000, 0x0000000088300000|  0%| F|  |TAMS 0x0000000088200000, 0x0000000088200000| Untracked 
|  91|0x0000000088300000, 0x0000000088300000, 0x0000000088400000|  0%| F|  |TAMS 0x0000000088300000, 0x0000000088300000| Untracked 
|  92|0x0000000088400000, 0x0000000088400000, 0x0000000088500000|  0%| F|  |TAMS 0x0000000088400000, 0x0000000088400000| Untracked 
|  93|0x0000000088500000, 0x0000000088500000, 0x0000000088600000|  0%| F|  |TAMS 0x0000000088500000, 0x0000000088500000| Untracked 
|  94|0x0000000088600000, 0x0000000088600000, 0x0000000088700000|  0%| F|  |TAMS 0x0000000088600000, 0x0000000088600000| Untracked 
|  95|0x0000000088700000, 0x0000000088700000, 0x0000000088800000|  0%| F|  |TAMS 0x0000000088700000, 0x0000000088700000| Untracked 
|  96|0x0000000088800000, 0x0000000088800000, 0x0000000088900000|  0%| F|  |TAMS 0x0000000088800000, 0x0000000088800000| Untracked 
|  97|0x0000000088900000, 0x0000000088900000, 0x0000000088a00000|  0%| F|  |TAMS 0x0000000088900000, 0x0000000088900000| Untracked 
|  98|0x0000000088a00000, 0x0000000088a00000, 0x0000000088b00000|  0%| F|  |TAMS 0x0000000088a00000, 0x0000000088a00000| Untracked 
|  99|0x0000000088b00000, 0x0000000088b00000, 0x0000000088c00000|  0%| F|  |TAMS 0x0000000088b00000, 0x0000000088b00000| Untracked 
| 100|0x0000000088c00000, 0x0000000088c00000, 0x0000000088d00000|  0%| F|  |TAMS 0x0000000088c00000, 0x0000000088c00000| Untracked 
| 101|0x0000000088d00000, 0x0000000088d00000, 0x0000000088e00000|  0%| F|  |TAMS 0x0000000088d00000, 0x0000000088d00000| Untracked 
| 102|0x0000000088e00000, 0x0000000088e00000, 0x0000000088f00000|  0%| F|  |TAMS 0x0000000088e00000, 0x0000000088e00000| Untracked 
| 103|0x0000000088f00000, 0x0000000088f00000, 0x0000000089000000|  0%| F|  |TAMS 0x0000000088f00000, 0x0000000088f00000| Untracked 
| 104|0x0000000089000000, 0x0000000089000000, 0x0000000089100000|  0%| F|  |TAMS 0x0000000089000000, 0x0000000089000000| Untracked 
| 105|0x0000000089100000, 0x0000000089100000, 0x0000000089200000|  0%| F|  |TAMS 0x0000000089100000, 0x0000000089100000| Untracked 
| 106|0x0000000089200000, 0x0000000089200000, 0x0000000089300000|  0%| F|  |TAMS 0x0000000089200000, 0x0000000089200000| Untracked 
| 107|0x0000000089300000, 0x0000000089300000, 0x0000000089400000|  0%| F|  |TAMS 0x0000000089300000, 0x0000000089300000| Untracked 
| 108|0x0000000089400000, 0x0000000089400000, 0x0000000089500000|  0%| F|  |TAMS 0x0000000089400000, 0x0000000089400000| Untracked 
| 109|0x0000000089500000, 0x0000000089500000, 0x0000000089600000|  0%| F|  |TAMS 0x0000000089500000, 0x0000000089500000| Untracked 
| 110|0x0000000089600000, 0x0000000089600000, 0x0000000089700000|  0%| F|  |TAMS 0x0000000089600000, 0x0000000089600000| Untracked 
| 111|0x0000000089700000, 0x0000000089700000, 0x0000000089800000|  0%| F|  |TAMS 0x0000000089700000, 0x0000000089700000| Untracked 
| 112|0x0000000089800000, 0x0000000089800000, 0x0000000089900000|  0%| F|  |TAMS 0x0000000089800000, 0x0000000089800000| Untracked 
| 113|0x0000000089900000, 0x0000000089900000, 0x0000000089a00000|  0%| F|  |TAMS 0x0000000089900000, 0x0000000089900000| Untracked 
| 114|0x0000000089a00000, 0x0000000089a00000, 0x0000000089b00000|  0%| F|  |TAMS 0x0000000089a00000, 0x0000000089a00000| Untracked 
| 115|0x0000000089b00000, 0x0000000089b00000, 0x0000000089c00000|  0%| F|  |TAMS 0x0000000089b00000, 0x0000000089b00000| Untracked 
| 116|0x0000000089c00000, 0x0000000089c00000, 0x0000000089d00000|  0%| F|  |TAMS 0x0000000089c00000, 0x0000000089c00000| Untracked 
| 117|0x0000000089d00000, 0x0000000089d00000, 0x0000000089e00000|  0%| F|  |TAMS 0x0000000089d00000, 0x0000000089d00000| Untracked 
| 118|0x0000000089e00000, 0x0000000089e00000, 0x0000000089f00000|  0%| F|  |TAMS 0x0000000089e00000, 0x0000000089e00000| Untracked 
| 119|0x0000000089f00000, 0x0000000089f00000, 0x000000008a000000|  0%| F|  |TAMS 0x0000000089f00000, 0x0000000089f00000| Untracked 
| 120|0x000000008a000000, 0x000000008a000000, 0x000000008a100000|  0%| F|  |TAMS 0x000000008a000000, 0x000000008a000000| Untracked 
| 121|0x000000008a100000, 0x000000008a100000, 0x000000008a200000|  0%| F|  |TAMS 0x000000008a100000, 0x000000008a100000| Untracked 
| 122|0x000000008a200000, 0x000000008a200000, 0x000000008a300000|  0%| F|  |TAMS 0x000000008a200000, 0x000000008a200000| Untracked 
| 123|0x000000008a300000, 0x000000008a300000, 0x000000008a400000|  0%| F|  |TAMS 0x000000008a300000, 0x000000008a300000| Untracked 
| 124|0x000000008a400000, 0x000000008a400000, 0x000000008a500000|  0%| F|  |TAMS 0x000000008a400000, 0x000000008a400000| Untracked 
| 125|0x000000008a500000, 0x000000008a500000, 0x000000008a600000|  0%| F|  |TAMS 0x000000008a500000, 0x000000008a500000| Untracked 

Card table byte_map: [0x00000217eb1d0000,0x00000217eb5c0000] _byte_map_base: 0x00000217eadbc000

Marking Bits (Prev, Next): (CMBitMap*) 0x00000217e3565620, (CMBitMap*) 0x00000217e35655e0
 Prev Bits: [0x00000217ed910000, 0x00000217ef870000)
 Next Bits: [0x00000217eb9b0000, 0x00000217ed910000)

Polling page: 0x00000217e32c0000

Metaspace:

Usage:
  Non-class:     29.61 MB used.
      Class:      4.43 MB used.
       Both:     34.04 MB used.

Virtual space:
  Non-class space:       32.00 MB reserved,      29.75 MB ( 93%) committed,  4 nodes.
      Class space:        1.00 GB reserved,       4.56 MB ( <1%) committed,  1 nodes.
             Both:        1.03 GB reserved,      34.31 MB (  3%) committed. 

Chunk freelists:
   Non-Class:  1.82 MB
       Class:  3.41 MB
        Both:  5.23 MB

MaxMetaspaceSize: unlimited
CompressedClassSpaceSize: 1.00 GB
Initial GC threshold: 21.00 MB
Current GC threshold: 56.81 MB
CDS: off
MetaspaceReclaimPolicy: balanced
 - commit_granule_bytes: 65536.
 - commit_granule_words: 8192.
 - virtual_space_node_default_size: 1048576.
 - enlarge_chunks_in_place: 1.
 - new_chunks_are_fully_committed: 0.
 - uncommit_free_chunks: 1.
 - use_allocation_guard: 0.
 - handle_deallocations: 1.


Internal statistics:

num_allocs_failed_limit: 5.
num_arena_births: 298.
num_arena_deaths: 0.
num_vsnodes_births: 5.
num_vsnodes_deaths: 0.
num_space_committed: 549.
num_space_uncommitted: 0.
num_chunks_returned_to_freelist: 5.
num_chunks_taken_from_freelist: 1258.
num_chunk_merges: 5.
num_chunk_splits: 879.
num_chunks_enlarged: 697.
num_purges: 0.
num_inconsistent_stats: 0.

CodeCache: size=49152Kb used=8186Kb max_used=8186Kb free=40965Kb
 bounds [0x00000217e79a0000, 0x00000217e81a0000, 0x00000217ea9a0000]
 total_blobs=4093 nmethods=3571 adapters=447
 compilation: enabled
              stopped_count=0, restarted_count=0
 full_count=0

Compilation events (20 events):
Event: 12.918 Thread 0x00000217f1eef5f0 3563       1       java.io.File::lastModified (33 bytes)
Event: 12.919 Thread 0x00000217f1eef5f0 nmethod 3563 0x00000217e8199890 code [0x00000217e8199a40, 0x00000217e8199be8]
Event: 12.922 Thread 0x00000217f2b3fcc0 3564       1       java.util.concurrent.atomic.AtomicBoolean::<init> (5 bytes)
Event: 12.922 Thread 0x00000217f2b3fcc0 nmethod 3564 0x00000217e8199c90 code [0x00000217e8199e20, 0x00000217e8199ed8]
Event: 12.998 Thread 0x00000217f2b3fcc0 3565   !   1       java.nio.file.Files::isDirectory (43 bytes)
Event: 12.998 Thread 0x00000217f1eef5f0 3566   !   1       sun.nio.fs.AbstractFileSystemProvider::isDirectory (20 bytes)
Event: 12.999 Thread 0x00000217f1eef5f0 nmethod 3566 0x00000217e8199f90 code [0x00000217e819a140, 0x00000217e819a388]
Event: 12.999 Thread 0x00000217f2b3fcc0 nmethod 3565 0x00000217e819a510 code [0x00000217e819a700, 0x00000217e819ab38]
Event: 13.001 Thread 0x00000217f2b3fcc0 3567       1       sun.nio.fs.WindowsPath$WindowsPathWithAttributes::compareTo (9 bytes)
Event: 13.001 Thread 0x00000217f2b3fcc0 nmethod 3567 0x00000217e819af10 code [0x00000217e819b0a0, 0x00000217e819b1c8]
Event: 13.011 Thread 0x00000217f2b3fcc0 3568   !   1       io.github.classgraph.ClasspathElementDir::newResource (27 bytes)
Event: 13.011 Thread 0x00000217f1eef5f0 3569       1       java.nio.file.Files::size (17 bytes)
Event: 13.011 Thread 0x00000217f2b4a780 3570       1       io.github.classgraph.ClasspathElementDir$1::<init> (35 bytes)
Event: 13.012 Thread 0x00000217f1eef5f0 nmethod 3569 0x00000217e819b290 code [0x00000217e819b440, 0x00000217e819b638]
Event: 13.012 Thread 0x00000217f2b4a780 nmethod 3570 0x00000217e819b810 code [0x00000217e819b9c0, 0x00000217e819bcb8]
Event: 13.012 Thread 0x00000217f1eef5f0 3571       1       io.github.classgraph.ClasspathElementDir$1::getPath (45 bytes)
Event: 13.012 Thread 0x00000217f2b3fcc0 nmethod 3568 0x00000217e819bd90 code [0x00000217e819bf60, 0x00000217e819c478]
Event: 13.012 Thread 0x00000217f1eef5f0 nmethod 3571 0x00000217e819c790 code [0x00000217e819c960, 0x00000217e819cb58]
Event: 13.251 Thread 0x00000217f2b3fcc0 3572       1       io.github.classgraph.ClasspathElement::maskClassfiles (191 bytes)
Event: 13.253 Thread 0x00000217f2b3fcc0 nmethod 3572 0x00000217e819cd90 code [0x00000217e819d0e0, 0x00000217e819df28]

GC Heap History (20 events):
Event: 11.708 GC heap after
{Heap after GC invocations=9 (full 0):
 garbage-first heap   total 55296K, used 18489K [0x0000000082800000, 0x0000000100000000)
  region size 1024K, 3 young (3072K), 3 survivors (3072K)
 Metaspace       used 32704K, committed 33024K, reserved 1081344K
  class space    used 4144K, committed 4288K, reserved 1048576K
}
Event: 11.916 GC heap before
{Heap before GC invocations=9 (full 0):
 garbage-first heap   total 55296K, used 37945K [0x0000000082800000, 0x0000000100000000)
  region size 1024K, 23 young (23552K), 3 survivors (3072K)
 Metaspace       used 33123K, committed 33408K, reserved 1081344K
  class space    used 4203K, committed 4352K, reserved 1048576K
}
Event: 11.924 GC heap after
{Heap after GC invocations=10 (full 0):
 garbage-first heap   total 55296K, used 22246K [0x0000000082800000, 0x0000000100000000)
  region size 1024K, 3 young (3072K), 3 survivors (3072K)
 Metaspace       used 33123K, committed 33408K, reserved 1081344K
  class space    used 4203K, committed 4352K, reserved 1048576K
}
Event: 12.129 GC heap before
{Heap before GC invocations=10 (full 0):
 garbage-first heap   total 55296K, used 37606K [0x0000000082800000, 0x0000000100000000)
  region size 1024K, 19 young (19456K), 3 survivors (3072K)
 Metaspace       used 33393K, committed 33728K, reserved 1081344K
  class space    used 4242K, committed 4416K, reserved 1048576K
}
Event: 12.135 GC heap after
{Heap after GC invocations=11 (full 0):
 garbage-first heap   total 55296K, used 25757K [0x0000000082800000, 0x0000000100000000)
  region size 1024K, 3 young (3072K), 3 survivors (3072K)
 Metaspace       used 33393K, committed 33728K, reserved 1081344K
  class space    used 4242K, committed 4416K, reserved 1048576K
}
Event: 12.302 GC heap before
{Heap before GC invocations=11 (full 0):
 garbage-first heap   total 55296K, used 40093K [0x0000000082800000, 0x0000000100000000)
  region size 1024K, 17 young (17408K), 3 survivors (3072K)
 Metaspace       used 33645K, committed 33920K, reserved 1081344K
  class space    used 4281K, committed 4416K, reserved 1048576K
}
Event: 12.309 GC heap after
{Heap after GC invocations=12 (full 0):
 garbage-first heap   total 55296K, used 28726K [0x0000000082800000, 0x0000000100000000)
  region size 1024K, 3 young (3072K), 3 survivors (3072K)
 Metaspace       used 33645K, committed 33920K, reserved 1081344K
  class space    used 4281K, committed 4416K, reserved 1048576K
}
Event: 12.364 GC heap before
{Heap before GC invocations=12 (full 0):
 garbage-first heap   total 55296K, used 39990K [0x0000000082800000, 0x0000000100000000)
  region size 1024K, 14 young (14336K), 3 survivors (3072K)
 Metaspace       used 33701K, committed 33984K, reserved 1081344K
  class space    used 4290K, committed 4416K, reserved 1048576K
}
Event: 12.371 GC heap after
{Heap after GC invocations=13 (full 0):
 garbage-first heap   total 69632K, used 30655K [0x0000000082800000, 0x0000000100000000)
  region size 1024K, 2 young (2048K), 2 survivors (2048K)
 Metaspace       used 33701K, committed 33984K, reserved 1081344K
  class space    used 4290K, committed 4416K, reserved 1048576K
}
Event: 12.536 GC heap before
{Heap before GC invocations=14 (full 0):
 garbage-first heap   total 69632K, used 50111K [0x0000000082800000, 0x0000000100000000)
  region size 1024K, 22 young (22528K), 2 survivors (2048K)
 Metaspace       used 34156K, committed 34432K, reserved 1081344K
  class space    used 4369K, committed 4480K, reserved 1048576K
}
Event: 12.543 GC heap after
{Heap after GC invocations=15 (full 0):
 garbage-first heap   total 69632K, used 34370K [0x0000000082800000, 0x0000000100000000)
  region size 1024K, 3 young (3072K), 3 survivors (3072K)
 Metaspace       used 34156K, committed 34432K, reserved 1081344K
  class space    used 4369K, committed 4480K, reserved 1048576K
}
Event: 12.614 GC heap before
{Heap before GC invocations=15 (full 0):
 garbage-first heap   total 69632K, used 51778K [0x0000000082800000, 0x0000000100000000)
  region size 1024K, 20 young (20480K), 3 survivors (3072K)
 Metaspace       used 34353K, committed 34688K, reserved 1081344K
  class space    used 4421K, committed 4544K, reserved 1048576K
}
Event: 12.624 GC heap after
{Heap after GC invocations=16 (full 0):
 garbage-first heap   total 69632K, used 37714K [0x0000000082800000, 0x0000000100000000)
  region size 1024K, 3 young (3072K), 3 survivors (3072K)
 Metaspace       used 34353K, committed 34688K, reserved 1081344K
  class space    used 4421K, committed 4544K, reserved 1048576K
}
Event: 12.705 GC heap before
{Heap before GC invocations=16 (full 0):
 garbage-first heap   total 69632K, used 53074K [0x0000000082800000, 0x0000000100000000)
  region size 1024K, 18 young (18432K), 3 survivors (3072K)
 Metaspace       used 34512K, committed 34816K, reserved 1081344K
  class space    used 4464K, committed 4608K, reserved 1048576K
}
Event: 12.716 GC heap after
{Heap after GC invocations=17 (full 0):
 garbage-first heap   total 69632K, used 42003K [0x0000000082800000, 0x0000000100000000)
  region size 1024K, 3 young (3072K), 3 survivors (3072K)
 Metaspace       used 34512K, committed 34816K, reserved 1081344K
  class space    used 4464K, committed 4608K, reserved 1048576K
}
Event: 12.903 GC heap before
{Heap before GC invocations=18 (full 0):
 garbage-first heap   total 78848K, used 53267K [0x0000000082800000, 0x0000000100000000)
  region size 1024K, 14 young (14336K), 3 survivors (3072K)
 Metaspace       used 34858K, committed 35136K, reserved 1081344K
  class space    used 4534K, committed 4672K, reserved 1048576K
}
Event: 12.912 GC heap after
{Heap after GC invocations=19 (full 0):
 garbage-first heap   total 78848K, used 46118K [0x0000000082800000, 0x0000000100000000)
  region size 1024K, 2 young (2048K), 2 survivors (2048K)
 Metaspace       used 34858K, committed 35136K, reserved 1081344K
  class space    used 4534K, committed 4672K, reserved 1048576K
}
Event: 12.973 GC heap before
{Heap before GC invocations=19 (full 0):
 garbage-first heap   total 78848K, used 47142K [0x0000000082800000, 0x0000000100000000)
  region size 1024K, 3 young (3072K), 2 survivors (2048K)
 Metaspace       used 34858K, committed 35136K, reserved 1081344K
  class space    used 4534K, committed 4672K, reserved 1048576K
}
Event: 12.976 GC heap after
{Heap after GC invocations=20 (full 0):
 garbage-first heap   total 78848K, used 46627K [0x0000000082800000, 0x0000000100000000)
  region size 1024K, 1 young (1024K), 1 survivors (1024K)
 Metaspace       used 34858K, committed 35136K, reserved 1081344K
  class space    used 4534K, committed 4672K, reserved 1048576K
}
Event: 13.257 GC heap before
{Heap before GC invocations=20 (full 0):
 garbage-first heap   total 78848K, used 53795K [0x0000000082800000, 0x0000000100000000)
  region size 1024K, 10 young (10240K), 1 survivors (1024K)
 Metaspace       used 34858K, committed 35136K, reserved 1081344K
  class space    used 4534K, committed 4672K, reserved 1048576K
}

Deoptimization events (20 events):
Event: 6.910 Thread 0x00000217e350a8d0 DEOPT PACKING pc=0x00000217e7d2e4f5 sp=0x00000066d81fd8d0
Event: 6.910 Thread 0x00000217e350a8d0 DEOPT UNPACKING pc=0x00000217e79f2b43 sp=0x00000066d81fcd40 mode 3
Event: 8.592 Thread 0x00000217e350a8d0 DEOPT PACKING pc=0x00000217e7e53799 sp=0x00000066d81fd140
Event: 8.592 Thread 0x00000217e350a8d0 DEOPT UNPACKING pc=0x00000217e79f2b43 sp=0x00000066d81fc620 mode 3
Event: 9.452 Thread 0x00000217e350a8d0 DEOPT PACKING pc=0x00000217e7f14a75 sp=0x00000066d81fce10
Event: 9.452 Thread 0x00000217e350a8d0 DEOPT UNPACKING pc=0x00000217e79f2b43 sp=0x00000066d81fc280 mode 3
Event: 10.296 Thread 0x00000217e350a8d0 DEOPT PACKING pc=0x00000217e7f7a8b4 sp=0x00000066d81f7680
Event: 10.296 Thread 0x00000217e350a8d0 DEOPT UNPACKING pc=0x00000217e79f2b43 sp=0x00000066d81f6b00 mode 3
Event: 11.349 Thread 0x00000217e350a8d0 DEOPT PACKING pc=0x00000217e7fb7999 sp=0x00000066d81fc640
Event: 11.349 Thread 0x00000217e350a8d0 DEOPT UNPACKING pc=0x00000217e79f2b43 sp=0x00000066d81fbb20 mode 3
Event: 11.517 Thread 0x00000217f492da50 DEOPT PACKING pc=0x00000217e8017bab sp=0x00000066d99fe970
Event: 11.517 Thread 0x00000217f492da50 DEOPT UNPACKING pc=0x00000217e79f2b43 sp=0x00000066d99fdeb8 mode 3
Event: 12.149 Thread 0x00000217f3323280 DEOPT PACKING pc=0x00000217e7e54801 sp=0x00000066da0fedb0
Event: 12.151 Thread 0x00000217f3323280 DEOPT UNPACKING pc=0x00000217e79f2b43 sp=0x00000066da0fe240 mode 3
Event: 12.500 Thread 0x00000217f331fd90 DEOPT PACKING pc=0x00000217e8164135 sp=0x00000066da5fd9a0
Event: 12.500 Thread 0x00000217f331fd90 DEOPT UNPACKING pc=0x00000217e79f2b43 sp=0x00000066da5fcec8 mode 3
Event: 13.160 Thread 0x00000217f3320c00 DEOPT PACKING pc=0x00000217e7e4c917 sp=0x00000066da3fee70
Event: 13.160 Thread 0x00000217f3320c00 DEOPT UNPACKING pc=0x00000217e79f2b43 sp=0x00000066da3fe2c8 mode 3
Event: 13.160 Thread 0x00000217f4a73850 DEOPT PACKING pc=0x00000217e7e4c917 sp=0x00000066d9dfee70
Event: 13.160 Thread 0x00000217f4a73850 DEOPT UNPACKING pc=0x00000217e79f2b43 sp=0x00000066d9dfe2c8 mode 3

Classes unloaded (0 events):
No events

Classes redefined (0 events):
No events

Internal exceptions (20 events):
Event: 11.660 Thread 0x00000217f4a74660 Exception <a 'sun/nio/fs/WindowsException'{0x0000000084b268b0}> (0x0000000084b268b0) 
thrown [e:\jenkins\tmp\workspace\build\src\src\hotspot\share\prims\jni.cpp, line 516]
Event: 11.660 Thread 0x00000217f4a74660 Exception <a 'sun/nio/fs/WindowsException'{0x0000000084bb1c78}> (0x0000000084bb1c78) 
thrown [e:\jenkins\tmp\workspace\build\src\src\hotspot\share\prims\jni.cpp, line 516]
Event: 11.660 Thread 0x00000217f4a74660 Exception <a 'sun/nio/fs/WindowsException'{0x0000000084bb2018}> (0x0000000084bb2018) 
thrown [e:\jenkins\tmp\workspace\build\src\src\hotspot\share\prims\jni.cpp, line 516]
Event: 11.660 Thread 0x00000217f4a74660 Exception <a 'sun/nio/fs/WindowsException'{0x0000000084bb2a10}> (0x0000000084bb2a10) 
thrown [e:\jenkins\tmp\workspace\build\src\src\hotspot\share\prims\jni.cpp, line 516]
Event: 11.660 Thread 0x00000217f4a74660 Exception <a 'sun/nio/fs/WindowsException'{0x0000000084bb2dc8}> (0x0000000084bb2dc8) 
thrown [e:\jenkins\tmp\workspace\build\src\src\hotspot\share\prims\jni.cpp, line 516]
Event: 11.660 Thread 0x00000217f4a74660 Exception <a 'sun/nio/fs/WindowsException'{0x0000000084bb37b0}> (0x0000000084bb37b0) 
thrown [e:\jenkins\tmp\workspace\build\src\src\hotspot\share\prims\jni.cpp, line 516]
Event: 11.660 Thread 0x00000217f4a74660 Exception <a 'sun/nio/fs/WindowsException'{0x0000000084bb3b58}> (0x0000000084bb3b58) 
thrown [e:\jenkins\tmp\workspace\build\src\src\hotspot\share\prims\jni.cpp, line 516]
Event: 11.660 Thread 0x00000217f4a74660 Exception <a 'sun/nio/fs/WindowsException'{0x0000000084bb4550}> (0x0000000084bb4550) 
thrown [e:\jenkins\tmp\workspace\build\src\src\hotspot\share\prims\jni.cpp, line 516]
Event: 11.660 Thread 0x00000217f4a74660 Exception <a 'sun/nio/fs/WindowsException'{0x0000000084bb4908}> (0x0000000084bb4908) 
thrown [e:\jenkins\tmp\workspace\build\src\src\hotspot\share\prims\jni.cpp, line 516]
Event: 11.661 Thread 0x00000217f4a74660 Exception <a 'sun/nio/fs/WindowsException'{0x0000000084bb5318}> (0x0000000084bb5318) 
thrown [e:\jenkins\tmp\workspace\build\src\src\hotspot\share\prims\jni.cpp, line 516]
Event: 11.661 Thread 0x00000217f4a74660 Exception <a 'sun/nio/fs/WindowsException'{0x0000000084bb56f0}> (0x0000000084bb56f0) 
thrown [e:\jenkins\tmp\workspace\build\src\src\hotspot\share\prims\jni.cpp, line 516]
Event: 11.661 Thread 0x00000217f4a74660 Exception <a 'sun/nio/fs/WindowsException'{0x0000000084bb6118}> (0x0000000084bb6118) 
thrown [e:\jenkins\tmp\workspace\build\src\src\hotspot\share\prims\jni.cpp, line 516]
Event: 11.661 Thread 0x00000217f4a74660 Exception <a 'sun/nio/fs/WindowsException'{0x0000000084bb6508}> (0x0000000084bb6508) 
thrown [e:\jenkins\tmp\workspace\build\src\src\hotspot\share\prims\jni.cpp, line 516]
Event: 11.661 Thread 0x00000217f4a74660 Exception <a 'sun/nio/fs/WindowsException'{0x0000000084bb6f28}> (0x0000000084bb6f28) 
thrown [e:\jenkins\tmp\workspace\build\src\src\hotspot\share\prims\jni.cpp, line 516]
Event: 11.661 Thread 0x00000217f4a74660 Exception <a 'sun/nio/fs/WindowsException'{0x0000000084bb7310}> (0x0000000084bb7310) 
thrown [e:\jenkins\tmp\workspace\build\src\src\hotspot\share\prims\jni.cpp, line 516]
Event: 12.400 Thread 0x00000217f3321f40 Exception <a 'java/lang/NoSuchMethodError'{0x00000000890fd938}: 'java.lang.Object java.lang.invoke.DirectMethodHandle$Holder.invokeStatic(java.lang.Object, java.lang.Object, java.lang.Object, int, java.lang.Object, java.lang.Object)'> (0x00000000890fd938) 
thrown [e:\jenkins\tmp\workspace\build\src\src\hotspot\share\interpreter\linkResolver.cpp, line 766]
Event: 12.483 Thread 0x00000217f331fd90 Exception <a 'java/lang/NoSuchMethodError'{0x00000000862d8338}: 'java.lang.Object java.lang.invoke.DirectMethodHandle$Holder.invokeStatic(java.lang.Object, int, java.lang.Object)'> (0x00000000862d8338) 
thrown [e:\jenkins\tmp\workspace\build\src\src\hotspot\share\interpreter\linkResolver.cpp, line 766]
Event: 12.794 Thread 0x00000217f331fd90 Exception <a 'java/lang/NoSuchMethodError'{0x0000000086c53f88}: 'int java.lang.invoke.DirectMethodHandle$Holder.invokeStatic(java.lang.Object)'> (0x0000000086c53f88) 
thrown [e:\jenkins\tmp\workspace\build\src\src\hotspot\share\interpreter\linkResolver.cpp, line 766]
Event: 12.795 Thread 0x00000217f331fd90 Exception <a 'java/lang/NoSuchMethodError'{0x0000000086c59c48}: 'int java.lang.invoke.DirectMethodHandle$Holder.invokeStaticInit(java.lang.Object)'> (0x0000000086c59c48) 
thrown [e:\jenkins\tmp\workspace\build\src\src\hotspot\share\interpreter\linkResolver.cpp, line 766]
Event: 12.823 Thread 0x00000217f3321f40 Exception <a 'java/lang/NoSuchMethodError'{0x0000000086b62c20}: 'int java.lang.invoke.DirectMethodHandle$Holder.invokeVirtual(java.lang.Object, java.lang.Object)'> (0x0000000086b62c20) 
thrown [e:\jenkins\tmp\workspace\build\src\src\hotspot\share\interpreter\linkResolver.cpp, line 766]

VM Operations (20 events):
Event: 13.226 Executing VM operation: ICBufferFull done
Event: 13.227 Executing VM operation: ICBufferFull
Event: 13.227 Executing VM operation: ICBufferFull done
Event: 13.229 Executing VM operation: ICBufferFull
Event: 13.229 Executing VM operation: ICBufferFull done
Event: 13.230 Executing VM operation: ICBufferFull
Event: 13.230 Executing VM operation: ICBufferFull done
Event: 13.232 Executing VM operation: ICBufferFull
Event: 13.232 Executing VM operation: ICBufferFull done
Event: 13.233 Executing VM operation: ICBufferFull
Event: 13.233 Executing VM operation: ICBufferFull done
Event: 13.234 Executing VM operation: ICBufferFull
Event: 13.234 Executing VM operation: ICBufferFull done
Event: 13.236 Executing VM operation: ICBufferFull
Event: 13.236 Executing VM operation: ICBufferFull done
Event: 13.237 Executing VM operation: ICBufferFull
Event: 13.237 Executing VM operation: ICBufferFull done
Event: 13.238 Executing VM operation: ICBufferFull
Event: 13.238 Executing VM operation: ICBufferFull done
Event: 13.257 Executing VM operation: G1TryInitiateConcMark

Events (20 events):
Event: 12.529 loading class java/util/concurrent/atomic/AtomicLongFieldUpdater
Event: 12.529 loading class java/util/concurrent/atomic/AtomicLongFieldUpdater done
Event: 12.529 loading class java/util/concurrent/atomic/AtomicLongFieldUpdater$CASUpdater
Event: 12.529 loading class java/util/concurrent/atomic/AtomicLongFieldUpdater$CASUpdater done
Event: 12.530 loading class java/util/concurrent/atomic/AtomicLongFieldUpdater$CASUpdater$1
Event: 12.530 loading class java/util/concurrent/atomic/AtomicLongFieldUpdater$CASUpdater$1 done
Event: 12.631 Thread 0x00000217f3322410 Thread added: 0x00000217f3322410
Event: 12.809 Thread 0x00000217f33228e0 Thread added: 0x00000217f33228e0
Event: 12.815 loading class java/util/concurrent/CompletionException
Event: 12.815 loading class java/util/concurrent/CompletionException done
Event: 12.827 loading class java/io/PrintWriter
Event: 12.827 loading class java/io/PrintWriter done
Event: 12.830 loading class sun/nio/cs/StringUTF16
Event: 12.830 loading class sun/nio/cs/StringUTF16 done
Event: 12.832 loading class java/util/WeakHashMap$EntrySet
Event: 12.832 loading class java/util/WeakHashMap$EntrySet done
Event: 12.832 loading class java/util/WeakHashMap$EntryIterator
Event: 12.833 loading class java/util/WeakHashMap$HashIterator
Event: 12.833 loading class java/util/WeakHashMap$HashIterator done
Event: 12.833 loading class java/util/WeakHashMap$EntryIterator done


Dynamic libraries:
0x00007ff7969d0000 - 0x00007ff7969de000 	c:\Users\User\.vscode\extensions\redhat.java-1.9.0-win32-x64\jre\17.0.3-win32-x86_64\bin\java.exe
0x00007ffa63940000 - 0x00007ffa63b30000 	C:\WINDOWS\SYSTEM32\ntdll.dll
0x00007ffa62560000 - 0x00007ffa62612000 	C:\WINDOWS\System32\KERNEL32.DLL
0x00007ffa60af0000 - 0x00007ffa60d95000 	C:\WINDOWS\System32\KERNELBASE.dll
0x00007ffa616b0000 - 0x00007ffa617aa000 	C:\WINDOWS\System32\ucrtbase.dll
0x00007ffa5e940000 - 0x00007ffa5e958000 	c:\Users\User\.vscode\extensions\redhat.java-1.9.0-win32-x64\jre\17.0.3-win32-x86_64\bin\jli.dll
0x00007ffa62920000 - 0x00007ffa62ab4000 	C:\WINDOWS\System32\USER32.dll
0x00007ffa608c0000 - 0x00007ffa608e1000 	C:\WINDOWS\System32\win32u.dll
0x00007ffa637b0000 - 0x00007ffa637d6000 	C:\WINDOWS\System32\GDI32.dll
0x00007ffa617b0000 - 0x00007ffa61948000 	C:\WINDOWS\System32\gdi32full.dll
0x00007ffa61950000 - 0x00007ffa619ee000 	C:\WINDOWS\System32\msvcp_win.dll
0x00007ffa5e840000 - 0x00007ffa5e859000 	c:\Users\User\.vscode\extensions\redhat.java-1.9.0-win32-x64\jre\17.0.3-win32-x86_64\bin\VCRUNTIME140.dll
0x00007ffa50c80000 - 0x00007ffa50f04000 	C:\WINDOWS\WinSxS\amd64_microsoft.windows.common-controls_6595b64144ccf1df_6.0.18362.1379_none_9e7ff3b3e45cc0c4\COMCTL32.dll
0x00007ffa63140000 - 0x00007ffa631de000 	C:\WINDOWS\System32\msvcrt.dll
0x00007ffa62cf0000 - 0x00007ffa63027000 	C:\WINDOWS\System32\combase.dll
0x00007ffa637e0000 - 0x00007ffa638ff000 	C:\WINDOWS\System32\RPCRT4.dll
0x00007ffa615d0000 - 0x00007ffa61651000 	C:\WINDOWS\System32\bcryptPrimitives.dll
0x00007ffa63780000 - 0x00007ffa637ae000 	C:\WINDOWS\System32\IMM32.DLL
0x00007ffa5e930000 - 0x00007ffa5e93c000 	c:\Users\User\.vscode\extensions\redhat.java-1.9.0-win32-x64\jre\17.0.3-win32-x86_64\bin\vcruntime140_1.dll
0x00007ffa3b3e0000 - 0x00007ffa3b471000 	c:\Users\User\.vscode\extensions\redhat.java-1.9.0-win32-x64\jre\17.0.3-win32-x86_64\bin\msvcp140.dll
0x00007ffa28710000 - 0x00007ffa29358000 	c:\Users\User\.vscode\extensions\redhat.java-1.9.0-win32-x64\jre\17.0.3-win32-x86_64\bin\server\jvm.dll
0x00007ffa61b20000 - 0x00007ffa61bc3000 	C:\WINDOWS\System32\ADVAPI32.dll
0x00007ffa630a0000 - 0x00007ffa63137000 	C:\WINDOWS\System32\sechost.dll
0x00007ffa62c80000 - 0x00007ffa62c88000 	C:\WINDOWS\System32\PSAPI.DLL
0x00007ffa5e890000 - 0x00007ffa5e899000 	C:\WINDOWS\SYSTEM32\WSOCK32.dll
0x00007ffa63030000 - 0x00007ffa6309f000 	C:\WINDOWS\System32\WS2_32.dll
0x00007ffa5b7e0000 - 0x00007ffa5b804000 	C:\WINDOWS\SYSTEM32\WINMM.dll
0x00007ffa4cda0000 - 0x00007ffa4cdaa000 	C:\WINDOWS\SYSTEM32\VERSION.dll
0x00007ffa5b7b0000 - 0x00007ffa5b7dd000 	C:\WINDOWS\SYSTEM32\WINMMBASE.dll
0x00007ffa61660000 - 0x00007ffa616aa000 	C:\WINDOWS\System32\cfgmgr32.dll
0x00007ffa60800000 - 0x00007ffa60811000 	C:\WINDOWS\System32\kernel.appcore.dll
0x00007ffa5e8b0000 - 0x00007ffa5e8ba000 	c:\Users\User\.vscode\extensions\redhat.java-1.9.0-win32-x64\jre\17.0.3-win32-x86_64\bin\jimage.dll
0x00007ffa4b7e0000 - 0x00007ffa4b9d4000 	C:\WINDOWS\SYSTEM32\DBGHELP.DLL
0x00007ffa4b7b0000 - 0x00007ffa4b7da000 	C:\WINDOWS\SYSTEM32\dbgcore.DLL
0x00007ffa56d70000 - 0x00007ffa56d95000 	c:\Users\User\.vscode\extensions\redhat.java-1.9.0-win32-x64\jre\17.0.3-win32-x86_64\bin\java.dll
0x00007ffa51710000 - 0x00007ffa51728000 	c:\Users\User\.vscode\extensions\redhat.java-1.9.0-win32-x64\jre\17.0.3-win32-x86_64\bin\zip.dll
0x00007ffa61d80000 - 0x00007ffa62468000 	C:\WINDOWS\System32\SHELL32.dll
0x00007ffa62b50000 - 0x00007ffa62bf7000 	C:\WINDOWS\System32\shcore.dll
0x00007ffa60e50000 - 0x00007ffa615cb000 	C:\WINDOWS\System32\windows.storage.dll
0x00007ffa60890000 - 0x00007ffa608b3000 	C:\WINDOWS\System32\profapi.dll
0x00007ffa60820000 - 0x00007ffa6086a000 	C:\WINDOWS\System32\powrprof.dll
0x00007ffa607f0000 - 0x00007ffa60800000 	C:\WINDOWS\System32\UMPDC.dll
0x00007ffa62c90000 - 0x00007ffa62ce2000 	C:\WINDOWS\System32\shlwapi.dll
0x00007ffa60980000 - 0x00007ffa60997000 	C:\WINDOWS\System32\cryptsp.dll
0x00007ffa511b0000 - 0x00007ffa511c9000 	C:\Users\User\.vscode\extensions\redhat.java-1.9.0-win32-x64\jre\17.0.3-win32-x86_64\bin\net.dll
0x00007ffa5e360000 - 0x00007ffa5e450000 	C:\WINDOWS\SYSTEM32\WINHTTP.dll
0x00007ffa5ffe0000 - 0x00007ffa60047000 	C:\WINDOWS\system32\mswsock.dll
0x00007ffa51190000 - 0x00007ffa511a5000 	C:\Users\User\.vscode\extensions\redhat.java-1.9.0-win32-x64\jre\17.0.3-win32-x86_64\bin\nio.dll
0x00007ffa5e560000 - 0x00007ffa5e570000 	c:\Users\User\.vscode\extensions\redhat.java-1.9.0-win32-x64\jre\17.0.3-win32-x86_64\bin\verify.dll
0x00007ffa5e740000 - 0x00007ffa5e749000 	C:\Users\User\.vscode\extensions\redhat.java-1.9.0-win32-x64\jre\17.0.3-win32-x86_64\bin\management.dll
0x00007ffa5e730000 - 0x00007ffa5e73b000 	C:\Users\User\.vscode\extensions\redhat.java-1.9.0-win32-x64\jre\17.0.3-win32-x86_64\bin\management_ext.dll
0x00007ffa31d30000 - 0x00007ffa31d46000 	C:\WINDOWS\system32\napinsp.dll
0x00007ffa31d10000 - 0x00007ffa31d2a000 	C:\WINDOWS\system32\pnrpnsp.dll
0x00007ffa5fd40000 - 0x00007ffa5fe0b000 	C:\WINDOWS\SYSTEM32\DNSAPI.dll
0x00007ffa62ac0000 - 0x00007ffa62ac8000 	C:\WINDOWS\System32\NSI.dll
0x00007ffa5fd00000 - 0x00007ffa5fd3a000 	C:\WINDOWS\SYSTEM32\IPHLPAPI.DLL
0x00007ffa31d00000 - 0x00007ffa31d0e000 	C:\WINDOWS\System32\winrnr.dll
0x00007ffa5cb60000 - 0x00007ffa5cb7c000 	C:\WINDOWS\system32\NLAapi.dll
0x00007ffa34540000 - 0x00007ffa34555000 	C:\WINDOWS\system32\wshbth.dll
0x00007ffa516c0000 - 0x00007ffa516ca000 	C:\Windows\System32\rasadhlp.dll
0x00007ffa58330000 - 0x00007ffa583a7000 	C:\WINDOWS\System32\fwpuclnt.dll
0x00007ffa608f0000 - 0x00007ffa60916000 	C:\WINDOWS\System32\bcrypt.dll
0x00007ffa5fb70000 - 0x00007ffa5fba3000 	C:\WINDOWS\system32\rsaenh.dll
0x00007ffa606d0000 - 0x00007ffa606f5000 	C:\WINDOWS\SYSTEM32\USERENV.dll
0x00007ffa60160000 - 0x00007ffa6016c000 	C:\WINDOWS\SYSTEM32\CRYPTBASE.dll
0x00007ffa58490000 - 0x00007ffa584a6000 	C:\WINDOWS\SYSTEM32\dhcpcsvc6.DLL
0x00007ffa58630000 - 0x00007ffa5864c000 	C:\WINDOWS\SYSTEM32\dhcpcsvc.DLL

dbghelp: loaded successfully - version: 4.0.5 - missing functions: none
symbol engine: initialized successfully - sym options: 0x614 - pdb path: .;c:\Users\User\.vscode\extensions\redhat.java-1.9.0-win32-x64\jre\17.0.3-win32-x86_64\bin;C:\WINDOWS\SYSTEM32;C:\WINDOWS\WinSxS\amd64_microsoft.windows.common-controls_6595b64144ccf1df_6.0.18362.1379_none_9e7ff3b3e45cc0c4;c:\Users\User\.vscode\extensions\redhat.java-1.9.0-win32-x64\jre\17.0.3-win32-x86_64\bin\server

VM Arguments:
jvm_args: -Dsts.lsp.client=vscode -Dsts.log.file=/dev/null -XX:TieredStopAtLevel=1 -Dspring.config.location=file:c:\Users\User\.vscode\extensions\pivotal.vscode-spring-boot-1.38.0\language-server\BOOT-INF\classes\application.properties 
java_command: org.springframework.ide.vscode.boot.app.BootLanguageServerBootApp
java_class_path (initial): c:\Users\User\.vscode\extensions\pivotal.vscode-spring-boot-1.38.0\language-server\BOOT-INF\classes;c:\Users\User\.vscode\extensions\pivotal.vscode-spring-boot-1.38.0\language-server\BOOT-INF\lib\annotations-23.0.0.jar;c:\Users\User\.vscode\extensions\pivotal.vscode-spring-boot-1.38.0\language-server\BOOT-INF\lib\antlr-runtime-3.5.2.jar;c:\Users\User\.vscode\extensions\pivotal.vscode-spring-boot-1.38.0\language-server\BOOT-INF\lib\antlr4-4.9.3.jar;c:\Users\User\.vscode\extensions\pivotal.vscode-spring-boot-1.38.0\language-server\BOOT-INF\lib\antlr4-runtime-4.9.3.jar;c:\Users\User\.vscode\extensions\pivotal.vscode-spring-boot-1.38.0\language-server\BOOT-INF\lib\asm-9.3.jar;c:\Users\User\.vscode\extensions\pivotal.vscode-spring-boot-1.38.0\language-server\BOOT-INF\lib\asm-analysis-9.3.jar;c:\Users\User\.vscode\extensions\pivotal.vscode-spring-boot-1.38.0\language-server\BOOT-INF\lib\asm-tree-9.3.jar;c:\Users\User\.vscode\extensions\pivotal.vscode-spring-boot-1.38.0\language-server\BOOT-INF\lib\asm-util-9.3.jar;c:\Users\User\.vscode\extensions\pivotal.vscode-spring-boot-1.38.0\language-server\BOOT-INF\lib\byte-buddy-1.10.18.jar;c:\Users\User\.vscode\extensions\pivotal.vscode-spring-boot-1.38.0\language-server\BOOT-INF\lib\caffeine-2.8.6.jar;c:\Users\User\.vscode\extensions\pivotal.vscode-spring-boot-1.38.0\language-server\BOOT-INF\lib\checker-qual-3.12.0.jar;c:\Users\User\.vscode\extensions\pivotal.vscode-spring-boot-1.38.0\language-server\BOOT-INF\lib\classgraph-4.8.149.jar;c:\Users\User\.vscode\extensions\pivotal.vscode-spring-boot-1.38.0\language-server\BOOT-INF\lib\commons-codec-1.14.jar;c:\Users\User\.vscode\extensions\pivotal.vscode-spring-boot-1.38.0\language-server\BOOT-INF\lib\commons-compress-1.21.jar;c:\Users\User\.vscode\extensions\pivotal.vscode-spring-boot-1.38.0\language-server\BOOT-INF\lib\commons-exec-1.3.jar;c:\Users\User\.vscode\extensions\pivotal.vscode-spring-boot-1.38.0\language-server\BOOT-INF\lib\commons-io-2.4.jar;c
Launcher Type: SUN_STANDARD

[Global flags]
     intx CICompilerCount                          = 3                                         {product} {ergonomic}
     uint ConcGCThreads                            = 1                                         {product} {ergonomic}
     uint G1ConcRefinementThreads                  = 4                                         {product} {ergonomic}
   size_t G1HeapRegionSize                         = 1048576                                   {product} {ergonomic}
    uintx GCDrainStackTargetSize                   = 64                                        {product} {ergonomic}
   size_t InitialHeapSize                          = 132120576                                 {product} {ergonomic}
   size_t MarkStackSize                            = 4194304                                   {product} {ergonomic}
   size_t MaxHeapSize                              = 2105540608                                {product} {ergonomic}
   size_t MaxNewSize                               = 1262485504                                {product} {ergonomic}
   size_t MinHeapDeltaBytes                        = 1048576                                   {product} {ergonomic}
   size_t MinHeapSize                              = 8388608                                   {product} {ergonomic}
    uintx NonProfiledCodeHeapSize                  = 0                                      {pd product} {ergonomic}
     bool ProfileInterpreter                       = false                                  {pd product} {command line}
    uintx ProfiledCodeHeapSize                     = 0                                      {pd product} {ergonomic}
   size_t SoftMaxHeapSize                          = 2105540608                             {manageable} {ergonomic}
     intx TieredStopAtLevel                        = 1                                         {product} {command line}
     bool UseCompressedClassPointers               = true                           {product lp64_product} {ergonomic}
     bool UseCompressedOops                        = true                           {product lp64_product} {ergonomic}
     bool UseG1GC                                  = true                                      {product} {ergonomic}
     bool UseLargePagesIndividualAllocation        = false                                  {pd product} {ergonomic}

Logging:
Log output configuration:
 #0: stdout all=warning uptime,level,tags
 #1: stderr all=off uptime,level,tags

Environment Variables:
PATH=C:\Program Files\Java\jdk-13\bin;C:\WINDOWS\system32;C:\WINDOWS;C:\WINDOWS\System32\Wbem;C:\WINDOWS\System32\WindowsPowerShell\v1.0\;C:\WINDOWS\System32\OpenSSH\;C:\Program Files\dotnet\;C:\Program Files\Microsoft SQL Server\130\Tools\Binn\;C:\Program Files\PuTTY\;C:\Program Files\Microsoft SQL Server\Client SDK\ODBC\130\Tools\Binn\;C:\Program Files (x86)\Microsoft SQL Server\130\Tools\Binn\;C:\Program Files\Microsoft SQL Server\130\DTS\Binn\;C:\Program Files\Microsoft SQL Server\Client SDK\ODBC\170\Tools\Binn\;C:\Program Files\nodejs\;C:\Program Files (x86)\dotnet\;C:\xampp\php;C:\ProgramData\ComposerSetup\bin;C:\Program Files\apache-maven-3.6.1\bin;C:\Program Files\Git\cmd;C:\Program Files\OpenSSL-Win64\bin;C:\Program Files\Java\jdk-13\bin;C:\Users\User\AppData\Local\Programs\Python\Python37-32\Scripts\;C:\Users\User\AppData\Local\Programs\Python\Python37-32\;C:\Users\User\AppData\Local\Microsoft\WindowsApps;C:\Users\User\.dotnet\tools;C:\Users\User\AppData\Roaming\npm;C:\Users\User\AppData\Local\Programs\Microsoft VS Code\bin;C:\Users\User\AppData\Roaming\Composer\vendor\bin;C:\Program Files\JetBrains\PyCharm Community Edition 2021.2.2\bin;;C:\bin;C:\Program Files\JetBrains\IntelliJ IDEA 2021.2.2\bin;;C:\Program Files\heroku\bin;C:\Users\User\AppData\Local\Android\Sdk\platform-tools;C:\Qt\Qt5.14.2\Tools\QtCreator\bin;C:\Program Files\OpenSSL-Win64\bin;C:\Users\User\AppData\Local\GitHubDesktop\bin
USERNAME=User
OS=Windows_NT
PROCESSOR_IDENTIFIER=Intel64 Family 6 Model 78 Stepping 3, GenuineIntel



---------------  S Y S T E M  ---------------

OS:
 Windows 10 , 64 bit Build 18362 (10.0.18362.1350)
OS uptime: 15 days 18:52 hours
Hyper-V role detected

CPU: total 4 (initial active 4) (2 cores per cpu, 2 threads per core) family 6 model 78 stepping 3 microcode 0xd6, cx8, cmov, fxsr, ht, mmx, 3dnowpref, sse, sse2, sse3, ssse3, sse4.1, sse4.2, popcnt, lzcnt, tsc, tscinvbit, avx, avx2, aes, erms, clmul, bmi1, bmi2, rtm, adx, fma, vzeroupper, clflush, clflushopt, hv

Memory: 4k page, system-wide physical 8026M (984M free)
TotalPageFile size 32602M (AvailPageFile size 31M)
current process WorkingSet (physical memory assigned to process): 171M, peak: 171M
current process commit charge ("private bytes"): 252M, peak: 280M

vm_info: OpenJDK 64-Bit Server VM (17.0.3+7) for windows-amd64 JRE (17.0.3+7), built on Apr 19 2022 16:55:35 by "" with MS VC++ 16.7 (VS2019)

END.
