#
# There is insufficient memory for the Java Runtime Environment to continue.
# Native memory allocation (mmap) failed to map 71303168 bytes for G1 virtual space
# Possible reasons:
#   The system is out of physical RAM or swap space
#   The process is running with CompressedOops enabled, and the Java Heap may be blocking the growth of the native heap
# Possible solutions:
#   Reduce memory load on the system
#   Increase physical memory or swap space
#   Check if swap backing store is full
#   Decrease Java heap size (-Xmx/-Xms)
#   Decrease number of Java threads
#   Decrease Java thread stack sizes (-Xss)
#   Set larger code cache with -XX:ReservedCodeCacheSize=
#   JVM is running with Unscaled Compressed Oops mode in which the Java heap is
#     placed in the first 4GB address space. The Java Heap base address is the
#     maximum limit for the native heap growth. Please use -XX:HeapBaseMinAddress
#     to set the Java Heap base and to place the Java Heap above 4GB virtual address.
# This output file may be truncated or incomplete.
#
#  Out of Memory Error (os_windows.cpp:3535), pid=11844, tid=19172
#
# JRE version: OpenJDK Runtime Environment Temurin-17.0.3+7 (17.0.3+7) (build 17.0.3+7)
# Java VM: OpenJDK 64-Bit Server VM Temurin-17.0.3+7 (17.0.3+7, mixed mode, emulated-client, tiered, compressed oops, compressed class ptrs, g1 gc, windows-amd64)
# No core dump will be written. Minidumps are not enabled by default on client versions of Windows
#

---------------  S U M M A R Y ------------

Command Line: -Dsts.lsp.client=vscode -Dsts.log.file=/dev/null -XX:TieredStopAtLevel=1 -Dspring.config.location=file:c:\Users\User\.vscode\extensions\pivotal.vscode-spring-boot-1.38.0\language-server\BOOT-INF\classes\application.properties org.springframework.ide.vscode.boot.app.BootLanguageServerBootApp

Host: Intel(R) Core(TM) i5-6300U CPU @ 2.40GHz, 4 cores, 7G,  Windows 10 , 64 bit Build 18362 (10.0.18362.1350)
Time: Tue Aug 23 08:58:07 2022 Paris, Madrid (heure d’été) elapsed time: 7.927062 seconds (0d 0h 0m 7s)

---------------  T H R E A D  ---------------

Current thread (0x00000290b205b5d0):  VMThread "VM Thread" [stack: 0x000000d24f800000,0x000000d24f900000] [id=19172]

Stack: [0x000000d24f800000,0x000000d24f900000]
Native frames: (J=compiled Java code, j=interpreted, Vv=VM code, C=native code)
V  [jvm.dll+0x675efa]
V  [jvm.dll+0x830a24]
V  [jvm.dll+0x8321ce]
V  [jvm.dll+0x832833]
V  [jvm.dll+0x2454b5]
V  [jvm.dll+0x672de9]
V  [jvm.dll+0x667732]
V  [jvm.dll+0x3043ab]
V  [jvm.dll+0x30b8f6]
V  [jvm.dll+0x35b62e]
V  [jvm.dll+0x35b85f]
V  [jvm.dll+0x2db248]
V  [jvm.dll+0x2d94fc]
V  [jvm.dll+0x2d8acc]
V  [jvm.dll+0x31ca2b]
V  [jvm.dll+0x836cdb]
V  [jvm.dll+0x837a14]
V  [jvm.dll+0x837f2c]
V  [jvm.dll+0x838304]
V  [jvm.dll+0x8383d0]
V  [jvm.dll+0x7e0cfa]
V  [jvm.dll+0x674d85]
C  [ucrtbase.dll+0x210b2]
C  [KERNEL32.DLL+0x17c24]
C  [ntdll.dll+0x6d721]

VM_Operation (0x000000d2514fe160): G1CollectForAllocation, mode: safepoint, requested by thread 0x00000290b2d05530


---------------  P R O C E S S  ---------------

Threads class SMR info:
_java_thread_list=0x00000290b4929c90, length=31, elements={
0x00000290b20ab750, 0x00000290b20acef0, 0x00000290b2c1a130, 0x00000290b2c1aaf0,
0x00000290b2c1e7d0, 0x00000290b20ced30, 0x00000290b20d1600, 0x00000290b20d1f00,
0x00000290b2e014a0, 0x00000290b2e103c0, 0x00000290b2e30010, 0x00000290b4543380,
0x00000290b479da80, 0x00000290b4696900, 0x00000290b4833000, 0x00000290a36d9aa0,
0x00000290b48d7550, 0x00000290b4856b40, 0x00000290b4916040, 0x00000290b4916510,
0x00000290b49169e0, 0x00000290b2d076e0, 0x00000290b2d05060, 0x00000290b2d08080,
0x00000290b2d05530, 0x00000290b2d06870, 0x00000290b2d08550, 0x00000290b2d06d40,
0x00000290b2d07bb0, 0x00000290b2d08a20, 0x00000290b2d05a00
}

Java Threads: ( => current thread )
  0x00000290b20ab750 JavaThread "Reference Handler" daemon [_thread_blocked, id=7084, stack(0x000000d24f900000,0x000000d24fa00000)]
  0x00000290b20acef0 JavaThread "Finalizer" daemon [_thread_blocked, id=9788, stack(0x000000d24fa00000,0x000000d24fb00000)]
  0x00000290b2c1a130 JavaThread "Signal Dispatcher" daemon [_thread_blocked, id=11232, stack(0x000000d24fb00000,0x000000d24fc00000)]
  0x00000290b2c1aaf0 JavaThread "Attach Listener" daemon [_thread_blocked, id=9956, stack(0x000000d24fc00000,0x000000d24fd00000)]
  0x00000290b2c1e7d0 JavaThread "Service Thread" daemon [_thread_blocked, id=20868, stack(0x000000d24fd00000,0x000000d24fe00000)]
  0x00000290b20ced30 JavaThread "Monitor Deflation Thread" daemon [_thread_blocked, id=8280, stack(0x000000d24fe00000,0x000000d24ff00000)]
  0x00000290b20d1600 JavaThread "C1 CompilerThread0" daemon [_thread_blocked, id=20488, stack(0x000000d24ff00000,0x000000d250000000)]
  0x00000290b20d1f00 JavaThread "Sweeper thread" daemon [_thread_blocked, id=5144, stack(0x000000d250000000,0x000000d250100000)]
  0x00000290b2e014a0 JavaThread "C1 CompilerThread1" daemon [_thread_blocked, id=6392, stack(0x000000d250100000,0x000000d250200000)]
  0x00000290b2e103c0 JavaThread "Notification Thread" daemon [_thread_blocked, id=15800, stack(0x000000d250200000,0x000000d250300000)]
  0x00000290b2e30010 JavaThread "Common-Cleaner" daemon [_thread_blocked, id=14924, stack(0x000000d250400000,0x000000d250500000)]
  0x00000290b4543380 JavaThread "C1 CompilerThread2" daemon [_thread_blocked, id=20920, stack(0x000000d250800000,0x000000d250900000)]
  0x00000290b479da80 JavaThread "ForkJoinPool.commonPool-worker-1" daemon [_thread_blocked, id=2892, stack(0x000000d250900000,0x000000d250a00000)]
  0x00000290b4696900 JavaThread "pool-7-thread-1" [_thread_blocked, id=14056, stack(0x000000d250a00000,0x000000d250b00000)]
  0x00000290b4833000 JavaThread "LanguageServerApp-lifecycle" [_thread_blocked, id=14080, stack(0x000000d250b00000,0x000000d250c00000)]
  0x00000290a36d9aa0 JavaThread "DestroyJavaVM" [_thread_blocked, id=7728, stack(0x000000d24f200000,0x000000d24f300000)]
  0x00000290b48d7550 JavaThread "pool-8-thread-1" [_thread_in_native, id=21528, stack(0x000000d250c00000,0x000000d250d00000)]
  0x00000290b4856b40 JavaThread "ClassGraph-worker-0" daemon [_thread_blocked, id=19304, stack(0x000000d250d00000,0x000000d250e00000)]
  0x00000290b4916040 JavaThread "ClassGraph-worker-1" daemon [_thread_blocked, id=16308, stack(0x000000d250e00000,0x000000d250f00000)]
  0x00000290b4916510 JavaThread "ClassGraph-worker-2" daemon [_thread_blocked, id=11816, stack(0x000000d250f00000,0x000000d251000000)]
  0x00000290b49169e0 JavaThread "ClassGraph-worker-3" daemon [_thread_blocked, id=17744, stack(0x000000d251000000,0x000000d251100000)]
  0x00000290b2d076e0 JavaThread "ClassGraph-worker-4" daemon [_thread_blocked, id=15928, stack(0x000000d251100000,0x000000d251200000)]
  0x00000290b2d05060 JavaThread "ClassGraph-worker-5" daemon [_thread_blocked, id=10520, stack(0x000000d251200000,0x000000d251300000)]
  0x00000290b2d08080 JavaThread "ClassGraph-worker-6" daemon [_thread_blocked, id=16852, stack(0x000000d251300000,0x000000d251400000)]
  0x00000290b2d05530 JavaThread "ClassGraph-worker-7" daemon [_thread_blocked, id=12700, stack(0x000000d251400000,0x000000d251500000)]
  0x00000290b2d06870 JavaThread "Simple-Language-Server main thread" daemon [_thread_blocked, id=4412, stack(0x000000d251500000,0x000000d251600000)]
  0x00000290b2d08550 JavaThread "pool-5-thread-1" [_thread_blocked, id=9596, stack(0x000000d251600000,0x000000d251700000)]
  0x00000290b2d06d40 JavaThread "parallel-1" daemon [_thread_blocked, id=8444, stack(0x000000d251700000,0x000000d251800000)]
  0x00000290b2d07bb0 JavaThread "parallel-2" daemon [_thread_blocked, id=16032, stack(0x000000d251800000,0x000000d251900000)]
  0x00000290b2d08a20 JavaThread "Reconciler-1" daemon [_thread_blocked, id=9332, stack(0x000000d251900000,0x000000d251a00000)]
  0x00000290b2d05a00 JavaThread "parallel-3" daemon [_thread_blocked, id=18912, stack(0x000000d251a00000,0x000000d251b00000)]

Other Threads:
=>0x00000290b205b5d0 VMThread "VM Thread" [stack: 0x000000d24f800000,0x000000d24f900000] [id=19172]
  0x00000290b2e138b0 WatcherThread [stack: 0x000000d250300000,0x000000d250400000] [id=15796]
  0x00000290a3735610 GCTaskThread "GC Thread#0" [stack: 0x000000d24f300000,0x000000d24f400000] [id=9292]
  0x00000290b368c500 GCTaskThread "GC Thread#1" [stack: 0x000000d250500000,0x000000d250600000] [id=9844]
  0x00000290b3696ba0 GCTaskThread "GC Thread#2" [stack: 0x000000d250600000,0x000000d250700000] [id=19228]
  0x00000290b37889b0 GCTaskThread "GC Thread#3" [stack: 0x000000d250700000,0x000000d250800000] [id=22524]
  0x00000290a3746f70 ConcurrentGCThread "G1 Main Marker" [stack: 0x000000d24f400000,0x000000d24f500000] [id=21220]
  0x00000290a3747890 ConcurrentGCThread "G1 Conc#0" [stack: 0x000000d24f500000,0x000000d24f600000] [id=11504]
  0x00000290a379e2f0 ConcurrentGCThread "G1 Refine#0" [stack: 0x000000d24f600000,0x000000d24f700000] [id=12116]
  0x00000290b441e0e0 ConcurrentGCThread "G1 Refine#1" [stack: 0x000000d251b00000,0x000000d251c00000] [id=11396]
  0x00000290a379ec20 ConcurrentGCThread "G1 Service" [stack: 0x000000d24f700000,0x000000d24f800000] [id=20984]

Threads with active compile tasks:
C1 CompilerThread2     7974 3648   !   1       io.github.classgraph.Scanner$ClassfileScannerWorkUnitProcessor::processWorkUnit (291 bytes)

VM state: at safepoint (normal execution)

VM Mutex/Monitor currently owned by a thread:  ([mutex/lock_event])
[0x00000290a34cd870] Threads_lock - owner thread: 0x00000290b205b5d0
[0x00000290a36d81a0] Heap_lock - owner thread: 0x00000290b2d05530

Heap address: 0x0000000082800000, size: 2008 MB, Compressed Oops mode: 32-bit

CDS archive(s) not mapped
Compressed class space mapped at: 0x0000000100000000-0x0000000140000000, reserved size: 1073741824
Narrow klass base: 0x0000000000000000, Narrow klass shift: 3, Narrow klass range: 0x140000000

GC Precious Log:
 CPUs: 4 total, 4 available
 Memory: 8026M
 Large Page Support: Disabled
 NUMA Support: Disabled
 Compressed Oops: Enabled (32-bit)
 Heap Region Size: 1M
 Heap Min Capacity: 8M
 Heap Initial Capacity: 126M
 Heap Max Capacity: 2008M
 Pre-touch: Disabled
 Parallel Workers: 4
 Concurrent Workers: 1
 Concurrent Refinement Workers: 4
 Periodic GC: Disabled

Heap:
 garbage-first heap   total 129024K, used 63957K [0x0000000082800000, 0x0000000100000000)
  region size 1024K, 2 young (2048K), 2 survivors (2048K)
 Metaspace       used 35000K, committed 35264K, reserved 1081344K
  class space    used 4552K, committed 4672K, reserved 1048576K

Heap Regions: E=young(eden), S=young(survivor), O=old, HS=humongous(starts), HC=humongous(continues), CS=collection set, F=free, OA=open archive, CA=closed archive, TAMS=top-at-mark-start (previous, next)
|   0|0x0000000082800000, 0x0000000082900000, 0x0000000082900000|100%| O|  |TAMS 0x0000000082900000, 0x0000000082900000| Untracked 
|   1|0x0000000082900000, 0x0000000082a00000, 0x0000000082a00000|100%| O|  |TAMS 0x0000000082a00000, 0x0000000082a00000| Untracked 
|   2|0x0000000082a00000, 0x0000000082b00000, 0x0000000082b00000|100%| O|  |TAMS 0x0000000082b00000, 0x0000000082b00000| Untracked 
|   3|0x0000000082b00000, 0x0000000082c00000, 0x0000000082c00000|100%| O|  |TAMS 0x0000000082c00000, 0x0000000082c00000| Untracked 
|   4|0x0000000082c00000, 0x0000000082d00000, 0x0000000082d00000|100%| O|  |TAMS 0x0000000082d00000, 0x0000000082d00000| Untracked 
|   5|0x0000000082d00000, 0x0000000082e00000, 0x0000000082e00000|100%| O|  |TAMS 0x0000000082e00000, 0x0000000082e00000| Untracked 
|   6|0x0000000082e00000, 0x0000000082f00000, 0x0000000082f00000|100%| O|  |TAMS 0x0000000082f00000, 0x0000000082f00000| Untracked 
|   7|0x0000000082f00000, 0x0000000083000000, 0x0000000083000000|100%| O|  |TAMS 0x0000000083000000, 0x0000000083000000| Untracked 
|   8|0x0000000083000000, 0x0000000083100000, 0x0000000083100000|100%| O|  |TAMS 0x0000000083100000, 0x0000000083100000| Untracked 
|   9|0x0000000083100000, 0x0000000083200000, 0x0000000083200000|100%| O|  |TAMS 0x0000000083200000, 0x0000000083200000| Untracked 
|  10|0x0000000083200000, 0x0000000083300000, 0x0000000083300000|100%| O|  |TAMS 0x0000000083300000, 0x0000000083300000| Untracked 
|  11|0x0000000083300000, 0x0000000083400000, 0x0000000083400000|100%| O|  |TAMS 0x0000000083400000, 0x0000000083400000| Untracked 
|  12|0x0000000083400000, 0x0000000083500000, 0x0000000083500000|100%| O|  |TAMS 0x0000000083500000, 0x0000000083500000| Untracked 
|  13|0x0000000083500000, 0x0000000083600000, 0x0000000083600000|100%| O|  |TAMS 0x0000000083600000, 0x0000000083600000| Untracked 
|  14|0x0000000083600000, 0x0000000083700000, 0x0000000083700000|100%| O|  |TAMS 0x0000000083700000, 0x0000000083700000| Untracked 
|  15|0x0000000083700000, 0x0000000083800000, 0x0000000083800000|100%| O|  |TAMS 0x0000000083800000, 0x0000000083800000| Untracked 
|  16|0x0000000083800000, 0x0000000083900000, 0x0000000083900000|100%| O|  |TAMS 0x0000000083900000, 0x0000000083900000| Untracked 
|  17|0x0000000083900000, 0x0000000083a00000, 0x0000000083a00000|100%| O|  |TAMS 0x0000000083a00000, 0x0000000083a00000| Untracked 
|  18|0x0000000083a00000, 0x0000000083b00000, 0x0000000083b00000|100%| O|  |TAMS 0x0000000083b00000, 0x0000000083b00000| Untracked 
|  19|0x0000000083b00000, 0x0000000083c00000, 0x0000000083c00000|100%| O|  |TAMS 0x0000000083c00000, 0x0000000083c00000| Untracked 
|  20|0x0000000083c00000, 0x0000000083d00000, 0x0000000083d00000|100%| O|  |TAMS 0x0000000083d00000, 0x0000000083d00000| Untracked 
|  21|0x0000000083d00000, 0x0000000083e00000, 0x0000000083e00000|100%| O|  |TAMS 0x0000000083e00000, 0x0000000083e00000| Untracked 
|  22|0x0000000083e00000, 0x0000000083f00000, 0x0000000083f00000|100%| O|  |TAMS 0x0000000083f00000, 0x0000000083f00000| Untracked 
|  23|0x0000000083f00000, 0x0000000084000000, 0x0000000084000000|100%| O|  |TAMS 0x0000000084000000, 0x0000000084000000| Untracked 
|  24|0x0000000084000000, 0x0000000084100000, 0x0000000084100000|100%| O|  |TAMS 0x0000000084100000, 0x0000000084100000| Untracked 
|  25|0x0000000084100000, 0x0000000084200000, 0x0000000084200000|100%| O|  |TAMS 0x0000000084200000, 0x0000000084200000| Untracked 
|  26|0x0000000084200000, 0x0000000084300000, 0x0000000084300000|100%| O|  |TAMS 0x0000000084300000, 0x0000000084300000| Untracked 
|  27|0x0000000084300000, 0x0000000084400000, 0x0000000084400000|100%| O|  |TAMS 0x0000000084400000, 0x0000000084400000| Untracked 
|  28|0x0000000084400000, 0x0000000084500000, 0x0000000084500000|100%| O|  |TAMS 0x0000000084500000, 0x0000000084500000| Untracked 
|  29|0x0000000084500000, 0x0000000084600000, 0x0000000084600000|100%| O|  |TAMS 0x0000000084500000, 0x0000000084600000| Untracked 
|  30|0x0000000084600000, 0x0000000084700000, 0x0000000084700000|100%| O|  |TAMS 0x0000000084600000, 0x0000000084700000| Untracked 
|  31|0x0000000084700000, 0x0000000084800000, 0x0000000084800000|100%| O|  |TAMS 0x0000000084700000, 0x0000000084800000| Untracked 
|  32|0x0000000084800000, 0x0000000084900000, 0x0000000084900000|100%| O|  |TAMS 0x0000000084800000, 0x0000000084900000| Untracked 
|  33|0x0000000084900000, 0x0000000084a00000, 0x0000000084a00000|100%| O|  |TAMS 0x0000000084900000, 0x0000000084a00000| Untracked 
|  34|0x0000000084a00000, 0x0000000084b00000, 0x0000000084b00000|100%| O|  |TAMS 0x0000000084a00000, 0x0000000084b00000| Untracked 
|  35|0x0000000084b00000, 0x0000000084c00000, 0x0000000084c00000|100%| O|  |TAMS 0x0000000084b00000, 0x0000000084c00000| Untracked 
|  36|0x0000000084c00000, 0x0000000084d00000, 0x0000000084d00000|100%| O|  |TAMS 0x0000000084c00000, 0x0000000084d00000| Untracked 
|  37|0x0000000084d00000, 0x0000000084e00000, 0x0000000084e00000|100%| O|  |TAMS 0x0000000084d00000, 0x0000000084e00000| Untracked 
|  38|0x0000000084e00000, 0x0000000084f00000, 0x0000000084f00000|100%| O|  |TAMS 0x0000000084e00000, 0x0000000084f00000| Untracked 
|  39|0x0000000084f00000, 0x0000000085000000, 0x0000000085000000|100%| O|  |TAMS 0x0000000084f00000, 0x0000000085000000| Untracked 
|  40|0x0000000085000000, 0x0000000085100000, 0x0000000085100000|100%| O|  |TAMS 0x0000000085000000, 0x0000000085100000| Untracked 
|  41|0x0000000085100000, 0x0000000085200000, 0x0000000085200000|100%|HS|  |TAMS 0x0000000085100000, 0x0000000085200000| Complete 
|  42|0x0000000085200000, 0x0000000085300000, 0x0000000085300000|100%|HS|  |TAMS 0x0000000085200000, 0x0000000085300000| Complete 
|  43|0x0000000085300000, 0x0000000085400000, 0x0000000085400000|100%| O|  |TAMS 0x0000000085300000, 0x0000000085400000| Untracked 
|  44|0x0000000085400000, 0x0000000085500000, 0x0000000085500000|100%| O|  |TAMS 0x0000000085400000, 0x0000000085500000| Untracked 
|  45|0x0000000085500000, 0x0000000085600000, 0x0000000085600000|100%| O|  |TAMS 0x0000000085500000, 0x0000000085600000| Untracked 
|  46|0x0000000085600000, 0x0000000085700000, 0x0000000085700000|100%| O|  |TAMS 0x0000000085600000, 0x0000000085700000| Untracked 
|  47|0x0000000085700000, 0x0000000085800000, 0x0000000085800000|100%| O|  |TAMS 0x0000000085700000, 0x0000000085800000| Untracked 
|  48|0x0000000085800000, 0x0000000085900000, 0x0000000085900000|100%| O|  |TAMS 0x0000000085800000, 0x0000000085900000| Untracked 
|  49|0x0000000085900000, 0x0000000085a00000, 0x0000000085a00000|100%| O|  |TAMS 0x0000000085900000, 0x0000000085a00000| Untracked 
|  50|0x0000000085a00000, 0x0000000085b00000, 0x0000000085b00000|100%| O|  |TAMS 0x0000000085a00000, 0x0000000085b00000| Untracked 
|  51|0x0000000085b00000, 0x0000000085c00000, 0x0000000085c00000|100%| O|  |TAMS 0x0000000085b00000, 0x0000000085c00000| Untracked 
|  52|0x0000000085c00000, 0x0000000085d00000, 0x0000000085d00000|100%| O|  |TAMS 0x0000000085c00000, 0x0000000085d00000| Untracked 
|  53|0x0000000085d00000, 0x0000000085e00000, 0x0000000085e00000|100%| O|  |TAMS 0x0000000085d00000, 0x0000000085e00000| Untracked 
|  54|0x0000000085e00000, 0x0000000085f00000, 0x0000000085f00000|100%| O|  |TAMS 0x0000000085e00000, 0x0000000085f00000| Untracked 
|  55|0x0000000085f00000, 0x0000000086000000, 0x0000000086000000|100%| O|  |TAMS 0x0000000085f00000, 0x0000000086000000| Untracked 
|  56|0x0000000086000000, 0x0000000086100000, 0x0000000086100000|100%| O|  |TAMS 0x0000000086000000, 0x0000000086000000| Untracked 
|  57|0x0000000086100000, 0x0000000086200000, 0x0000000086200000|100%| O|  |TAMS 0x0000000086100000, 0x0000000086100000| Untracked 
|  58|0x0000000086200000, 0x0000000086300000, 0x0000000086300000|100%| O|  |TAMS 0x0000000086200000, 0x0000000086200000| Untracked 
|  59|0x0000000086300000, 0x0000000086400000, 0x0000000086400000|100%| O|  |TAMS 0x0000000086300000, 0x0000000086300000| Untracked 
|  60|0x0000000086400000, 0x0000000086500000, 0x0000000086500000|100%| O|  |TAMS 0x0000000086400000, 0x0000000086400000| Untracked 
|  61|0x0000000086500000, 0x0000000086512a00, 0x0000000086600000|  7%| O|  |TAMS 0x0000000086500000, 0x0000000086500000| Untracked 
|  62|0x0000000086600000, 0x0000000086600000, 0x0000000086700000|  0%| F|  |TAMS 0x0000000086600000, 0x0000000086600000| Untracked 
|  63|0x0000000086700000, 0x0000000086700000, 0x0000000086800000|  0%| F|  |TAMS 0x0000000086700000, 0x0000000086700000| Untracked 
|  64|0x0000000086800000, 0x0000000086800000, 0x0000000086900000|  0%| F|  |TAMS 0x0000000086800000, 0x0000000086800000| Untracked 
|  65|0x0000000086900000, 0x0000000086900000, 0x0000000086a00000|  0%| F|  |TAMS 0x0000000086900000, 0x0000000086900000| Untracked 
|  66|0x0000000086a00000, 0x0000000086a00000, 0x0000000086b00000|  0%| F|  |TAMS 0x0000000086a00000, 0x0000000086a00000| Untracked 
|  67|0x0000000086b00000, 0x0000000086b00000, 0x0000000086c00000|  0%| F|  |TAMS 0x0000000086b00000, 0x0000000086b00000| Untracked 
|  68|0x0000000086c00000, 0x0000000086c00000, 0x0000000086d00000|  0%| F|  |TAMS 0x0000000086c00000, 0x0000000086c00000| Untracked 
|  69|0x0000000086d00000, 0x0000000086d00000, 0x0000000086e00000|  0%| F|  |TAMS 0x0000000086d00000, 0x0000000086d00000| Untracked 
|  70|0x0000000086e00000, 0x0000000086e00000, 0x0000000086f00000|  0%| F|  |TAMS 0x0000000086e00000, 0x0000000086e00000| Untracked 
|  71|0x0000000086f00000, 0x0000000086f00000, 0x0000000087000000|  0%| F|  |TAMS 0x0000000086f00000, 0x0000000086f00000| Untracked 
|  72|0x0000000087000000, 0x0000000087000000, 0x0000000087100000|  0%| F|  |TAMS 0x0000000087000000, 0x0000000087000000| Untracked 
|  73|0x0000000087100000, 0x0000000087100000, 0x0000000087200000|  0%| F|  |TAMS 0x0000000087100000, 0x0000000087100000| Untracked 
|  74|0x0000000087200000, 0x0000000087200000, 0x0000000087300000|  0%| F|  |TAMS 0x0000000087200000, 0x0000000087200000| Untracked 
|  75|0x0000000087300000, 0x0000000087300000, 0x0000000087400000|  0%| F|  |TAMS 0x0000000087300000, 0x0000000087300000| Untracked 
|  76|0x0000000087400000, 0x0000000087400000, 0x0000000087500000|  0%| F|  |TAMS 0x0000000087400000, 0x0000000087400000| Untracked 
|  77|0x0000000087500000, 0x0000000087500000, 0x0000000087600000|  0%| F|  |TAMS 0x0000000087500000, 0x0000000087500000| Untracked 
|  78|0x0000000087600000, 0x0000000087600000, 0x0000000087700000|  0%| F|  |TAMS 0x0000000087600000, 0x0000000087600000| Untracked 
|  79|0x0000000087700000, 0x0000000087762ab8, 0x0000000087800000| 38%| S|CS|TAMS 0x0000000087700000, 0x0000000087700000| Complete 
|  80|0x0000000087800000, 0x0000000087800000, 0x0000000087900000|  0%| F|  |TAMS 0x0000000087800000, 0x0000000087800000| Untracked 
|  81|0x0000000087900000, 0x0000000087900000, 0x0000000087a00000|  0%| F|  |TAMS 0x0000000087900000, 0x0000000087900000| Untracked 
|  82|0x0000000087a00000, 0x0000000087b00000, 0x0000000087b00000|100%| S|CS|TAMS 0x0000000087a00000, 0x0000000087a00000| Complete 
|  83|0x0000000087b00000, 0x0000000087b00000, 0x0000000087c00000|  0%| F|  |TAMS 0x0000000087b00000, 0x0000000087b00000| Untracked 
|  84|0x0000000087c00000, 0x0000000087c00000, 0x0000000087d00000|  0%| F|  |TAMS 0x0000000087c00000, 0x0000000087c00000| Untracked 
|  85|0x0000000087d00000, 0x0000000087d00000, 0x0000000087e00000|  0%| F|  |TAMS 0x0000000087d00000, 0x0000000087d00000| Untracked 
|  86|0x0000000087e00000, 0x0000000087e00000, 0x0000000087f00000|  0%| F|  |TAMS 0x0000000087e00000, 0x0000000087e00000| Untracked 
|  87|0x0000000087f00000, 0x0000000087f00000, 0x0000000088000000|  0%| F|  |TAMS 0x0000000087f00000, 0x0000000087f00000| Untracked 
|  88|0x0000000088000000, 0x0000000088000000, 0x0000000088100000|  0%| F|  |TAMS 0x0000000088000000, 0x0000000088000000| Untracked 
|  89|0x0000000088100000, 0x0000000088100000, 0x0000000088200000|  0%| F|  |TAMS 0x0000000088100000, 0x0000000088100000| Untracked 
|  90|0x0000000088200000, 0x0000000088200000, 0x0000000088300000|  0%| F|  |TAMS 0x0000000088200000, 0x0000000088200000| Untracked 
|  91|0x0000000088300000, 0x0000000088300000, 0x0000000088400000|  0%| F|  |TAMS 0x0000000088300000, 0x0000000088300000| Untracked 
|  92|0x0000000088400000, 0x0000000088400000, 0x0000000088500000|  0%| F|  |TAMS 0x0000000088400000, 0x0000000088400000| Untracked 
|  93|0x0000000088500000, 0x0000000088500000, 0x0000000088600000|  0%| F|  |TAMS 0x0000000088500000, 0x0000000088500000| Untracked 
|  94|0x0000000088600000, 0x0000000088600000, 0x0000000088700000|  0%| F|  |TAMS 0x0000000088600000, 0x0000000088600000| Untracked 
|  95|0x0000000088700000, 0x0000000088700000, 0x0000000088800000|  0%| F|  |TAMS 0x0000000088700000, 0x0000000088700000| Untracked 
|  96|0x0000000088800000, 0x0000000088800000, 0x0000000088900000|  0%| F|  |TAMS 0x0000000088800000, 0x0000000088800000| Untracked 
|  97|0x0000000088900000, 0x0000000088900000, 0x0000000088a00000|  0%| F|  |TAMS 0x0000000088900000, 0x0000000088900000| Untracked 
|  98|0x0000000088a00000, 0x0000000088a00000, 0x0000000088b00000|  0%| F|  |TAMS 0x0000000088a00000, 0x0000000088a00000| Untracked 
|  99|0x0000000088b00000, 0x0000000088b00000, 0x0000000088c00000|  0%| F|  |TAMS 0x0000000088b00000, 0x0000000088b00000| Untracked 
| 100|0x0000000088c00000, 0x0000000088c00000, 0x0000000088d00000|  0%| F|  |TAMS 0x0000000088c00000, 0x0000000088c00000| Untracked 
| 101|0x0000000088d00000, 0x0000000088d00000, 0x0000000088e00000|  0%| F|  |TAMS 0x0000000088d00000, 0x0000000088d00000| Untracked 
| 102|0x0000000088e00000, 0x0000000088e00000, 0x0000000088f00000|  0%| F|  |TAMS 0x0000000088e00000, 0x0000000088e00000| Untracked 
| 103|0x0000000088f00000, 0x0000000088f00000, 0x0000000089000000|  0%| F|  |TAMS 0x0000000088f00000, 0x0000000088f00000| Untracked 
| 104|0x0000000089000000, 0x0000000089000000, 0x0000000089100000|  0%| F|  |TAMS 0x0000000089000000, 0x0000000089000000| Untracked 
| 105|0x0000000089100000, 0x0000000089100000, 0x0000000089200000|  0%| F|  |TAMS 0x0000000089100000, 0x0000000089100000| Untracked 
| 106|0x0000000089200000, 0x0000000089200000, 0x0000000089300000|  0%| F|  |TAMS 0x0000000089200000, 0x0000000089200000| Untracked 
| 107|0x0000000089300000, 0x0000000089300000, 0x0000000089400000|  0%| F|  |TAMS 0x0000000089300000, 0x0000000089300000| Untracked 
| 108|0x0000000089400000, 0x0000000089400000, 0x0000000089500000|  0%| F|  |TAMS 0x0000000089400000, 0x0000000089400000| Untracked 
| 109|0x0000000089500000, 0x0000000089500000, 0x0000000089600000|  0%| F|  |TAMS 0x0000000089500000, 0x0000000089500000| Untracked 
| 110|0x0000000089600000, 0x0000000089600000, 0x0000000089700000|  0%| F|  |TAMS 0x0000000089600000, 0x0000000089600000| Untracked 
| 111|0x0000000089700000, 0x0000000089700000, 0x0000000089800000|  0%| F|  |TAMS 0x0000000089700000, 0x0000000089700000| Untracked 
| 112|0x0000000089800000, 0x0000000089800000, 0x0000000089900000|  0%| F|  |TAMS 0x0000000089800000, 0x0000000089800000| Untracked 
| 113|0x0000000089900000, 0x0000000089900000, 0x0000000089a00000|  0%| F|  |TAMS 0x0000000089900000, 0x0000000089900000| Untracked 
| 114|0x0000000089a00000, 0x0000000089a00000, 0x0000000089b00000|  0%| F|  |TAMS 0x0000000089a00000, 0x0000000089a00000| Untracked 
| 115|0x0000000089b00000, 0x0000000089b00000, 0x0000000089c00000|  0%| F|  |TAMS 0x0000000089b00000, 0x0000000089b00000| Untracked 
| 116|0x0000000089c00000, 0x0000000089c00000, 0x0000000089d00000|  0%| F|  |TAMS 0x0000000089c00000, 0x0000000089c00000| Untracked 
| 117|0x0000000089d00000, 0x0000000089d00000, 0x0000000089e00000|  0%| F|  |TAMS 0x0000000089d00000, 0x0000000089d00000| Untracked 
| 118|0x0000000089e00000, 0x0000000089e00000, 0x0000000089f00000|  0%| F|  |TAMS 0x0000000089e00000, 0x0000000089e00000| Untracked 
| 119|0x0000000089f00000, 0x0000000089f00000, 0x000000008a000000|  0%| F|  |TAMS 0x0000000089f00000, 0x0000000089f00000| Untracked 
| 120|0x000000008a000000, 0x000000008a000000, 0x000000008a100000|  0%| F|  |TAMS 0x000000008a000000, 0x000000008a000000| Untracked 
| 121|0x000000008a100000, 0x000000008a100000, 0x000000008a200000|  0%| F|  |TAMS 0x000000008a100000, 0x000000008a100000| Untracked 
| 122|0x000000008a200000, 0x000000008a200000, 0x000000008a300000|  0%| F|  |TAMS 0x000000008a200000, 0x000000008a200000| Untracked 
| 123|0x000000008a300000, 0x000000008a300000, 0x000000008a400000|  0%| F|  |TAMS 0x000000008a300000, 0x000000008a300000| Untracked 
| 124|0x000000008a400000, 0x000000008a400000, 0x000000008a500000|  0%| F|  |TAMS 0x000000008a400000, 0x000000008a400000| Untracked 
| 125|0x000000008a500000, 0x000000008a500000, 0x000000008a600000|  0%| F|  |TAMS 0x000000008a500000, 0x000000008a500000| Untracked 

Card table byte_map: [0x00000290ab3b0000,0x00000290ab7a0000] _byte_map_base: 0x00000290aaf9c000

Marking Bits (Prev, Next): (CMBitMap*) 0x00000290a3736b40, (CMBitMap*) 0x00000290a3736b80
 Prev Bits: [0x00000290abb90000, 0x00000290adaf0000)
 Next Bits: [0x00000290adaf0000, 0x00000290afa50000)

Polling page: 0x00000290a37a0000

Metaspace:

Usage:
  Non-class:     29.73 MB used.
      Class:      4.45 MB used.
       Both:     34.18 MB used.

Virtual space:
  Non-class space:       32.00 MB reserved,      29.88 MB ( 93%) committed,  4 nodes.
      Class space:        1.00 GB reserved,       4.56 MB ( <1%) committed,  1 nodes.
             Both:        1.03 GB reserved,      34.44 MB (  3%) committed. 

Chunk freelists:
   Non-Class:  1.33 MB
       Class:  3.39 MB
        Both:  4.72 MB

MaxMetaspaceSize: unlimited
CompressedClassSpaceSize: 1.00 GB
Initial GC threshold: 21.00 MB
Current GC threshold: 57.31 MB
CDS: off
MetaspaceReclaimPolicy: balanced
 - commit_granule_bytes: 65536.
 - commit_granule_words: 8192.
 - virtual_space_node_default_size: 1048576.
 - enlarge_chunks_in_place: 1.
 - new_chunks_are_fully_committed: 0.
 - uncommit_free_chunks: 1.
 - use_allocation_guard: 0.
 - handle_deallocations: 1.


Internal statistics:

num_allocs_failed_limit: 3.
num_arena_births: 300.
num_arena_deaths: 0.
num_vsnodes_births: 5.
num_vsnodes_deaths: 0.
num_space_committed: 551.
num_space_uncommitted: 0.
num_chunks_returned_to_freelist: 3.
num_chunks_taken_from_freelist: 1268.
num_chunk_merges: 3.
num_chunk_splits: 881.
num_chunks_enlarged: 699.
num_purges: 0.
num_inconsistent_stats: 0.

CodeCache: size=49152Kb used=8416Kb max_used=8416Kb free=40736Kb
 bounds [0x00000290a7b20000, 0x00000290a8360000, 0x00000290aab20000]
 total_blobs=4170 nmethods=3647 adapters=448
 compilation: enabled
              stopped_count=0, restarted_count=0
 full_count=0

Compilation events (20 events):
Event: 7.902 Thread 0x00000290b2e014a0 nmethod 3636 0x00000290a8352f10 code [0x00000290a83530c0, 0x00000290a83533c8]
Event: 7.902 Thread 0x00000290b2e014a0 3637       1       jdk.internal.jimage.ImageReader::releaseByteBuffer (5 bytes)
Event: 7.902 Thread 0x00000290b4543380 nmethod 3634 0x00000290a8353490 code [0x00000290a83536a0, 0x00000290a8353b88]
Event: 7.902 Thread 0x00000290b4543380 3638       1       jdk.internal.jimage.BasicImageReader::releaseByteBuffer (16 bytes)
Event: 7.902 Thread 0x00000290b2e014a0 nmethod 3637 0x00000290a8353d90 code [0x00000290a8353f20, 0x00000290a8354068]
Event: 7.902 Thread 0x00000290b4543380 nmethod 3638 0x00000290a8354110 code [0x00000290a83542a0, 0x00000290a83543e8]
Event: 7.902 Thread 0x00000290b2e014a0 3640       1       jdk.internal.module.SystemModuleFinders$SystemModuleReader$$Lambda$142/0x00000001001f8420::apply (12 bytes)
Event: 7.902 Thread 0x00000290b4543380 3641       1       java.nio.HeapByteBuffer::get (64 bytes)
Event: 7.902 Thread 0x00000290b2e014a0 nmethod 3640 0x00000290a8354490 code [0x00000290a8354620, 0x00000290a8354748]
Event: 7.902 Thread 0x00000290b2e014a0 3642   !   1       jdk.internal.module.SystemModuleFinders$SystemModuleReader::toInputStream (43 bytes)
Event: 7.902 Thread 0x00000290b20d1600 nmethod 3633 0x00000290a8354810 code [0x00000290a8354ac0, 0x00000290a8355578]
Event: 7.902 Thread 0x00000290b20d1600 3646   !   1       nonapi.io.github.classgraph.fileslice.reader.ClassfileReader::close (43 bytes)
Event: 7.903 Thread 0x00000290b20d1600 nmethod 3646 0x00000290a8355b90 code [0x00000290a8355d40, 0x00000290a8355f18]
Event: 7.903 Thread 0x00000290b20d1600 3643       1       jdk.internal.module.SystemModuleFinders$SystemModuleReader::open (15 bytes)
Event: 7.903 Thread 0x00000290b4543380 nmethod 3641 0x00000290a8356010 code [0x00000290a8356200, 0x00000290a8356598]
Event: 7.903 Thread 0x00000290b2e014a0 nmethod 3642 0x00000290a8356790 code [0x00000290a8356980, 0x00000290a8356ea8]
Event: 7.903 Thread 0x00000290b20d1600 nmethod 3643 0x00000290a8357190 code [0x00000290a83573a0, 0x00000290a8357968]
Event: 7.906 Thread 0x00000290b2e014a0 3647       1       io.github.classgraph.Scanner$ClassfileScannerWorkUnitProcessor::processWorkUnit (11 bytes)
Event: 7.906 Thread 0x00000290b2e014a0 nmethod 3647 0x00000290a8357c90 code [0x00000290a8357e20, 0x00000290a8357f28]
Event: 7.906 Thread 0x00000290b4543380 3648   !   1       io.github.classgraph.Scanner$ClassfileScannerWorkUnitProcessor::processWorkUnit (291 bytes)

GC Heap History (20 events):
Event: 5.638 GC heap after
{Heap after GC invocations=9 (full 0):
 garbage-first heap   total 65536K, used 15913K [0x0000000082800000, 0x0000000100000000)
  region size 1024K, 2 young (2048K), 2 survivors (2048K)
 Metaspace       used 31035K, committed 31296K, reserved 1081344K
  class space    used 3901K, committed 4032K, reserved 1048576K
}
Event: 6.540 GC heap before
{Heap before GC invocations=9 (full 0):
 garbage-first heap   total 65536K, used 45609K [0x0000000082800000, 0x0000000100000000)
  region size 1024K, 32 young (32768K), 2 survivors (2048K)
 Metaspace       used 33471K, committed 33792K, reserved 1081344K
  class space    used 4255K, committed 4416K, reserved 1048576K
}
Event: 6.548 GC heap after
{Heap after GC invocations=10 (full 0):
 garbage-first heap   total 65536K, used 20643K [0x0000000082800000, 0x0000000100000000)
  region size 1024K, 4 young (4096K), 4 survivors (4096K)
 Metaspace       used 33471K, committed 33792K, reserved 1081344K
  class space    used 4255K, committed 4416K, reserved 1048576K
}
Event: 6.774 GC heap before
{Heap before GC invocations=10 (full 0):
 garbage-first heap   total 65536K, used 45219K [0x0000000082800000, 0x0000000100000000)
  region size 1024K, 29 young (29696K), 4 survivors (4096K)
 Metaspace       used 34171K, committed 34496K, reserved 1081344K
  class space    used 4372K, committed 4544K, reserved 1048576K
}
Event: 6.782 GC heap after
{Heap after GC invocations=11 (full 0):
 garbage-first heap   total 65536K, used 25583K [0x0000000082800000, 0x0000000100000000)
  region size 1024K, 4 young (4096K), 4 survivors (4096K)
 Metaspace       used 34171K, committed 34496K, reserved 1081344K
  class space    used 4372K, committed 4544K, reserved 1048576K
}
Event: 6.901 GC heap before
{Heap before GC invocations=11 (full 0):
 garbage-first heap   total 65536K, used 47087K [0x0000000082800000, 0x0000000100000000)
  region size 1024K, 25 young (25600K), 4 survivors (4096K)
 Metaspace       used 34502K, committed 34816K, reserved 1081344K
  class space    used 4447K, committed 4608K, reserved 1048576K
}
Event: 6.911 GC heap after
{Heap after GC invocations=12 (full 0):
 garbage-first heap   total 65536K, used 30034K [0x0000000082800000, 0x0000000100000000)
  region size 1024K, 4 young (4096K), 4 survivors (4096K)
 Metaspace       used 34502K, committed 34816K, reserved 1081344K
  class space    used 4447K, committed 4608K, reserved 1048576K
}
Event: 6.985 GC heap before
{Heap before GC invocations=12 (full 0):
 garbage-first heap   total 65536K, used 48466K [0x0000000082800000, 0x0000000100000000)
  region size 1024K, 22 young (22528K), 4 survivors (4096K)
 Metaspace       used 34842K, committed 35200K, reserved 1081344K
  class space    used 4520K, committed 4672K, reserved 1048576K
}
Event: 6.991 GC heap after
{Heap after GC invocations=13 (full 0):
 garbage-first heap   total 65536K, used 32768K [0x0000000082800000, 0x0000000100000000)
  region size 1024K, 3 young (3072K), 3 survivors (3072K)
 Metaspace       used 34842K, committed 35200K, reserved 1081344K
  class space    used 4520K, committed 4672K, reserved 1048576K
}
Event: 7.061 GC heap before
{Heap before GC invocations=13 (full 0):
 garbage-first heap   total 65536K, used 49152K [0x0000000082800000, 0x0000000100000000)
  region size 1024K, 20 young (20480K), 3 survivors (3072K)
 Metaspace       used 34915K, committed 35200K, reserved 1081344K
  class space    used 4534K, committed 4672K, reserved 1048576K
}
Event: 7.068 GC heap after
{Heap after GC invocations=14 (full 0):
 garbage-first heap   total 99328K, used 35641K [0x0000000082800000, 0x0000000100000000)
  region size 1024K, 3 young (3072K), 3 survivors (3072K)
 Metaspace       used 34915K, committed 35200K, reserved 1081344K
  class space    used 4534K, committed 4672K, reserved 1048576K
}
Event: 7.591 GC heap before
{Heap before GC invocations=15 (full 0):
 garbage-first heap   total 99328K, used 72505K [0x0000000082800000, 0x0000000100000000)
  region size 1024K, 39 young (39936K), 3 survivors (3072K)
 Metaspace       used 34919K, committed 35200K, reserved 1081344K
  class space    used 4534K, committed 4672K, reserved 1048576K
}
Event: 7.607 GC heap after
{Heap after GC invocations=16 (full 0):
 garbage-first heap   total 99328K, used 46501K [0x0000000082800000, 0x0000000100000000)
  region size 1024K, 5 young (5120K), 5 survivors (5120K)
 Metaspace       used 34919K, committed 35200K, reserved 1081344K
  class space    used 4534K, committed 4672K, reserved 1048576K
}
Event: 7.834 GC heap before
{Heap before GC invocations=16 (full 0):
 garbage-first heap   total 99328K, used 73125K [0x0000000082800000, 0x0000000100000000)
  region size 1024K, 30 young (30720K), 5 survivors (5120K)
 Metaspace       used 34970K, committed 35264K, reserved 1081344K
  class space    used 4544K, committed 4672K, reserved 1048576K
}
Event: 7.863 GC heap after
{Heap after GC invocations=17 (full 0):
 garbage-first heap   total 99328K, used 61440K [0x0000000082800000, 0x0000000100000000)
  region size 1024K, 4 young (4096K), 4 survivors (4096K)
 Metaspace       used 34970K, committed 35264K, reserved 1081344K
  class space    used 4544K, committed 4672K, reserved 1048576K
}
Event: 7.887 GC heap before
{Heap before GC invocations=17 (full 0):
 garbage-first heap   total 99328K, used 73728K [0x0000000082800000, 0x0000000100000000)
  region size 1024K, 17 young (17408K), 4 survivors (4096K)
 Metaspace       used 34972K, committed 35264K, reserved 1081344K
  class space    used 4545K, committed 4672K, reserved 1048576K
}
Event: 7.893 GC heap after
{Heap after GC invocations=18 (full 0):
 garbage-first heap   total 99328K, used 63181K [0x0000000082800000, 0x0000000100000000)
  region size 1024K, 2 young (2048K), 2 survivors (2048K)
 Metaspace       used 34972K, committed 35264K, reserved 1081344K
  class space    used 4545K, committed 4672K, reserved 1048576K
}
Event: 7.909 GC heap before
{Heap before GC invocations=18 (full 0):
 garbage-first heap   total 99328K, used 75469K [0x0000000082800000, 0x0000000100000000)
  region size 1024K, 15 young (15360K), 2 survivors (2048K)
 Metaspace       used 34987K, committed 35264K, reserved 1081344K
  class space    used 4546K, committed 4672K, reserved 1048576K
}
Event: 7.911 GC heap after
{Heap after GC invocations=19 (full 0):
 garbage-first heap   total 99328K, used 63190K [0x0000000082800000, 0x0000000100000000)
  region size 1024K, 2 young (2048K), 2 survivors (2048K)
 Metaspace       used 34987K, committed 35264K, reserved 1081344K
  class space    used 4546K, committed 4672K, reserved 1048576K
}
Event: 7.921 GC heap before
{Heap before GC invocations=19 (full 0):
 garbage-first heap   total 99328K, used 76502K [0x0000000082800000, 0x0000000100000000)
  region size 1024K, 16 young (16384K), 2 survivors (2048K)
 Metaspace       used 35000K, committed 35264K, reserved 1081344K
  class space    used 4552K, committed 4672K, reserved 1048576K
}

Deoptimization events (18 events):
Event: 2.072 Thread 0x00000290a36d9aa0 DEOPT PACKING pc=0x00000290a7e1b675 sp=0x000000d24f2fdcf0
Event: 2.072 Thread 0x00000290a36d9aa0 DEOPT UNPACKING pc=0x00000290a7b72b43 sp=0x000000d24f2fd160 mode 3
Event: 3.455 Thread 0x00000290a36d9aa0 DEOPT PACKING pc=0x00000290a7f39d99 sp=0x000000d24f2fd560
Event: 3.455 Thread 0x00000290a36d9aa0 DEOPT UNPACKING pc=0x00000290a7b72b43 sp=0x000000d24f2fca40 mode 3
Event: 4.123 Thread 0x00000290a36d9aa0 DEOPT PACKING pc=0x00000290a7ff8675 sp=0x000000d24f2fd0d0
Event: 4.123 Thread 0x00000290a36d9aa0 DEOPT UNPACKING pc=0x00000290a7b72b43 sp=0x000000d24f2fc540 mode 3
Event: 4.862 Thread 0x00000290a36d9aa0 DEOPT PACKING pc=0x00000290a80eab34 sp=0x000000d24f2f7aa0
Event: 4.862 Thread 0x00000290a36d9aa0 DEOPT UNPACKING pc=0x00000290a7b72b43 sp=0x000000d24f2f6f20 mode 3
Event: 5.602 Thread 0x00000290a36d9aa0 DEOPT PACKING pc=0x00000290a8128a19 sp=0x000000d24f2fcad0
Event: 5.602 Thread 0x00000290a36d9aa0 DEOPT UNPACKING pc=0x00000290a7b72b43 sp=0x000000d24f2fbfb0 mode 3
Event: 5.780 Thread 0x00000290b479da80 DEOPT PACKING pc=0x00000290a818a5ab sp=0x000000d2509fe370
Event: 5.780 Thread 0x00000290b479da80 DEOPT UNPACKING pc=0x00000290a7b72b43 sp=0x000000d2509fd8b8 mode 3
Event: 6.662 Thread 0x00000290b2d06870 DEOPT PACKING pc=0x00000290a827c8b5 sp=0x000000d2515fda80
Event: 6.662 Thread 0x00000290b2d06870 DEOPT UNPACKING pc=0x00000290a7b72b43 sp=0x000000d2515fcfa8 mode 3
Event: 6.787 Thread 0x00000290b49169e0 DEOPT PACKING pc=0x00000290a7f3ae01 sp=0x000000d2510fed70
Event: 6.787 Thread 0x00000290b49169e0 DEOPT UNPACKING pc=0x00000290a7b72b43 sp=0x000000d2510fe200 mode 3
Event: 7.520 Thread 0x00000290b2d08080 DEOPT PACKING pc=0x00000290a7f36317 sp=0x000000d2513ff170
Event: 7.520 Thread 0x00000290b2d08080 DEOPT UNPACKING pc=0x00000290a7b72b43 sp=0x000000d2513fe5c8 mode 3

Classes unloaded (0 events):
No events

Classes redefined (0 events):
No events

Internal exceptions (20 events):
Event: 6.210 Thread 0x00000290b4856b40 Exception <a 'sun/nio/fs/WindowsException'{0x0000000085c92f08}> (0x0000000085c92f08) 
thrown [e:\jenkins\tmp\workspace\build\src\src\hotspot\share\prims\jni.cpp, line 516]
Event: 6.210 Thread 0x00000290b4856b40 Exception <a 'sun/nio/fs/WindowsException'{0x0000000085c938f0}> (0x0000000085c938f0) 
thrown [e:\jenkins\tmp\workspace\build\src\src\hotspot\share\prims\jni.cpp, line 516]
Event: 6.210 Thread 0x00000290b4856b40 Exception <a 'sun/nio/fs/WindowsException'{0x0000000085c93c90}> (0x0000000085c93c90) 
thrown [e:\jenkins\tmp\workspace\build\src\src\hotspot\share\prims\jni.cpp, line 516]
Event: 6.210 Thread 0x00000290b4856b40 Exception <a 'sun/nio/fs/WindowsException'{0x0000000085c94688}> (0x0000000085c94688) 
thrown [e:\jenkins\tmp\workspace\build\src\src\hotspot\share\prims\jni.cpp, line 516]
Event: 6.210 Thread 0x00000290b4856b40 Exception <a 'sun/nio/fs/WindowsException'{0x0000000085c94a40}> (0x0000000085c94a40) 
thrown [e:\jenkins\tmp\workspace\build\src\src\hotspot\share\prims\jni.cpp, line 516]
Event: 6.210 Thread 0x00000290b4856b40 Exception <a 'sun/nio/fs/WindowsException'{0x0000000085c95428}> (0x0000000085c95428) 
thrown [e:\jenkins\tmp\workspace\build\src\src\hotspot\share\prims\jni.cpp, line 516]
Event: 6.210 Thread 0x00000290b4856b40 Exception <a 'sun/nio/fs/WindowsException'{0x0000000085c957d0}> (0x0000000085c957d0) 
thrown [e:\jenkins\tmp\workspace\build\src\src\hotspot\share\prims\jni.cpp, line 516]
Event: 6.210 Thread 0x00000290b4856b40 Exception <a 'sun/nio/fs/WindowsException'{0x0000000085c961c8}> (0x0000000085c961c8) 
thrown [e:\jenkins\tmp\workspace\build\src\src\hotspot\share\prims\jni.cpp, line 516]
Event: 6.210 Thread 0x00000290b4856b40 Exception <a 'sun/nio/fs/WindowsException'{0x0000000085c96580}> (0x0000000085c96580) 
thrown [e:\jenkins\tmp\workspace\build\src\src\hotspot\share\prims\jni.cpp, line 516]
Event: 6.210 Thread 0x00000290b4856b40 Exception <a 'sun/nio/fs/WindowsException'{0x0000000085c96f90}> (0x0000000085c96f90) 
thrown [e:\jenkins\tmp\workspace\build\src\src\hotspot\share\prims\jni.cpp, line 516]
Event: 6.210 Thread 0x00000290b4856b40 Exception <a 'sun/nio/fs/WindowsException'{0x0000000085c97368}> (0x0000000085c97368) 
thrown [e:\jenkins\tmp\workspace\build\src\src\hotspot\share\prims\jni.cpp, line 516]
Event: 6.211 Thread 0x00000290b4856b40 Exception <a 'sun/nio/fs/WindowsException'{0x0000000085c97d90}> (0x0000000085c97d90) 
thrown [e:\jenkins\tmp\workspace\build\src\src\hotspot\share\prims\jni.cpp, line 516]
Event: 6.211 Thread 0x00000290b4856b40 Exception <a 'sun/nio/fs/WindowsException'{0x0000000085c98180}> (0x0000000085c98180) 
thrown [e:\jenkins\tmp\workspace\build\src\src\hotspot\share\prims\jni.cpp, line 516]
Event: 6.211 Thread 0x00000290b4856b40 Exception <a 'sun/nio/fs/WindowsException'{0x0000000085c98ba0}> (0x0000000085c98ba0) 
thrown [e:\jenkins\tmp\workspace\build\src\src\hotspot\share\prims\jni.cpp, line 516]
Event: 6.211 Thread 0x00000290b4856b40 Exception <a 'sun/nio/fs/WindowsException'{0x0000000085c98f88}> (0x0000000085c98f88) 
thrown [e:\jenkins\tmp\workspace\build\src\src\hotspot\share\prims\jni.cpp, line 516]
Event: 6.634 Thread 0x00000290b48d7550 Exception <a 'java/lang/NoSuchMethodError'{0x0000000085feed70}: 'java.lang.Object java.lang.invoke.DirectMethodHandle$Holder.invokeStatic(java.lang.Object, java.lang.Object, java.lang.Object, int, java.lang.Object, java.lang.Object)'> (0x0000000085feed70) 
thrown [e:\jenkins\tmp\workspace\build\src\src\hotspot\share\interpreter\linkResolver.cpp, line 766]
Event: 6.647 Thread 0x00000290b2d06870 Exception <a 'java/lang/NoSuchMethodError'{0x0000000085ef0a00}: 'java.lang.Object java.lang.invoke.DirectMethodHandle$Holder.invokeStatic(java.lang.Object, int, java.lang.Object)'> (0x0000000085ef0a00) 
thrown [e:\jenkins\tmp\workspace\build\src\src\hotspot\share\interpreter\linkResolver.cpp, line 766]
Event: 6.965 Thread 0x00000290b2d08a20 Exception <a 'java/lang/NoSuchMethodError'{0x0000000085a15688}: 'int java.lang.invoke.DirectMethodHandle$Holder.invokeStatic(java.lang.Object)'> (0x0000000085a15688) 
thrown [e:\jenkins\tmp\workspace\build\src\src\hotspot\share\interpreter\linkResolver.cpp, line 766]
Event: 6.965 Thread 0x00000290b2d08a20 Exception <a 'java/lang/NoSuchMethodError'{0x0000000085a3dc20}: 'int java.lang.invoke.DirectMethodHandle$Holder.invokeStaticInit(java.lang.Object)'> (0x0000000085a3dc20) 
thrown [e:\jenkins\tmp\workspace\build\src\src\hotspot\share\interpreter\linkResolver.cpp, line 766]
Event: 6.994 Thread 0x00000290b48d7550 Exception <a 'java/lang/NoSuchMethodError'{0x000000008a578df8}: 'int java.lang.invoke.DirectMethodHandle$Holder.invokeVirtual(java.lang.Object, java.lang.Object)'> (0x000000008a578df8) 
thrown [e:\jenkins\tmp\workspace\build\src\src\hotspot\share\interpreter\linkResolver.cpp, line 766]

VM Operations (20 events):
Event: 7.740 Executing VM operation: ICBufferFull done
Event: 7.742 Executing VM operation: ICBufferFull
Event: 7.742 Executing VM operation: ICBufferFull done
Event: 7.834 Executing VM operation: G1CollectForAllocation
Event: 7.865 Executing VM operation: G1CollectForAllocation done
Event: 7.886 Executing VM operation: G1CollectForAllocation
Event: 7.887 Executing VM operation: G1CollectForAllocation done
Event: 7.887 Executing VM operation: G1CollectForAllocation
Event: 7.893 Executing VM operation: G1CollectForAllocation done
Event: 7.908 Executing VM operation: G1CollectForAllocation
Event: 7.909 Executing VM operation: G1CollectForAllocation done
Event: 7.909 Executing VM operation: G1CollectForAllocation
Event: 7.911 Executing VM operation: G1CollectForAllocation done
Event: 7.911 Executing VM operation: HandshakeAllThreads
Event: 7.911 Executing VM operation: HandshakeAllThreads done
Event: 7.912 Executing VM operation: HandshakeAllThreads
Event: 7.912 Executing VM operation: HandshakeAllThreads done
Event: 7.921 Executing VM operation: G1CollectForAllocation
Event: 7.921 Executing VM operation: G1CollectForAllocation done
Event: 7.921 Executing VM operation: G1CollectForAllocation

Events (20 events):
Event: 6.798 loading class jdk/internal/jimage/ImageReader$Resource
Event: 6.798 loading class jdk/internal/jimage/ImageReader$Resource done
Event: 6.798 loading class java/util/stream/LongStream
Event: 6.799 loading class java/util/stream/LongStream done
Event: 6.799 loading class java/util/stream/DoubleStream
Event: 6.799 loading class java/util/stream/DoubleStream done
Event: 6.858 Thread 0x00000290b2d08a20 Thread added: 0x00000290b2d08a20
Event: 6.976 Thread 0x00000290b2d05a00 Thread added: 0x00000290b2d05a00
Event: 6.981 loading class java/util/concurrent/CompletionException
Event: 6.981 loading class java/util/concurrent/CompletionException done
Event: 6.997 loading class java/io/PrintWriter
Event: 6.997 loading class java/io/PrintWriter done
Event: 7.000 loading class sun/nio/cs/StringUTF16
Event: 7.000 loading class sun/nio/cs/StringUTF16 done
Event: 7.002 loading class java/util/WeakHashMap$EntrySet
Event: 7.002 loading class java/util/WeakHashMap$EntrySet done
Event: 7.002 loading class java/util/WeakHashMap$EntryIterator
Event: 7.002 loading class java/util/WeakHashMap$HashIterator
Event: 7.002 loading class java/util/WeakHashMap$HashIterator done
Event: 7.002 loading class java/util/WeakHashMap$EntryIterator done


Dynamic libraries:
0x00007ff7969d0000 - 0x00007ff7969de000 	c:\Users\User\.vscode\extensions\redhat.java-1.9.0-win32-x64\jre\17.0.3-win32-x86_64\bin\java.exe
0x00007ffa63940000 - 0x00007ffa63b30000 	C:\WINDOWS\SYSTEM32\ntdll.dll
0x00007ffa62560000 - 0x00007ffa62612000 	C:\WINDOWS\System32\KERNEL32.DLL
0x00007ffa60af0000 - 0x00007ffa60d95000 	C:\WINDOWS\System32\KERNELBASE.dll
0x00007ffa616b0000 - 0x00007ffa617aa000 	C:\WINDOWS\System32\ucrtbase.dll
0x00007ffa5e940000 - 0x00007ffa5e958000 	c:\Users\User\.vscode\extensions\redhat.java-1.9.0-win32-x64\jre\17.0.3-win32-x86_64\bin\jli.dll
0x00007ffa5e840000 - 0x00007ffa5e859000 	c:\Users\User\.vscode\extensions\redhat.java-1.9.0-win32-x64\jre\17.0.3-win32-x86_64\bin\VCRUNTIME140.dll
0x00007ffa50c80000 - 0x00007ffa50f04000 	C:\WINDOWS\WinSxS\amd64_microsoft.windows.common-controls_6595b64144ccf1df_6.0.18362.1379_none_9e7ff3b3e45cc0c4\COMCTL32.dll
0x00007ffa63140000 - 0x00007ffa631de000 	C:\WINDOWS\System32\msvcrt.dll
0x00007ffa62cf0000 - 0x00007ffa63027000 	C:\WINDOWS\System32\combase.dll
0x00007ffa637e0000 - 0x00007ffa638ff000 	C:\WINDOWS\System32\RPCRT4.dll
0x00007ffa62920000 - 0x00007ffa62ab4000 	C:\WINDOWS\System32\USER32.dll
0x00007ffa615d0000 - 0x00007ffa61651000 	C:\WINDOWS\System32\bcryptPrimitives.dll
0x00007ffa637b0000 - 0x00007ffa637d6000 	C:\WINDOWS\System32\GDI32.dll
0x00007ffa608c0000 - 0x00007ffa608e1000 	C:\WINDOWS\System32\win32u.dll
0x00007ffa617b0000 - 0x00007ffa61948000 	C:\WINDOWS\System32\gdi32full.dll
0x00007ffa61950000 - 0x00007ffa619ee000 	C:\WINDOWS\System32\msvcp_win.dll
0x00007ffa63780000 - 0x00007ffa637ae000 	C:\WINDOWS\System32\IMM32.DLL
0x00007ffa5e930000 - 0x00007ffa5e93c000 	c:\Users\User\.vscode\extensions\redhat.java-1.9.0-win32-x64\jre\17.0.3-win32-x86_64\bin\vcruntime140_1.dll
0x00007ffa3b3e0000 - 0x00007ffa3b471000 	c:\Users\User\.vscode\extensions\redhat.java-1.9.0-win32-x64\jre\17.0.3-win32-x86_64\bin\msvcp140.dll
0x00007ffa28710000 - 0x00007ffa29358000 	c:\Users\User\.vscode\extensions\redhat.java-1.9.0-win32-x64\jre\17.0.3-win32-x86_64\bin\server\jvm.dll
0x00007ffa61b20000 - 0x00007ffa61bc3000 	C:\WINDOWS\System32\ADVAPI32.dll
0x00007ffa630a0000 - 0x00007ffa63137000 	C:\WINDOWS\System32\sechost.dll
0x00007ffa62c80000 - 0x00007ffa62c88000 	C:\WINDOWS\System32\PSAPI.DLL
0x00007ffa5e890000 - 0x00007ffa5e899000 	C:\WINDOWS\SYSTEM32\WSOCK32.dll
0x00007ffa63030000 - 0x00007ffa6309f000 	C:\WINDOWS\System32\WS2_32.dll
0x00007ffa5b7e0000 - 0x00007ffa5b804000 	C:\WINDOWS\SYSTEM32\WINMM.dll
0x00007ffa4cda0000 - 0x00007ffa4cdaa000 	C:\WINDOWS\SYSTEM32\VERSION.dll
0x00007ffa5b7b0000 - 0x00007ffa5b7dd000 	C:\WINDOWS\SYSTEM32\WINMMBASE.dll
0x00007ffa61660000 - 0x00007ffa616aa000 	C:\WINDOWS\System32\cfgmgr32.dll
0x00007ffa60800000 - 0x00007ffa60811000 	C:\WINDOWS\System32\kernel.appcore.dll
0x00007ffa5e8b0000 - 0x00007ffa5e8ba000 	c:\Users\User\.vscode\extensions\redhat.java-1.9.0-win32-x64\jre\17.0.3-win32-x86_64\bin\jimage.dll
0x00007ffa4b7e0000 - 0x00007ffa4b9d4000 	C:\WINDOWS\SYSTEM32\DBGHELP.DLL
0x00007ffa4b7b0000 - 0x00007ffa4b7da000 	C:\WINDOWS\SYSTEM32\dbgcore.DLL
0x00007ffa56d70000 - 0x00007ffa56d95000 	c:\Users\User\.vscode\extensions\redhat.java-1.9.0-win32-x64\jre\17.0.3-win32-x86_64\bin\java.dll
0x00007ffa51710000 - 0x00007ffa51728000 	c:\Users\User\.vscode\extensions\redhat.java-1.9.0-win32-x64\jre\17.0.3-win32-x86_64\bin\zip.dll
0x00007ffa61d80000 - 0x00007ffa62468000 	C:\WINDOWS\System32\SHELL32.dll
0x00007ffa62b50000 - 0x00007ffa62bf7000 	C:\WINDOWS\System32\shcore.dll
0x00007ffa60e50000 - 0x00007ffa615cb000 	C:\WINDOWS\System32\windows.storage.dll
0x00007ffa60890000 - 0x00007ffa608b3000 	C:\WINDOWS\System32\profapi.dll
0x00007ffa60820000 - 0x00007ffa6086a000 	C:\WINDOWS\System32\powrprof.dll
0x00007ffa607f0000 - 0x00007ffa60800000 	C:\WINDOWS\System32\UMPDC.dll
0x00007ffa62c90000 - 0x00007ffa62ce2000 	C:\WINDOWS\System32\shlwapi.dll
0x00007ffa60980000 - 0x00007ffa60997000 	C:\WINDOWS\System32\cryptsp.dll
0x00007ffa511b0000 - 0x00007ffa511c9000 	C:\Users\User\.vscode\extensions\redhat.java-1.9.0-win32-x64\jre\17.0.3-win32-x86_64\bin\net.dll
0x00007ffa5e360000 - 0x00007ffa5e450000 	C:\WINDOWS\SYSTEM32\WINHTTP.dll
0x00007ffa5ffe0000 - 0x00007ffa60047000 	C:\WINDOWS\system32\mswsock.dll
0x00007ffa51190000 - 0x00007ffa511a5000 	C:\Users\User\.vscode\extensions\redhat.java-1.9.0-win32-x64\jre\17.0.3-win32-x86_64\bin\nio.dll
0x00007ffa5e560000 - 0x00007ffa5e570000 	c:\Users\User\.vscode\extensions\redhat.java-1.9.0-win32-x64\jre\17.0.3-win32-x86_64\bin\verify.dll
0x00007ffa5e740000 - 0x00007ffa5e749000 	C:\Users\User\.vscode\extensions\redhat.java-1.9.0-win32-x64\jre\17.0.3-win32-x86_64\bin\management.dll
0x00007ffa5e730000 - 0x00007ffa5e73b000 	C:\Users\User\.vscode\extensions\redhat.java-1.9.0-win32-x64\jre\17.0.3-win32-x86_64\bin\management_ext.dll
0x00007ffa31d30000 - 0x00007ffa31d46000 	C:\WINDOWS\system32\napinsp.dll
0x00007ffa31d10000 - 0x00007ffa31d2a000 	C:\WINDOWS\system32\pnrpnsp.dll
0x00007ffa5fd40000 - 0x00007ffa5fe0b000 	C:\WINDOWS\SYSTEM32\DNSAPI.dll
0x00007ffa62ac0000 - 0x00007ffa62ac8000 	C:\WINDOWS\System32\NSI.dll
0x00007ffa5fd00000 - 0x00007ffa5fd3a000 	C:\WINDOWS\SYSTEM32\IPHLPAPI.DLL
0x00007ffa31d00000 - 0x00007ffa31d0e000 	C:\WINDOWS\System32\winrnr.dll
0x00007ffa5cb60000 - 0x00007ffa5cb7c000 	C:\WINDOWS\system32\NLAapi.dll
0x00007ffa34540000 - 0x00007ffa34555000 	C:\WINDOWS\system32\wshbth.dll
0x00007ffa516c0000 - 0x00007ffa516ca000 	C:\Windows\System32\rasadhlp.dll
0x00007ffa58330000 - 0x00007ffa583a7000 	C:\WINDOWS\System32\fwpuclnt.dll
0x00007ffa608f0000 - 0x00007ffa60916000 	C:\WINDOWS\System32\bcrypt.dll
0x00007ffa5fb70000 - 0x00007ffa5fba3000 	C:\WINDOWS\system32\rsaenh.dll
0x00007ffa606d0000 - 0x00007ffa606f5000 	C:\WINDOWS\SYSTEM32\USERENV.dll
0x00007ffa60160000 - 0x00007ffa6016c000 	C:\WINDOWS\SYSTEM32\CRYPTBASE.dll
0x00007ffa58490000 - 0x00007ffa584a6000 	C:\WINDOWS\SYSTEM32\dhcpcsvc6.DLL
0x00007ffa58630000 - 0x00007ffa5864c000 	C:\WINDOWS\SYSTEM32\dhcpcsvc.DLL

dbghelp: loaded successfully - version: 4.0.5 - missing functions: none
symbol engine: initialized successfully - sym options: 0x614 - pdb path: .;c:\Users\User\.vscode\extensions\redhat.java-1.9.0-win32-x64\jre\17.0.3-win32-x86_64\bin;C:\WINDOWS\SYSTEM32;C:\WINDOWS\WinSxS\amd64_microsoft.windows.common-controls_6595b64144ccf1df_6.0.18362.1379_none_9e7ff3b3e45cc0c4;c:\Users\User\.vscode\extensions\redhat.java-1.9.0-win32-x64\jre\17.0.3-win32-x86_64\bin\server

VM Arguments:
jvm_args: -Dsts.lsp.client=vscode -Dsts.log.file=/dev/null -XX:TieredStopAtLevel=1 -Dspring.config.location=file:c:\Users\User\.vscode\extensions\pivotal.vscode-spring-boot-1.38.0\language-server\BOOT-INF\classes\application.properties 
java_command: org.springframework.ide.vscode.boot.app.BootLanguageServerBootApp
java_class_path (initial): c:\Users\User\.vscode\extensions\pivotal.vscode-spring-boot-1.38.0\language-server\BOOT-INF\classes;c:\Users\User\.vscode\extensions\pivotal.vscode-spring-boot-1.38.0\language-server\BOOT-INF\lib\annotations-23.0.0.jar;c:\Users\User\.vscode\extensions\pivotal.vscode-spring-boot-1.38.0\language-server\BOOT-INF\lib\antlr-runtime-3.5.2.jar;c:\Users\User\.vscode\extensions\pivotal.vscode-spring-boot-1.38.0\language-server\BOOT-INF\lib\antlr4-4.9.3.jar;c:\Users\User\.vscode\extensions\pivotal.vscode-spring-boot-1.38.0\language-server\BOOT-INF\lib\antlr4-runtime-4.9.3.jar;c:\Users\User\.vscode\extensions\pivotal.vscode-spring-boot-1.38.0\language-server\BOOT-INF\lib\asm-9.3.jar;c:\Users\User\.vscode\extensions\pivotal.vscode-spring-boot-1.38.0\language-server\BOOT-INF\lib\asm-analysis-9.3.jar;c:\Users\User\.vscode\extensions\pivotal.vscode-spring-boot-1.38.0\language-server\BOOT-INF\lib\asm-tree-9.3.jar;c:\Users\User\.vscode\extensions\pivotal.vscode-spring-boot-1.38.0\language-server\BOOT-INF\lib\asm-util-9.3.jar;c:\Users\User\.vscode\extensions\pivotal.vscode-spring-boot-1.38.0\language-server\BOOT-INF\lib\byte-buddy-1.10.18.jar;c:\Users\User\.vscode\extensions\pivotal.vscode-spring-boot-1.38.0\language-server\BOOT-INF\lib\caffeine-2.8.6.jar;c:\Users\User\.vscode\extensions\pivotal.vscode-spring-boot-1.38.0\language-server\BOOT-INF\lib\checker-qual-3.12.0.jar;c:\Users\User\.vscode\extensions\pivotal.vscode-spring-boot-1.38.0\language-server\BOOT-INF\lib\classgraph-4.8.149.jar;c:\Users\User\.vscode\extensions\pivotal.vscode-spring-boot-1.38.0\language-server\BOOT-INF\lib\commons-codec-1.14.jar;c:\Users\User\.vscode\extensions\pivotal.vscode-spring-boot-1.38.0\language-server\BOOT-INF\lib\commons-compress-1.21.jar;c:\Users\User\.vscode\extensions\pivotal.vscode-spring-boot-1.38.0\language-server\BOOT-INF\lib\commons-exec-1.3.jar;c:\Users\User\.vscode\extensions\pivotal.vscode-spring-boot-1.38.0\language-server\BOOT-INF\lib\commons-io-2.4.jar;c
Launcher Type: SUN_STANDARD

[Global flags]
     intx CICompilerCount                          = 3                                         {product} {ergonomic}
     uint ConcGCThreads                            = 1                                         {product} {ergonomic}
     uint G1ConcRefinementThreads                  = 4                                         {product} {ergonomic}
   size_t G1HeapRegionSize                         = 1048576                                   {product} {ergonomic}
    uintx GCDrainStackTargetSize                   = 64                                        {product} {ergonomic}
   size_t InitialHeapSize                          = 132120576                                 {product} {ergonomic}
   size_t MarkStackSize                            = 4194304                                   {product} {ergonomic}
   size_t MaxHeapSize                              = 2105540608                                {product} {ergonomic}
   size_t MaxNewSize                               = 1262485504                                {product} {ergonomic}
   size_t MinHeapDeltaBytes                        = 1048576                                   {product} {ergonomic}
   size_t MinHeapSize                              = 8388608                                   {product} {ergonomic}
    uintx NonProfiledCodeHeapSize                  = 0                                      {pd product} {ergonomic}
     bool ProfileInterpreter                       = false                                  {pd product} {command line}
    uintx ProfiledCodeHeapSize                     = 0                                      {pd product} {ergonomic}
   size_t SoftMaxHeapSize                          = 2105540608                             {manageable} {ergonomic}
     intx TieredStopAtLevel                        = 1                                         {product} {command line}
     bool UseCompressedClassPointers               = true                           {product lp64_product} {ergonomic}
     bool UseCompressedOops                        = true                           {product lp64_product} {ergonomic}
     bool UseG1GC                                  = true                                      {product} {ergonomic}
     bool UseLargePagesIndividualAllocation        = false                                  {pd product} {ergonomic}

Logging:
Log output configuration:
 #0: stdout all=warning uptime,level,tags
 #1: stderr all=off uptime,level,tags

Environment Variables:
PATH=C:\Program Files\Java\jdk-13\bin;C:\WINDOWS\system32;C:\WINDOWS;C:\WINDOWS\System32\Wbem;C:\WINDOWS\System32\WindowsPowerShell\v1.0\;C:\WINDOWS\System32\OpenSSH\;C:\Program Files\dotnet\;C:\Program Files\Microsoft SQL Server\130\Tools\Binn\;C:\Program Files\PuTTY\;C:\Program Files\Microsoft SQL Server\Client SDK\ODBC\130\Tools\Binn\;C:\Program Files (x86)\Microsoft SQL Server\130\Tools\Binn\;C:\Program Files\Microsoft SQL Server\130\DTS\Binn\;C:\Program Files\Microsoft SQL Server\Client SDK\ODBC\170\Tools\Binn\;C:\Program Files\nodejs\;C:\Program Files (x86)\dotnet\;C:\xampp\php;C:\ProgramData\ComposerSetup\bin;C:\Program Files\apache-maven-3.6.1\bin;C:\Program Files\Git\cmd;C:\Program Files\OpenSSL-Win64\bin;C:\Program Files\Java\jdk-13\bin;C:\Users\User\AppData\Local\Programs\Python\Python37-32\Scripts\;C:\Users\User\AppData\Local\Programs\Python\Python37-32\;C:\Users\User\AppData\Local\Microsoft\WindowsApps;C:\Users\User\.dotnet\tools;C:\Users\User\AppData\Roaming\npm;C:\Users\User\AppData\Local\Programs\Microsoft VS Code\bin;C:\Users\User\AppData\Roaming\Composer\vendor\bin;C:\Program Files\JetBrains\PyCharm Community Edition 2021.2.2\bin;;C:\bin;C:\Program Files\JetBrains\IntelliJ IDEA 2021.2.2\bin;;C:\Program Files\heroku\bin;C:\Users\User\AppData\Local\Android\Sdk\platform-tools;C:\Qt\Qt5.14.2\Tools\QtCreator\bin;C:\Program Files\OpenSSL-Win64\bin;C:\Users\User\AppData\Local\GitHubDesktop\bin
USERNAME=User
OS=Windows_NT
PROCESSOR_IDENTIFIER=Intel64 Family 6 Model 78 Stepping 3, GenuineIntel



---------------  S Y S T E M  ---------------

OS:
 Windows 10 , 64 bit Build 18362 (10.0.18362.1350)
OS uptime: 15 days 18:53 hours
Hyper-V role detected

CPU: total 4 (initial active 4) (2 cores per cpu, 2 threads per core) family 6 model 78 stepping 3 microcode 0xd6, cx8, cmov, fxsr, ht, mmx, 3dnowpref, sse, sse2, sse3, ssse3, sse4.1, sse4.2, popcnt, lzcnt, tsc, tscinvbit, avx, avx2, aes, erms, clmul, bmi1, bmi2, rtm, adx, fma, vzeroupper, clflush, clflushopt, hv

Memory: 4k page, system-wide physical 8026M (1088M free)
TotalPageFile size 32602M (AvailPageFile size 36M)
current process WorkingSet (physical memory assigned to process): 194M, peak: 194M
current process commit charge ("private bytes"): 253M, peak: 321M

vm_info: OpenJDK 64-Bit Server VM (17.0.3+7) for windows-amd64 JRE (17.0.3+7), built on Apr 19 2022 16:55:35 by "" with MS VC++ 16.7 (VS2019)

END.
